<?xml version="1.0" encoding="UTF-8"?>
<testsuite name="AuthorTest" tests="30" skipped="0" failures="0" errors="0" timestamp="2016-08-26T15:05:38" hostname="oems-MBP.station" time="1.002">
  <properties/>
  <testcase name="editBio_editBioCorrectly_bio" classname="AuthorTest" time="0.087"/>
  <testcase name="getCanDeleteArticle_returnParameterCorrectly_true" classname="AuthorTest" time="0.013"/>
  <testcase name="editFacebook_editFacebookCorrectly_facebookLink2" classname="AuthorTest" time="0.06"/>
  <testcase name="editPicture_editPictureCorrectly_newUrl" classname="AuthorTest" time="0.053"/>
  <testcase name="getBio_retrievesBioCorrectly_born_in_may" classname="AuthorTest" time="0.011"/>
  <testcase name="getName_retrievesNameCorrectly_reporter" classname="AuthorTest" time="0.011"/>
  <testcase name="edit_editAuthorCorrectly_true" classname="AuthorTest" time="0.063"/>
  <testcase name="getCanEditAuthor_returnParameterCorrectly_true" classname="AuthorTest" time="0.015"/>
  <testcase name="author_instantiatesCorrectly_true" classname="AuthorTest" time="0.011"/>
  <testcase name="getRole_retrievesRoleCorrectly_reporter" classname="AuthorTest" time="0.011"/>
  <testcase name="find_retrieveAuthorFromDatabaseById_author" classname="AuthorTest" time="0.038"/>
  <testcase name="editEmail_editEmailCorrectly_newEmail" classname="AuthorTest" time="0.06"/>
  <testcase name="getCanEditArticle_returnParameterCorrectly_false" classname="AuthorTest" time="0.011"/>
  <testcase name="getPicture_retrievesPictureCorrectly_url" classname="AuthorTest" time="0.011"/>
  <testcase name="checkCredentials_returnTrueIfCredentialsAreCorrectAndFalseIfTheyAreNot_true" classname="AuthorTest" time="0.047"/>
  <testcase name="getPassword_returnPasswordCorrectly" classname="AuthorTest" time="0.019"/>
  <testcase name="getUsername_retrievesUsernameCorrectly_LucaABC" classname="AuthorTest" time="0.013"/>
  <testcase name="getFacebook_retrievesFacebookContactCorrectly_facebookLink" classname="AuthorTest" time="0.011"/>
  <testcase name="delete_deletesAuthorCorrectly_1" classname="AuthorTest" time="0.054"/>
  <testcase name="getCanCreateAuthor_returnParameterCorrectly_true" classname="AuthorTest" time="0.011"/>
  <testcase name="editTwitter_editTwitterCorrectly_twitterLink2" classname="AuthorTest" time="0.058"/>
  <testcase name="getExistingUsernames_returnListOfUSernames_true" classname="AuthorTest" time="0.094"/>
  <testcase name="getTwitter_retrievesTwitterContactCorrectly_twitterLink" classname="AuthorTest" time="0.014"/>
  <testcase name="editName_editNameCorrectly_Mark" classname="AuthorTest" time="0.047"/>
  <testcase name="save_savedAuthorInDatabaseCorrectly_true" classname="AuthorTest" time="0.034"/>
  <testcase name="editRole_editRoleCorrectly_host" classname="AuthorTest" time="0.058"/>
  <testcase name="getCanDeleteAuthor_returnParameterCorrectly_false" classname="AuthorTest" time="0.01"/>
  <testcase name="getEmail_retrievesEmailCorrectly_email" classname="AuthorTest" time="0.01"/>
  <testcase name="equals_compareAuthorsCorrectly_true" classname="AuthorTest" time="0.019"/>
  <testcase name="getCanCreateArticle_returnParameterCorrectly_false" classname="AuthorTest" time="0.012"/>
  <system-out><![CDATA[]]></system-out>
  <system-err><![CDATA[]]></system-err>
</testsuite>
