<?xml version="1.0" encoding="UTF-8"?>
<testsuite name="ArticleTest" tests="23" skipped="0" failures="0" errors="0" timestamp="2016-10-10T12:27:36" hostname="oems-MBP.station" time="2.141">
  <properties/>
  <testcase name="getAuthorByLine_retrievesAuthorByLineCorrectly_authorByLine" classname="ArticleTest" time="0.017"/>
  <testcase name="getTitle_retrievesTitleCorrectly_title" classname="ArticleTest" time="0.026"/>
  <testcase name="getBody_retrievesBodyCorrectly_body" classname="ArticleTest" time="0.013"/>
  <testcase name="editTitle_editTitleCorrectly_title2" classname="ArticleTest" time="0.063"/>
  <testcase name="delete_deletesArticleCorrectlyFromArticleTableAndJoinTable_1" classname="ArticleTest" time="0.141"/>
  <testcase name="editSubtitle_editSubtitleCorrectly_Subtitle2" classname="ArticleTest" time="0.058"/>
  <testcase name="editSubhead_editSubheadCorrectly_subhead2" classname="ArticleTest" time="0.089"/>
  <testcase name="editBody_editBodyCorrectly_body2" classname="ArticleTest" time="0.138"/>
  <testcase name="editAuthorByLine_editAuthorByLineCorrectly_authorByLine2" classname="ArticleTest" time="0.082"/>
  <testcase name="save_savesArticlesCorrectly_true" classname="ArticleTest" time="0.144"/>
  <testcase name="getArticlesForPage_returnsTwelveArticles_12" classname="ArticleTest" time="0.69"/>
  <testcase name="editPicture_editPictureCorrectly_picture2" classname="ArticleTest" time="0.052"/>
  <testcase name="find_retrieveArticleFromDatabaseById_article" classname="ArticleTest" time="0.034"/>
  <testcase name="edit_editArticleCorrectly_true" classname="ArticleTest" time="0.067"/>
  <testcase name="editShortTitle_editShortTitleCorrectly_shortTitle2" classname="ArticleTest" time="0.051"/>
  <testcase name="article_instantiatesCorrectly_true" classname="ArticleTest" time="0.011"/>
  <testcase name="getShortTitle_retrievesShortTitleCorrectly_ShortTitle" classname="ArticleTest" time="0.01"/>
  <testcase name="getAuthor_retrievesAuthorByLineCorrectly_author" classname="ArticleTest" time="0.009"/>
  <testcase name="isLastPage_returnsCorrectBooleans_trueFalse" classname="ArticleTest" time="0.36"/>
  <testcase name="getPicture_retrievesPictureCorrectly_picture" classname="ArticleTest" time="0.023"/>
  <testcase name="getSubtitle_retrievesSubtitleCorrectly_subtitle" classname="ArticleTest" time="0.012"/>
  <testcase name="getSubhead_retrievesSubheadCorrectly_subhead" classname="ArticleTest" time="0.01"/>
  <testcase name="getBodyPreview_returnsShorterVersionOfTheString" classname="ArticleTest" time="0.012"/>
  <system-out><![CDATA[]]></system-out>
  <system-err><![CDATA[]]></system-err>
</testsuite>
