<?xml version="1.0" encoding="UTF-8"?>
<testsuite name="AuthorTest" tests="19" skipped="0" failures="0" errors="0" timestamp="2016-08-20T08:48:59" hostname="oems-MBP.station" time="1.354">
  <properties/>
  <testcase name="editBio_editBioCorrectly_bio" classname="AuthorTest" time="0.374"/>
  <testcase name="editFacebook_editFacebookCorrectly_facebookLink2" classname="AuthorTest" time="0.079"/>
  <testcase name="editPicture_editPictureCorrectly_newUrl" classname="AuthorTest" time="0.057"/>
  <testcase name="getBio_retrievesBioCorrectly_born_in_may" classname="AuthorTest" time="0.03"/>
  <testcase name="getName_retrievesNameCorrectly_reporter" classname="AuthorTest" time="0.014"/>
  <testcase name="author_instantiatesCorrectly_true" classname="AuthorTest" time="0.015"/>
  <testcase name="getRole_retrievesRoleCorrectly_reporter" classname="AuthorTest" time="0.011"/>
  <testcase name="find_retrieveAuthorFromDatabaseById_author" classname="AuthorTest" time="0.044"/>
  <testcase name="editEmail_editEmailCorrectly_newEmail" classname="AuthorTest" time="0.065"/>
  <testcase name="getPicture_retrievesPictureCorrectly_url" classname="AuthorTest" time="0.01"/>
  <testcase name="getFacebook_retrievesFacebookContactCorrectly_facebookLink" classname="AuthorTest" time="0.01"/>
  <testcase name="delete_deletesAuthorCorrectly_1" classname="AuthorTest" time="0.071"/>
  <testcase name="editTwitter_editTwitterCorrectly_twitterLink2" classname="AuthorTest" time="0.063"/>
  <testcase name="getTwitter_retrievesTwitterContactCorrectly_twitterLink" classname="AuthorTest" time="0.05"/>
  <testcase name="editName_editNameCorrectly_Mark" classname="AuthorTest" time="0.126"/>
  <testcase name="save_savedAuthorInDatabaseCorrectly_true" classname="AuthorTest" time="0.03"/>
  <testcase name="editRole_editRoleCorrectly_host" classname="AuthorTest" time="0.129"/>
  <testcase name="getEmail_retrievesEmailCorrectly_email" classname="AuthorTest" time="0.011"/>
  <testcase name="equals_compareAuthorsCorrectly_true" classname="AuthorTest" time="0.122"/>
  <system-out><![CDATA[]]></system-out>
  <system-err><![CDATA[]]></system-err>
</testsuite>
