<?xml version="1.0" encoding="UTF-8"?>
<testsuite name="AuthorTest" tests="7" skipped="0" failures="0" errors="0" timestamp="2016-08-19T14:59:08" hostname="oems-MBP.station" time="0.023">
  <properties/>
  <testcase name="getBio_retrievesBioCorrectly_born_in_may" classname="AuthorTest" time="0.004"/>
  <testcase name="author_instantiatesCorrectly_true" classname="AuthorTest" time="0.001"/>
  <testcase name="getRole_retrievesRoleCorrectly_reporter" classname="AuthorTest" time="0.0"/>
  <testcase name="getPicture_retrievesPictureCorrectly_url" classname="AuthorTest" time="0.001"/>
  <testcase name="getFacebook_retrievesFacebookContactCorrectly_facebookLink" classname="AuthorTest" time="0.001"/>
  <testcase name="getTwitter_retrievesTwitterContactCorrectly_twitterLink" classname="AuthorTest" time="0.001"/>
  <testcase name="getEmail_retrievesEmailCorrectly_email" classname="AuthorTest" time="0.001"/>
  <system-out><![CDATA[]]></system-out>
  <system-err><![CDATA[]]></system-err>
</testsuite>
