<?xml version="1.0" encoding="UTF-8"?>
<testsuite name="AuthorTest" tests="22" skipped="0" failures="0" errors="0" timestamp="2016-08-25T14:28:24" hostname="oems-MBP.station" time="0.802">
  <properties/>
  <testcase name="editBio_editBioCorrectly_bio" classname="AuthorTest" time="0.06"/>
  <testcase name="editFacebook_editFacebookCorrectly_facebookLink2" classname="AuthorTest" time="0.057"/>
  <testcase name="editPicture_editPictureCorrectly_newUrl" classname="AuthorTest" time="0.067"/>
  <testcase name="getBio_retrievesBioCorrectly_born_in_may" classname="AuthorTest" time="0.019"/>
  <testcase name="getName_retrievesNameCorrectly_reporter" classname="AuthorTest" time="0.017"/>
  <testcase name="edit_editAuthorCorrectly_true" classname="AuthorTest" time="0.046"/>
  <testcase name="author_instantiatesCorrectly_true" classname="AuthorTest" time="0.013"/>
  <testcase name="getRole_retrievesRoleCorrectly_reporter" classname="AuthorTest" time="0.009"/>
  <testcase name="find_retrieveAuthorFromDatabaseById_author" classname="AuthorTest" time="0.034"/>
  <testcase name="editEmail_editEmailCorrectly_newEmail" classname="AuthorTest" time="0.043"/>
  <testcase name="getPicture_retrievesPictureCorrectly_url" classname="AuthorTest" time="0.01"/>
  <testcase name="checkCredentials_returnTrueIfCredentialsAreCorrectAndFalseIfTheyAreNot_true" classname="AuthorTest" time="0.073"/>
  <testcase name="getPassword_returnPasswordCorrectly" classname="AuthorTest" time="0.016"/>
  <testcase name="getFacebook_retrievesFacebookContactCorrectly_facebookLink" classname="AuthorTest" time="0.01"/>
  <testcase name="delete_deletesAuthorCorrectly_1" classname="AuthorTest" time="0.059"/>
  <testcase name="editTwitter_editTwitterCorrectly_twitterLink2" classname="AuthorTest" time="0.056"/>
  <testcase name="getTwitter_retrievesTwitterContactCorrectly_twitterLink" classname="AuthorTest" time="0.01"/>
  <testcase name="editName_editNameCorrectly_Mark" classname="AuthorTest" time="0.046"/>
  <testcase name="save_savedAuthorInDatabaseCorrectly_true" classname="AuthorTest" time="0.053"/>
  <testcase name="editRole_editRoleCorrectly_host" classname="AuthorTest" time="0.048"/>
  <testcase name="getEmail_retrievesEmailCorrectly_email" classname="AuthorTest" time="0.017"/>
  <testcase name="equals_compareAuthorsCorrectly_true" classname="AuthorTest" time="0.01"/>
  <system-out><![CDATA[]]></system-out>
  <system-err><![CDATA[]]></system-err>
</testsuite>
