<?xml version="1.0" encoding="UTF-8"?>
<testsuite name="AppTest" tests="2" skipped="0" failures="0" errors="0" timestamp="2016-08-21T18:24:21" hostname="oems-MBP.station" time="0.876">
  <properties/>
  <testcase name="newAuthorPageIsDisplayed" classname="AppTest" time="0.812"/>
  <testcase name="newArticlePageIsDisplayed" classname="AppTest" time="0.045"/>
  <system-out><![CDATA[]]></system-out>
  <system-err><![CDATA[[Thread-4] INFO org.eclipse.jetty.util.log - Logging initialized @1704ms
[Thread-4] INFO spark.webserver.JettySparkServer - == Spark has ignited ...
[Thread-4] INFO spark.webserver.JettySparkServer - >> Listening on 0.0.0.0:4567
[Thread-4] INFO org.eclipse.jetty.server.Server - jetty-9.3.2.v20150730
[Thread-4] INFO org.eclipse.jetty.server.ServerConnector - Started ServerConnector@11ae29b8{HTTP/1.1,[http/1.1]}{0.0.0.0:4567}
[Thread-4] INFO org.eclipse.jetty.server.Server - Started @1975ms
[Test worker] INFO spark.webserver.JettySparkServer - >>> Spark shutting down ...
[Test worker] INFO org.eclipse.jetty.server.ServerConnector - Stopped ServerConnector@11ae29b8{HTTP/1.1,[http/1.1]}{0.0.0.0:4567}
[Test worker] INFO spark.webserver.JettySparkServer - done
]]></system-err>
</testsuite>
