<?xml version="1.0" encoding="UTF-8"?>
<testsuite name="ArticleTest" tests="9" skipped="0" failures="0" errors="0" timestamp="2016-08-20T13:27:49" hostname="oems-MBP.station" time="0.48">
  <properties/>
  <testcase name="getAuthorByLine_retrievesAuthorByLineCorrectly_authorByLine" classname="ArticleTest" time="0.339"/>
  <testcase name="getTitle_retrievesTitleCorrectly_title" classname="ArticleTest" time="0.015"/>
  <testcase name="creationDate_creationDateGetsCorrectlySavedOnCreation_creationDateMinorThanCurrentDate" classname="ArticleTest" time="0.013"/>
  <testcase name="getBody_retrievesBodyCorrectly_body" classname="ArticleTest" time="0.012"/>
  <testcase name="article_instantiatesCorrectly_true" classname="ArticleTest" time="0.013"/>
  <testcase name="getShortTitle_retrievesShortTitleCorrectly_ShortTitle" classname="ArticleTest" time="0.015"/>
  <testcase name="getPicture_retrievesPictureCorrectly_picture" classname="ArticleTest" time="0.015"/>
  <testcase name="getSubtitle_retrievesSubtitleCorrectly_subtitle" classname="ArticleTest" time="0.029"/>
  <testcase name="getSubhead_retrievesSubheadCorrectly_subhead" classname="ArticleTest" time="0.02"/>
  <system-out><![CDATA[]]></system-out>
  <system-err><![CDATA[]]></system-err>
</testsuite>
