<?xml version="1.0" encoding="UTF-8"?>
<testsuite name="AppTest" tests="6" skipped="0" failures="0" errors="0" timestamp="2016-08-22T15:22:09" hostname="oems-MBP.station" time="1.705">
  <properties/>
  <testcase name="articlesGetsDisplayed" classname="AppTest" time="1.015"/>
  <testcase name="newAuthorPageIsDisplayed" classname="AppTest" time="0.05"/>
  <testcase name="newArticlePageIsDisplayed" classname="AppTest" time="0.035"/>
  <testcase name="linksOnHubPageWorks" classname="AppTest" time="0.336"/>
  <testcase name="loginWorksCorrectly" classname="AppTest" time="0.111"/>
  <testcase name="loginPageIsDisplayed" classname="AppTest" time="0.073"/>
  <system-out><![CDATA[]]></system-out>
  <system-err><![CDATA[[Thread-4] INFO org.eclipse.jetty.util.log - Logging initialized @1857ms
[Thread-4] INFO spark.webserver.JettySparkServer - == Spark has ignited ...
[Thread-4] INFO spark.webserver.JettySparkServer - >> Listening on 0.0.0.0:4567
[Thread-4] INFO org.eclipse.jetty.server.Server - jetty-9.3.2.v20150730
[Thread-4] INFO org.eclipse.jetty.server.ServerConnector - Started ServerConnector@7ae3222c{HTTP/1.1,[http/1.1]}{0.0.0.0:4567}
[Thread-4] INFO org.eclipse.jetty.server.Server - Started @2053ms
[Test worker] INFO spark.webserver.JettySparkServer - >>> Spark shutting down ...
[Test worker] INFO org.eclipse.jetty.server.ServerConnector - Stopped ServerConnector@7ae3222c{HTTP/1.1,[http/1.1]}{0.0.0.0:4567}
[Test worker] INFO spark.webserver.JettySparkServer - done
]]></system-err>
</testsuite>
