<?xml version="1.0" encoding="UTF-8"?>
<testsuite name="AppTest" tests="20" skipped="0" failures="1" errors="0" timestamp="2016-09-22T17:05:58" hostname="oems-MBP.station" time="11.511">
  <properties/>
  <testcase name="authorsGetsCreatedCorrectly" classname="AppTest" time="6.013"/>
  <testcase name="authorsGetDisplayed" classname="AppTest" time="0.095"/>
  <testcase name="articleEditPageIsDisplayed" classname="AppTest" time="1.199"/>
  <testcase name="authorByLineIsDisplayedOnlyWhenItIsInserted" classname="AppTest" time="0.347"/>
  <testcase name="authorsGetDelitedCorrectly" classname="AppTest" time="0.146"/>
  <testcase name="articlesGetsDisplayed" classname="AppTest" time="0.232"/>
  <testcase name="newAuthorPageIsDisplayed" classname="AppTest" time="0.041"/>
  <testcase name="ifUsernameIsAlreadyTakenAuthorDoesNotGetCreatedAndErrorIsDisplayed" classname="AppTest" time="0.176"/>
  <testcase name="getToUnauthorizedPageIfDoesntHavePermitsForPage" classname="AppTest" time="0.204">
    <failure message="java.lang.AssertionError: &#10;Expecting:&#10; &lt;&quot;&lt;?xml version=&quot;1.0&quot; encoding=&quot;UTF-8&quot;?&gt;&#13;&#10;&lt;html&gt;&#13;&#10;  &lt;head&gt;&#13;&#10;    &lt;title&gt;&#13;&#10;    &lt;/title&gt;&#13;&#10;    &lt;link rel=&quot;stylesheet&quot; href=&quot;https://maxcdn.bootstrapcdn.com/bootstrap/3.2.0/css/bootstrap.min.css&quot;/&gt;&#13;&#10;    &lt;link rel=&quot;stylesheet&quot; href=&quot;/app.css&quot;/&gt;&#13;&#10;    &lt;script src=&quot;/js/jquery.js&quot;&gt;&#13;&#10;    &lt;/script&gt;&#13;&#10;    &lt;script src=&quot;/js/scripts.js&quot;&gt;&#13;&#10;    &lt;/script&gt;&#13;&#10;  &lt;/head&gt;&#13;&#10;  &lt;body&gt;&#13;&#10;    &lt;div class=&quot;container&quot;&gt;&#13;&#10;      &lt;h1&gt;&#13;&#10;        Edit Article&#13;&#10;      &lt;/h1&gt;&#13;&#10;      &lt;form action=&quot;/articles/2364/edit&quot; method=&quot;post&quot;&gt;&#13;&#10;        &lt;div class=&quot;form-group&quot;&gt;&#13;&#10;          &lt;label for=&quot;newTitle&quot;&gt;&#13;&#10;            Article Title&#13;&#10;          &lt;/label&gt;&#13;&#10;          &lt;input id=&quot;newTitle&quot; name=&quot;newTitle&quot; type=&quot;text&quot; value=&quot;How to learn English&quot;/&gt;&#13;&#10;        &lt;/div&gt;&#13;&#10;        &lt;div class=&quot;form-group&quot;&gt;&#13;&#10;          &lt;label for=&quot;newShortTitle&quot;&gt;&#13;&#10;            Article Short-Title&#13;&#10;          &lt;/label&gt;&#13;&#10;          &lt;input id=&quot;newShortTitle&quot; name=&quot;newShortTitle&quot; type=&quot;text&quot; value=&quot;shortTitle&quot;/&gt;&#13;&#10;        &lt;/div&gt;&#13;&#10;        &lt;div class=&quot;form-group&quot;&gt;&#13;&#10;          &lt;label for=&quot;newBody&quot;&gt;&#13;&#10;            Article Body&#13;&#10;          &lt;/label&gt;&#13;&#10;          &lt;input id=&quot;newBody&quot; name=&quot;newBody&quot; type=&quot;text&quot; value=&quot;this article is about...&quot;/&gt;&#13;&#10;        &lt;/div&gt;&#13;&#10;        &lt;div class=&quot;form-group&quot;&gt;&#13;&#10;          &lt;label for=&quot;newPicture&quot;&gt;&#13;&#10;            Article Picture URL&#13;&#10;          &lt;/label&gt;&#13;&#10;          &lt;input id=&quot;newPicture&quot; name=&quot;newPicture&quot; type=&quot;text&quot; value=&quot;picture&quot;/&gt;&#13;&#10;        &lt;/div&gt;&#13;&#10;        &lt;div class=&quot;form-group&quot;&gt;&#13;&#10;          &lt;label for=&quot;newSubhead&quot;&gt;&#13;&#10;            Article Subhead&#13;&#10;          &lt;/label&gt;&#13;&#10;          &lt;input id=&quot;newSubhead&quot; name=&quot;newSubhead&quot; type=&quot;text&quot; value=&quot;subhead&quot;/&gt;&#13;&#10;        &lt;/div&gt;&#13;&#10;        &lt;div class=&quot;form-group&quot;&gt;&#13;&#10;          &lt;label for=&quot;newSubtitle&quot;&gt;&#13;&#10;            Article Subtitle&#13;&#10;          &lt;/label&gt;&#13;&#10;          &lt;input id=&quot;newSubtitle&quot; name=&quot;newSubtitle&quot; type=&quot;text&quot; value=&quot;An Easy Way to Learn English&quot;/&gt;&#13;&#10;        &lt;/div&gt;&#13;&#10;        &lt;div class=&quot;form-group&quot;&gt;&#13;&#10;          &lt;label for=&quot;newAuthorByLine&quot;&gt;&#13;&#10;            Article Author By Line&#13;&#10;          &lt;/label&gt;&#13;&#10;          &lt;input id=&quot;newAuthorByLine&quot; name=&quot;newAuthorByLine&quot; type=&quot;text&quot; value=&quot;&quot;/&gt;&#13;&#10;        &lt;/div&gt;&#13;&#10;        &lt;button type=&quot;submit&quot; class=&quot;btn btn-success&quot; id=&quot;editBtn&quot;&gt;&#13;&#10;          Edit Article&#13;&#10;        &lt;/button&gt;&#13;&#10;      &lt;/form&gt;&#13;&#10;      &lt;form action=&quot;/articles/2364/delete&quot; method=&quot;post&quot;&gt;&#13;&#10;        &lt;button type=&quot;submit&quot; class=&quot;btn btn-success disabled&quot;&gt;&#13;&#10;          Delete Article&#13;&#10;        &lt;/button&gt;&#13;&#10;      &lt;/form&gt;&#13;&#10;    &lt;/div&gt;&#13;&#10;  &lt;/body&gt;&#13;&#10;&lt;/html&gt;&#13;&#10;&quot;&gt;&#10;to contain:&#10; &lt;&quot;You tried to access a section which you don't have the permits for, please contact the administrator&quot;&gt; " type="java.lang.AssertionError">java.lang.AssertionError: 
Expecting:
 &lt;&quot;&lt;?xml version=&quot;1.0&quot; encoding=&quot;UTF-8&quot;?&gt;
&lt;html&gt;
  &lt;head&gt;
    &lt;title&gt;
    &lt;/title&gt;
    &lt;link rel=&quot;stylesheet&quot; href=&quot;https://maxcdn.bootstrapcdn.com/bootstrap/3.2.0/css/bootstrap.min.css&quot;/&gt;
    &lt;link rel=&quot;stylesheet&quot; href=&quot;/app.css&quot;/&gt;
    &lt;script src=&quot;/js/jquery.js&quot;&gt;
    &lt;/script&gt;
    &lt;script src=&quot;/js/scripts.js&quot;&gt;
    &lt;/script&gt;
  &lt;/head&gt;
  &lt;body&gt;
    &lt;div class=&quot;container&quot;&gt;
      &lt;h1&gt;
        Edit Article
      &lt;/h1&gt;
      &lt;form action=&quot;/articles/2364/edit&quot; method=&quot;post&quot;&gt;
        &lt;div class=&quot;form-group&quot;&gt;
          &lt;label for=&quot;newTitle&quot;&gt;
            Article Title
          &lt;/label&gt;
          &lt;input id=&quot;newTitle&quot; name=&quot;newTitle&quot; type=&quot;text&quot; value=&quot;How to learn English&quot;/&gt;
        &lt;/div&gt;
        &lt;div class=&quot;form-group&quot;&gt;
          &lt;label for=&quot;newShortTitle&quot;&gt;
            Article Short-Title
          &lt;/label&gt;
          &lt;input id=&quot;newShortTitle&quot; name=&quot;newShortTitle&quot; type=&quot;text&quot; value=&quot;shortTitle&quot;/&gt;
        &lt;/div&gt;
        &lt;div class=&quot;form-group&quot;&gt;
          &lt;label for=&quot;newBody&quot;&gt;
            Article Body
          &lt;/label&gt;
          &lt;input id=&quot;newBody&quot; name=&quot;newBody&quot; type=&quot;text&quot; value=&quot;this article is about...&quot;/&gt;
        &lt;/div&gt;
        &lt;div class=&quot;form-group&quot;&gt;
          &lt;label for=&quot;newPicture&quot;&gt;
            Article Picture URL
          &lt;/label&gt;
          &lt;input id=&quot;newPicture&quot; name=&quot;newPicture&quot; type=&quot;text&quot; value=&quot;picture&quot;/&gt;
        &lt;/div&gt;
        &lt;div class=&quot;form-group&quot;&gt;
          &lt;label for=&quot;newSubhead&quot;&gt;
            Article Subhead
          &lt;/label&gt;
          &lt;input id=&quot;newSubhead&quot; name=&quot;newSubhead&quot; type=&quot;text&quot; value=&quot;subhead&quot;/&gt;
        &lt;/div&gt;
        &lt;div class=&quot;form-group&quot;&gt;
          &lt;label for=&quot;newSubtitle&quot;&gt;
            Article Subtitle
          &lt;/label&gt;
          &lt;input id=&quot;newSubtitle&quot; name=&quot;newSubtitle&quot; type=&quot;text&quot; value=&quot;An Easy Way to Learn English&quot;/&gt;
        &lt;/div&gt;
        &lt;div class=&quot;form-group&quot;&gt;
          &lt;label for=&quot;newAuthorByLine&quot;&gt;
            Article Author By Line
          &lt;/label&gt;
          &lt;input id=&quot;newAuthorByLine&quot; name=&quot;newAuthorByLine&quot; type=&quot;text&quot; value=&quot;&quot;/&gt;
        &lt;/div&gt;
        &lt;button type=&quot;submit&quot; class=&quot;btn btn-success&quot; id=&quot;editBtn&quot;&gt;
          Edit Article
        &lt;/button&gt;
      &lt;/form&gt;
      &lt;form action=&quot;/articles/2364/delete&quot; method=&quot;post&quot;&gt;
        &lt;button type=&quot;submit&quot; class=&quot;btn btn-success disabled&quot;&gt;
          Delete Article
        &lt;/button&gt;
      &lt;/form&gt;
    &lt;/div&gt;
  &lt;/body&gt;
&lt;/html&gt;
&quot;&gt;
to contain:
 &lt;&quot;You tried to access a section which you don't have the permits for, please contact the administrator&quot;&gt; 
	at AppTest.getToUnauthorizedPageIfDoesntHavePermitsForPage(AppTest.java:332)
	at sun.reflect.NativeMethodAccessorImpl.invoke0(Native Method)
	at sun.reflect.NativeMethodAccessorImpl.invoke(NativeMethodAccessorImpl.java:62)
	at sun.reflect.DelegatingMethodAccessorImpl.invoke(DelegatingMethodAccessorImpl.java:43)
	at java.lang.reflect.Method.invoke(Method.java:498)
	at org.junit.runners.model.FrameworkMethod$1.runReflectiveCall(FrameworkMethod.java:50)
	at org.junit.internal.runners.model.ReflectiveCallable.run(ReflectiveCallable.java:12)
	at org.junit.runners.model.FrameworkMethod.invokeExplosively(FrameworkMethod.java:47)
	at org.junit.internal.runners.statements.InvokeMethod.evaluate(InvokeMethod.java:17)
	at org.junit.rules.ExternalResource$1.evaluate(ExternalResource.java:48)
	at org.junit.rules.TestWatcher$1.evaluate(TestWatcher.java:55)
	at org.junit.rules.TestWatcher$1.evaluate(TestWatcher.java:55)
	at org.junit.rules.RunRules.evaluate(RunRules.java:20)
	at org.junit.runners.ParentRunner.runLeaf(ParentRunner.java:325)
	at org.junit.runners.BlockJUnit4ClassRunner.runChild(BlockJUnit4ClassRunner.java:78)
	at org.junit.runners.BlockJUnit4ClassRunner.runChild(BlockJUnit4ClassRunner.java:57)
	at org.junit.runners.ParentRunner$3.run(ParentRunner.java:290)
	at org.junit.runners.ParentRunner$1.schedule(ParentRunner.java:71)
	at org.junit.runners.ParentRunner.runChildren(ParentRunner.java:288)
	at org.junit.runners.ParentRunner.access$000(ParentRunner.java:58)
	at org.junit.runners.ParentRunner$2.evaluate(ParentRunner.java:268)
	at org.junit.internal.runners.statements.RunAfters.evaluate(RunAfters.java:27)
	at org.junit.rules.ExternalResource$1.evaluate(ExternalResource.java:48)
	at org.junit.rules.RunRules.evaluate(RunRules.java:20)
	at org.junit.runners.ParentRunner.run(ParentRunner.java:363)
	at org.gradle.api.internal.tasks.testing.junit.JUnitTestClassExecuter.runTestClass(JUnitTestClassExecuter.java:112)
	at org.gradle.api.internal.tasks.testing.junit.JUnitTestClassExecuter.execute(JUnitTestClassExecuter.java:56)
	at org.gradle.api.internal.tasks.testing.junit.JUnitTestClassProcessor.processTestClass(JUnitTestClassProcessor.java:66)
	at org.gradle.api.internal.tasks.testing.SuiteTestClassProcessor.processTestClass(SuiteTestClassProcessor.java:51)
	at sun.reflect.NativeMethodAccessorImpl.invoke0(Native Method)
	at sun.reflect.NativeMethodAccessorImpl.invoke(NativeMethodAccessorImpl.java:62)
	at sun.reflect.DelegatingMethodAccessorImpl.invoke(DelegatingMethodAccessorImpl.java:43)
	at java.lang.reflect.Method.invoke(Method.java:498)
	at org.gradle.messaging.dispatch.ReflectionDispatch.dispatch(ReflectionDispatch.java:35)
	at org.gradle.messaging.dispatch.ReflectionDispatch.dispatch(ReflectionDispatch.java:24)
	at org.gradle.messaging.dispatch.ContextClassLoaderDispatch.dispatch(ContextClassLoaderDispatch.java:32)
	at org.gradle.messaging.dispatch.ProxyDispatchAdapter$DispatchingInvocationHandler.invoke(ProxyDispatchAdapter.java:93)
	at com.sun.proxy.$Proxy2.processTestClass(Unknown Source)
	at org.gradle.api.internal.tasks.testing.worker.TestWorker.processTestClass(TestWorker.java:109)
	at sun.reflect.NativeMethodAccessorImpl.invoke0(Native Method)
	at sun.reflect.NativeMethodAccessorImpl.invoke(NativeMethodAccessorImpl.java:62)
	at sun.reflect.DelegatingMethodAccessorImpl.invoke(DelegatingMethodAccessorImpl.java:43)
	at java.lang.reflect.Method.invoke(Method.java:498)
	at org.gradle.messaging.dispatch.ReflectionDispatch.dispatch(ReflectionDispatch.java:35)
	at org.gradle.messaging.dispatch.ReflectionDispatch.dispatch(ReflectionDispatch.java:24)
	at org.gradle.messaging.remote.internal.hub.MessageHub$Handler.run(MessageHub.java:360)
	at org.gradle.internal.concurrent.ExecutorPolicy$CatchAndRecordFailures.onExecute(ExecutorPolicy.java:54)
	at org.gradle.internal.concurrent.StoppableExecutorImpl$1.run(StoppableExecutorImpl.java:40)
	at java.util.concurrent.ThreadPoolExecutor.runWorker(ThreadPoolExecutor.java:1142)
	at java.util.concurrent.ThreadPoolExecutor$Worker.run(ThreadPoolExecutor.java:617)
	at java.lang.Thread.run(Thread.java:745)
</failure>
  </testcase>
  <testcase name="ifNoArticleIsCreatedTheUserIsInformedAboutIt" classname="AppTest" time="0.279"/>
  <testcase name="viewArticlesButtonShowsAllArticles" classname="AppTest" time="0.277"/>
  <testcase name="authorsGetEditedCorrectly" classname="AppTest" time="0.569"/>
  <testcase name="newArticlePageIsDisplayed" classname="AppTest" time="0.04"/>
  <testcase name="articleGetsDelitedCorrectly" classname="AppTest" time="0.333"/>
  <testcase name="linksOnHubPageWorks" classname="AppTest" time="0.312"/>
  <testcase name="articlePageIsDisplayed" classname="AppTest" time="0.158"/>
  <testcase name="loginWorksCorrectly" classname="AppTest" time="0.124"/>
  <testcase name="loginPageIsDisplayed" classname="AppTest" time="0.027"/>
  <testcase name="whenWrongCredentialsAreInsertedErrorMessageIsDisplayed" classname="AppTest" time="0.074"/>
  <testcase name="articleGetsEditedCorrectly" classname="AppTest" time="0.696"/>
  <system-out><![CDATA[]]></system-out>
  <system-err><![CDATA[[Thread-4] INFO org.eclipse.jetty.util.log - Logging initialized @2925ms
[Thread-4] INFO spark.webserver.JettySparkServer - == Spark has ignited ...
[Thread-4] INFO spark.webserver.JettySparkServer - >> Listening on 0.0.0.0:4567
[Thread-4] INFO org.eclipse.jetty.server.Server - jetty-9.3.2.v20150730
[Thread-4] INFO org.eclipse.jetty.server.ServerConnector - Started ServerConnector@86781ba{HTTP/1.1,[http/1.1]}{0.0.0.0:4567}
[Thread-4] INFO org.eclipse.jetty.server.Server - Started @3814ms
Sep 22, 2016 7:06:03 PM com.gargoylesoftware.htmlunit.DefaultCssErrorHandler error
WARNING: CSS error: 'https://maxcdn.bootstrapcdn.com/bootstrap/3.2.0/css/bootstrap.min.css' [5:14693] Error in media list. (Invalid token "(". Was expecting one of: <S>, <IDENT>.)
Sep 22, 2016 7:06:03 PM com.gargoylesoftware.htmlunit.DefaultCssErrorHandler error
WARNING: CSS error: 'https://maxcdn.bootstrapcdn.com/bootstrap/3.2.0/css/bootstrap.min.css' [5:16291] Error in media list. (Invalid token "(". Was expecting one of: <S>, <IDENT>.)
Sep 22, 2016 7:06:03 PM com.gargoylesoftware.htmlunit.DefaultCssErrorHandler error
WARNING: CSS error: 'https://maxcdn.bootstrapcdn.com/bootstrap/3.2.0/css/bootstrap.min.css' [5:18566] Error in media list. (Invalid token "(". Was expecting one of: <S>, <IDENT>.)
Sep 22, 2016 7:06:03 PM com.gargoylesoftware.htmlunit.DefaultCssErrorHandler error
WARNING: CSS error: 'https://maxcdn.bootstrapcdn.com/bootstrap/3.2.0/css/bootstrap.min.css' [5:18615] Error in media list. (Invalid token "(". Was expecting one of: <S>, <IDENT>.)
Sep 22, 2016 7:06:03 PM com.gargoylesoftware.htmlunit.DefaultCssErrorHandler error
WARNING: CSS error: 'https://maxcdn.bootstrapcdn.com/bootstrap/3.2.0/css/bootstrap.min.css' [5:18664] Error in media list. (Invalid token "(". Was expecting one of: <S>, <IDENT>.)
Sep 22, 2016 7:06:03 PM com.gargoylesoftware.htmlunit.DefaultCssErrorHandler error
WARNING: CSS error: 'https://maxcdn.bootstrapcdn.com/bootstrap/3.2.0/css/bootstrap.min.css' [5:21148] Error in media list. (Invalid token "(". Was expecting one of: <S>, <IDENT>.)
Sep 22, 2016 7:06:03 PM com.gargoylesoftware.htmlunit.DefaultCssErrorHandler error
WARNING: CSS error: 'https://maxcdn.bootstrapcdn.com/bootstrap/3.2.0/css/bootstrap.min.css' [5:22914] Error in media list. (Invalid token "(". Was expecting one of: <S>, <IDENT>.)
Sep 22, 2016 7:06:03 PM com.gargoylesoftware.htmlunit.DefaultCssErrorHandler error
WARNING: CSS error: 'https://maxcdn.bootstrapcdn.com/bootstrap/3.2.0/css/bootstrap.min.css' [5:24680] Error in media list. (Invalid token "(". Was expecting one of: <S>, <IDENT>.)
Sep 22, 2016 7:06:03 PM com.gargoylesoftware.htmlunit.DefaultCssErrorHandler error
WARNING: CSS error: 'https://maxcdn.bootstrapcdn.com/bootstrap/3.2.0/css/bootstrap.min.css' [5:30763] Error in @media rule. (Invalid token "and". Was expecting one of: <S>, <LBRACE>, <COMMA>.)
Sep 22, 2016 7:06:03 PM com.gargoylesoftware.htmlunit.DefaultCssErrorHandler warning
WARNING: CSS warning: 'https://maxcdn.bootstrapcdn.com/bootstrap/3.2.0/css/bootstrap.min.css' [5:30763] Ignoring the whole rule.
Sep 22, 2016 7:06:03 PM com.gargoylesoftware.htmlunit.DefaultCssErrorHandler error
WARNING: CSS error: 'https://maxcdn.bootstrapcdn.com/bootstrap/3.2.0/css/bootstrap.min.css' [5:38743] Error in media list. (Invalid token "(". Was expecting one of: <S>, <IDENT>.)
Sep 22, 2016 7:06:03 PM com.gargoylesoftware.htmlunit.DefaultCssErrorHandler error
WARNING: CSS error: 'https://maxcdn.bootstrapcdn.com/bootstrap/3.2.0/css/bootstrap.min.css' [5:39908] Error in media list. (Invalid token "(". Was expecting one of: <S>, <IDENT>.)
Sep 22, 2016 7:06:03 PM com.gargoylesoftware.htmlunit.DefaultCssErrorHandler error
WARNING: CSS error: 'https://maxcdn.bootstrapcdn.com/bootstrap/3.2.0/css/bootstrap.min.css' [5:40086] Error in media list. (Invalid token "(". Was expecting one of: <S>, <IDENT>.)
Sep 22, 2016 7:06:03 PM com.gargoylesoftware.htmlunit.DefaultCssErrorHandler error
WARNING: CSS error: 'https://maxcdn.bootstrapcdn.com/bootstrap/3.2.0/css/bootstrap.min.css' [5:40178] Error in media list. (Invalid token "(". Was expecting one of: <S>, <IDENT>.)
Sep 22, 2016 7:06:03 PM com.gargoylesoftware.htmlunit.DefaultCssErrorHandler error
WARNING: CSS error: 'https://maxcdn.bootstrapcdn.com/bootstrap/3.2.0/css/bootstrap.min.css' [5:49282] Error in expression; ':' found after identifier "progid".
Sep 22, 2016 7:06:03 PM com.gargoylesoftware.htmlunit.DefaultCssErrorHandler error
WARNING: CSS error: 'https://maxcdn.bootstrapcdn.com/bootstrap/3.2.0/css/bootstrap.min.css' [5:49917] Error in media list. (Invalid token "(". Was expecting one of: <S>, <IDENT>.)
Sep 22, 2016 7:06:03 PM com.gargoylesoftware.htmlunit.DefaultCssErrorHandler error
WARNING: CSS error: 'https://maxcdn.bootstrapcdn.com/bootstrap/3.2.0/css/bootstrap.min.css' [5:58448] Error in media list. (Invalid token "(". Was expecting one of: <S>, <IDENT>.)
Sep 22, 2016 7:06:03 PM com.gargoylesoftware.htmlunit.DefaultCssErrorHandler error
WARNING: CSS error: 'https://maxcdn.bootstrapcdn.com/bootstrap/3.2.0/css/bootstrap.min.css' [5:58772] Error in media list. (Invalid token "(". Was expecting one of: <S>, <IDENT>.)
Sep 22, 2016 7:06:03 PM com.gargoylesoftware.htmlunit.DefaultCssErrorHandler error
WARNING: CSS error: 'https://maxcdn.bootstrapcdn.com/bootstrap/3.2.0/css/bootstrap.min.css' [5:59475] Error in media list. (Invalid token "(". Was expecting one of: <S>, <IDENT>.)
Sep 22, 2016 7:06:03 PM com.gargoylesoftware.htmlunit.DefaultCssErrorHandler error
WARNING: CSS error: 'https://maxcdn.bootstrapcdn.com/bootstrap/3.2.0/css/bootstrap.min.css' [5:59801] Error in media list. (Invalid token "(". Was expecting one of: <S>, <IDENT>.)
Sep 22, 2016 7:06:03 PM com.gargoylesoftware.htmlunit.DefaultCssErrorHandler error
WARNING: CSS error: 'https://maxcdn.bootstrapcdn.com/bootstrap/3.2.0/css/bootstrap.min.css' [5:60287] Error in media list. (Invalid token "(". Was expecting one of: <S>, <IDENT>.)
Sep 22, 2016 7:06:03 PM com.gargoylesoftware.htmlunit.DefaultCssErrorHandler error
WARNING: CSS error: 'https://maxcdn.bootstrapcdn.com/bootstrap/3.2.0/css/bootstrap.min.css' [5:60339] Error in media list. (Invalid token "(". Was expecting one of: <S>, <IDENT>.)
Sep 22, 2016 7:06:03 PM com.gargoylesoftware.htmlunit.DefaultCssErrorHandler error
WARNING: CSS error: 'https://maxcdn.bootstrapcdn.com/bootstrap/3.2.0/css/bootstrap.min.css' [5:60666] Error in media list. (Invalid token "(". Was expecting one of: <S>, <IDENT>.)
Sep 22, 2016 7:06:03 PM com.gargoylesoftware.htmlunit.DefaultCssErrorHandler error
WARNING: CSS error: 'https://maxcdn.bootstrapcdn.com/bootstrap/3.2.0/css/bootstrap.min.css' [5:61158] Error in media list. (Invalid token "(". Was expecting one of: <S>, <IDENT>.)
Sep 22, 2016 7:06:03 PM com.gargoylesoftware.htmlunit.DefaultCssErrorHandler error
WARNING: CSS error: 'https://maxcdn.bootstrapcdn.com/bootstrap/3.2.0/css/bootstrap.min.css' [5:61459] Error in media list. (Invalid token "(". Was expecting one of: <S>, <IDENT>.)
Sep 22, 2016 7:06:03 PM com.gargoylesoftware.htmlunit.DefaultCssErrorHandler error
WARNING: CSS error: 'https://maxcdn.bootstrapcdn.com/bootstrap/3.2.0/css/bootstrap.min.css' [5:61687] Error in media list. (Invalid token "(". Was expecting one of: <S>, <IDENT>.)
Sep 22, 2016 7:06:03 PM com.gargoylesoftware.htmlunit.DefaultCssErrorHandler error
WARNING: CSS error: 'https://maxcdn.bootstrapcdn.com/bootstrap/3.2.0/css/bootstrap.min.css' [5:61928] Error in media list. (Invalid token "(". Was expecting one of: <S>, <IDENT>.)
Sep 22, 2016 7:06:03 PM com.gargoylesoftware.htmlunit.DefaultCssErrorHandler error
WARNING: CSS error: 'https://maxcdn.bootstrapcdn.com/bootstrap/3.2.0/css/bootstrap.min.css' [5:62269] Error in media list. (Invalid token "(". Was expecting one of: <S>, <IDENT>.)
Sep 22, 2016 7:06:03 PM com.gargoylesoftware.htmlunit.DefaultCssErrorHandler error
WARNING: CSS error: 'https://maxcdn.bootstrapcdn.com/bootstrap/3.2.0/css/bootstrap.min.css' [5:62756] Error in media list. (Invalid token "(". Was expecting one of: <S>, <IDENT>.)
Sep 22, 2016 7:06:03 PM com.gargoylesoftware.htmlunit.DefaultCssErrorHandler error
WARNING: CSS error: 'https://maxcdn.bootstrapcdn.com/bootstrap/3.2.0/css/bootstrap.min.css' [5:62912] Error in media list. (Invalid token "(". Was expecting one of: <S>, <IDENT>.)
Sep 22, 2016 7:06:03 PM com.gargoylesoftware.htmlunit.DefaultCssErrorHandler error
WARNING: CSS error: 'https://maxcdn.bootstrapcdn.com/bootstrap/3.2.0/css/bootstrap.min.css' [5:63379] Error in media list. (Invalid token "(". Was expecting one of: <S>, <IDENT>.)
Sep 22, 2016 7:06:03 PM com.gargoylesoftware.htmlunit.DefaultCssErrorHandler error
WARNING: CSS error: 'https://maxcdn.bootstrapcdn.com/bootstrap/3.2.0/css/bootstrap.min.css' [5:63572] Error in media list. (Invalid token "(". Was expecting one of: <S>, <IDENT>.)
Sep 22, 2016 7:06:03 PM com.gargoylesoftware.htmlunit.DefaultCssErrorHandler error
WARNING: CSS error: 'https://maxcdn.bootstrapcdn.com/bootstrap/3.2.0/css/bootstrap.min.css' [5:63996] Error in media list. (Invalid token "(". Was expecting one of: <S>, <IDENT>.)
Sep 22, 2016 7:06:03 PM com.gargoylesoftware.htmlunit.DefaultCssErrorHandler error
WARNING: CSS error: 'https://maxcdn.bootstrapcdn.com/bootstrap/3.2.0/css/bootstrap.min.css' [5:64867] Error in media list. (Invalid token "(". Was expecting one of: <S>, <IDENT>.)
Sep 22, 2016 7:06:03 PM com.gargoylesoftware.htmlunit.DefaultCssErrorHandler error
WARNING: CSS error: 'https://maxcdn.bootstrapcdn.com/bootstrap/3.2.0/css/bootstrap.min.css' [5:64936] Error in media list. (Invalid token "(". Was expecting one of: <S>, <IDENT>.)
Sep 22, 2016 7:06:03 PM com.gargoylesoftware.htmlunit.DefaultCssErrorHandler error
WARNING: CSS error: 'https://maxcdn.bootstrapcdn.com/bootstrap/3.2.0/css/bootstrap.min.css' [5:65554] Error in media list. (Invalid token "(". Was expecting one of: <S>, <IDENT>.)
Sep 22, 2016 7:06:03 PM com.gargoylesoftware.htmlunit.DefaultCssErrorHandler error
WARNING: CSS error: 'https://maxcdn.bootstrapcdn.com/bootstrap/3.2.0/css/bootstrap.min.css' [5:66892] Error in media list. (Invalid token "(". Was expecting one of: <S>, <IDENT>.)
Sep 22, 2016 7:06:03 PM com.gargoylesoftware.htmlunit.DefaultCssErrorHandler error
WARNING: CSS error: 'https://maxcdn.bootstrapcdn.com/bootstrap/3.2.0/css/bootstrap.min.css' [5:69193] Error in media list. (Invalid token "(". Was expecting one of: <S>, <IDENT>.)
Sep 22, 2016 7:06:03 PM com.gargoylesoftware.htmlunit.DefaultCssErrorHandler error
WARNING: CSS error: 'https://maxcdn.bootstrapcdn.com/bootstrap/3.2.0/css/bootstrap.min.css' [5:74964] Error in @media rule. (Invalid token "and". Was expecting one of: <S>, <LBRACE>, <COMMA>.)
Sep 22, 2016 7:06:03 PM com.gargoylesoftware.htmlunit.DefaultCssErrorHandler warning
WARNING: CSS warning: 'https://maxcdn.bootstrapcdn.com/bootstrap/3.2.0/css/bootstrap.min.css' [5:74964] Ignoring the whole rule.
Sep 22, 2016 7:06:03 PM com.gargoylesoftware.htmlunit.DefaultCssErrorHandler error
WARNING: CSS error: 'https://maxcdn.bootstrapcdn.com/bootstrap/3.2.0/css/bootstrap.min.css' [5:97355] Error in media list. (Invalid token "(". Was expecting one of: <S>, <IDENT>.)
Sep 22, 2016 7:06:03 PM com.gargoylesoftware.htmlunit.DefaultCssErrorHandler error
WARNING: CSS error: 'https://maxcdn.bootstrapcdn.com/bootstrap/3.2.0/css/bootstrap.min.css' [5:97543] Error in media list. (Invalid token "(". Was expecting one of: <S>, <IDENT>.)
Sep 22, 2016 7:06:03 PM com.gargoylesoftware.htmlunit.DefaultCssErrorHandler error
WARNING: CSS error: 'https://maxcdn.bootstrapcdn.com/bootstrap/3.2.0/css/bootstrap.min.css' [5:102209] Error in expression; ':' found after identifier "progid".
Sep 22, 2016 7:06:03 PM com.gargoylesoftware.htmlunit.DefaultCssErrorHandler error
WARNING: CSS error: 'https://maxcdn.bootstrapcdn.com/bootstrap/3.2.0/css/bootstrap.min.css' [5:102752] Error in expression; ':' found after identifier "progid".
Sep 22, 2016 7:06:03 PM com.gargoylesoftware.htmlunit.DefaultCssErrorHandler error
WARNING: CSS error: 'https://maxcdn.bootstrapcdn.com/bootstrap/3.2.0/css/bootstrap.min.css' [5:104304] Error in @media rule. (Invalid token "and". Was expecting one of: <S>, <LBRACE>, <COMMA>.)
Sep 22, 2016 7:06:03 PM com.gargoylesoftware.htmlunit.DefaultCssErrorHandler warning
WARNING: CSS warning: 'https://maxcdn.bootstrapcdn.com/bootstrap/3.2.0/css/bootstrap.min.css' [5:104304] Ignoring the whole rule.
Sep 22, 2016 7:06:03 PM com.gargoylesoftware.htmlunit.DefaultCssErrorHandler error
WARNING: CSS error: 'https://maxcdn.bootstrapcdn.com/bootstrap/3.2.0/css/bootstrap.min.css' [5:106626] Error in media list. (Invalid token "(". Was expecting one of: <S>, <IDENT>.)
Sep 22, 2016 7:06:03 PM com.gargoylesoftware.htmlunit.DefaultCssErrorHandler error
WARNING: CSS error: 'https://maxcdn.bootstrapcdn.com/bootstrap/3.2.0/css/bootstrap.min.css' [5:106818] Error in media list. (Invalid token "(". Was expecting one of: <S>, <IDENT>.)
Sep 22, 2016 7:06:03 PM com.gargoylesoftware.htmlunit.DefaultCssErrorHandler error
WARNING: CSS error: 'https://maxcdn.bootstrapcdn.com/bootstrap/3.2.0/css/bootstrap.min.css' [5:106886] Error in media list. (Invalid token "(". Was expecting one of: <S>, <IDENT>.)
Sep 22, 2016 7:06:03 PM com.gargoylesoftware.htmlunit.DefaultCssErrorHandler error
WARNING: CSS error: 'https://maxcdn.bootstrapcdn.com/bootstrap/3.2.0/css/bootstrap.min.css' [5:106956] Error in media list. (Invalid token "(". Was expecting one of: <S>, <IDENT>.)
Sep 22, 2016 7:06:03 PM com.gargoylesoftware.htmlunit.DefaultCssErrorHandler error
WARNING: CSS error: 'https://maxcdn.bootstrapcdn.com/bootstrap/3.2.0/css/bootstrap.min.css' [5:107038] Error in media list. (Invalid token "(". Was expecting one of: <S>, <IDENT>.)
Sep 22, 2016 7:06:03 PM com.gargoylesoftware.htmlunit.DefaultCssErrorHandler error
WARNING: CSS error: 'https://maxcdn.bootstrapcdn.com/bootstrap/3.2.0/css/bootstrap.min.css' [5:107252] Error in media list. (Invalid token "(". Was expecting one of: <S>, <IDENT>.)
Sep 22, 2016 7:06:03 PM com.gargoylesoftware.htmlunit.DefaultCssErrorHandler error
WARNING: CSS error: 'https://maxcdn.bootstrapcdn.com/bootstrap/3.2.0/css/bootstrap.min.css' [5:107342] Error in media list. (Invalid token "(". Was expecting one of: <S>, <IDENT>.)
Sep 22, 2016 7:06:03 PM com.gargoylesoftware.htmlunit.DefaultCssErrorHandler error
WARNING: CSS error: 'https://maxcdn.bootstrapcdn.com/bootstrap/3.2.0/css/bootstrap.min.css' [5:107434] Error in media list. (Invalid token "(". Was expecting one of: <S>, <IDENT>.)
Sep 22, 2016 7:06:03 PM com.gargoylesoftware.htmlunit.DefaultCssErrorHandler error
WARNING: CSS error: 'https://maxcdn.bootstrapcdn.com/bootstrap/3.2.0/css/bootstrap.min.css' [5:107538] Error in media list. (Invalid token "(". Was expecting one of: <S>, <IDENT>.)
Sep 22, 2016 7:06:03 PM com.gargoylesoftware.htmlunit.DefaultCssErrorHandler error
WARNING: CSS error: 'https://maxcdn.bootstrapcdn.com/bootstrap/3.2.0/css/bootstrap.min.css' [5:107753] Error in media list. (Invalid token "(". Was expecting one of: <S>, <IDENT>.)
Sep 22, 2016 7:06:03 PM com.gargoylesoftware.htmlunit.DefaultCssErrorHandler error
WARNING: CSS error: 'https://maxcdn.bootstrapcdn.com/bootstrap/3.2.0/css/bootstrap.min.css' [5:107844] Error in media list. (Invalid token "(". Was expecting one of: <S>, <IDENT>.)
Sep 22, 2016 7:06:03 PM com.gargoylesoftware.htmlunit.DefaultCssErrorHandler error
WARNING: CSS error: 'https://maxcdn.bootstrapcdn.com/bootstrap/3.2.0/css/bootstrap.min.css' [5:107937] Error in media list. (Invalid token "(". Was expecting one of: <S>, <IDENT>.)
Sep 22, 2016 7:06:03 PM com.gargoylesoftware.htmlunit.DefaultCssErrorHandler error
WARNING: CSS error: 'https://maxcdn.bootstrapcdn.com/bootstrap/3.2.0/css/bootstrap.min.css' [5:108042] Error in media list. (Invalid token "(". Was expecting one of: <S>, <IDENT>.)
Sep 22, 2016 7:06:03 PM com.gargoylesoftware.htmlunit.DefaultCssErrorHandler error
WARNING: CSS error: 'https://maxcdn.bootstrapcdn.com/bootstrap/3.2.0/css/bootstrap.min.css' [5:108235] Error in media list. (Invalid token "(". Was expecting one of: <S>, <IDENT>.)
Sep 22, 2016 7:06:03 PM com.gargoylesoftware.htmlunit.DefaultCssErrorHandler error
WARNING: CSS error: 'https://maxcdn.bootstrapcdn.com/bootstrap/3.2.0/css/bootstrap.min.css' [5:108304] Error in media list. (Invalid token "(". Was expecting one of: <S>, <IDENT>.)
Sep 22, 2016 7:06:03 PM com.gargoylesoftware.htmlunit.DefaultCssErrorHandler error
WARNING: CSS error: 'https://maxcdn.bootstrapcdn.com/bootstrap/3.2.0/css/bootstrap.min.css' [5:108375] Error in media list. (Invalid token "(". Was expecting one of: <S>, <IDENT>.)
Sep 22, 2016 7:06:03 PM com.gargoylesoftware.htmlunit.DefaultCssErrorHandler error
WARNING: CSS error: 'https://maxcdn.bootstrapcdn.com/bootstrap/3.2.0/css/bootstrap.min.css' [5:108458] Error in media list. (Invalid token "(". Was expecting one of: <S>, <IDENT>.)
Sep 22, 2016 7:06:03 PM com.gargoylesoftware.htmlunit.DefaultCssErrorHandler error
WARNING: CSS error: 'https://maxcdn.bootstrapcdn.com/bootstrap/3.2.0/css/bootstrap.min.css' [5:108518] Error in media list. (Invalid token "(". Was expecting one of: <S>, <IDENT>.)
Sep 22, 2016 7:06:03 PM com.gargoylesoftware.htmlunit.DefaultCssErrorHandler error
WARNING: CSS error: 'https://maxcdn.bootstrapcdn.com/bootstrap/3.2.0/css/bootstrap.min.css' [5:108600] Error in media list. (Invalid token "(". Was expecting one of: <S>, <IDENT>.)
Sep 22, 2016 7:06:03 PM com.gargoylesoftware.htmlunit.DefaultCssErrorHandler error
WARNING: CSS error: 'https://maxcdn.bootstrapcdn.com/bootstrap/3.2.0/css/bootstrap.min.css' [5:108683] Error in media list. (Invalid token "(". Was expecting one of: <S>, <IDENT>.)
[qtp318254129-16] ERROR spark.webserver.MatcherFilter - 
java.lang.NullPointerException
	at spark.template.velocity.VelocityTemplateEngine.render(VelocityTemplateEngine.java:67)
	at spark.TemplateViewRouteImpl$1.render(TemplateViewRouteImpl.java:61)
	at spark.TemplateViewRouteImpl$1.render(TemplateViewRouteImpl.java:58)
	at spark.TemplateViewRouteImpl.render(TemplateViewRouteImpl.java:85)
	at spark.webserver.MatcherFilter.doFilter(MatcherFilter.java:164)
	at spark.webserver.JettyHandler.doHandle(JettyHandler.java:61)
	at org.eclipse.jetty.server.session.SessionHandler.doScope(SessionHandler.java:189)
	at org.eclipse.jetty.server.handler.ScopedHandler.handle(ScopedHandler.java:141)
	at org.eclipse.jetty.server.handler.HandlerList.handle(HandlerList.java:52)
	at org.eclipse.jetty.server.handler.HandlerWrapper.handle(HandlerWrapper.java:119)
	at org.eclipse.jetty.server.Server.handle(Server.java:517)
	at org.eclipse.jetty.server.HttpChannel.handle(HttpChannel.java:302)
	at org.eclipse.jetty.server.HttpConnection.onFillable(HttpConnection.java:242)
	at org.eclipse.jetty.io.AbstractConnection$ReadCallback.succeeded(AbstractConnection.java:245)
	at org.eclipse.jetty.io.FillInterest.fillable(FillInterest.java:95)
	at org.eclipse.jetty.io.SelectChannelEndPoint$2.run(SelectChannelEndPoint.java:75)
	at org.eclipse.jetty.util.thread.strategy.ExecuteProduceConsume.produceAndRun(ExecuteProduceConsume.java:213)
	at org.eclipse.jetty.util.thread.strategy.ExecuteProduceConsume.run(ExecuteProduceConsume.java:147)
	at org.eclipse.jetty.util.thread.QueuedThreadPool.runJob(QueuedThreadPool.java:654)
	at org.eclipse.jetty.util.thread.QueuedThreadPool$3.run(QueuedThreadPool.java:572)
	at java.lang.Thread.run(Thread.java:745)
Sep 22, 2016 7:06:05 PM com.gargoylesoftware.htmlunit.DefaultCssErrorHandler error
WARNING: CSS error: 'https://maxcdn.bootstrapcdn.com/bootstrap/3.2.0/css/bootstrap.min.css' [5:14693] Error in media list. (Invalid token "(". Was expecting one of: <S>, <IDENT>.)
Sep 22, 2016 7:06:05 PM com.gargoylesoftware.htmlunit.DefaultCssErrorHandler error
WARNING: CSS error: 'https://maxcdn.bootstrapcdn.com/bootstrap/3.2.0/css/bootstrap.min.css' [5:16291] Error in media list. (Invalid token "(". Was expecting one of: <S>, <IDENT>.)
Sep 22, 2016 7:06:05 PM com.gargoylesoftware.htmlunit.DefaultCssErrorHandler error
WARNING: CSS error: 'https://maxcdn.bootstrapcdn.com/bootstrap/3.2.0/css/bootstrap.min.css' [5:18566] Error in media list. (Invalid token "(". Was expecting one of: <S>, <IDENT>.)
Sep 22, 2016 7:06:05 PM com.gargoylesoftware.htmlunit.DefaultCssErrorHandler error
WARNING: CSS error: 'https://maxcdn.bootstrapcdn.com/bootstrap/3.2.0/css/bootstrap.min.css' [5:18615] Error in media list. (Invalid token "(". Was expecting one of: <S>, <IDENT>.)
Sep 22, 2016 7:06:05 PM com.gargoylesoftware.htmlunit.DefaultCssErrorHandler error
WARNING: CSS error: 'https://maxcdn.bootstrapcdn.com/bootstrap/3.2.0/css/bootstrap.min.css' [5:18664] Error in media list. (Invalid token "(". Was expecting one of: <S>, <IDENT>.)
Sep 22, 2016 7:06:05 PM com.gargoylesoftware.htmlunit.DefaultCssErrorHandler error
WARNING: CSS error: 'https://maxcdn.bootstrapcdn.com/bootstrap/3.2.0/css/bootstrap.min.css' [5:21148] Error in media list. (Invalid token "(". Was expecting one of: <S>, <IDENT>.)
Sep 22, 2016 7:06:05 PM com.gargoylesoftware.htmlunit.DefaultCssErrorHandler error
WARNING: CSS error: 'https://maxcdn.bootstrapcdn.com/bootstrap/3.2.0/css/bootstrap.min.css' [5:22914] Error in media list. (Invalid token "(". Was expecting one of: <S>, <IDENT>.)
Sep 22, 2016 7:06:05 PM com.gargoylesoftware.htmlunit.DefaultCssErrorHandler error
WARNING: CSS error: 'https://maxcdn.bootstrapcdn.com/bootstrap/3.2.0/css/bootstrap.min.css' [5:24680] Error in media list. (Invalid token "(". Was expecting one of: <S>, <IDENT>.)
Sep 22, 2016 7:06:05 PM com.gargoylesoftware.htmlunit.DefaultCssErrorHandler error
WARNING: CSS error: 'https://maxcdn.bootstrapcdn.com/bootstrap/3.2.0/css/bootstrap.min.css' [5:30763] Error in @media rule. (Invalid token "and". Was expecting one of: <S>, <LBRACE>, <COMMA>.)
Sep 22, 2016 7:06:05 PM com.gargoylesoftware.htmlunit.DefaultCssErrorHandler warning
WARNING: CSS warning: 'https://maxcdn.bootstrapcdn.com/bootstrap/3.2.0/css/bootstrap.min.css' [5:30763] Ignoring the whole rule.
Sep 22, 2016 7:06:05 PM com.gargoylesoftware.htmlunit.DefaultCssErrorHandler error
WARNING: CSS error: 'https://maxcdn.bootstrapcdn.com/bootstrap/3.2.0/css/bootstrap.min.css' [5:38743] Error in media list. (Invalid token "(". Was expecting one of: <S>, <IDENT>.)
Sep 22, 2016 7:06:05 PM com.gargoylesoftware.htmlunit.DefaultCssErrorHandler error
WARNING: CSS error: 'https://maxcdn.bootstrapcdn.com/bootstrap/3.2.0/css/bootstrap.min.css' [5:39908] Error in media list. (Invalid token "(". Was expecting one of: <S>, <IDENT>.)
Sep 22, 2016 7:06:05 PM com.gargoylesoftware.htmlunit.DefaultCssErrorHandler error
WARNING: CSS error: 'https://maxcdn.bootstrapcdn.com/bootstrap/3.2.0/css/bootstrap.min.css' [5:40086] Error in media list. (Invalid token "(". Was expecting one of: <S>, <IDENT>.)
Sep 22, 2016 7:06:05 PM com.gargoylesoftware.htmlunit.DefaultCssErrorHandler error
WARNING: CSS error: 'https://maxcdn.bootstrapcdn.com/bootstrap/3.2.0/css/bootstrap.min.css' [5:40178] Error in media list. (Invalid token "(". Was expecting one of: <S>, <IDENT>.)
Sep 22, 2016 7:06:05 PM com.gargoylesoftware.htmlunit.DefaultCssErrorHandler error
WARNING: CSS error: 'https://maxcdn.bootstrapcdn.com/bootstrap/3.2.0/css/bootstrap.min.css' [5:49282] Error in expression; ':' found after identifier "progid".
Sep 22, 2016 7:06:05 PM com.gargoylesoftware.htmlunit.DefaultCssErrorHandler error
WARNING: CSS error: 'https://maxcdn.bootstrapcdn.com/bootstrap/3.2.0/css/bootstrap.min.css' [5:49917] Error in media list. (Invalid token "(". Was expecting one of: <S>, <IDENT>.)
Sep 22, 2016 7:06:05 PM com.gargoylesoftware.htmlunit.DefaultCssErrorHandler error
WARNING: CSS error: 'https://maxcdn.bootstrapcdn.com/bootstrap/3.2.0/css/bootstrap.min.css' [5:58448] Error in media list. (Invalid token "(". Was expecting one of: <S>, <IDENT>.)
Sep 22, 2016 7:06:05 PM com.gargoylesoftware.htmlunit.DefaultCssErrorHandler error
WARNING: CSS error: 'https://maxcdn.bootstrapcdn.com/bootstrap/3.2.0/css/bootstrap.min.css' [5:58772] Error in media list. (Invalid token "(". Was expecting one of: <S>, <IDENT>.)
Sep 22, 2016 7:06:05 PM com.gargoylesoftware.htmlunit.DefaultCssErrorHandler error
WARNING: CSS error: 'https://maxcdn.bootstrapcdn.com/bootstrap/3.2.0/css/bootstrap.min.css' [5:59475] Error in media list. (Invalid token "(". Was expecting one of: <S>, <IDENT>.)
Sep 22, 2016 7:06:05 PM com.gargoylesoftware.htmlunit.DefaultCssErrorHandler error
WARNING: CSS error: 'https://maxcdn.bootstrapcdn.com/bootstrap/3.2.0/css/bootstrap.min.css' [5:59801] Error in media list. (Invalid token "(". Was expecting one of: <S>, <IDENT>.)
Sep 22, 2016 7:06:05 PM com.gargoylesoftware.htmlunit.DefaultCssErrorHandler error
WARNING: CSS error: 'https://maxcdn.bootstrapcdn.com/bootstrap/3.2.0/css/bootstrap.min.css' [5:60287] Error in media list. (Invalid token "(". Was expecting one of: <S>, <IDENT>.)
Sep 22, 2016 7:06:05 PM com.gargoylesoftware.htmlunit.DefaultCssErrorHandler error
WARNING: CSS error: 'https://maxcdn.bootstrapcdn.com/bootstrap/3.2.0/css/bootstrap.min.css' [5:60339] Error in media list. (Invalid token "(". Was expecting one of: <S>, <IDENT>.)
Sep 22, 2016 7:06:05 PM com.gargoylesoftware.htmlunit.DefaultCssErrorHandler error
WARNING: CSS error: 'https://maxcdn.bootstrapcdn.com/bootstrap/3.2.0/css/bootstrap.min.css' [5:60666] Error in media list. (Invalid token "(". Was expecting one of: <S>, <IDENT>.)
Sep 22, 2016 7:06:05 PM com.gargoylesoftware.htmlunit.DefaultCssErrorHandler error
WARNING: CSS error: 'https://maxcdn.bootstrapcdn.com/bootstrap/3.2.0/css/bootstrap.min.css' [5:61158] Error in media list. (Invalid token "(". Was expecting one of: <S>, <IDENT>.)
Sep 22, 2016 7:06:05 PM com.gargoylesoftware.htmlunit.DefaultCssErrorHandler error
WARNING: CSS error: 'https://maxcdn.bootstrapcdn.com/bootstrap/3.2.0/css/bootstrap.min.css' [5:61459] Error in media list. (Invalid token "(". Was expecting one of: <S>, <IDENT>.)
Sep 22, 2016 7:06:05 PM com.gargoylesoftware.htmlunit.DefaultCssErrorHandler error
WARNING: CSS error: 'https://maxcdn.bootstrapcdn.com/bootstrap/3.2.0/css/bootstrap.min.css' [5:61687] Error in media list. (Invalid token "(". Was expecting one of: <S>, <IDENT>.)
Sep 22, 2016 7:06:05 PM com.gargoylesoftware.htmlunit.DefaultCssErrorHandler error
WARNING: CSS error: 'https://maxcdn.bootstrapcdn.com/bootstrap/3.2.0/css/bootstrap.min.css' [5:61928] Error in media list. (Invalid token "(". Was expecting one of: <S>, <IDENT>.)
Sep 22, 2016 7:06:05 PM com.gargoylesoftware.htmlunit.DefaultCssErrorHandler error
WARNING: CSS error: 'https://maxcdn.bootstrapcdn.com/bootstrap/3.2.0/css/bootstrap.min.css' [5:62269] Error in media list. (Invalid token "(". Was expecting one of: <S>, <IDENT>.)
Sep 22, 2016 7:06:05 PM com.gargoylesoftware.htmlunit.DefaultCssErrorHandler error
WARNING: CSS error: 'https://maxcdn.bootstrapcdn.com/bootstrap/3.2.0/css/bootstrap.min.css' [5:62756] Error in media list. (Invalid token "(". Was expecting one of: <S>, <IDENT>.)
Sep 22, 2016 7:06:05 PM com.gargoylesoftware.htmlunit.DefaultCssErrorHandler error
WARNING: CSS error: 'https://maxcdn.bootstrapcdn.com/bootstrap/3.2.0/css/bootstrap.min.css' [5:62912] Error in media list. (Invalid token "(". Was expecting one of: <S>, <IDENT>.)
Sep 22, 2016 7:06:05 PM com.gargoylesoftware.htmlunit.DefaultCssErrorHandler error
WARNING: CSS error: 'https://maxcdn.bootstrapcdn.com/bootstrap/3.2.0/css/bootstrap.min.css' [5:63379] Error in media list. (Invalid token "(". Was expecting one of: <S>, <IDENT>.)
Sep 22, 2016 7:06:05 PM com.gargoylesoftware.htmlunit.DefaultCssErrorHandler error
WARNING: CSS error: 'https://maxcdn.bootstrapcdn.com/bootstrap/3.2.0/css/bootstrap.min.css' [5:63572] Error in media list. (Invalid token "(". Was expecting one of: <S>, <IDENT>.)
Sep 22, 2016 7:06:05 PM com.gargoylesoftware.htmlunit.DefaultCssErrorHandler error
WARNING: CSS error: 'https://maxcdn.bootstrapcdn.com/bootstrap/3.2.0/css/bootstrap.min.css' [5:63996] Error in media list. (Invalid token "(". Was expecting one of: <S>, <IDENT>.)
Sep 22, 2016 7:06:05 PM com.gargoylesoftware.htmlunit.DefaultCssErrorHandler error
WARNING: CSS error: 'https://maxcdn.bootstrapcdn.com/bootstrap/3.2.0/css/bootstrap.min.css' [5:64867] Error in media list. (Invalid token "(". Was expecting one of: <S>, <IDENT>.)
Sep 22, 2016 7:06:05 PM com.gargoylesoftware.htmlunit.DefaultCssErrorHandler error
WARNING: CSS error: 'https://maxcdn.bootstrapcdn.com/bootstrap/3.2.0/css/bootstrap.min.css' [5:64936] Error in media list. (Invalid token "(". Was expecting one of: <S>, <IDENT>.)
Sep 22, 2016 7:06:05 PM com.gargoylesoftware.htmlunit.DefaultCssErrorHandler error
WARNING: CSS error: 'https://maxcdn.bootstrapcdn.com/bootstrap/3.2.0/css/bootstrap.min.css' [5:65554] Error in media list. (Invalid token "(". Was expecting one of: <S>, <IDENT>.)
Sep 22, 2016 7:06:05 PM com.gargoylesoftware.htmlunit.DefaultCssErrorHandler error
WARNING: CSS error: 'https://maxcdn.bootstrapcdn.com/bootstrap/3.2.0/css/bootstrap.min.css' [5:66892] Error in media list. (Invalid token "(". Was expecting one of: <S>, <IDENT>.)
Sep 22, 2016 7:06:05 PM com.gargoylesoftware.htmlunit.DefaultCssErrorHandler error
WARNING: CSS error: 'https://maxcdn.bootstrapcdn.com/bootstrap/3.2.0/css/bootstrap.min.css' [5:69193] Error in media list. (Invalid token "(". Was expecting one of: <S>, <IDENT>.)
Sep 22, 2016 7:06:05 PM com.gargoylesoftware.htmlunit.DefaultCssErrorHandler error
WARNING: CSS error: 'https://maxcdn.bootstrapcdn.com/bootstrap/3.2.0/css/bootstrap.min.css' [5:74964] Error in @media rule. (Invalid token "and". Was expecting one of: <S>, <LBRACE>, <COMMA>.)
Sep 22, 2016 7:06:05 PM com.gargoylesoftware.htmlunit.DefaultCssErrorHandler warning
WARNING: CSS warning: 'https://maxcdn.bootstrapcdn.com/bootstrap/3.2.0/css/bootstrap.min.css' [5:74964] Ignoring the whole rule.
Sep 22, 2016 7:06:05 PM com.gargoylesoftware.htmlunit.DefaultCssErrorHandler error
WARNING: CSS error: 'https://maxcdn.bootstrapcdn.com/bootstrap/3.2.0/css/bootstrap.min.css' [5:97355] Error in media list. (Invalid token "(". Was expecting one of: <S>, <IDENT>.)
Sep 22, 2016 7:06:05 PM com.gargoylesoftware.htmlunit.DefaultCssErrorHandler error
WARNING: CSS error: 'https://maxcdn.bootstrapcdn.com/bootstrap/3.2.0/css/bootstrap.min.css' [5:97543] Error in media list. (Invalid token "(". Was expecting one of: <S>, <IDENT>.)
Sep 22, 2016 7:06:05 PM com.gargoylesoftware.htmlunit.DefaultCssErrorHandler error
WARNING: CSS error: 'https://maxcdn.bootstrapcdn.com/bootstrap/3.2.0/css/bootstrap.min.css' [5:102209] Error in expression; ':' found after identifier "progid".
Sep 22, 2016 7:06:05 PM com.gargoylesoftware.htmlunit.DefaultCssErrorHandler error
WARNING: CSS error: 'https://maxcdn.bootstrapcdn.com/bootstrap/3.2.0/css/bootstrap.min.css' [5:102752] Error in expression; ':' found after identifier "progid".
Sep 22, 2016 7:06:05 PM com.gargoylesoftware.htmlunit.DefaultCssErrorHandler error
WARNING: CSS error: 'https://maxcdn.bootstrapcdn.com/bootstrap/3.2.0/css/bootstrap.min.css' [5:104304] Error in @media rule. (Invalid token "and". Was expecting one of: <S>, <LBRACE>, <COMMA>.)
Sep 22, 2016 7:06:05 PM com.gargoylesoftware.htmlunit.DefaultCssErrorHandler warning
WARNING: CSS warning: 'https://maxcdn.bootstrapcdn.com/bootstrap/3.2.0/css/bootstrap.min.css' [5:104304] Ignoring the whole rule.
Sep 22, 2016 7:06:05 PM com.gargoylesoftware.htmlunit.DefaultCssErrorHandler error
WARNING: CSS error: 'https://maxcdn.bootstrapcdn.com/bootstrap/3.2.0/css/bootstrap.min.css' [5:106626] Error in media list. (Invalid token "(". Was expecting one of: <S>, <IDENT>.)
Sep 22, 2016 7:06:05 PM com.gargoylesoftware.htmlunit.DefaultCssErrorHandler error
WARNING: CSS error: 'https://maxcdn.bootstrapcdn.com/bootstrap/3.2.0/css/bootstrap.min.css' [5:106818] Error in media list. (Invalid token "(". Was expecting one of: <S>, <IDENT>.)
Sep 22, 2016 7:06:05 PM com.gargoylesoftware.htmlunit.DefaultCssErrorHandler error
WARNING: CSS error: 'https://maxcdn.bootstrapcdn.com/bootstrap/3.2.0/css/bootstrap.min.css' [5:106886] Error in media list. (Invalid token "(". Was expecting one of: <S>, <IDENT>.)
Sep 22, 2016 7:06:05 PM com.gargoylesoftware.htmlunit.DefaultCssErrorHandler error
WARNING: CSS error: 'https://maxcdn.bootstrapcdn.com/bootstrap/3.2.0/css/bootstrap.min.css' [5:106956] Error in media list. (Invalid token "(". Was expecting one of: <S>, <IDENT>.)
Sep 22, 2016 7:06:05 PM com.gargoylesoftware.htmlunit.DefaultCssErrorHandler error
WARNING: CSS error: 'https://maxcdn.bootstrapcdn.com/bootstrap/3.2.0/css/bootstrap.min.css' [5:107038] Error in media list. (Invalid token "(". Was expecting one of: <S>, <IDENT>.)
Sep 22, 2016 7:06:05 PM com.gargoylesoftware.htmlunit.DefaultCssErrorHandler error
WARNING: CSS error: 'https://maxcdn.bootstrapcdn.com/bootstrap/3.2.0/css/bootstrap.min.css' [5:107252] Error in media list. (Invalid token "(". Was expecting one of: <S>, <IDENT>.)
Sep 22, 2016 7:06:05 PM com.gargoylesoftware.htmlunit.DefaultCssErrorHandler error
WARNING: CSS error: 'https://maxcdn.bootstrapcdn.com/bootstrap/3.2.0/css/bootstrap.min.css' [5:107342] Error in media list. (Invalid token "(". Was expecting one of: <S>, <IDENT>.)
Sep 22, 2016 7:06:05 PM com.gargoylesoftware.htmlunit.DefaultCssErrorHandler error
WARNING: CSS error: 'https://maxcdn.bootstrapcdn.com/bootstrap/3.2.0/css/bootstrap.min.css' [5:107434] Error in media list. (Invalid token "(". Was expecting one of: <S>, <IDENT>.)
Sep 22, 2016 7:06:05 PM com.gargoylesoftware.htmlunit.DefaultCssErrorHandler error
WARNING: CSS error: 'https://maxcdn.bootstrapcdn.com/bootstrap/3.2.0/css/bootstrap.min.css' [5:107538] Error in media list. (Invalid token "(". Was expecting one of: <S>, <IDENT>.)
Sep 22, 2016 7:06:05 PM com.gargoylesoftware.htmlunit.DefaultCssErrorHandler error
WARNING: CSS error: 'https://maxcdn.bootstrapcdn.com/bootstrap/3.2.0/css/bootstrap.min.css' [5:107753] Error in media list. (Invalid token "(". Was expecting one of: <S>, <IDENT>.)
Sep 22, 2016 7:06:05 PM com.gargoylesoftware.htmlunit.DefaultCssErrorHandler error
WARNING: CSS error: 'https://maxcdn.bootstrapcdn.com/bootstrap/3.2.0/css/bootstrap.min.css' [5:107844] Error in media list. (Invalid token "(". Was expecting one of: <S>, <IDENT>.)
Sep 22, 2016 7:06:05 PM com.gargoylesoftware.htmlunit.DefaultCssErrorHandler error
WARNING: CSS error: 'https://maxcdn.bootstrapcdn.com/bootstrap/3.2.0/css/bootstrap.min.css' [5:107937] Error in media list. (Invalid token "(". Was expecting one of: <S>, <IDENT>.)
Sep 22, 2016 7:06:05 PM com.gargoylesoftware.htmlunit.DefaultCssErrorHandler error
WARNING: CSS error: 'https://maxcdn.bootstrapcdn.com/bootstrap/3.2.0/css/bootstrap.min.css' [5:108042] Error in media list. (Invalid token "(". Was expecting one of: <S>, <IDENT>.)
Sep 22, 2016 7:06:05 PM com.gargoylesoftware.htmlunit.DefaultCssErrorHandler error
WARNING: CSS error: 'https://maxcdn.bootstrapcdn.com/bootstrap/3.2.0/css/bootstrap.min.css' [5:108235] Error in media list. (Invalid token "(". Was expecting one of: <S>, <IDENT>.)
Sep 22, 2016 7:06:05 PM com.gargoylesoftware.htmlunit.DefaultCssErrorHandler error
WARNING: CSS error: 'https://maxcdn.bootstrapcdn.com/bootstrap/3.2.0/css/bootstrap.min.css' [5:108304] Error in media list. (Invalid token "(". Was expecting one of: <S>, <IDENT>.)
Sep 22, 2016 7:06:05 PM com.gargoylesoftware.htmlunit.DefaultCssErrorHandler error
WARNING: CSS error: 'https://maxcdn.bootstrapcdn.com/bootstrap/3.2.0/css/bootstrap.min.css' [5:108375] Error in media list. (Invalid token "(". Was expecting one of: <S>, <IDENT>.)
Sep 22, 2016 7:06:05 PM com.gargoylesoftware.htmlunit.DefaultCssErrorHandler error
WARNING: CSS error: 'https://maxcdn.bootstrapcdn.com/bootstrap/3.2.0/css/bootstrap.min.css' [5:108458] Error in media list. (Invalid token "(". Was expecting one of: <S>, <IDENT>.)
Sep 22, 2016 7:06:05 PM com.gargoylesoftware.htmlunit.DefaultCssErrorHandler error
WARNING: CSS error: 'https://maxcdn.bootstrapcdn.com/bootstrap/3.2.0/css/bootstrap.min.css' [5:108518] Error in media list. (Invalid token "(". Was expecting one of: <S>, <IDENT>.)
Sep 22, 2016 7:06:05 PM com.gargoylesoftware.htmlunit.DefaultCssErrorHandler error
WARNING: CSS error: 'https://maxcdn.bootstrapcdn.com/bootstrap/3.2.0/css/bootstrap.min.css' [5:108600] Error in media list. (Invalid token "(". Was expecting one of: <S>, <IDENT>.)
Sep 22, 2016 7:06:05 PM com.gargoylesoftware.htmlunit.DefaultCssErrorHandler error
WARNING: CSS error: 'https://maxcdn.bootstrapcdn.com/bootstrap/3.2.0/css/bootstrap.min.css' [5:108683] Error in media list. (Invalid token "(". Was expecting one of: <S>, <IDENT>.)
[qtp318254129-19] ERROR spark.webserver.MatcherFilter - 
java.lang.NullPointerException
	at spark.template.velocity.VelocityTemplateEngine.render(VelocityTemplateEngine.java:67)
	at spark.TemplateViewRouteImpl$1.render(TemplateViewRouteImpl.java:61)
	at spark.TemplateViewRouteImpl$1.render(TemplateViewRouteImpl.java:58)
	at spark.TemplateViewRouteImpl.render(TemplateViewRouteImpl.java:85)
	at spark.webserver.MatcherFilter.doFilter(MatcherFilter.java:164)
	at spark.webserver.JettyHandler.doHandle(JettyHandler.java:61)
	at org.eclipse.jetty.server.session.SessionHandler.doScope(SessionHandler.java:189)
	at org.eclipse.jetty.server.handler.ScopedHandler.handle(ScopedHandler.java:141)
	at org.eclipse.jetty.server.handler.HandlerList.handle(HandlerList.java:52)
	at org.eclipse.jetty.server.handler.HandlerWrapper.handle(HandlerWrapper.java:119)
	at org.eclipse.jetty.server.Server.handle(Server.java:517)
	at org.eclipse.jetty.server.HttpChannel.handle(HttpChannel.java:302)
	at org.eclipse.jetty.server.HttpConnection.onFillable(HttpConnection.java:242)
	at org.eclipse.jetty.io.AbstractConnection$ReadCallback.succeeded(AbstractConnection.java:245)
	at org.eclipse.jetty.io.FillInterest.fillable(FillInterest.java:95)
	at org.eclipse.jetty.io.SelectChannelEndPoint$2.run(SelectChannelEndPoint.java:75)
	at org.eclipse.jetty.util.thread.strategy.ExecuteProduceConsume.produceAndRun(ExecuteProduceConsume.java:213)
	at org.eclipse.jetty.util.thread.strategy.ExecuteProduceConsume.run(ExecuteProduceConsume.java:147)
	at org.eclipse.jetty.util.thread.QueuedThreadPool.runJob(QueuedThreadPool.java:654)
	at org.eclipse.jetty.util.thread.QueuedThreadPool$3.run(QueuedThreadPool.java:572)
	at java.lang.Thread.run(Thread.java:745)
[qtp318254129-20] ERROR spark.webserver.MatcherFilter - 
java.lang.NullPointerException
	at spark.template.velocity.VelocityTemplateEngine.render(VelocityTemplateEngine.java:67)
	at spark.TemplateViewRouteImpl$1.render(TemplateViewRouteImpl.java:61)
	at spark.TemplateViewRouteImpl$1.render(TemplateViewRouteImpl.java:58)
	at spark.TemplateViewRouteImpl.render(TemplateViewRouteImpl.java:85)
	at spark.webserver.MatcherFilter.doFilter(MatcherFilter.java:164)
	at spark.webserver.JettyHandler.doHandle(JettyHandler.java:61)
	at org.eclipse.jetty.server.session.SessionHandler.doScope(SessionHandler.java:189)
	at org.eclipse.jetty.server.handler.ScopedHandler.handle(ScopedHandler.java:141)
	at org.eclipse.jetty.server.handler.HandlerList.handle(HandlerList.java:52)
	at org.eclipse.jetty.server.handler.HandlerWrapper.handle(HandlerWrapper.java:119)
	at org.eclipse.jetty.server.Server.handle(Server.java:517)
	at org.eclipse.jetty.server.HttpChannel.handle(HttpChannel.java:302)
	at org.eclipse.jetty.server.HttpConnection.onFillable(HttpConnection.java:242)
	at org.eclipse.jetty.io.AbstractConnection$ReadCallback.succeeded(AbstractConnection.java:245)
	at org.eclipse.jetty.io.FillInterest.fillable(FillInterest.java:95)
	at org.eclipse.jetty.io.SelectChannelEndPoint$2.run(SelectChannelEndPoint.java:75)
	at org.eclipse.jetty.util.thread.strategy.ExecuteProduceConsume.produceAndRun(ExecuteProduceConsume.java:213)
	at org.eclipse.jetty.util.thread.strategy.ExecuteProduceConsume.run(ExecuteProduceConsume.java:147)
	at org.eclipse.jetty.util.thread.QueuedThreadPool.runJob(QueuedThreadPool.java:654)
	at org.eclipse.jetty.util.thread.QueuedThreadPool$3.run(QueuedThreadPool.java:572)
	at java.lang.Thread.run(Thread.java:745)
[qtp318254129-16] ERROR spark.webserver.MatcherFilter - 
java.lang.NullPointerException
	at spark.template.velocity.VelocityTemplateEngine.render(VelocityTemplateEngine.java:67)
	at spark.TemplateViewRouteImpl$1.render(TemplateViewRouteImpl.java:61)
	at spark.TemplateViewRouteImpl$1.render(TemplateViewRouteImpl.java:58)
	at spark.TemplateViewRouteImpl.render(TemplateViewRouteImpl.java:85)
	at spark.webserver.MatcherFilter.doFilter(MatcherFilter.java:164)
	at spark.webserver.JettyHandler.doHandle(JettyHandler.java:61)
	at org.eclipse.jetty.server.session.SessionHandler.doScope(SessionHandler.java:189)
	at org.eclipse.jetty.server.handler.ScopedHandler.handle(ScopedHandler.java:141)
	at org.eclipse.jetty.server.handler.HandlerList.handle(HandlerList.java:52)
	at org.eclipse.jetty.server.handler.HandlerWrapper.handle(HandlerWrapper.java:119)
	at org.eclipse.jetty.server.Server.handle(Server.java:517)
	at org.eclipse.jetty.server.HttpChannel.handle(HttpChannel.java:302)
	at org.eclipse.jetty.server.HttpConnection.onFillable(HttpConnection.java:242)
	at org.eclipse.jetty.io.AbstractConnection$ReadCallback.succeeded(AbstractConnection.java:245)
	at org.eclipse.jetty.io.FillInterest.fillable(FillInterest.java:95)
	at org.eclipse.jetty.io.SelectChannelEndPoint$2.run(SelectChannelEndPoint.java:75)
	at org.eclipse.jetty.util.thread.strategy.ExecuteProduceConsume.produceAndRun(ExecuteProduceConsume.java:213)
	at org.eclipse.jetty.util.thread.strategy.ExecuteProduceConsume.run(ExecuteProduceConsume.java:147)
	at org.eclipse.jetty.util.thread.QueuedThreadPool.runJob(QueuedThreadPool.java:654)
	at org.eclipse.jetty.util.thread.QueuedThreadPool$3.run(QueuedThreadPool.java:572)
	at java.lang.Thread.run(Thread.java:745)
[qtp318254129-18] ERROR spark.webserver.MatcherFilter - 
java.lang.NullPointerException
	at spark.template.velocity.VelocityTemplateEngine.render(VelocityTemplateEngine.java:67)
	at spark.TemplateViewRouteImpl$1.render(TemplateViewRouteImpl.java:61)
	at spark.TemplateViewRouteImpl$1.render(TemplateViewRouteImpl.java:58)
	at spark.TemplateViewRouteImpl.render(TemplateViewRouteImpl.java:85)
	at spark.webserver.MatcherFilter.doFilter(MatcherFilter.java:164)
	at spark.webserver.JettyHandler.doHandle(JettyHandler.java:61)
	at org.eclipse.jetty.server.session.SessionHandler.doScope(SessionHandler.java:189)
	at org.eclipse.jetty.server.handler.ScopedHandler.handle(ScopedHandler.java:141)
	at org.eclipse.jetty.server.handler.HandlerList.handle(HandlerList.java:52)
	at org.eclipse.jetty.server.handler.HandlerWrapper.handle(HandlerWrapper.java:119)
	at org.eclipse.jetty.server.Server.handle(Server.java:517)
	at org.eclipse.jetty.server.HttpChannel.handle(HttpChannel.java:302)
	at org.eclipse.jetty.server.HttpConnection.onFillable(HttpConnection.java:242)
	at org.eclipse.jetty.io.AbstractConnection$ReadCallback.succeeded(AbstractConnection.java:245)
	at org.eclipse.jetty.io.FillInterest.fillable(FillInterest.java:95)
	at org.eclipse.jetty.io.SelectChannelEndPoint$2.run(SelectChannelEndPoint.java:75)
	at org.eclipse.jetty.util.thread.strategy.ExecuteProduceConsume.produceAndRun(ExecuteProduceConsume.java:213)
	at org.eclipse.jetty.util.thread.strategy.ExecuteProduceConsume.run(ExecuteProduceConsume.java:147)
	at org.eclipse.jetty.util.thread.QueuedThreadPool.runJob(QueuedThreadPool.java:654)
	at org.eclipse.jetty.util.thread.QueuedThreadPool$3.run(QueuedThreadPool.java:572)
	at java.lang.Thread.run(Thread.java:745)
[qtp318254129-16] ERROR spark.webserver.MatcherFilter - 
java.lang.NullPointerException
	at spark.template.velocity.VelocityTemplateEngine.render(VelocityTemplateEngine.java:67)
	at spark.TemplateViewRouteImpl$1.render(TemplateViewRouteImpl.java:61)
	at spark.TemplateViewRouteImpl$1.render(TemplateViewRouteImpl.java:58)
	at spark.TemplateViewRouteImpl.render(TemplateViewRouteImpl.java:85)
	at spark.webserver.MatcherFilter.doFilter(MatcherFilter.java:164)
	at spark.webserver.JettyHandler.doHandle(JettyHandler.java:61)
	at org.eclipse.jetty.server.session.SessionHandler.doScope(SessionHandler.java:189)
	at org.eclipse.jetty.server.handler.ScopedHandler.handle(ScopedHandler.java:141)
	at org.eclipse.jetty.server.handler.HandlerList.handle(HandlerList.java:52)
	at org.eclipse.jetty.server.handler.HandlerWrapper.handle(HandlerWrapper.java:119)
	at org.eclipse.jetty.server.Server.handle(Server.java:517)
	at org.eclipse.jetty.server.HttpChannel.handle(HttpChannel.java:302)
	at org.eclipse.jetty.server.HttpConnection.onFillable(HttpConnection.java:242)
	at org.eclipse.jetty.io.AbstractConnection$ReadCallback.succeeded(AbstractConnection.java:245)
	at org.eclipse.jetty.io.FillInterest.fillable(FillInterest.java:95)
	at org.eclipse.jetty.io.SelectChannelEndPoint$2.run(SelectChannelEndPoint.java:75)
	at org.eclipse.jetty.util.thread.strategy.ExecuteProduceConsume.produceAndRun(ExecuteProduceConsume.java:213)
	at org.eclipse.jetty.util.thread.strategy.ExecuteProduceConsume.run(ExecuteProduceConsume.java:147)
	at org.eclipse.jetty.util.thread.QueuedThreadPool.runJob(QueuedThreadPool.java:654)
	at org.eclipse.jetty.util.thread.QueuedThreadPool$3.run(QueuedThreadPool.java:572)
	at java.lang.Thread.run(Thread.java:745)
[qtp318254129-16] ERROR spark.webserver.MatcherFilter - 
java.lang.NullPointerException
	at spark.template.velocity.VelocityTemplateEngine.render(VelocityTemplateEngine.java:67)
	at spark.TemplateViewRouteImpl$1.render(TemplateViewRouteImpl.java:61)
	at spark.TemplateViewRouteImpl$1.render(TemplateViewRouteImpl.java:58)
	at spark.TemplateViewRouteImpl.render(TemplateViewRouteImpl.java:85)
	at spark.webserver.MatcherFilter.doFilter(MatcherFilter.java:164)
	at spark.webserver.JettyHandler.doHandle(JettyHandler.java:61)
	at org.eclipse.jetty.server.session.SessionHandler.doScope(SessionHandler.java:189)
	at org.eclipse.jetty.server.handler.ScopedHandler.handle(ScopedHandler.java:141)
	at org.eclipse.jetty.server.handler.HandlerList.handle(HandlerList.java:52)
	at org.eclipse.jetty.server.handler.HandlerWrapper.handle(HandlerWrapper.java:119)
	at org.eclipse.jetty.server.Server.handle(Server.java:517)
	at org.eclipse.jetty.server.HttpChannel.handle(HttpChannel.java:302)
	at org.eclipse.jetty.server.HttpConnection.onFillable(HttpConnection.java:242)
	at org.eclipse.jetty.io.AbstractConnection$ReadCallback.succeeded(AbstractConnection.java:245)
	at org.eclipse.jetty.io.FillInterest.fillable(FillInterest.java:95)
	at org.eclipse.jetty.io.SelectChannelEndPoint$2.run(SelectChannelEndPoint.java:75)
	at org.eclipse.jetty.util.thread.strategy.ExecuteProduceConsume.produceAndRun(ExecuteProduceConsume.java:213)
	at org.eclipse.jetty.util.thread.strategy.ExecuteProduceConsume.run(ExecuteProduceConsume.java:147)
	at org.eclipse.jetty.util.thread.QueuedThreadPool.runJob(QueuedThreadPool.java:654)
	at org.eclipse.jetty.util.thread.QueuedThreadPool$3.run(QueuedThreadPool.java:572)
	at java.lang.Thread.run(Thread.java:745)
[qtp318254129-19] ERROR spark.webserver.MatcherFilter - 
java.lang.NullPointerException
	at spark.template.velocity.VelocityTemplateEngine.render(VelocityTemplateEngine.java:67)
	at spark.TemplateViewRouteImpl$1.render(TemplateViewRouteImpl.java:61)
	at spark.TemplateViewRouteImpl$1.render(TemplateViewRouteImpl.java:58)
	at spark.TemplateViewRouteImpl.render(TemplateViewRouteImpl.java:85)
	at spark.webserver.MatcherFilter.doFilter(MatcherFilter.java:164)
	at spark.webserver.JettyHandler.doHandle(JettyHandler.java:61)
	at org.eclipse.jetty.server.session.SessionHandler.doScope(SessionHandler.java:189)
	at org.eclipse.jetty.server.handler.ScopedHandler.handle(ScopedHandler.java:141)
	at org.eclipse.jetty.server.handler.HandlerList.handle(HandlerList.java:52)
	at org.eclipse.jetty.server.handler.HandlerWrapper.handle(HandlerWrapper.java:119)
	at org.eclipse.jetty.server.Server.handle(Server.java:517)
	at org.eclipse.jetty.server.HttpChannel.handle(HttpChannel.java:302)
	at org.eclipse.jetty.server.HttpConnection.onFillable(HttpConnection.java:242)
	at org.eclipse.jetty.io.AbstractConnection$ReadCallback.succeeded(AbstractConnection.java:245)
	at org.eclipse.jetty.io.FillInterest.fillable(FillInterest.java:95)
	at org.eclipse.jetty.io.SelectChannelEndPoint$2.run(SelectChannelEndPoint.java:75)
	at org.eclipse.jetty.util.thread.strategy.ExecuteProduceConsume.produceAndRun(ExecuteProduceConsume.java:213)
	at org.eclipse.jetty.util.thread.strategy.ExecuteProduceConsume.run(ExecuteProduceConsume.java:147)
	at org.eclipse.jetty.util.thread.QueuedThreadPool.runJob(QueuedThreadPool.java:654)
	at org.eclipse.jetty.util.thread.QueuedThreadPool$3.run(QueuedThreadPool.java:572)
	at java.lang.Thread.run(Thread.java:745)
Sep 22, 2016 7:06:07 PM com.gargoylesoftware.htmlunit.DefaultCssErrorHandler error
WARNING: CSS error: 'https://maxcdn.bootstrapcdn.com/bootstrap/3.2.0/css/bootstrap.min.css' [5:14693] Error in media list. (Invalid token "(". Was expecting one of: <S>, <IDENT>.)
Sep 22, 2016 7:06:07 PM com.gargoylesoftware.htmlunit.DefaultCssErrorHandler error
WARNING: CSS error: 'https://maxcdn.bootstrapcdn.com/bootstrap/3.2.0/css/bootstrap.min.css' [5:16291] Error in media list. (Invalid token "(". Was expecting one of: <S>, <IDENT>.)
Sep 22, 2016 7:06:07 PM com.gargoylesoftware.htmlunit.DefaultCssErrorHandler error
WARNING: CSS error: 'https://maxcdn.bootstrapcdn.com/bootstrap/3.2.0/css/bootstrap.min.css' [5:18566] Error in media list. (Invalid token "(". Was expecting one of: <S>, <IDENT>.)
Sep 22, 2016 7:06:07 PM com.gargoylesoftware.htmlunit.DefaultCssErrorHandler error
WARNING: CSS error: 'https://maxcdn.bootstrapcdn.com/bootstrap/3.2.0/css/bootstrap.min.css' [5:18615] Error in media list. (Invalid token "(". Was expecting one of: <S>, <IDENT>.)
Sep 22, 2016 7:06:07 PM com.gargoylesoftware.htmlunit.DefaultCssErrorHandler error
WARNING: CSS error: 'https://maxcdn.bootstrapcdn.com/bootstrap/3.2.0/css/bootstrap.min.css' [5:18664] Error in media list. (Invalid token "(". Was expecting one of: <S>, <IDENT>.)
Sep 22, 2016 7:06:07 PM com.gargoylesoftware.htmlunit.DefaultCssErrorHandler error
WARNING: CSS error: 'https://maxcdn.bootstrapcdn.com/bootstrap/3.2.0/css/bootstrap.min.css' [5:21148] Error in media list. (Invalid token "(". Was expecting one of: <S>, <IDENT>.)
Sep 22, 2016 7:06:07 PM com.gargoylesoftware.htmlunit.DefaultCssErrorHandler error
WARNING: CSS error: 'https://maxcdn.bootstrapcdn.com/bootstrap/3.2.0/css/bootstrap.min.css' [5:22914] Error in media list. (Invalid token "(". Was expecting one of: <S>, <IDENT>.)
Sep 22, 2016 7:06:07 PM com.gargoylesoftware.htmlunit.DefaultCssErrorHandler error
WARNING: CSS error: 'https://maxcdn.bootstrapcdn.com/bootstrap/3.2.0/css/bootstrap.min.css' [5:24680] Error in media list. (Invalid token "(". Was expecting one of: <S>, <IDENT>.)
Sep 22, 2016 7:06:07 PM com.gargoylesoftware.htmlunit.DefaultCssErrorHandler error
WARNING: CSS error: 'https://maxcdn.bootstrapcdn.com/bootstrap/3.2.0/css/bootstrap.min.css' [5:30763] Error in @media rule. (Invalid token "and". Was expecting one of: <S>, <LBRACE>, <COMMA>.)
Sep 22, 2016 7:06:07 PM com.gargoylesoftware.htmlunit.DefaultCssErrorHandler warning
WARNING: CSS warning: 'https://maxcdn.bootstrapcdn.com/bootstrap/3.2.0/css/bootstrap.min.css' [5:30763] Ignoring the whole rule.
Sep 22, 2016 7:06:07 PM com.gargoylesoftware.htmlunit.DefaultCssErrorHandler error
WARNING: CSS error: 'https://maxcdn.bootstrapcdn.com/bootstrap/3.2.0/css/bootstrap.min.css' [5:38743] Error in media list. (Invalid token "(". Was expecting one of: <S>, <IDENT>.)
Sep 22, 2016 7:06:07 PM com.gargoylesoftware.htmlunit.DefaultCssErrorHandler error
WARNING: CSS error: 'https://maxcdn.bootstrapcdn.com/bootstrap/3.2.0/css/bootstrap.min.css' [5:39908] Error in media list. (Invalid token "(". Was expecting one of: <S>, <IDENT>.)
Sep 22, 2016 7:06:07 PM com.gargoylesoftware.htmlunit.DefaultCssErrorHandler error
WARNING: CSS error: 'https://maxcdn.bootstrapcdn.com/bootstrap/3.2.0/css/bootstrap.min.css' [5:40086] Error in media list. (Invalid token "(". Was expecting one of: <S>, <IDENT>.)
Sep 22, 2016 7:06:07 PM com.gargoylesoftware.htmlunit.DefaultCssErrorHandler error
WARNING: CSS error: 'https://maxcdn.bootstrapcdn.com/bootstrap/3.2.0/css/bootstrap.min.css' [5:40178] Error in media list. (Invalid token "(". Was expecting one of: <S>, <IDENT>.)
Sep 22, 2016 7:06:07 PM com.gargoylesoftware.htmlunit.DefaultCssErrorHandler error
WARNING: CSS error: 'https://maxcdn.bootstrapcdn.com/bootstrap/3.2.0/css/bootstrap.min.css' [5:49282] Error in expression; ':' found after identifier "progid".
Sep 22, 2016 7:06:07 PM com.gargoylesoftware.htmlunit.DefaultCssErrorHandler error
WARNING: CSS error: 'https://maxcdn.bootstrapcdn.com/bootstrap/3.2.0/css/bootstrap.min.css' [5:49917] Error in media list. (Invalid token "(". Was expecting one of: <S>, <IDENT>.)
Sep 22, 2016 7:06:07 PM com.gargoylesoftware.htmlunit.DefaultCssErrorHandler error
WARNING: CSS error: 'https://maxcdn.bootstrapcdn.com/bootstrap/3.2.0/css/bootstrap.min.css' [5:58448] Error in media list. (Invalid token "(". Was expecting one of: <S>, <IDENT>.)
Sep 22, 2016 7:06:07 PM com.gargoylesoftware.htmlunit.DefaultCssErrorHandler error
WARNING: CSS error: 'https://maxcdn.bootstrapcdn.com/bootstrap/3.2.0/css/bootstrap.min.css' [5:58772] Error in media list. (Invalid token "(". Was expecting one of: <S>, <IDENT>.)
Sep 22, 2016 7:06:07 PM com.gargoylesoftware.htmlunit.DefaultCssErrorHandler error
WARNING: CSS error: 'https://maxcdn.bootstrapcdn.com/bootstrap/3.2.0/css/bootstrap.min.css' [5:59475] Error in media list. (Invalid token "(". Was expecting one of: <S>, <IDENT>.)
Sep 22, 2016 7:06:07 PM com.gargoylesoftware.htmlunit.DefaultCssErrorHandler error
WARNING: CSS error: 'https://maxcdn.bootstrapcdn.com/bootstrap/3.2.0/css/bootstrap.min.css' [5:59801] Error in media list. (Invalid token "(". Was expecting one of: <S>, <IDENT>.)
Sep 22, 2016 7:06:07 PM com.gargoylesoftware.htmlunit.DefaultCssErrorHandler error
WARNING: CSS error: 'https://maxcdn.bootstrapcdn.com/bootstrap/3.2.0/css/bootstrap.min.css' [5:60287] Error in media list. (Invalid token "(". Was expecting one of: <S>, <IDENT>.)
Sep 22, 2016 7:06:07 PM com.gargoylesoftware.htmlunit.DefaultCssErrorHandler error
WARNING: CSS error: 'https://maxcdn.bootstrapcdn.com/bootstrap/3.2.0/css/bootstrap.min.css' [5:60339] Error in media list. (Invalid token "(". Was expecting one of: <S>, <IDENT>.)
Sep 22, 2016 7:06:07 PM com.gargoylesoftware.htmlunit.DefaultCssErrorHandler error
WARNING: CSS error: 'https://maxcdn.bootstrapcdn.com/bootstrap/3.2.0/css/bootstrap.min.css' [5:60666] Error in media list. (Invalid token "(". Was expecting one of: <S>, <IDENT>.)
Sep 22, 2016 7:06:07 PM com.gargoylesoftware.htmlunit.DefaultCssErrorHandler error
WARNING: CSS error: 'https://maxcdn.bootstrapcdn.com/bootstrap/3.2.0/css/bootstrap.min.css' [5:61158] Error in media list. (Invalid token "(". Was expecting one of: <S>, <IDENT>.)
Sep 22, 2016 7:06:07 PM com.gargoylesoftware.htmlunit.DefaultCssErrorHandler error
WARNING: CSS error: 'https://maxcdn.bootstrapcdn.com/bootstrap/3.2.0/css/bootstrap.min.css' [5:61459] Error in media list. (Invalid token "(". Was expecting one of: <S>, <IDENT>.)
Sep 22, 2016 7:06:07 PM com.gargoylesoftware.htmlunit.DefaultCssErrorHandler error
WARNING: CSS error: 'https://maxcdn.bootstrapcdn.com/bootstrap/3.2.0/css/bootstrap.min.css' [5:61687] Error in media list. (Invalid token "(". Was expecting one of: <S>, <IDENT>.)
Sep 22, 2016 7:06:07 PM com.gargoylesoftware.htmlunit.DefaultCssErrorHandler error
WARNING: CSS error: 'https://maxcdn.bootstrapcdn.com/bootstrap/3.2.0/css/bootstrap.min.css' [5:61928] Error in media list. (Invalid token "(". Was expecting one of: <S>, <IDENT>.)
Sep 22, 2016 7:06:07 PM com.gargoylesoftware.htmlunit.DefaultCssErrorHandler error
WARNING: CSS error: 'https://maxcdn.bootstrapcdn.com/bootstrap/3.2.0/css/bootstrap.min.css' [5:62269] Error in media list. (Invalid token "(". Was expecting one of: <S>, <IDENT>.)
Sep 22, 2016 7:06:07 PM com.gargoylesoftware.htmlunit.DefaultCssErrorHandler error
WARNING: CSS error: 'https://maxcdn.bootstrapcdn.com/bootstrap/3.2.0/css/bootstrap.min.css' [5:62756] Error in media list. (Invalid token "(". Was expecting one of: <S>, <IDENT>.)
Sep 22, 2016 7:06:07 PM com.gargoylesoftware.htmlunit.DefaultCssErrorHandler error
WARNING: CSS error: 'https://maxcdn.bootstrapcdn.com/bootstrap/3.2.0/css/bootstrap.min.css' [5:62912] Error in media list. (Invalid token "(". Was expecting one of: <S>, <IDENT>.)
Sep 22, 2016 7:06:07 PM com.gargoylesoftware.htmlunit.DefaultCssErrorHandler error
WARNING: CSS error: 'https://maxcdn.bootstrapcdn.com/bootstrap/3.2.0/css/bootstrap.min.css' [5:63379] Error in media list. (Invalid token "(". Was expecting one of: <S>, <IDENT>.)
Sep 22, 2016 7:06:07 PM com.gargoylesoftware.htmlunit.DefaultCssErrorHandler error
WARNING: CSS error: 'https://maxcdn.bootstrapcdn.com/bootstrap/3.2.0/css/bootstrap.min.css' [5:63572] Error in media list. (Invalid token "(". Was expecting one of: <S>, <IDENT>.)
Sep 22, 2016 7:06:07 PM com.gargoylesoftware.htmlunit.DefaultCssErrorHandler error
WARNING: CSS error: 'https://maxcdn.bootstrapcdn.com/bootstrap/3.2.0/css/bootstrap.min.css' [5:63996] Error in media list. (Invalid token "(". Was expecting one of: <S>, <IDENT>.)
Sep 22, 2016 7:06:07 PM com.gargoylesoftware.htmlunit.DefaultCssErrorHandler error
WARNING: CSS error: 'https://maxcdn.bootstrapcdn.com/bootstrap/3.2.0/css/bootstrap.min.css' [5:64867] Error in media list. (Invalid token "(". Was expecting one of: <S>, <IDENT>.)
Sep 22, 2016 7:06:07 PM com.gargoylesoftware.htmlunit.DefaultCssErrorHandler error
WARNING: CSS error: 'https://maxcdn.bootstrapcdn.com/bootstrap/3.2.0/css/bootstrap.min.css' [5:64936] Error in media list. (Invalid token "(". Was expecting one of: <S>, <IDENT>.)
Sep 22, 2016 7:06:07 PM com.gargoylesoftware.htmlunit.DefaultCssErrorHandler error
WARNING: CSS error: 'https://maxcdn.bootstrapcdn.com/bootstrap/3.2.0/css/bootstrap.min.css' [5:65554] Error in media list. (Invalid token "(". Was expecting one of: <S>, <IDENT>.)
Sep 22, 2016 7:06:07 PM com.gargoylesoftware.htmlunit.DefaultCssErrorHandler error
WARNING: CSS error: 'https://maxcdn.bootstrapcdn.com/bootstrap/3.2.0/css/bootstrap.min.css' [5:66892] Error in media list. (Invalid token "(". Was expecting one of: <S>, <IDENT>.)
Sep 22, 2016 7:06:07 PM com.gargoylesoftware.htmlunit.DefaultCssErrorHandler error
WARNING: CSS error: 'https://maxcdn.bootstrapcdn.com/bootstrap/3.2.0/css/bootstrap.min.css' [5:69193] Error in media list. (Invalid token "(". Was expecting one of: <S>, <IDENT>.)
Sep 22, 2016 7:06:07 PM com.gargoylesoftware.htmlunit.DefaultCssErrorHandler error
WARNING: CSS error: 'https://maxcdn.bootstrapcdn.com/bootstrap/3.2.0/css/bootstrap.min.css' [5:74964] Error in @media rule. (Invalid token "and". Was expecting one of: <S>, <LBRACE>, <COMMA>.)
Sep 22, 2016 7:06:07 PM com.gargoylesoftware.htmlunit.DefaultCssErrorHandler warning
WARNING: CSS warning: 'https://maxcdn.bootstrapcdn.com/bootstrap/3.2.0/css/bootstrap.min.css' [5:74964] Ignoring the whole rule.
Sep 22, 2016 7:06:07 PM com.gargoylesoftware.htmlunit.DefaultCssErrorHandler error
WARNING: CSS error: 'https://maxcdn.bootstrapcdn.com/bootstrap/3.2.0/css/bootstrap.min.css' [5:97355] Error in media list. (Invalid token "(". Was expecting one of: <S>, <IDENT>.)
Sep 22, 2016 7:06:07 PM com.gargoylesoftware.htmlunit.DefaultCssErrorHandler error
WARNING: CSS error: 'https://maxcdn.bootstrapcdn.com/bootstrap/3.2.0/css/bootstrap.min.css' [5:97543] Error in media list. (Invalid token "(". Was expecting one of: <S>, <IDENT>.)
Sep 22, 2016 7:06:07 PM com.gargoylesoftware.htmlunit.DefaultCssErrorHandler error
WARNING: CSS error: 'https://maxcdn.bootstrapcdn.com/bootstrap/3.2.0/css/bootstrap.min.css' [5:102209] Error in expression; ':' found after identifier "progid".
Sep 22, 2016 7:06:07 PM com.gargoylesoftware.htmlunit.DefaultCssErrorHandler error
WARNING: CSS error: 'https://maxcdn.bootstrapcdn.com/bootstrap/3.2.0/css/bootstrap.min.css' [5:102752] Error in expression; ':' found after identifier "progid".
Sep 22, 2016 7:06:07 PM com.gargoylesoftware.htmlunit.DefaultCssErrorHandler error
WARNING: CSS error: 'https://maxcdn.bootstrapcdn.com/bootstrap/3.2.0/css/bootstrap.min.css' [5:104304] Error in @media rule. (Invalid token "and". Was expecting one of: <S>, <LBRACE>, <COMMA>.)
Sep 22, 2016 7:06:07 PM com.gargoylesoftware.htmlunit.DefaultCssErrorHandler warning
WARNING: CSS warning: 'https://maxcdn.bootstrapcdn.com/bootstrap/3.2.0/css/bootstrap.min.css' [5:104304] Ignoring the whole rule.
Sep 22, 2016 7:06:07 PM com.gargoylesoftware.htmlunit.DefaultCssErrorHandler error
WARNING: CSS error: 'https://maxcdn.bootstrapcdn.com/bootstrap/3.2.0/css/bootstrap.min.css' [5:106626] Error in media list. (Invalid token "(". Was expecting one of: <S>, <IDENT>.)
Sep 22, 2016 7:06:07 PM com.gargoylesoftware.htmlunit.DefaultCssErrorHandler error
WARNING: CSS error: 'https://maxcdn.bootstrapcdn.com/bootstrap/3.2.0/css/bootstrap.min.css' [5:106818] Error in media list. (Invalid token "(". Was expecting one of: <S>, <IDENT>.)
Sep 22, 2016 7:06:07 PM com.gargoylesoftware.htmlunit.DefaultCssErrorHandler error
WARNING: CSS error: 'https://maxcdn.bootstrapcdn.com/bootstrap/3.2.0/css/bootstrap.min.css' [5:106886] Error in media list. (Invalid token "(". Was expecting one of: <S>, <IDENT>.)
Sep 22, 2016 7:06:07 PM com.gargoylesoftware.htmlunit.DefaultCssErrorHandler error
WARNING: CSS error: 'https://maxcdn.bootstrapcdn.com/bootstrap/3.2.0/css/bootstrap.min.css' [5:106956] Error in media list. (Invalid token "(". Was expecting one of: <S>, <IDENT>.)
Sep 22, 2016 7:06:07 PM com.gargoylesoftware.htmlunit.DefaultCssErrorHandler error
WARNING: CSS error: 'https://maxcdn.bootstrapcdn.com/bootstrap/3.2.0/css/bootstrap.min.css' [5:107038] Error in media list. (Invalid token "(". Was expecting one of: <S>, <IDENT>.)
Sep 22, 2016 7:06:07 PM com.gargoylesoftware.htmlunit.DefaultCssErrorHandler error
WARNING: CSS error: 'https://maxcdn.bootstrapcdn.com/bootstrap/3.2.0/css/bootstrap.min.css' [5:107252] Error in media list. (Invalid token "(". Was expecting one of: <S>, <IDENT>.)
Sep 22, 2016 7:06:07 PM com.gargoylesoftware.htmlunit.DefaultCssErrorHandler error
WARNING: CSS error: 'https://maxcdn.bootstrapcdn.com/bootstrap/3.2.0/css/bootstrap.min.css' [5:107342] Error in media list. (Invalid token "(". Was expecting one of: <S>, <IDENT>.)
Sep 22, 2016 7:06:07 PM com.gargoylesoftware.htmlunit.DefaultCssErrorHandler error
WARNING: CSS error: 'https://maxcdn.bootstrapcdn.com/bootstrap/3.2.0/css/bootstrap.min.css' [5:107434] Error in media list. (Invalid token "(". Was expecting one of: <S>, <IDENT>.)
Sep 22, 2016 7:06:07 PM com.gargoylesoftware.htmlunit.DefaultCssErrorHandler error
WARNING: CSS error: 'https://maxcdn.bootstrapcdn.com/bootstrap/3.2.0/css/bootstrap.min.css' [5:107538] Error in media list. (Invalid token "(". Was expecting one of: <S>, <IDENT>.)
Sep 22, 2016 7:06:07 PM com.gargoylesoftware.htmlunit.DefaultCssErrorHandler error
WARNING: CSS error: 'https://maxcdn.bootstrapcdn.com/bootstrap/3.2.0/css/bootstrap.min.css' [5:107753] Error in media list. (Invalid token "(". Was expecting one of: <S>, <IDENT>.)
Sep 22, 2016 7:06:07 PM com.gargoylesoftware.htmlunit.DefaultCssErrorHandler error
WARNING: CSS error: 'https://maxcdn.bootstrapcdn.com/bootstrap/3.2.0/css/bootstrap.min.css' [5:107844] Error in media list. (Invalid token "(". Was expecting one of: <S>, <IDENT>.)
Sep 22, 2016 7:06:07 PM com.gargoylesoftware.htmlunit.DefaultCssErrorHandler error
WARNING: CSS error: 'https://maxcdn.bootstrapcdn.com/bootstrap/3.2.0/css/bootstrap.min.css' [5:107937] Error in media list. (Invalid token "(". Was expecting one of: <S>, <IDENT>.)
Sep 22, 2016 7:06:07 PM com.gargoylesoftware.htmlunit.DefaultCssErrorHandler error
WARNING: CSS error: 'https://maxcdn.bootstrapcdn.com/bootstrap/3.2.0/css/bootstrap.min.css' [5:108042] Error in media list. (Invalid token "(". Was expecting one of: <S>, <IDENT>.)
Sep 22, 2016 7:06:07 PM com.gargoylesoftware.htmlunit.DefaultCssErrorHandler error
WARNING: CSS error: 'https://maxcdn.bootstrapcdn.com/bootstrap/3.2.0/css/bootstrap.min.css' [5:108235] Error in media list. (Invalid token "(". Was expecting one of: <S>, <IDENT>.)
Sep 22, 2016 7:06:07 PM com.gargoylesoftware.htmlunit.DefaultCssErrorHandler error
WARNING: CSS error: 'https://maxcdn.bootstrapcdn.com/bootstrap/3.2.0/css/bootstrap.min.css' [5:108304] Error in media list. (Invalid token "(". Was expecting one of: <S>, <IDENT>.)
Sep 22, 2016 7:06:07 PM com.gargoylesoftware.htmlunit.DefaultCssErrorHandler error
WARNING: CSS error: 'https://maxcdn.bootstrapcdn.com/bootstrap/3.2.0/css/bootstrap.min.css' [5:108375] Error in media list. (Invalid token "(". Was expecting one of: <S>, <IDENT>.)
Sep 22, 2016 7:06:07 PM com.gargoylesoftware.htmlunit.DefaultCssErrorHandler error
WARNING: CSS error: 'https://maxcdn.bootstrapcdn.com/bootstrap/3.2.0/css/bootstrap.min.css' [5:108458] Error in media list. (Invalid token "(". Was expecting one of: <S>, <IDENT>.)
Sep 22, 2016 7:06:07 PM com.gargoylesoftware.htmlunit.DefaultCssErrorHandler error
WARNING: CSS error: 'https://maxcdn.bootstrapcdn.com/bootstrap/3.2.0/css/bootstrap.min.css' [5:108518] Error in media list. (Invalid token "(". Was expecting one of: <S>, <IDENT>.)
Sep 22, 2016 7:06:07 PM com.gargoylesoftware.htmlunit.DefaultCssErrorHandler error
WARNING: CSS error: 'https://maxcdn.bootstrapcdn.com/bootstrap/3.2.0/css/bootstrap.min.css' [5:108600] Error in media list. (Invalid token "(". Was expecting one of: <S>, <IDENT>.)
Sep 22, 2016 7:06:07 PM com.gargoylesoftware.htmlunit.DefaultCssErrorHandler error
WARNING: CSS error: 'https://maxcdn.bootstrapcdn.com/bootstrap/3.2.0/css/bootstrap.min.css' [5:108683] Error in media list. (Invalid token "(". Was expecting one of: <S>, <IDENT>.)
[qtp318254129-19] ERROR spark.webserver.MatcherFilter - 
java.lang.NullPointerException
	at spark.template.velocity.VelocityTemplateEngine.render(VelocityTemplateEngine.java:67)
	at spark.TemplateViewRouteImpl$1.render(TemplateViewRouteImpl.java:61)
	at spark.TemplateViewRouteImpl$1.render(TemplateViewRouteImpl.java:58)
	at spark.TemplateViewRouteImpl.render(TemplateViewRouteImpl.java:85)
	at spark.webserver.MatcherFilter.doFilter(MatcherFilter.java:164)
	at spark.webserver.JettyHandler.doHandle(JettyHandler.java:61)
	at org.eclipse.jetty.server.session.SessionHandler.doScope(SessionHandler.java:189)
	at org.eclipse.jetty.server.handler.ScopedHandler.handle(ScopedHandler.java:141)
	at org.eclipse.jetty.server.handler.HandlerList.handle(HandlerList.java:52)
	at org.eclipse.jetty.server.handler.HandlerWrapper.handle(HandlerWrapper.java:119)
	at org.eclipse.jetty.server.Server.handle(Server.java:517)
	at org.eclipse.jetty.server.HttpChannel.handle(HttpChannel.java:302)
	at org.eclipse.jetty.server.HttpConnection.onFillable(HttpConnection.java:242)
	at org.eclipse.jetty.io.AbstractConnection$ReadCallback.succeeded(AbstractConnection.java:245)
	at org.eclipse.jetty.io.FillInterest.fillable(FillInterest.java:95)
	at org.eclipse.jetty.io.SelectChannelEndPoint$2.run(SelectChannelEndPoint.java:75)
	at org.eclipse.jetty.util.thread.strategy.ExecuteProduceConsume.produceAndRun(ExecuteProduceConsume.java:213)
	at org.eclipse.jetty.util.thread.strategy.ExecuteProduceConsume.run(ExecuteProduceConsume.java:147)
	at org.eclipse.jetty.util.thread.QueuedThreadPool.runJob(QueuedThreadPool.java:654)
	at org.eclipse.jetty.util.thread.QueuedThreadPool$3.run(QueuedThreadPool.java:572)
	at java.lang.Thread.run(Thread.java:745)
[qtp318254129-21] ERROR spark.webserver.MatcherFilter - 
java.lang.NullPointerException
	at spark.template.velocity.VelocityTemplateEngine.render(VelocityTemplateEngine.java:67)
	at spark.TemplateViewRouteImpl$1.render(TemplateViewRouteImpl.java:61)
	at spark.TemplateViewRouteImpl$1.render(TemplateViewRouteImpl.java:58)
	at spark.TemplateViewRouteImpl.render(TemplateViewRouteImpl.java:85)
	at spark.webserver.MatcherFilter.doFilter(MatcherFilter.java:164)
	at spark.webserver.JettyHandler.doHandle(JettyHandler.java:61)
	at org.eclipse.jetty.server.session.SessionHandler.doScope(SessionHandler.java:189)
	at org.eclipse.jetty.server.handler.ScopedHandler.handle(ScopedHandler.java:141)
	at org.eclipse.jetty.server.handler.HandlerList.handle(HandlerList.java:52)
	at org.eclipse.jetty.server.handler.HandlerWrapper.handle(HandlerWrapper.java:119)
	at org.eclipse.jetty.server.Server.handle(Server.java:517)
	at org.eclipse.jetty.server.HttpChannel.handle(HttpChannel.java:302)
	at org.eclipse.jetty.server.HttpConnection.onFillable(HttpConnection.java:242)
	at org.eclipse.jetty.io.AbstractConnection$ReadCallback.succeeded(AbstractConnection.java:245)
	at org.eclipse.jetty.io.FillInterest.fillable(FillInterest.java:95)
	at org.eclipse.jetty.io.SelectChannelEndPoint$2.run(SelectChannelEndPoint.java:75)
	at org.eclipse.jetty.util.thread.strategy.ExecuteProduceConsume.produceAndRun(ExecuteProduceConsume.java:213)
	at org.eclipse.jetty.util.thread.strategy.ExecuteProduceConsume.run(ExecuteProduceConsume.java:147)
	at org.eclipse.jetty.util.thread.QueuedThreadPool.runJob(QueuedThreadPool.java:654)
	at org.eclipse.jetty.util.thread.QueuedThreadPool$3.run(QueuedThreadPool.java:572)
	at java.lang.Thread.run(Thread.java:745)
[qtp318254129-17] ERROR spark.webserver.MatcherFilter - 
java.lang.NullPointerException
	at spark.template.velocity.VelocityTemplateEngine.render(VelocityTemplateEngine.java:67)
	at spark.TemplateViewRouteImpl$1.render(TemplateViewRouteImpl.java:61)
	at spark.TemplateViewRouteImpl$1.render(TemplateViewRouteImpl.java:58)
	at spark.TemplateViewRouteImpl.render(TemplateViewRouteImpl.java:85)
	at spark.webserver.MatcherFilter.doFilter(MatcherFilter.java:164)
	at spark.webserver.JettyHandler.doHandle(JettyHandler.java:61)
	at org.eclipse.jetty.server.session.SessionHandler.doScope(SessionHandler.java:189)
	at org.eclipse.jetty.server.handler.ScopedHandler.handle(ScopedHandler.java:141)
	at org.eclipse.jetty.server.handler.HandlerList.handle(HandlerList.java:52)
	at org.eclipse.jetty.server.handler.HandlerWrapper.handle(HandlerWrapper.java:119)
	at org.eclipse.jetty.server.Server.handle(Server.java:517)
	at org.eclipse.jetty.server.HttpChannel.handle(HttpChannel.java:302)
	at org.eclipse.jetty.server.HttpConnection.onFillable(HttpConnection.java:242)
	at org.eclipse.jetty.io.AbstractConnection$ReadCallback.succeeded(AbstractConnection.java:245)
	at org.eclipse.jetty.io.FillInterest.fillable(FillInterest.java:95)
	at org.eclipse.jetty.io.SelectChannelEndPoint$2.run(SelectChannelEndPoint.java:75)
	at org.eclipse.jetty.util.thread.strategy.ExecuteProduceConsume.produceAndRun(ExecuteProduceConsume.java:213)
	at org.eclipse.jetty.util.thread.strategy.ExecuteProduceConsume.run(ExecuteProduceConsume.java:147)
	at org.eclipse.jetty.util.thread.QueuedThreadPool.runJob(QueuedThreadPool.java:654)
	at org.eclipse.jetty.util.thread.QueuedThreadPool$3.run(QueuedThreadPool.java:572)
	at java.lang.Thread.run(Thread.java:745)
[qtp318254129-21] ERROR spark.webserver.MatcherFilter - 
java.lang.NullPointerException
	at spark.template.velocity.VelocityTemplateEngine.render(VelocityTemplateEngine.java:67)
	at spark.TemplateViewRouteImpl$1.render(TemplateViewRouteImpl.java:61)
	at spark.TemplateViewRouteImpl$1.render(TemplateViewRouteImpl.java:58)
	at spark.TemplateViewRouteImpl.render(TemplateViewRouteImpl.java:85)
	at spark.webserver.MatcherFilter.doFilter(MatcherFilter.java:164)
	at spark.webserver.JettyHandler.doHandle(JettyHandler.java:61)
	at org.eclipse.jetty.server.session.SessionHandler.doScope(SessionHandler.java:189)
	at org.eclipse.jetty.server.handler.ScopedHandler.handle(ScopedHandler.java:141)
	at org.eclipse.jetty.server.handler.HandlerList.handle(HandlerList.java:52)
	at org.eclipse.jetty.server.handler.HandlerWrapper.handle(HandlerWrapper.java:119)
	at org.eclipse.jetty.server.Server.handle(Server.java:517)
	at org.eclipse.jetty.server.HttpChannel.handle(HttpChannel.java:302)
	at org.eclipse.jetty.server.HttpConnection.onFillable(HttpConnection.java:242)
	at org.eclipse.jetty.io.AbstractConnection$ReadCallback.succeeded(AbstractConnection.java:245)
	at org.eclipse.jetty.io.FillInterest.fillable(FillInterest.java:95)
	at org.eclipse.jetty.io.SelectChannelEndPoint$2.run(SelectChannelEndPoint.java:75)
	at org.eclipse.jetty.util.thread.strategy.ExecuteProduceConsume.produceAndRun(ExecuteProduceConsume.java:213)
	at org.eclipse.jetty.util.thread.strategy.ExecuteProduceConsume.run(ExecuteProduceConsume.java:147)
	at org.eclipse.jetty.util.thread.QueuedThreadPool.runJob(QueuedThreadPool.java:654)
	at org.eclipse.jetty.util.thread.QueuedThreadPool$3.run(QueuedThreadPool.java:572)
	at java.lang.Thread.run(Thread.java:745)
[qtp318254129-14] ERROR spark.webserver.MatcherFilter - 
java.lang.NullPointerException
	at spark.template.velocity.VelocityTemplateEngine.render(VelocityTemplateEngine.java:67)
	at spark.TemplateViewRouteImpl$1.render(TemplateViewRouteImpl.java:61)
	at spark.TemplateViewRouteImpl$1.render(TemplateViewRouteImpl.java:58)
	at spark.TemplateViewRouteImpl.render(TemplateViewRouteImpl.java:85)
	at spark.webserver.MatcherFilter.doFilter(MatcherFilter.java:164)
	at spark.webserver.JettyHandler.doHandle(JettyHandler.java:61)
	at org.eclipse.jetty.server.session.SessionHandler.doScope(SessionHandler.java:189)
	at org.eclipse.jetty.server.handler.ScopedHandler.handle(ScopedHandler.java:141)
	at org.eclipse.jetty.server.handler.HandlerList.handle(HandlerList.java:52)
	at org.eclipse.jetty.server.handler.HandlerWrapper.handle(HandlerWrapper.java:119)
	at org.eclipse.jetty.server.Server.handle(Server.java:517)
	at org.eclipse.jetty.server.HttpChannel.handle(HttpChannel.java:302)
	at org.eclipse.jetty.server.HttpConnection.onFillable(HttpConnection.java:242)
	at org.eclipse.jetty.io.AbstractConnection$ReadCallback.succeeded(AbstractConnection.java:245)
	at org.eclipse.jetty.io.FillInterest.fillable(FillInterest.java:95)
	at org.eclipse.jetty.io.SelectChannelEndPoint$2.run(SelectChannelEndPoint.java:75)
	at org.eclipse.jetty.util.thread.strategy.ExecuteProduceConsume.produceAndRun(ExecuteProduceConsume.java:213)
	at org.eclipse.jetty.util.thread.strategy.ExecuteProduceConsume.run(ExecuteProduceConsume.java:147)
	at org.eclipse.jetty.util.thread.QueuedThreadPool.runJob(QueuedThreadPool.java:654)
	at org.eclipse.jetty.util.thread.QueuedThreadPool$3.run(QueuedThreadPool.java:572)
	at java.lang.Thread.run(Thread.java:745)
[qtp318254129-17] ERROR spark.webserver.MatcherFilter - 
java.lang.NullPointerException
	at spark.template.velocity.VelocityTemplateEngine.render(VelocityTemplateEngine.java:67)
	at spark.TemplateViewRouteImpl$1.render(TemplateViewRouteImpl.java:61)
	at spark.TemplateViewRouteImpl$1.render(TemplateViewRouteImpl.java:58)
	at spark.TemplateViewRouteImpl.render(TemplateViewRouteImpl.java:85)
	at spark.webserver.MatcherFilter.doFilter(MatcherFilter.java:164)
	at spark.webserver.JettyHandler.doHandle(JettyHandler.java:61)
	at org.eclipse.jetty.server.session.SessionHandler.doScope(SessionHandler.java:189)
	at org.eclipse.jetty.server.handler.ScopedHandler.handle(ScopedHandler.java:141)
	at org.eclipse.jetty.server.handler.HandlerList.handle(HandlerList.java:52)
	at org.eclipse.jetty.server.handler.HandlerWrapper.handle(HandlerWrapper.java:119)
	at org.eclipse.jetty.server.Server.handle(Server.java:517)
	at org.eclipse.jetty.server.HttpChannel.handle(HttpChannel.java:302)
	at org.eclipse.jetty.server.HttpConnection.onFillable(HttpConnection.java:242)
	at org.eclipse.jetty.io.AbstractConnection$ReadCallback.succeeded(AbstractConnection.java:245)
	at org.eclipse.jetty.io.FillInterest.fillable(FillInterest.java:95)
	at org.eclipse.jetty.io.SelectChannelEndPoint$2.run(SelectChannelEndPoint.java:75)
	at org.eclipse.jetty.util.thread.strategy.ExecuteProduceConsume.produceAndRun(ExecuteProduceConsume.java:213)
	at org.eclipse.jetty.util.thread.strategy.ExecuteProduceConsume.run(ExecuteProduceConsume.java:147)
	at org.eclipse.jetty.util.thread.QueuedThreadPool.runJob(QueuedThreadPool.java:654)
	at org.eclipse.jetty.util.thread.QueuedThreadPool$3.run(QueuedThreadPool.java:572)
	at java.lang.Thread.run(Thread.java:745)
[Test worker] INFO spark.webserver.JettySparkServer - >>> Spark shutting down ...
[Test worker] INFO org.eclipse.jetty.server.ServerConnector - Stopped ServerConnector@86781ba{HTTP/1.1,[http/1.1]}{0.0.0.0:4567}
[Test worker] INFO spark.webserver.JettySparkServer - done
]]></system-err>
</testsuite>
