<?xml version="1.0" encoding="UTF-8"?>
<testsuite name="ArticleTest" tests="19" skipped="0" failures="0" errors="0" timestamp="2016-08-23T13:36:47" hostname="oems-MBP.station" time="0.857">
  <properties/>
  <testcase name="getAuthorByLine_retrievesAuthorByLineCorrectly_authorByLine" classname="ArticleTest" time="0.011"/>
  <testcase name="getTitle_retrievesTitleCorrectly_title" classname="ArticleTest" time="0.021"/>
  <testcase name="getBody_retrievesBodyCorrectly_body" classname="ArticleTest" time="0.015"/>
  <testcase name="editTitle_editTitleCorrectly_title2" classname="ArticleTest" time="0.055"/>
  <testcase name="editSubtitle_editSubtitleCorrectly_Subtitle2" classname="ArticleTest" time="0.089"/>
  <testcase name="editSubhead_editSubheadCorrectly_subhead2" classname="ArticleTest" time="0.072"/>
  <testcase name="editBody_editBodyCorrectly_body2" classname="ArticleTest" time="0.047"/>
  <testcase name="editAuthorByLine_editAuthorByLineCorrectly_authorByLine2" classname="ArticleTest" time="0.064"/>
  <testcase name="save_savesArticlesCorrectly_true" classname="ArticleTest" time="0.053"/>
  <testcase name="editPicture_editPictureCorrectly_picture2" classname="ArticleTest" time="0.049"/>
  <testcase name="find_retrieveArticleFromDatabaseById_article" classname="ArticleTest" time="0.062"/>
  <testcase name="edit_editArticleCorrectly_true" classname="ArticleTest" time="0.044"/>
  <testcase name="editShortTitle_editShortTitleCorrectly_shortTitle2" classname="ArticleTest" time="0.056"/>
  <testcase name="delete_deletesArticleCorrectly_1" classname="ArticleTest" time="0.079"/>
  <testcase name="article_instantiatesCorrectly_true" classname="ArticleTest" time="0.015"/>
  <testcase name="getShortTitle_retrievesShortTitleCorrectly_ShortTitle" classname="ArticleTest" time="0.012"/>
  <testcase name="getPicture_retrievesPictureCorrectly_picture" classname="ArticleTest" time="0.013"/>
  <testcase name="getSubtitle_retrievesSubtitleCorrectly_subtitle" classname="ArticleTest" time="0.061"/>
  <testcase name="getSubhead_retrievesSubheadCorrectly_subhead" classname="ArticleTest" time="0.015"/>
  <system-out><![CDATA[]]></system-out>
  <system-err><![CDATA[]]></system-err>
</testsuite>
