<?xml version="1.0" encoding="UTF-8"?>
<testsuite name="PasswordEncrypterTest" tests="1" skipped="0" failures="0" errors="0" timestamp="2016-09-03T18:19:55" hostname="oems-MBP.station" time="0.001">
  <properties/>
  <testcase name="getSha1SecurePassword_encryptPasswordCorrectly_encryptedPassword" classname="PasswordEncrypterTest" time="0.001"/>
  <system-out><![CDATA[]]></system-out>
  <system-err><![CDATA[]]></system-err>
</testsuite>
