<?xml version="1.0" encoding="UTF-8"?>
<testsuite name="AppTest" tests="15" skipped="0" failures="0" errors="0" timestamp="2016-09-01T17:05:14" hostname="oems-MBP.station" time="8.312">
  <properties/>
  <testcase name="authorsGetsCreatedCorrectly" classname="AppTest" time="3.034"/>
  <testcase name="authorsGetDisplayed" classname="AppTest" time="0.117"/>
  <testcase name="articleEditPageIsDisplayed" classname="AppTest" time="1.279"/>
  <testcase name="authorsGetDelitedCorrectly" classname="AppTest" time="0.231"/>
  <testcase name="articlesGetsDisplayed" classname="AppTest" time="0.307"/>
  <testcase name="newAuthorPageIsDisplayed" classname="AppTest" time="0.07"/>
  <testcase name="ifUsernameIsAlreadyTakenAuthorDoesNotGetCreatedAndErrorIsDisplayed" classname="AppTest" time="0.228"/>
  <testcase name="authorsGetEditedCorrectly" classname="AppTest" time="0.86"/>
  <testcase name="newArticlePageIsDisplayed" classname="AppTest" time="0.052"/>
  <testcase name="articleGetsDelitedCorrectly" classname="AppTest" time="0.357"/>
  <testcase name="linksOnHubPageWorks" classname="AppTest" time="0.223"/>
  <testcase name="loginWorksCorrectly" classname="AppTest" time="0.164"/>
  <testcase name="loginPageIsDisplayed" classname="AppTest" time="0.07"/>
  <testcase name="whenWrongCredentialsAreInsertedErrorMessageIsDisplayed" classname="AppTest" time="0.249"/>
  <testcase name="articleGetsEditedCorrectly" classname="AppTest" time="0.769"/>
  <system-out><![CDATA[]]></system-out>
  <system-err><![CDATA[[Thread-4] INFO org.eclipse.jetty.util.log - Logging initialized @1554ms
[Thread-4] INFO spark.webserver.JettySparkServer - == Spark has ignited ...
[Thread-4] INFO spark.webserver.JettySparkServer - >> Listening on 0.0.0.0:4567
[Thread-4] INFO org.eclipse.jetty.server.Server - jetty-9.3.2.v20150730
[Thread-4] INFO org.eclipse.jetty.server.ServerConnector - Started ServerConnector@689f3260{HTTP/1.1,[http/1.1]}{0.0.0.0:4567}
[Thread-4] INFO org.eclipse.jetty.server.Server - Started @1867ms
Sep 01, 2016 7:05:16 PM com.gargoylesoftware.htmlunit.DefaultCssErrorHandler error
WARNING: CSS error: 'https://maxcdn.bootstrapcdn.com/bootstrap/3.2.0/css/bootstrap.min.css' [5:14693] Error in media list. (Invalid token "(". Was expecting one of: <S>, <IDENT>.)
Sep 01, 2016 7:05:17 PM com.gargoylesoftware.htmlunit.DefaultCssErrorHandler error
WARNING: CSS error: 'https://maxcdn.bootstrapcdn.com/bootstrap/3.2.0/css/bootstrap.min.css' [5:16291] Error in media list. (Invalid token "(". Was expecting one of: <S>, <IDENT>.)
Sep 01, 2016 7:05:17 PM com.gargoylesoftware.htmlunit.DefaultCssErrorHandler error
WARNING: CSS error: 'https://maxcdn.bootstrapcdn.com/bootstrap/3.2.0/css/bootstrap.min.css' [5:18566] Error in media list. (Invalid token "(". Was expecting one of: <S>, <IDENT>.)
Sep 01, 2016 7:05:17 PM com.gargoylesoftware.htmlunit.DefaultCssErrorHandler error
WARNING: CSS error: 'https://maxcdn.bootstrapcdn.com/bootstrap/3.2.0/css/bootstrap.min.css' [5:18615] Error in media list. (Invalid token "(". Was expecting one of: <S>, <IDENT>.)
Sep 01, 2016 7:05:17 PM com.gargoylesoftware.htmlunit.DefaultCssErrorHandler error
WARNING: CSS error: 'https://maxcdn.bootstrapcdn.com/bootstrap/3.2.0/css/bootstrap.min.css' [5:18664] Error in media list. (Invalid token "(". Was expecting one of: <S>, <IDENT>.)
Sep 01, 2016 7:05:17 PM com.gargoylesoftware.htmlunit.DefaultCssErrorHandler error
WARNING: CSS error: 'https://maxcdn.bootstrapcdn.com/bootstrap/3.2.0/css/bootstrap.min.css' [5:21148] Error in media list. (Invalid token "(". Was expecting one of: <S>, <IDENT>.)
Sep 01, 2016 7:05:17 PM com.gargoylesoftware.htmlunit.DefaultCssErrorHandler error
WARNING: CSS error: 'https://maxcdn.bootstrapcdn.com/bootstrap/3.2.0/css/bootstrap.min.css' [5:22914] Error in media list. (Invalid token "(". Was expecting one of: <S>, <IDENT>.)
Sep 01, 2016 7:05:17 PM com.gargoylesoftware.htmlunit.DefaultCssErrorHandler error
WARNING: CSS error: 'https://maxcdn.bootstrapcdn.com/bootstrap/3.2.0/css/bootstrap.min.css' [5:24680] Error in media list. (Invalid token "(". Was expecting one of: <S>, <IDENT>.)
Sep 01, 2016 7:05:17 PM com.gargoylesoftware.htmlunit.DefaultCssErrorHandler error
WARNING: CSS error: 'https://maxcdn.bootstrapcdn.com/bootstrap/3.2.0/css/bootstrap.min.css' [5:30763] Error in @media rule. (Invalid token "and". Was expecting one of: <S>, <LBRACE>, <COMMA>.)
Sep 01, 2016 7:05:17 PM com.gargoylesoftware.htmlunit.DefaultCssErrorHandler warning
WARNING: CSS warning: 'https://maxcdn.bootstrapcdn.com/bootstrap/3.2.0/css/bootstrap.min.css' [5:30763] Ignoring the whole rule.
Sep 01, 2016 7:05:17 PM com.gargoylesoftware.htmlunit.DefaultCssErrorHandler error
WARNING: CSS error: 'https://maxcdn.bootstrapcdn.com/bootstrap/3.2.0/css/bootstrap.min.css' [5:38743] Error in media list. (Invalid token "(". Was expecting one of: <S>, <IDENT>.)
Sep 01, 2016 7:05:17 PM com.gargoylesoftware.htmlunit.DefaultCssErrorHandler error
WARNING: CSS error: 'https://maxcdn.bootstrapcdn.com/bootstrap/3.2.0/css/bootstrap.min.css' [5:39908] Error in media list. (Invalid token "(". Was expecting one of: <S>, <IDENT>.)
Sep 01, 2016 7:05:17 PM com.gargoylesoftware.htmlunit.DefaultCssErrorHandler error
WARNING: CSS error: 'https://maxcdn.bootstrapcdn.com/bootstrap/3.2.0/css/bootstrap.min.css' [5:40086] Error in media list. (Invalid token "(". Was expecting one of: <S>, <IDENT>.)
Sep 01, 2016 7:05:17 PM com.gargoylesoftware.htmlunit.DefaultCssErrorHandler error
WARNING: CSS error: 'https://maxcdn.bootstrapcdn.com/bootstrap/3.2.0/css/bootstrap.min.css' [5:40178] Error in media list. (Invalid token "(". Was expecting one of: <S>, <IDENT>.)
Sep 01, 2016 7:05:17 PM com.gargoylesoftware.htmlunit.DefaultCssErrorHandler error
WARNING: CSS error: 'https://maxcdn.bootstrapcdn.com/bootstrap/3.2.0/css/bootstrap.min.css' [5:49282] Error in expression; ':' found after identifier "progid".
Sep 01, 2016 7:05:17 PM com.gargoylesoftware.htmlunit.DefaultCssErrorHandler error
WARNING: CSS error: 'https://maxcdn.bootstrapcdn.com/bootstrap/3.2.0/css/bootstrap.min.css' [5:49917] Error in media list. (Invalid token "(". Was expecting one of: <S>, <IDENT>.)
Sep 01, 2016 7:05:17 PM com.gargoylesoftware.htmlunit.DefaultCssErrorHandler error
WARNING: CSS error: 'https://maxcdn.bootstrapcdn.com/bootstrap/3.2.0/css/bootstrap.min.css' [5:58448] Error in media list. (Invalid token "(". Was expecting one of: <S>, <IDENT>.)
Sep 01, 2016 7:05:17 PM com.gargoylesoftware.htmlunit.DefaultCssErrorHandler error
WARNING: CSS error: 'https://maxcdn.bootstrapcdn.com/bootstrap/3.2.0/css/bootstrap.min.css' [5:58772] Error in media list. (Invalid token "(". Was expecting one of: <S>, <IDENT>.)
Sep 01, 2016 7:05:17 PM com.gargoylesoftware.htmlunit.DefaultCssErrorHandler error
WARNING: CSS error: 'https://maxcdn.bootstrapcdn.com/bootstrap/3.2.0/css/bootstrap.min.css' [5:59475] Error in media list. (Invalid token "(". Was expecting one of: <S>, <IDENT>.)
Sep 01, 2016 7:05:17 PM com.gargoylesoftware.htmlunit.DefaultCssErrorHandler error
WARNING: CSS error: 'https://maxcdn.bootstrapcdn.com/bootstrap/3.2.0/css/bootstrap.min.css' [5:59801] Error in media list. (Invalid token "(". Was expecting one of: <S>, <IDENT>.)
Sep 01, 2016 7:05:17 PM com.gargoylesoftware.htmlunit.DefaultCssErrorHandler error
WARNING: CSS error: 'https://maxcdn.bootstrapcdn.com/bootstrap/3.2.0/css/bootstrap.min.css' [5:60287] Error in media list. (Invalid token "(". Was expecting one of: <S>, <IDENT>.)
Sep 01, 2016 7:05:17 PM com.gargoylesoftware.htmlunit.DefaultCssErrorHandler error
WARNING: CSS error: 'https://maxcdn.bootstrapcdn.com/bootstrap/3.2.0/css/bootstrap.min.css' [5:60339] Error in media list. (Invalid token "(". Was expecting one of: <S>, <IDENT>.)
Sep 01, 2016 7:05:17 PM com.gargoylesoftware.htmlunit.DefaultCssErrorHandler error
WARNING: CSS error: 'https://maxcdn.bootstrapcdn.com/bootstrap/3.2.0/css/bootstrap.min.css' [5:60666] Error in media list. (Invalid token "(". Was expecting one of: <S>, <IDENT>.)
Sep 01, 2016 7:05:17 PM com.gargoylesoftware.htmlunit.DefaultCssErrorHandler error
WARNING: CSS error: 'https://maxcdn.bootstrapcdn.com/bootstrap/3.2.0/css/bootstrap.min.css' [5:61158] Error in media list. (Invalid token "(". Was expecting one of: <S>, <IDENT>.)
Sep 01, 2016 7:05:17 PM com.gargoylesoftware.htmlunit.DefaultCssErrorHandler error
WARNING: CSS error: 'https://maxcdn.bootstrapcdn.com/bootstrap/3.2.0/css/bootstrap.min.css' [5:61459] Error in media list. (Invalid token "(". Was expecting one of: <S>, <IDENT>.)
Sep 01, 2016 7:05:17 PM com.gargoylesoftware.htmlunit.DefaultCssErrorHandler error
WARNING: CSS error: 'https://maxcdn.bootstrapcdn.com/bootstrap/3.2.0/css/bootstrap.min.css' [5:61687] Error in media list. (Invalid token "(". Was expecting one of: <S>, <IDENT>.)
Sep 01, 2016 7:05:17 PM com.gargoylesoftware.htmlunit.DefaultCssErrorHandler error
WARNING: CSS error: 'https://maxcdn.bootstrapcdn.com/bootstrap/3.2.0/css/bootstrap.min.css' [5:61928] Error in media list. (Invalid token "(". Was expecting one of: <S>, <IDENT>.)
Sep 01, 2016 7:05:17 PM com.gargoylesoftware.htmlunit.DefaultCssErrorHandler error
WARNING: CSS error: 'https://maxcdn.bootstrapcdn.com/bootstrap/3.2.0/css/bootstrap.min.css' [5:62269] Error in media list. (Invalid token "(". Was expecting one of: <S>, <IDENT>.)
Sep 01, 2016 7:05:17 PM com.gargoylesoftware.htmlunit.DefaultCssErrorHandler error
WARNING: CSS error: 'https://maxcdn.bootstrapcdn.com/bootstrap/3.2.0/css/bootstrap.min.css' [5:62756] Error in media list. (Invalid token "(". Was expecting one of: <S>, <IDENT>.)
Sep 01, 2016 7:05:17 PM com.gargoylesoftware.htmlunit.DefaultCssErrorHandler error
WARNING: CSS error: 'https://maxcdn.bootstrapcdn.com/bootstrap/3.2.0/css/bootstrap.min.css' [5:62912] Error in media list. (Invalid token "(". Was expecting one of: <S>, <IDENT>.)
Sep 01, 2016 7:05:17 PM com.gargoylesoftware.htmlunit.DefaultCssErrorHandler error
WARNING: CSS error: 'https://maxcdn.bootstrapcdn.com/bootstrap/3.2.0/css/bootstrap.min.css' [5:63379] Error in media list. (Invalid token "(". Was expecting one of: <S>, <IDENT>.)
Sep 01, 2016 7:05:17 PM com.gargoylesoftware.htmlunit.DefaultCssErrorHandler error
WARNING: CSS error: 'https://maxcdn.bootstrapcdn.com/bootstrap/3.2.0/css/bootstrap.min.css' [5:63572] Error in media list. (Invalid token "(". Was expecting one of: <S>, <IDENT>.)
Sep 01, 2016 7:05:17 PM com.gargoylesoftware.htmlunit.DefaultCssErrorHandler error
WARNING: CSS error: 'https://maxcdn.bootstrapcdn.com/bootstrap/3.2.0/css/bootstrap.min.css' [5:63996] Error in media list. (Invalid token "(". Was expecting one of: <S>, <IDENT>.)
Sep 01, 2016 7:05:17 PM com.gargoylesoftware.htmlunit.DefaultCssErrorHandler error
WARNING: CSS error: 'https://maxcdn.bootstrapcdn.com/bootstrap/3.2.0/css/bootstrap.min.css' [5:64867] Error in media list. (Invalid token "(". Was expecting one of: <S>, <IDENT>.)
Sep 01, 2016 7:05:17 PM com.gargoylesoftware.htmlunit.DefaultCssErrorHandler error
WARNING: CSS error: 'https://maxcdn.bootstrapcdn.com/bootstrap/3.2.0/css/bootstrap.min.css' [5:64936] Error in media list. (Invalid token "(". Was expecting one of: <S>, <IDENT>.)
Sep 01, 2016 7:05:17 PM com.gargoylesoftware.htmlunit.DefaultCssErrorHandler error
WARNING: CSS error: 'https://maxcdn.bootstrapcdn.com/bootstrap/3.2.0/css/bootstrap.min.css' [5:65554] Error in media list. (Invalid token "(". Was expecting one of: <S>, <IDENT>.)
Sep 01, 2016 7:05:17 PM com.gargoylesoftware.htmlunit.DefaultCssErrorHandler error
WARNING: CSS error: 'https://maxcdn.bootstrapcdn.com/bootstrap/3.2.0/css/bootstrap.min.css' [5:66892] Error in media list. (Invalid token "(". Was expecting one of: <S>, <IDENT>.)
Sep 01, 2016 7:05:17 PM com.gargoylesoftware.htmlunit.DefaultCssErrorHandler error
WARNING: CSS error: 'https://maxcdn.bootstrapcdn.com/bootstrap/3.2.0/css/bootstrap.min.css' [5:69193] Error in media list. (Invalid token "(". Was expecting one of: <S>, <IDENT>.)
Sep 01, 2016 7:05:17 PM com.gargoylesoftware.htmlunit.DefaultCssErrorHandler error
WARNING: CSS error: 'https://maxcdn.bootstrapcdn.com/bootstrap/3.2.0/css/bootstrap.min.css' [5:74964] Error in @media rule. (Invalid token "and". Was expecting one of: <S>, <LBRACE>, <COMMA>.)
Sep 01, 2016 7:05:17 PM com.gargoylesoftware.htmlunit.DefaultCssErrorHandler warning
WARNING: CSS warning: 'https://maxcdn.bootstrapcdn.com/bootstrap/3.2.0/css/bootstrap.min.css' [5:74964] Ignoring the whole rule.
Sep 01, 2016 7:05:17 PM com.gargoylesoftware.htmlunit.DefaultCssErrorHandler error
WARNING: CSS error: 'https://maxcdn.bootstrapcdn.com/bootstrap/3.2.0/css/bootstrap.min.css' [5:97355] Error in media list. (Invalid token "(". Was expecting one of: <S>, <IDENT>.)
Sep 01, 2016 7:05:17 PM com.gargoylesoftware.htmlunit.DefaultCssErrorHandler error
WARNING: CSS error: 'https://maxcdn.bootstrapcdn.com/bootstrap/3.2.0/css/bootstrap.min.css' [5:97543] Error in media list. (Invalid token "(". Was expecting one of: <S>, <IDENT>.)
Sep 01, 2016 7:05:17 PM com.gargoylesoftware.htmlunit.DefaultCssErrorHandler error
WARNING: CSS error: 'https://maxcdn.bootstrapcdn.com/bootstrap/3.2.0/css/bootstrap.min.css' [5:102209] Error in expression; ':' found after identifier "progid".
Sep 01, 2016 7:05:17 PM com.gargoylesoftware.htmlunit.DefaultCssErrorHandler error
WARNING: CSS error: 'https://maxcdn.bootstrapcdn.com/bootstrap/3.2.0/css/bootstrap.min.css' [5:102752] Error in expression; ':' found after identifier "progid".
Sep 01, 2016 7:05:17 PM com.gargoylesoftware.htmlunit.DefaultCssErrorHandler error
WARNING: CSS error: 'https://maxcdn.bootstrapcdn.com/bootstrap/3.2.0/css/bootstrap.min.css' [5:104304] Error in @media rule. (Invalid token "and". Was expecting one of: <S>, <LBRACE>, <COMMA>.)
Sep 01, 2016 7:05:17 PM com.gargoylesoftware.htmlunit.DefaultCssErrorHandler warning
WARNING: CSS warning: 'https://maxcdn.bootstrapcdn.com/bootstrap/3.2.0/css/bootstrap.min.css' [5:104304] Ignoring the whole rule.
Sep 01, 2016 7:05:17 PM com.gargoylesoftware.htmlunit.DefaultCssErrorHandler error
WARNING: CSS error: 'https://maxcdn.bootstrapcdn.com/bootstrap/3.2.0/css/bootstrap.min.css' [5:106626] Error in media list. (Invalid token "(". Was expecting one of: <S>, <IDENT>.)
Sep 01, 2016 7:05:17 PM com.gargoylesoftware.htmlunit.DefaultCssErrorHandler error
WARNING: CSS error: 'https://maxcdn.bootstrapcdn.com/bootstrap/3.2.0/css/bootstrap.min.css' [5:106818] Error in media list. (Invalid token "(". Was expecting one of: <S>, <IDENT>.)
Sep 01, 2016 7:05:17 PM com.gargoylesoftware.htmlunit.DefaultCssErrorHandler error
WARNING: CSS error: 'https://maxcdn.bootstrapcdn.com/bootstrap/3.2.0/css/bootstrap.min.css' [5:106886] Error in media list. (Invalid token "(". Was expecting one of: <S>, <IDENT>.)
Sep 01, 2016 7:05:17 PM com.gargoylesoftware.htmlunit.DefaultCssErrorHandler error
WARNING: CSS error: 'https://maxcdn.bootstrapcdn.com/bootstrap/3.2.0/css/bootstrap.min.css' [5:106956] Error in media list. (Invalid token "(". Was expecting one of: <S>, <IDENT>.)
Sep 01, 2016 7:05:17 PM com.gargoylesoftware.htmlunit.DefaultCssErrorHandler error
WARNING: CSS error: 'https://maxcdn.bootstrapcdn.com/bootstrap/3.2.0/css/bootstrap.min.css' [5:107038] Error in media list. (Invalid token "(". Was expecting one of: <S>, <IDENT>.)
Sep 01, 2016 7:05:17 PM com.gargoylesoftware.htmlunit.DefaultCssErrorHandler error
WARNING: CSS error: 'https://maxcdn.bootstrapcdn.com/bootstrap/3.2.0/css/bootstrap.min.css' [5:107252] Error in media list. (Invalid token "(". Was expecting one of: <S>, <IDENT>.)
Sep 01, 2016 7:05:17 PM com.gargoylesoftware.htmlunit.DefaultCssErrorHandler error
WARNING: CSS error: 'https://maxcdn.bootstrapcdn.com/bootstrap/3.2.0/css/bootstrap.min.css' [5:107342] Error in media list. (Invalid token "(". Was expecting one of: <S>, <IDENT>.)
Sep 01, 2016 7:05:17 PM com.gargoylesoftware.htmlunit.DefaultCssErrorHandler error
WARNING: CSS error: 'https://maxcdn.bootstrapcdn.com/bootstrap/3.2.0/css/bootstrap.min.css' [5:107434] Error in media list. (Invalid token "(". Was expecting one of: <S>, <IDENT>.)
Sep 01, 2016 7:05:17 PM com.gargoylesoftware.htmlunit.DefaultCssErrorHandler error
WARNING: CSS error: 'https://maxcdn.bootstrapcdn.com/bootstrap/3.2.0/css/bootstrap.min.css' [5:107538] Error in media list. (Invalid token "(". Was expecting one of: <S>, <IDENT>.)
Sep 01, 2016 7:05:17 PM com.gargoylesoftware.htmlunit.DefaultCssErrorHandler error
WARNING: CSS error: 'https://maxcdn.bootstrapcdn.com/bootstrap/3.2.0/css/bootstrap.min.css' [5:107753] Error in media list. (Invalid token "(". Was expecting one of: <S>, <IDENT>.)
Sep 01, 2016 7:05:17 PM com.gargoylesoftware.htmlunit.DefaultCssErrorHandler error
WARNING: CSS error: 'https://maxcdn.bootstrapcdn.com/bootstrap/3.2.0/css/bootstrap.min.css' [5:107844] Error in media list. (Invalid token "(". Was expecting one of: <S>, <IDENT>.)
Sep 01, 2016 7:05:17 PM com.gargoylesoftware.htmlunit.DefaultCssErrorHandler error
WARNING: CSS error: 'https://maxcdn.bootstrapcdn.com/bootstrap/3.2.0/css/bootstrap.min.css' [5:107937] Error in media list. (Invalid token "(". Was expecting one of: <S>, <IDENT>.)
Sep 01, 2016 7:05:17 PM com.gargoylesoftware.htmlunit.DefaultCssErrorHandler error
WARNING: CSS error: 'https://maxcdn.bootstrapcdn.com/bootstrap/3.2.0/css/bootstrap.min.css' [5:108042] Error in media list. (Invalid token "(". Was expecting one of: <S>, <IDENT>.)
Sep 01, 2016 7:05:17 PM com.gargoylesoftware.htmlunit.DefaultCssErrorHandler error
WARNING: CSS error: 'https://maxcdn.bootstrapcdn.com/bootstrap/3.2.0/css/bootstrap.min.css' [5:108235] Error in media list. (Invalid token "(". Was expecting one of: <S>, <IDENT>.)
Sep 01, 2016 7:05:17 PM com.gargoylesoftware.htmlunit.DefaultCssErrorHandler error
WARNING: CSS error: 'https://maxcdn.bootstrapcdn.com/bootstrap/3.2.0/css/bootstrap.min.css' [5:108304] Error in media list. (Invalid token "(". Was expecting one of: <S>, <IDENT>.)
Sep 01, 2016 7:05:17 PM com.gargoylesoftware.htmlunit.DefaultCssErrorHandler error
WARNING: CSS error: 'https://maxcdn.bootstrapcdn.com/bootstrap/3.2.0/css/bootstrap.min.css' [5:108375] Error in media list. (Invalid token "(". Was expecting one of: <S>, <IDENT>.)
Sep 01, 2016 7:05:17 PM com.gargoylesoftware.htmlunit.DefaultCssErrorHandler error
WARNING: CSS error: 'https://maxcdn.bootstrapcdn.com/bootstrap/3.2.0/css/bootstrap.min.css' [5:108458] Error in media list. (Invalid token "(". Was expecting one of: <S>, <IDENT>.)
Sep 01, 2016 7:05:17 PM com.gargoylesoftware.htmlunit.DefaultCssErrorHandler error
WARNING: CSS error: 'https://maxcdn.bootstrapcdn.com/bootstrap/3.2.0/css/bootstrap.min.css' [5:108518] Error in media list. (Invalid token "(". Was expecting one of: <S>, <IDENT>.)
Sep 01, 2016 7:05:17 PM com.gargoylesoftware.htmlunit.DefaultCssErrorHandler error
WARNING: CSS error: 'https://maxcdn.bootstrapcdn.com/bootstrap/3.2.0/css/bootstrap.min.css' [5:108600] Error in media list. (Invalid token "(". Was expecting one of: <S>, <IDENT>.)
Sep 01, 2016 7:05:17 PM com.gargoylesoftware.htmlunit.DefaultCssErrorHandler error
WARNING: CSS error: 'https://maxcdn.bootstrapcdn.com/bootstrap/3.2.0/css/bootstrap.min.css' [5:108683] Error in media list. (Invalid token "(". Was expecting one of: <S>, <IDENT>.)
[qtp261787418-16] ERROR spark.webserver.MatcherFilter - 
java.lang.NullPointerException
	at spark.template.velocity.VelocityTemplateEngine.render(VelocityTemplateEngine.java:67)
	at spark.TemplateViewRouteImpl$1.render(TemplateViewRouteImpl.java:61)
	at spark.TemplateViewRouteImpl$1.render(TemplateViewRouteImpl.java:58)
	at spark.TemplateViewRouteImpl.render(TemplateViewRouteImpl.java:85)
	at spark.webserver.MatcherFilter.doFilter(MatcherFilter.java:164)
	at spark.webserver.JettyHandler.doHandle(JettyHandler.java:61)
	at org.eclipse.jetty.server.session.SessionHandler.doScope(SessionHandler.java:189)
	at org.eclipse.jetty.server.handler.ScopedHandler.handle(ScopedHandler.java:141)
	at org.eclipse.jetty.server.handler.HandlerList.handle(HandlerList.java:52)
	at org.eclipse.jetty.server.handler.HandlerWrapper.handle(HandlerWrapper.java:119)
	at org.eclipse.jetty.server.Server.handle(Server.java:517)
	at org.eclipse.jetty.server.HttpChannel.handle(HttpChannel.java:302)
	at org.eclipse.jetty.server.HttpConnection.onFillable(HttpConnection.java:242)
	at org.eclipse.jetty.io.AbstractConnection$ReadCallback.succeeded(AbstractConnection.java:245)
	at org.eclipse.jetty.io.FillInterest.fillable(FillInterest.java:95)
	at org.eclipse.jetty.io.SelectChannelEndPoint$2.run(SelectChannelEndPoint.java:75)
	at org.eclipse.jetty.util.thread.strategy.ExecuteProduceConsume.produceAndRun(ExecuteProduceConsume.java:213)
	at org.eclipse.jetty.util.thread.strategy.ExecuteProduceConsume.run(ExecuteProduceConsume.java:147)
	at org.eclipse.jetty.util.thread.QueuedThreadPool.runJob(QueuedThreadPool.java:654)
	at org.eclipse.jetty.util.thread.QueuedThreadPool$3.run(QueuedThreadPool.java:572)
	at java.lang.Thread.run(Thread.java:745)
Sep 01, 2016 7:05:18 PM com.gargoylesoftware.htmlunit.DefaultCssErrorHandler error
WARNING: CSS error: 'https://maxcdn.bootstrapcdn.com/bootstrap/3.2.0/css/bootstrap.min.css' [5:14693] Error in media list. (Invalid token "(". Was expecting one of: <S>, <IDENT>.)
Sep 01, 2016 7:05:18 PM com.gargoylesoftware.htmlunit.DefaultCssErrorHandler error
WARNING: CSS error: 'https://maxcdn.bootstrapcdn.com/bootstrap/3.2.0/css/bootstrap.min.css' [5:16291] Error in media list. (Invalid token "(". Was expecting one of: <S>, <IDENT>.)
Sep 01, 2016 7:05:18 PM com.gargoylesoftware.htmlunit.DefaultCssErrorHandler error
WARNING: CSS error: 'https://maxcdn.bootstrapcdn.com/bootstrap/3.2.0/css/bootstrap.min.css' [5:18566] Error in media list. (Invalid token "(". Was expecting one of: <S>, <IDENT>.)
Sep 01, 2016 7:05:18 PM com.gargoylesoftware.htmlunit.DefaultCssErrorHandler error
WARNING: CSS error: 'https://maxcdn.bootstrapcdn.com/bootstrap/3.2.0/css/bootstrap.min.css' [5:18615] Error in media list. (Invalid token "(". Was expecting one of: <S>, <IDENT>.)
Sep 01, 2016 7:05:18 PM com.gargoylesoftware.htmlunit.DefaultCssErrorHandler error
WARNING: CSS error: 'https://maxcdn.bootstrapcdn.com/bootstrap/3.2.0/css/bootstrap.min.css' [5:18664] Error in media list. (Invalid token "(". Was expecting one of: <S>, <IDENT>.)
Sep 01, 2016 7:05:18 PM com.gargoylesoftware.htmlunit.DefaultCssErrorHandler error
WARNING: CSS error: 'https://maxcdn.bootstrapcdn.com/bootstrap/3.2.0/css/bootstrap.min.css' [5:21148] Error in media list. (Invalid token "(". Was expecting one of: <S>, <IDENT>.)
Sep 01, 2016 7:05:18 PM com.gargoylesoftware.htmlunit.DefaultCssErrorHandler error
WARNING: CSS error: 'https://maxcdn.bootstrapcdn.com/bootstrap/3.2.0/css/bootstrap.min.css' [5:22914] Error in media list. (Invalid token "(". Was expecting one of: <S>, <IDENT>.)
Sep 01, 2016 7:05:18 PM com.gargoylesoftware.htmlunit.DefaultCssErrorHandler error
WARNING: CSS error: 'https://maxcdn.bootstrapcdn.com/bootstrap/3.2.0/css/bootstrap.min.css' [5:24680] Error in media list. (Invalid token "(". Was expecting one of: <S>, <IDENT>.)
Sep 01, 2016 7:05:18 PM com.gargoylesoftware.htmlunit.DefaultCssErrorHandler error
WARNING: CSS error: 'https://maxcdn.bootstrapcdn.com/bootstrap/3.2.0/css/bootstrap.min.css' [5:30763] Error in @media rule. (Invalid token "and". Was expecting one of: <S>, <LBRACE>, <COMMA>.)
Sep 01, 2016 7:05:18 PM com.gargoylesoftware.htmlunit.DefaultCssErrorHandler warning
WARNING: CSS warning: 'https://maxcdn.bootstrapcdn.com/bootstrap/3.2.0/css/bootstrap.min.css' [5:30763] Ignoring the whole rule.
Sep 01, 2016 7:05:18 PM com.gargoylesoftware.htmlunit.DefaultCssErrorHandler error
WARNING: CSS error: 'https://maxcdn.bootstrapcdn.com/bootstrap/3.2.0/css/bootstrap.min.css' [5:38743] Error in media list. (Invalid token "(". Was expecting one of: <S>, <IDENT>.)
Sep 01, 2016 7:05:18 PM com.gargoylesoftware.htmlunit.DefaultCssErrorHandler error
WARNING: CSS error: 'https://maxcdn.bootstrapcdn.com/bootstrap/3.2.0/css/bootstrap.min.css' [5:39908] Error in media list. (Invalid token "(". Was expecting one of: <S>, <IDENT>.)
Sep 01, 2016 7:05:18 PM com.gargoylesoftware.htmlunit.DefaultCssErrorHandler error
WARNING: CSS error: 'https://maxcdn.bootstrapcdn.com/bootstrap/3.2.0/css/bootstrap.min.css' [5:40086] Error in media list. (Invalid token "(". Was expecting one of: <S>, <IDENT>.)
Sep 01, 2016 7:05:18 PM com.gargoylesoftware.htmlunit.DefaultCssErrorHandler error
WARNING: CSS error: 'https://maxcdn.bootstrapcdn.com/bootstrap/3.2.0/css/bootstrap.min.css' [5:40178] Error in media list. (Invalid token "(". Was expecting one of: <S>, <IDENT>.)
Sep 01, 2016 7:05:18 PM com.gargoylesoftware.htmlunit.DefaultCssErrorHandler error
WARNING: CSS error: 'https://maxcdn.bootstrapcdn.com/bootstrap/3.2.0/css/bootstrap.min.css' [5:49282] Error in expression; ':' found after identifier "progid".
Sep 01, 2016 7:05:18 PM com.gargoylesoftware.htmlunit.DefaultCssErrorHandler error
WARNING: CSS error: 'https://maxcdn.bootstrapcdn.com/bootstrap/3.2.0/css/bootstrap.min.css' [5:49917] Error in media list. (Invalid token "(". Was expecting one of: <S>, <IDENT>.)
Sep 01, 2016 7:05:18 PM com.gargoylesoftware.htmlunit.DefaultCssErrorHandler error
WARNING: CSS error: 'https://maxcdn.bootstrapcdn.com/bootstrap/3.2.0/css/bootstrap.min.css' [5:58448] Error in media list. (Invalid token "(". Was expecting one of: <S>, <IDENT>.)
Sep 01, 2016 7:05:18 PM com.gargoylesoftware.htmlunit.DefaultCssErrorHandler error
WARNING: CSS error: 'https://maxcdn.bootstrapcdn.com/bootstrap/3.2.0/css/bootstrap.min.css' [5:58772] Error in media list. (Invalid token "(". Was expecting one of: <S>, <IDENT>.)
Sep 01, 2016 7:05:18 PM com.gargoylesoftware.htmlunit.DefaultCssErrorHandler error
WARNING: CSS error: 'https://maxcdn.bootstrapcdn.com/bootstrap/3.2.0/css/bootstrap.min.css' [5:59475] Error in media list. (Invalid token "(". Was expecting one of: <S>, <IDENT>.)
Sep 01, 2016 7:05:18 PM com.gargoylesoftware.htmlunit.DefaultCssErrorHandler error
WARNING: CSS error: 'https://maxcdn.bootstrapcdn.com/bootstrap/3.2.0/css/bootstrap.min.css' [5:59801] Error in media list. (Invalid token "(". Was expecting one of: <S>, <IDENT>.)
Sep 01, 2016 7:05:18 PM com.gargoylesoftware.htmlunit.DefaultCssErrorHandler error
WARNING: CSS error: 'https://maxcdn.bootstrapcdn.com/bootstrap/3.2.0/css/bootstrap.min.css' [5:60287] Error in media list. (Invalid token "(". Was expecting one of: <S>, <IDENT>.)
Sep 01, 2016 7:05:18 PM com.gargoylesoftware.htmlunit.DefaultCssErrorHandler error
WARNING: CSS error: 'https://maxcdn.bootstrapcdn.com/bootstrap/3.2.0/css/bootstrap.min.css' [5:60339] Error in media list. (Invalid token "(". Was expecting one of: <S>, <IDENT>.)
Sep 01, 2016 7:05:18 PM com.gargoylesoftware.htmlunit.DefaultCssErrorHandler error
WARNING: CSS error: 'https://maxcdn.bootstrapcdn.com/bootstrap/3.2.0/css/bootstrap.min.css' [5:60666] Error in media list. (Invalid token "(". Was expecting one of: <S>, <IDENT>.)
Sep 01, 2016 7:05:18 PM com.gargoylesoftware.htmlunit.DefaultCssErrorHandler error
WARNING: CSS error: 'https://maxcdn.bootstrapcdn.com/bootstrap/3.2.0/css/bootstrap.min.css' [5:61158] Error in media list. (Invalid token "(". Was expecting one of: <S>, <IDENT>.)
Sep 01, 2016 7:05:18 PM com.gargoylesoftware.htmlunit.DefaultCssErrorHandler error
WARNING: CSS error: 'https://maxcdn.bootstrapcdn.com/bootstrap/3.2.0/css/bootstrap.min.css' [5:61459] Error in media list. (Invalid token "(". Was expecting one of: <S>, <IDENT>.)
Sep 01, 2016 7:05:18 PM com.gargoylesoftware.htmlunit.DefaultCssErrorHandler error
WARNING: CSS error: 'https://maxcdn.bootstrapcdn.com/bootstrap/3.2.0/css/bootstrap.min.css' [5:61687] Error in media list. (Invalid token "(". Was expecting one of: <S>, <IDENT>.)
Sep 01, 2016 7:05:18 PM com.gargoylesoftware.htmlunit.DefaultCssErrorHandler error
WARNING: CSS error: 'https://maxcdn.bootstrapcdn.com/bootstrap/3.2.0/css/bootstrap.min.css' [5:61928] Error in media list. (Invalid token "(". Was expecting one of: <S>, <IDENT>.)
Sep 01, 2016 7:05:18 PM com.gargoylesoftware.htmlunit.DefaultCssErrorHandler error
WARNING: CSS error: 'https://maxcdn.bootstrapcdn.com/bootstrap/3.2.0/css/bootstrap.min.css' [5:62269] Error in media list. (Invalid token "(". Was expecting one of: <S>, <IDENT>.)
Sep 01, 2016 7:05:18 PM com.gargoylesoftware.htmlunit.DefaultCssErrorHandler error
WARNING: CSS error: 'https://maxcdn.bootstrapcdn.com/bootstrap/3.2.0/css/bootstrap.min.css' [5:62756] Error in media list. (Invalid token "(". Was expecting one of: <S>, <IDENT>.)
Sep 01, 2016 7:05:18 PM com.gargoylesoftware.htmlunit.DefaultCssErrorHandler error
WARNING: CSS error: 'https://maxcdn.bootstrapcdn.com/bootstrap/3.2.0/css/bootstrap.min.css' [5:62912] Error in media list. (Invalid token "(". Was expecting one of: <S>, <IDENT>.)
Sep 01, 2016 7:05:18 PM com.gargoylesoftware.htmlunit.DefaultCssErrorHandler error
WARNING: CSS error: 'https://maxcdn.bootstrapcdn.com/bootstrap/3.2.0/css/bootstrap.min.css' [5:63379] Error in media list. (Invalid token "(". Was expecting one of: <S>, <IDENT>.)
Sep 01, 2016 7:05:18 PM com.gargoylesoftware.htmlunit.DefaultCssErrorHandler error
WARNING: CSS error: 'https://maxcdn.bootstrapcdn.com/bootstrap/3.2.0/css/bootstrap.min.css' [5:63572] Error in media list. (Invalid token "(". Was expecting one of: <S>, <IDENT>.)
Sep 01, 2016 7:05:18 PM com.gargoylesoftware.htmlunit.DefaultCssErrorHandler error
WARNING: CSS error: 'https://maxcdn.bootstrapcdn.com/bootstrap/3.2.0/css/bootstrap.min.css' [5:63996] Error in media list. (Invalid token "(". Was expecting one of: <S>, <IDENT>.)
Sep 01, 2016 7:05:18 PM com.gargoylesoftware.htmlunit.DefaultCssErrorHandler error
WARNING: CSS error: 'https://maxcdn.bootstrapcdn.com/bootstrap/3.2.0/css/bootstrap.min.css' [5:64867] Error in media list. (Invalid token "(". Was expecting one of: <S>, <IDENT>.)
Sep 01, 2016 7:05:18 PM com.gargoylesoftware.htmlunit.DefaultCssErrorHandler error
WARNING: CSS error: 'https://maxcdn.bootstrapcdn.com/bootstrap/3.2.0/css/bootstrap.min.css' [5:64936] Error in media list. (Invalid token "(". Was expecting one of: <S>, <IDENT>.)
Sep 01, 2016 7:05:18 PM com.gargoylesoftware.htmlunit.DefaultCssErrorHandler error
WARNING: CSS error: 'https://maxcdn.bootstrapcdn.com/bootstrap/3.2.0/css/bootstrap.min.css' [5:65554] Error in media list. (Invalid token "(". Was expecting one of: <S>, <IDENT>.)
Sep 01, 2016 7:05:18 PM com.gargoylesoftware.htmlunit.DefaultCssErrorHandler error
WARNING: CSS error: 'https://maxcdn.bootstrapcdn.com/bootstrap/3.2.0/css/bootstrap.min.css' [5:66892] Error in media list. (Invalid token "(". Was expecting one of: <S>, <IDENT>.)
Sep 01, 2016 7:05:18 PM com.gargoylesoftware.htmlunit.DefaultCssErrorHandler error
WARNING: CSS error: 'https://maxcdn.bootstrapcdn.com/bootstrap/3.2.0/css/bootstrap.min.css' [5:69193] Error in media list. (Invalid token "(". Was expecting one of: <S>, <IDENT>.)
Sep 01, 2016 7:05:18 PM com.gargoylesoftware.htmlunit.DefaultCssErrorHandler error
WARNING: CSS error: 'https://maxcdn.bootstrapcdn.com/bootstrap/3.2.0/css/bootstrap.min.css' [5:74964] Error in @media rule. (Invalid token "and". Was expecting one of: <S>, <LBRACE>, <COMMA>.)
Sep 01, 2016 7:05:18 PM com.gargoylesoftware.htmlunit.DefaultCssErrorHandler warning
WARNING: CSS warning: 'https://maxcdn.bootstrapcdn.com/bootstrap/3.2.0/css/bootstrap.min.css' [5:74964] Ignoring the whole rule.
Sep 01, 2016 7:05:18 PM com.gargoylesoftware.htmlunit.DefaultCssErrorHandler error
WARNING: CSS error: 'https://maxcdn.bootstrapcdn.com/bootstrap/3.2.0/css/bootstrap.min.css' [5:97355] Error in media list. (Invalid token "(". Was expecting one of: <S>, <IDENT>.)
Sep 01, 2016 7:05:18 PM com.gargoylesoftware.htmlunit.DefaultCssErrorHandler error
WARNING: CSS error: 'https://maxcdn.bootstrapcdn.com/bootstrap/3.2.0/css/bootstrap.min.css' [5:97543] Error in media list. (Invalid token "(". Was expecting one of: <S>, <IDENT>.)
Sep 01, 2016 7:05:19 PM com.gargoylesoftware.htmlunit.DefaultCssErrorHandler error
WARNING: CSS error: 'https://maxcdn.bootstrapcdn.com/bootstrap/3.2.0/css/bootstrap.min.css' [5:102209] Error in expression; ':' found after identifier "progid".
Sep 01, 2016 7:05:19 PM com.gargoylesoftware.htmlunit.DefaultCssErrorHandler error
WARNING: CSS error: 'https://maxcdn.bootstrapcdn.com/bootstrap/3.2.0/css/bootstrap.min.css' [5:102752] Error in expression; ':' found after identifier "progid".
Sep 01, 2016 7:05:19 PM com.gargoylesoftware.htmlunit.DefaultCssErrorHandler error
WARNING: CSS error: 'https://maxcdn.bootstrapcdn.com/bootstrap/3.2.0/css/bootstrap.min.css' [5:104304] Error in @media rule. (Invalid token "and". Was expecting one of: <S>, <LBRACE>, <COMMA>.)
Sep 01, 2016 7:05:19 PM com.gargoylesoftware.htmlunit.DefaultCssErrorHandler warning
WARNING: CSS warning: 'https://maxcdn.bootstrapcdn.com/bootstrap/3.2.0/css/bootstrap.min.css' [5:104304] Ignoring the whole rule.
Sep 01, 2016 7:05:19 PM com.gargoylesoftware.htmlunit.DefaultCssErrorHandler error
WARNING: CSS error: 'https://maxcdn.bootstrapcdn.com/bootstrap/3.2.0/css/bootstrap.min.css' [5:106626] Error in media list. (Invalid token "(". Was expecting one of: <S>, <IDENT>.)
Sep 01, 2016 7:05:19 PM com.gargoylesoftware.htmlunit.DefaultCssErrorHandler error
WARNING: CSS error: 'https://maxcdn.bootstrapcdn.com/bootstrap/3.2.0/css/bootstrap.min.css' [5:106818] Error in media list. (Invalid token "(". Was expecting one of: <S>, <IDENT>.)
Sep 01, 2016 7:05:19 PM com.gargoylesoftware.htmlunit.DefaultCssErrorHandler error
WARNING: CSS error: 'https://maxcdn.bootstrapcdn.com/bootstrap/3.2.0/css/bootstrap.min.css' [5:106886] Error in media list. (Invalid token "(". Was expecting one of: <S>, <IDENT>.)
Sep 01, 2016 7:05:19 PM com.gargoylesoftware.htmlunit.DefaultCssErrorHandler error
WARNING: CSS error: 'https://maxcdn.bootstrapcdn.com/bootstrap/3.2.0/css/bootstrap.min.css' [5:106956] Error in media list. (Invalid token "(". Was expecting one of: <S>, <IDENT>.)
Sep 01, 2016 7:05:19 PM com.gargoylesoftware.htmlunit.DefaultCssErrorHandler error
WARNING: CSS error: 'https://maxcdn.bootstrapcdn.com/bootstrap/3.2.0/css/bootstrap.min.css' [5:107038] Error in media list. (Invalid token "(". Was expecting one of: <S>, <IDENT>.)
Sep 01, 2016 7:05:19 PM com.gargoylesoftware.htmlunit.DefaultCssErrorHandler error
WARNING: CSS error: 'https://maxcdn.bootstrapcdn.com/bootstrap/3.2.0/css/bootstrap.min.css' [5:107252] Error in media list. (Invalid token "(". Was expecting one of: <S>, <IDENT>.)
Sep 01, 2016 7:05:19 PM com.gargoylesoftware.htmlunit.DefaultCssErrorHandler error
WARNING: CSS error: 'https://maxcdn.bootstrapcdn.com/bootstrap/3.2.0/css/bootstrap.min.css' [5:107342] Error in media list. (Invalid token "(". Was expecting one of: <S>, <IDENT>.)
Sep 01, 2016 7:05:19 PM com.gargoylesoftware.htmlunit.DefaultCssErrorHandler error
WARNING: CSS error: 'https://maxcdn.bootstrapcdn.com/bootstrap/3.2.0/css/bootstrap.min.css' [5:107434] Error in media list. (Invalid token "(". Was expecting one of: <S>, <IDENT>.)
Sep 01, 2016 7:05:19 PM com.gargoylesoftware.htmlunit.DefaultCssErrorHandler error
WARNING: CSS error: 'https://maxcdn.bootstrapcdn.com/bootstrap/3.2.0/css/bootstrap.min.css' [5:107538] Error in media list. (Invalid token "(". Was expecting one of: <S>, <IDENT>.)
Sep 01, 2016 7:05:19 PM com.gargoylesoftware.htmlunit.DefaultCssErrorHandler error
WARNING: CSS error: 'https://maxcdn.bootstrapcdn.com/bootstrap/3.2.0/css/bootstrap.min.css' [5:107753] Error in media list. (Invalid token "(". Was expecting one of: <S>, <IDENT>.)
Sep 01, 2016 7:05:19 PM com.gargoylesoftware.htmlunit.DefaultCssErrorHandler error
WARNING: CSS error: 'https://maxcdn.bootstrapcdn.com/bootstrap/3.2.0/css/bootstrap.min.css' [5:107844] Error in media list. (Invalid token "(". Was expecting one of: <S>, <IDENT>.)
Sep 01, 2016 7:05:19 PM com.gargoylesoftware.htmlunit.DefaultCssErrorHandler error
WARNING: CSS error: 'https://maxcdn.bootstrapcdn.com/bootstrap/3.2.0/css/bootstrap.min.css' [5:107937] Error in media list. (Invalid token "(". Was expecting one of: <S>, <IDENT>.)
Sep 01, 2016 7:05:19 PM com.gargoylesoftware.htmlunit.DefaultCssErrorHandler error
WARNING: CSS error: 'https://maxcdn.bootstrapcdn.com/bootstrap/3.2.0/css/bootstrap.min.css' [5:108042] Error in media list. (Invalid token "(". Was expecting one of: <S>, <IDENT>.)
Sep 01, 2016 7:05:19 PM com.gargoylesoftware.htmlunit.DefaultCssErrorHandler error
WARNING: CSS error: 'https://maxcdn.bootstrapcdn.com/bootstrap/3.2.0/css/bootstrap.min.css' [5:108235] Error in media list. (Invalid token "(". Was expecting one of: <S>, <IDENT>.)
Sep 01, 2016 7:05:19 PM com.gargoylesoftware.htmlunit.DefaultCssErrorHandler error
WARNING: CSS error: 'https://maxcdn.bootstrapcdn.com/bootstrap/3.2.0/css/bootstrap.min.css' [5:108304] Error in media list. (Invalid token "(". Was expecting one of: <S>, <IDENT>.)
Sep 01, 2016 7:05:19 PM com.gargoylesoftware.htmlunit.DefaultCssErrorHandler error
WARNING: CSS error: 'https://maxcdn.bootstrapcdn.com/bootstrap/3.2.0/css/bootstrap.min.css' [5:108375] Error in media list. (Invalid token "(". Was expecting one of: <S>, <IDENT>.)
Sep 01, 2016 7:05:19 PM com.gargoylesoftware.htmlunit.DefaultCssErrorHandler error
WARNING: CSS error: 'https://maxcdn.bootstrapcdn.com/bootstrap/3.2.0/css/bootstrap.min.css' [5:108458] Error in media list. (Invalid token "(". Was expecting one of: <S>, <IDENT>.)
Sep 01, 2016 7:05:19 PM com.gargoylesoftware.htmlunit.DefaultCssErrorHandler error
WARNING: CSS error: 'https://maxcdn.bootstrapcdn.com/bootstrap/3.2.0/css/bootstrap.min.css' [5:108518] Error in media list. (Invalid token "(". Was expecting one of: <S>, <IDENT>.)
Sep 01, 2016 7:05:19 PM com.gargoylesoftware.htmlunit.DefaultCssErrorHandler error
WARNING: CSS error: 'https://maxcdn.bootstrapcdn.com/bootstrap/3.2.0/css/bootstrap.min.css' [5:108600] Error in media list. (Invalid token "(". Was expecting one of: <S>, <IDENT>.)
Sep 01, 2016 7:05:19 PM com.gargoylesoftware.htmlunit.DefaultCssErrorHandler error
WARNING: CSS error: 'https://maxcdn.bootstrapcdn.com/bootstrap/3.2.0/css/bootstrap.min.css' [5:108683] Error in media list. (Invalid token "(". Was expecting one of: <S>, <IDENT>.)
[qtp261787418-17] ERROR spark.webserver.MatcherFilter - 
java.lang.NullPointerException
	at spark.template.velocity.VelocityTemplateEngine.render(VelocityTemplateEngine.java:67)
	at spark.TemplateViewRouteImpl$1.render(TemplateViewRouteImpl.java:61)
	at spark.TemplateViewRouteImpl$1.render(TemplateViewRouteImpl.java:58)
	at spark.TemplateViewRouteImpl.render(TemplateViewRouteImpl.java:85)
	at spark.webserver.MatcherFilter.doFilter(MatcherFilter.java:164)
	at spark.webserver.JettyHandler.doHandle(JettyHandler.java:61)
	at org.eclipse.jetty.server.session.SessionHandler.doScope(SessionHandler.java:189)
	at org.eclipse.jetty.server.handler.ScopedHandler.handle(ScopedHandler.java:141)
	at org.eclipse.jetty.server.handler.HandlerList.handle(HandlerList.java:52)
	at org.eclipse.jetty.server.handler.HandlerWrapper.handle(HandlerWrapper.java:119)
	at org.eclipse.jetty.server.Server.handle(Server.java:517)
	at org.eclipse.jetty.server.HttpChannel.handle(HttpChannel.java:302)
	at org.eclipse.jetty.server.HttpConnection.onFillable(HttpConnection.java:242)
	at org.eclipse.jetty.io.AbstractConnection$ReadCallback.succeeded(AbstractConnection.java:245)
	at org.eclipse.jetty.io.FillInterest.fillable(FillInterest.java:95)
	at org.eclipse.jetty.io.SelectChannelEndPoint$2.run(SelectChannelEndPoint.java:75)
	at org.eclipse.jetty.util.thread.strategy.ExecuteProduceConsume.produceAndRun(ExecuteProduceConsume.java:213)
	at org.eclipse.jetty.util.thread.strategy.ExecuteProduceConsume.run(ExecuteProduceConsume.java:147)
	at org.eclipse.jetty.util.thread.QueuedThreadPool.runJob(QueuedThreadPool.java:654)
	at org.eclipse.jetty.util.thread.QueuedThreadPool$3.run(QueuedThreadPool.java:572)
	at java.lang.Thread.run(Thread.java:745)
Sep 01, 2016 7:05:20 PM com.gargoylesoftware.htmlunit.DefaultCssErrorHandler error
WARNING: CSS error: 'https://maxcdn.bootstrapcdn.com/bootstrap/3.2.0/css/bootstrap.min.css' [5:14693] Error in media list. (Invalid token "(". Was expecting one of: <S>, <IDENT>.)
Sep 01, 2016 7:05:20 PM com.gargoylesoftware.htmlunit.DefaultCssErrorHandler error
WARNING: CSS error: 'https://maxcdn.bootstrapcdn.com/bootstrap/3.2.0/css/bootstrap.min.css' [5:16291] Error in media list. (Invalid token "(". Was expecting one of: <S>, <IDENT>.)
Sep 01, 2016 7:05:20 PM com.gargoylesoftware.htmlunit.DefaultCssErrorHandler error
WARNING: CSS error: 'https://maxcdn.bootstrapcdn.com/bootstrap/3.2.0/css/bootstrap.min.css' [5:18566] Error in media list. (Invalid token "(". Was expecting one of: <S>, <IDENT>.)
Sep 01, 2016 7:05:20 PM com.gargoylesoftware.htmlunit.DefaultCssErrorHandler error
WARNING: CSS error: 'https://maxcdn.bootstrapcdn.com/bootstrap/3.2.0/css/bootstrap.min.css' [5:18615] Error in media list. (Invalid token "(". Was expecting one of: <S>, <IDENT>.)
Sep 01, 2016 7:05:20 PM com.gargoylesoftware.htmlunit.DefaultCssErrorHandler error
WARNING: CSS error: 'https://maxcdn.bootstrapcdn.com/bootstrap/3.2.0/css/bootstrap.min.css' [5:18664] Error in media list. (Invalid token "(". Was expecting one of: <S>, <IDENT>.)
Sep 01, 2016 7:05:20 PM com.gargoylesoftware.htmlunit.DefaultCssErrorHandler error
WARNING: CSS error: 'https://maxcdn.bootstrapcdn.com/bootstrap/3.2.0/css/bootstrap.min.css' [5:21148] Error in media list. (Invalid token "(". Was expecting one of: <S>, <IDENT>.)
Sep 01, 2016 7:05:20 PM com.gargoylesoftware.htmlunit.DefaultCssErrorHandler error
WARNING: CSS error: 'https://maxcdn.bootstrapcdn.com/bootstrap/3.2.0/css/bootstrap.min.css' [5:22914] Error in media list. (Invalid token "(". Was expecting one of: <S>, <IDENT>.)
Sep 01, 2016 7:05:20 PM com.gargoylesoftware.htmlunit.DefaultCssErrorHandler error
WARNING: CSS error: 'https://maxcdn.bootstrapcdn.com/bootstrap/3.2.0/css/bootstrap.min.css' [5:24680] Error in media list. (Invalid token "(". Was expecting one of: <S>, <IDENT>.)
Sep 01, 2016 7:05:20 PM com.gargoylesoftware.htmlunit.DefaultCssErrorHandler error
WARNING: CSS error: 'https://maxcdn.bootstrapcdn.com/bootstrap/3.2.0/css/bootstrap.min.css' [5:30763] Error in @media rule. (Invalid token "and". Was expecting one of: <S>, <LBRACE>, <COMMA>.)
Sep 01, 2016 7:05:20 PM com.gargoylesoftware.htmlunit.DefaultCssErrorHandler warning
WARNING: CSS warning: 'https://maxcdn.bootstrapcdn.com/bootstrap/3.2.0/css/bootstrap.min.css' [5:30763] Ignoring the whole rule.
Sep 01, 2016 7:05:20 PM com.gargoylesoftware.htmlunit.DefaultCssErrorHandler error
WARNING: CSS error: 'https://maxcdn.bootstrapcdn.com/bootstrap/3.2.0/css/bootstrap.min.css' [5:38743] Error in media list. (Invalid token "(". Was expecting one of: <S>, <IDENT>.)
Sep 01, 2016 7:05:20 PM com.gargoylesoftware.htmlunit.DefaultCssErrorHandler error
WARNING: CSS error: 'https://maxcdn.bootstrapcdn.com/bootstrap/3.2.0/css/bootstrap.min.css' [5:39908] Error in media list. (Invalid token "(". Was expecting one of: <S>, <IDENT>.)
Sep 01, 2016 7:05:20 PM com.gargoylesoftware.htmlunit.DefaultCssErrorHandler error
WARNING: CSS error: 'https://maxcdn.bootstrapcdn.com/bootstrap/3.2.0/css/bootstrap.min.css' [5:40086] Error in media list. (Invalid token "(". Was expecting one of: <S>, <IDENT>.)
Sep 01, 2016 7:05:20 PM com.gargoylesoftware.htmlunit.DefaultCssErrorHandler error
WARNING: CSS error: 'https://maxcdn.bootstrapcdn.com/bootstrap/3.2.0/css/bootstrap.min.css' [5:40178] Error in media list. (Invalid token "(". Was expecting one of: <S>, <IDENT>.)
Sep 01, 2016 7:05:20 PM com.gargoylesoftware.htmlunit.DefaultCssErrorHandler error
WARNING: CSS error: 'https://maxcdn.bootstrapcdn.com/bootstrap/3.2.0/css/bootstrap.min.css' [5:49282] Error in expression; ':' found after identifier "progid".
Sep 01, 2016 7:05:20 PM com.gargoylesoftware.htmlunit.DefaultCssErrorHandler error
WARNING: CSS error: 'https://maxcdn.bootstrapcdn.com/bootstrap/3.2.0/css/bootstrap.min.css' [5:49917] Error in media list. (Invalid token "(". Was expecting one of: <S>, <IDENT>.)
Sep 01, 2016 7:05:20 PM com.gargoylesoftware.htmlunit.DefaultCssErrorHandler error
WARNING: CSS error: 'https://maxcdn.bootstrapcdn.com/bootstrap/3.2.0/css/bootstrap.min.css' [5:58448] Error in media list. (Invalid token "(". Was expecting one of: <S>, <IDENT>.)
Sep 01, 2016 7:05:20 PM com.gargoylesoftware.htmlunit.DefaultCssErrorHandler error
WARNING: CSS error: 'https://maxcdn.bootstrapcdn.com/bootstrap/3.2.0/css/bootstrap.min.css' [5:58772] Error in media list. (Invalid token "(". Was expecting one of: <S>, <IDENT>.)
Sep 01, 2016 7:05:20 PM com.gargoylesoftware.htmlunit.DefaultCssErrorHandler error
WARNING: CSS error: 'https://maxcdn.bootstrapcdn.com/bootstrap/3.2.0/css/bootstrap.min.css' [5:59475] Error in media list. (Invalid token "(". Was expecting one of: <S>, <IDENT>.)
Sep 01, 2016 7:05:20 PM com.gargoylesoftware.htmlunit.DefaultCssErrorHandler error
WARNING: CSS error: 'https://maxcdn.bootstrapcdn.com/bootstrap/3.2.0/css/bootstrap.min.css' [5:59801] Error in media list. (Invalid token "(". Was expecting one of: <S>, <IDENT>.)
Sep 01, 2016 7:05:20 PM com.gargoylesoftware.htmlunit.DefaultCssErrorHandler error
WARNING: CSS error: 'https://maxcdn.bootstrapcdn.com/bootstrap/3.2.0/css/bootstrap.min.css' [5:60287] Error in media list. (Invalid token "(". Was expecting one of: <S>, <IDENT>.)
Sep 01, 2016 7:05:20 PM com.gargoylesoftware.htmlunit.DefaultCssErrorHandler error
WARNING: CSS error: 'https://maxcdn.bootstrapcdn.com/bootstrap/3.2.0/css/bootstrap.min.css' [5:60339] Error in media list. (Invalid token "(". Was expecting one of: <S>, <IDENT>.)
Sep 01, 2016 7:05:20 PM com.gargoylesoftware.htmlunit.DefaultCssErrorHandler error
WARNING: CSS error: 'https://maxcdn.bootstrapcdn.com/bootstrap/3.2.0/css/bootstrap.min.css' [5:60666] Error in media list. (Invalid token "(". Was expecting one of: <S>, <IDENT>.)
Sep 01, 2016 7:05:20 PM com.gargoylesoftware.htmlunit.DefaultCssErrorHandler error
WARNING: CSS error: 'https://maxcdn.bootstrapcdn.com/bootstrap/3.2.0/css/bootstrap.min.css' [5:61158] Error in media list. (Invalid token "(". Was expecting one of: <S>, <IDENT>.)
Sep 01, 2016 7:05:20 PM com.gargoylesoftware.htmlunit.DefaultCssErrorHandler error
WARNING: CSS error: 'https://maxcdn.bootstrapcdn.com/bootstrap/3.2.0/css/bootstrap.min.css' [5:61459] Error in media list. (Invalid token "(". Was expecting one of: <S>, <IDENT>.)
Sep 01, 2016 7:05:20 PM com.gargoylesoftware.htmlunit.DefaultCssErrorHandler error
WARNING: CSS error: 'https://maxcdn.bootstrapcdn.com/bootstrap/3.2.0/css/bootstrap.min.css' [5:61687] Error in media list. (Invalid token "(". Was expecting one of: <S>, <IDENT>.)
Sep 01, 2016 7:05:20 PM com.gargoylesoftware.htmlunit.DefaultCssErrorHandler error
WARNING: CSS error: 'https://maxcdn.bootstrapcdn.com/bootstrap/3.2.0/css/bootstrap.min.css' [5:61928] Error in media list. (Invalid token "(". Was expecting one of: <S>, <IDENT>.)
Sep 01, 2016 7:05:20 PM com.gargoylesoftware.htmlunit.DefaultCssErrorHandler error
WARNING: CSS error: 'https://maxcdn.bootstrapcdn.com/bootstrap/3.2.0/css/bootstrap.min.css' [5:62269] Error in media list. (Invalid token "(". Was expecting one of: <S>, <IDENT>.)
Sep 01, 2016 7:05:20 PM com.gargoylesoftware.htmlunit.DefaultCssErrorHandler error
WARNING: CSS error: 'https://maxcdn.bootstrapcdn.com/bootstrap/3.2.0/css/bootstrap.min.css' [5:62756] Error in media list. (Invalid token "(". Was expecting one of: <S>, <IDENT>.)
Sep 01, 2016 7:05:20 PM com.gargoylesoftware.htmlunit.DefaultCssErrorHandler error
WARNING: CSS error: 'https://maxcdn.bootstrapcdn.com/bootstrap/3.2.0/css/bootstrap.min.css' [5:62912] Error in media list. (Invalid token "(". Was expecting one of: <S>, <IDENT>.)
Sep 01, 2016 7:05:20 PM com.gargoylesoftware.htmlunit.DefaultCssErrorHandler error
WARNING: CSS error: 'https://maxcdn.bootstrapcdn.com/bootstrap/3.2.0/css/bootstrap.min.css' [5:63379] Error in media list. (Invalid token "(". Was expecting one of: <S>, <IDENT>.)
Sep 01, 2016 7:05:20 PM com.gargoylesoftware.htmlunit.DefaultCssErrorHandler error
WARNING: CSS error: 'https://maxcdn.bootstrapcdn.com/bootstrap/3.2.0/css/bootstrap.min.css' [5:63572] Error in media list. (Invalid token "(". Was expecting one of: <S>, <IDENT>.)
Sep 01, 2016 7:05:20 PM com.gargoylesoftware.htmlunit.DefaultCssErrorHandler error
WARNING: CSS error: 'https://maxcdn.bootstrapcdn.com/bootstrap/3.2.0/css/bootstrap.min.css' [5:63996] Error in media list. (Invalid token "(". Was expecting one of: <S>, <IDENT>.)
Sep 01, 2016 7:05:20 PM com.gargoylesoftware.htmlunit.DefaultCssErrorHandler error
WARNING: CSS error: 'https://maxcdn.bootstrapcdn.com/bootstrap/3.2.0/css/bootstrap.min.css' [5:64867] Error in media list. (Invalid token "(". Was expecting one of: <S>, <IDENT>.)
Sep 01, 2016 7:05:20 PM com.gargoylesoftware.htmlunit.DefaultCssErrorHandler error
WARNING: CSS error: 'https://maxcdn.bootstrapcdn.com/bootstrap/3.2.0/css/bootstrap.min.css' [5:64936] Error in media list. (Invalid token "(". Was expecting one of: <S>, <IDENT>.)
Sep 01, 2016 7:05:20 PM com.gargoylesoftware.htmlunit.DefaultCssErrorHandler error
WARNING: CSS error: 'https://maxcdn.bootstrapcdn.com/bootstrap/3.2.0/css/bootstrap.min.css' [5:65554] Error in media list. (Invalid token "(". Was expecting one of: <S>, <IDENT>.)
Sep 01, 2016 7:05:20 PM com.gargoylesoftware.htmlunit.DefaultCssErrorHandler error
WARNING: CSS error: 'https://maxcdn.bootstrapcdn.com/bootstrap/3.2.0/css/bootstrap.min.css' [5:66892] Error in media list. (Invalid token "(". Was expecting one of: <S>, <IDENT>.)
Sep 01, 2016 7:05:20 PM com.gargoylesoftware.htmlunit.DefaultCssErrorHandler error
WARNING: CSS error: 'https://maxcdn.bootstrapcdn.com/bootstrap/3.2.0/css/bootstrap.min.css' [5:69193] Error in media list. (Invalid token "(". Was expecting one of: <S>, <IDENT>.)
Sep 01, 2016 7:05:20 PM com.gargoylesoftware.htmlunit.DefaultCssErrorHandler error
WARNING: CSS error: 'https://maxcdn.bootstrapcdn.com/bootstrap/3.2.0/css/bootstrap.min.css' [5:74964] Error in @media rule. (Invalid token "and". Was expecting one of: <S>, <LBRACE>, <COMMA>.)
Sep 01, 2016 7:05:20 PM com.gargoylesoftware.htmlunit.DefaultCssErrorHandler warning
WARNING: CSS warning: 'https://maxcdn.bootstrapcdn.com/bootstrap/3.2.0/css/bootstrap.min.css' [5:74964] Ignoring the whole rule.
Sep 01, 2016 7:05:20 PM com.gargoylesoftware.htmlunit.DefaultCssErrorHandler error
WARNING: CSS error: 'https://maxcdn.bootstrapcdn.com/bootstrap/3.2.0/css/bootstrap.min.css' [5:97355] Error in media list. (Invalid token "(". Was expecting one of: <S>, <IDENT>.)
Sep 01, 2016 7:05:20 PM com.gargoylesoftware.htmlunit.DefaultCssErrorHandler error
WARNING: CSS error: 'https://maxcdn.bootstrapcdn.com/bootstrap/3.2.0/css/bootstrap.min.css' [5:97543] Error in media list. (Invalid token "(". Was expecting one of: <S>, <IDENT>.)
Sep 01, 2016 7:05:20 PM com.gargoylesoftware.htmlunit.DefaultCssErrorHandler error
WARNING: CSS error: 'https://maxcdn.bootstrapcdn.com/bootstrap/3.2.0/css/bootstrap.min.css' [5:102209] Error in expression; ':' found after identifier "progid".
Sep 01, 2016 7:05:20 PM com.gargoylesoftware.htmlunit.DefaultCssErrorHandler error
WARNING: CSS error: 'https://maxcdn.bootstrapcdn.com/bootstrap/3.2.0/css/bootstrap.min.css' [5:102752] Error in expression; ':' found after identifier "progid".
Sep 01, 2016 7:05:20 PM com.gargoylesoftware.htmlunit.DefaultCssErrorHandler error
WARNING: CSS error: 'https://maxcdn.bootstrapcdn.com/bootstrap/3.2.0/css/bootstrap.min.css' [5:104304] Error in @media rule. (Invalid token "and". Was expecting one of: <S>, <LBRACE>, <COMMA>.)
Sep 01, 2016 7:05:20 PM com.gargoylesoftware.htmlunit.DefaultCssErrorHandler warning
WARNING: CSS warning: 'https://maxcdn.bootstrapcdn.com/bootstrap/3.2.0/css/bootstrap.min.css' [5:104304] Ignoring the whole rule.
Sep 01, 2016 7:05:20 PM com.gargoylesoftware.htmlunit.DefaultCssErrorHandler error
WARNING: CSS error: 'https://maxcdn.bootstrapcdn.com/bootstrap/3.2.0/css/bootstrap.min.css' [5:106626] Error in media list. (Invalid token "(". Was expecting one of: <S>, <IDENT>.)
Sep 01, 2016 7:05:20 PM com.gargoylesoftware.htmlunit.DefaultCssErrorHandler error
WARNING: CSS error: 'https://maxcdn.bootstrapcdn.com/bootstrap/3.2.0/css/bootstrap.min.css' [5:106818] Error in media list. (Invalid token "(". Was expecting one of: <S>, <IDENT>.)
Sep 01, 2016 7:05:20 PM com.gargoylesoftware.htmlunit.DefaultCssErrorHandler error
WARNING: CSS error: 'https://maxcdn.bootstrapcdn.com/bootstrap/3.2.0/css/bootstrap.min.css' [5:106886] Error in media list. (Invalid token "(". Was expecting one of: <S>, <IDENT>.)
Sep 01, 2016 7:05:20 PM com.gargoylesoftware.htmlunit.DefaultCssErrorHandler error
WARNING: CSS error: 'https://maxcdn.bootstrapcdn.com/bootstrap/3.2.0/css/bootstrap.min.css' [5:106956] Error in media list. (Invalid token "(". Was expecting one of: <S>, <IDENT>.)
Sep 01, 2016 7:05:20 PM com.gargoylesoftware.htmlunit.DefaultCssErrorHandler error
WARNING: CSS error: 'https://maxcdn.bootstrapcdn.com/bootstrap/3.2.0/css/bootstrap.min.css' [5:107038] Error in media list. (Invalid token "(". Was expecting one of: <S>, <IDENT>.)
Sep 01, 2016 7:05:20 PM com.gargoylesoftware.htmlunit.DefaultCssErrorHandler error
WARNING: CSS error: 'https://maxcdn.bootstrapcdn.com/bootstrap/3.2.0/css/bootstrap.min.css' [5:107252] Error in media list. (Invalid token "(". Was expecting one of: <S>, <IDENT>.)
Sep 01, 2016 7:05:20 PM com.gargoylesoftware.htmlunit.DefaultCssErrorHandler error
WARNING: CSS error: 'https://maxcdn.bootstrapcdn.com/bootstrap/3.2.0/css/bootstrap.min.css' [5:107342] Error in media list. (Invalid token "(". Was expecting one of: <S>, <IDENT>.)
Sep 01, 2016 7:05:20 PM com.gargoylesoftware.htmlunit.DefaultCssErrorHandler error
WARNING: CSS error: 'https://maxcdn.bootstrapcdn.com/bootstrap/3.2.0/css/bootstrap.min.css' [5:107434] Error in media list. (Invalid token "(". Was expecting one of: <S>, <IDENT>.)
Sep 01, 2016 7:05:20 PM com.gargoylesoftware.htmlunit.DefaultCssErrorHandler error
WARNING: CSS error: 'https://maxcdn.bootstrapcdn.com/bootstrap/3.2.0/css/bootstrap.min.css' [5:107538] Error in media list. (Invalid token "(". Was expecting one of: <S>, <IDENT>.)
Sep 01, 2016 7:05:20 PM com.gargoylesoftware.htmlunit.DefaultCssErrorHandler error
WARNING: CSS error: 'https://maxcdn.bootstrapcdn.com/bootstrap/3.2.0/css/bootstrap.min.css' [5:107753] Error in media list. (Invalid token "(". Was expecting one of: <S>, <IDENT>.)
Sep 01, 2016 7:05:20 PM com.gargoylesoftware.htmlunit.DefaultCssErrorHandler error
WARNING: CSS error: 'https://maxcdn.bootstrapcdn.com/bootstrap/3.2.0/css/bootstrap.min.css' [5:107844] Error in media list. (Invalid token "(". Was expecting one of: <S>, <IDENT>.)
Sep 01, 2016 7:05:20 PM com.gargoylesoftware.htmlunit.DefaultCssErrorHandler error
WARNING: CSS error: 'https://maxcdn.bootstrapcdn.com/bootstrap/3.2.0/css/bootstrap.min.css' [5:107937] Error in media list. (Invalid token "(". Was expecting one of: <S>, <IDENT>.)
Sep 01, 2016 7:05:20 PM com.gargoylesoftware.htmlunit.DefaultCssErrorHandler error
WARNING: CSS error: 'https://maxcdn.bootstrapcdn.com/bootstrap/3.2.0/css/bootstrap.min.css' [5:108042] Error in media list. (Invalid token "(". Was expecting one of: <S>, <IDENT>.)
Sep 01, 2016 7:05:20 PM com.gargoylesoftware.htmlunit.DefaultCssErrorHandler error
WARNING: CSS error: 'https://maxcdn.bootstrapcdn.com/bootstrap/3.2.0/css/bootstrap.min.css' [5:108235] Error in media list. (Invalid token "(". Was expecting one of: <S>, <IDENT>.)
Sep 01, 2016 7:05:20 PM com.gargoylesoftware.htmlunit.DefaultCssErrorHandler error
WARNING: CSS error: 'https://maxcdn.bootstrapcdn.com/bootstrap/3.2.0/css/bootstrap.min.css' [5:108304] Error in media list. (Invalid token "(". Was expecting one of: <S>, <IDENT>.)
Sep 01, 2016 7:05:20 PM com.gargoylesoftware.htmlunit.DefaultCssErrorHandler error
WARNING: CSS error: 'https://maxcdn.bootstrapcdn.com/bootstrap/3.2.0/css/bootstrap.min.css' [5:108375] Error in media list. (Invalid token "(". Was expecting one of: <S>, <IDENT>.)
Sep 01, 2016 7:05:20 PM com.gargoylesoftware.htmlunit.DefaultCssErrorHandler error
WARNING: CSS error: 'https://maxcdn.bootstrapcdn.com/bootstrap/3.2.0/css/bootstrap.min.css' [5:108458] Error in media list. (Invalid token "(". Was expecting one of: <S>, <IDENT>.)
Sep 01, 2016 7:05:20 PM com.gargoylesoftware.htmlunit.DefaultCssErrorHandler error
WARNING: CSS error: 'https://maxcdn.bootstrapcdn.com/bootstrap/3.2.0/css/bootstrap.min.css' [5:108518] Error in media list. (Invalid token "(". Was expecting one of: <S>, <IDENT>.)
Sep 01, 2016 7:05:20 PM com.gargoylesoftware.htmlunit.DefaultCssErrorHandler error
WARNING: CSS error: 'https://maxcdn.bootstrapcdn.com/bootstrap/3.2.0/css/bootstrap.min.css' [5:108600] Error in media list. (Invalid token "(". Was expecting one of: <S>, <IDENT>.)
Sep 01, 2016 7:05:20 PM com.gargoylesoftware.htmlunit.DefaultCssErrorHandler error
WARNING: CSS error: 'https://maxcdn.bootstrapcdn.com/bootstrap/3.2.0/css/bootstrap.min.css' [5:108683] Error in media list. (Invalid token "(". Was expecting one of: <S>, <IDENT>.)
[qtp261787418-18] ERROR spark.webserver.MatcherFilter - 
java.lang.NullPointerException
	at spark.template.velocity.VelocityTemplateEngine.render(VelocityTemplateEngine.java:67)
	at spark.TemplateViewRouteImpl$1.render(TemplateViewRouteImpl.java:61)
	at spark.TemplateViewRouteImpl$1.render(TemplateViewRouteImpl.java:58)
	at spark.TemplateViewRouteImpl.render(TemplateViewRouteImpl.java:85)
	at spark.webserver.MatcherFilter.doFilter(MatcherFilter.java:164)
	at spark.webserver.JettyHandler.doHandle(JettyHandler.java:61)
	at org.eclipse.jetty.server.session.SessionHandler.doScope(SessionHandler.java:189)
	at org.eclipse.jetty.server.handler.ScopedHandler.handle(ScopedHandler.java:141)
	at org.eclipse.jetty.server.handler.HandlerList.handle(HandlerList.java:52)
	at org.eclipse.jetty.server.handler.HandlerWrapper.handle(HandlerWrapper.java:119)
	at org.eclipse.jetty.server.Server.handle(Server.java:517)
	at org.eclipse.jetty.server.HttpChannel.handle(HttpChannel.java:302)
	at org.eclipse.jetty.server.HttpConnection.onFillable(HttpConnection.java:242)
	at org.eclipse.jetty.io.AbstractConnection$ReadCallback.succeeded(AbstractConnection.java:245)
	at org.eclipse.jetty.io.FillInterest.fillable(FillInterest.java:95)
	at org.eclipse.jetty.io.SelectChannelEndPoint$2.run(SelectChannelEndPoint.java:75)
	at org.eclipse.jetty.util.thread.strategy.ExecuteProduceConsume.produceAndRun(ExecuteProduceConsume.java:213)
	at org.eclipse.jetty.util.thread.strategy.ExecuteProduceConsume.run(ExecuteProduceConsume.java:147)
	at org.eclipse.jetty.util.thread.QueuedThreadPool.runJob(QueuedThreadPool.java:654)
	at org.eclipse.jetty.util.thread.QueuedThreadPool$3.run(QueuedThreadPool.java:572)
	at java.lang.Thread.run(Thread.java:745)
[qtp261787418-19] ERROR spark.webserver.MatcherFilter - 
java.lang.NullPointerException
	at spark.template.velocity.VelocityTemplateEngine.render(VelocityTemplateEngine.java:67)
	at spark.TemplateViewRouteImpl$1.render(TemplateViewRouteImpl.java:61)
	at spark.TemplateViewRouteImpl$1.render(TemplateViewRouteImpl.java:58)
	at spark.TemplateViewRouteImpl.render(TemplateViewRouteImpl.java:85)
	at spark.webserver.MatcherFilter.doFilter(MatcherFilter.java:164)
	at spark.webserver.JettyHandler.doHandle(JettyHandler.java:61)
	at org.eclipse.jetty.server.session.SessionHandler.doScope(SessionHandler.java:189)
	at org.eclipse.jetty.server.handler.ScopedHandler.handle(ScopedHandler.java:141)
	at org.eclipse.jetty.server.handler.HandlerList.handle(HandlerList.java:52)
	at org.eclipse.jetty.server.handler.HandlerWrapper.handle(HandlerWrapper.java:119)
	at org.eclipse.jetty.server.Server.handle(Server.java:517)
	at org.eclipse.jetty.server.HttpChannel.handle(HttpChannel.java:302)
	at org.eclipse.jetty.server.HttpConnection.onFillable(HttpConnection.java:242)
	at org.eclipse.jetty.io.AbstractConnection$ReadCallback.succeeded(AbstractConnection.java:245)
	at org.eclipse.jetty.io.FillInterest.fillable(FillInterest.java:95)
	at org.eclipse.jetty.io.SelectChannelEndPoint$2.run(SelectChannelEndPoint.java:75)
	at org.eclipse.jetty.util.thread.strategy.ExecuteProduceConsume.produceAndRun(ExecuteProduceConsume.java:213)
	at org.eclipse.jetty.util.thread.strategy.ExecuteProduceConsume.run(ExecuteProduceConsume.java:147)
	at org.eclipse.jetty.util.thread.QueuedThreadPool.runJob(QueuedThreadPool.java:654)
	at org.eclipse.jetty.util.thread.QueuedThreadPool$3.run(QueuedThreadPool.java:572)
	at java.lang.Thread.run(Thread.java:745)
[qtp261787418-14] ERROR spark.webserver.MatcherFilter - 
java.lang.NullPointerException
	at spark.template.velocity.VelocityTemplateEngine.render(VelocityTemplateEngine.java:67)
	at spark.TemplateViewRouteImpl$1.render(TemplateViewRouteImpl.java:61)
	at spark.TemplateViewRouteImpl$1.render(TemplateViewRouteImpl.java:58)
	at spark.TemplateViewRouteImpl.render(TemplateViewRouteImpl.java:85)
	at spark.webserver.MatcherFilter.doFilter(MatcherFilter.java:164)
	at spark.webserver.JettyHandler.doHandle(JettyHandler.java:61)
	at org.eclipse.jetty.server.session.SessionHandler.doScope(SessionHandler.java:189)
	at org.eclipse.jetty.server.handler.ScopedHandler.handle(ScopedHandler.java:141)
	at org.eclipse.jetty.server.handler.HandlerList.handle(HandlerList.java:52)
	at org.eclipse.jetty.server.handler.HandlerWrapper.handle(HandlerWrapper.java:119)
	at org.eclipse.jetty.server.Server.handle(Server.java:517)
	at org.eclipse.jetty.server.HttpChannel.handle(HttpChannel.java:302)
	at org.eclipse.jetty.server.HttpConnection.onFillable(HttpConnection.java:242)
	at org.eclipse.jetty.io.AbstractConnection$ReadCallback.succeeded(AbstractConnection.java:245)
	at org.eclipse.jetty.io.FillInterest.fillable(FillInterest.java:95)
	at org.eclipse.jetty.io.SelectChannelEndPoint$2.run(SelectChannelEndPoint.java:75)
	at org.eclipse.jetty.util.thread.strategy.ExecuteProduceConsume.produceAndRun(ExecuteProduceConsume.java:213)
	at org.eclipse.jetty.util.thread.strategy.ExecuteProduceConsume.run(ExecuteProduceConsume.java:147)
	at org.eclipse.jetty.util.thread.QueuedThreadPool.runJob(QueuedThreadPool.java:654)
	at org.eclipse.jetty.util.thread.QueuedThreadPool$3.run(QueuedThreadPool.java:572)
	at java.lang.Thread.run(Thread.java:745)
[qtp261787418-16] ERROR spark.webserver.MatcherFilter - 
java.lang.NullPointerException
	at spark.template.velocity.VelocityTemplateEngine.render(VelocityTemplateEngine.java:67)
	at spark.TemplateViewRouteImpl$1.render(TemplateViewRouteImpl.java:61)
	at spark.TemplateViewRouteImpl$1.render(TemplateViewRouteImpl.java:58)
	at spark.TemplateViewRouteImpl.render(TemplateViewRouteImpl.java:85)
	at spark.webserver.MatcherFilter.doFilter(MatcherFilter.java:164)
	at spark.webserver.JettyHandler.doHandle(JettyHandler.java:61)
	at org.eclipse.jetty.server.session.SessionHandler.doScope(SessionHandler.java:189)
	at org.eclipse.jetty.server.handler.ScopedHandler.handle(ScopedHandler.java:141)
	at org.eclipse.jetty.server.handler.HandlerList.handle(HandlerList.java:52)
	at org.eclipse.jetty.server.handler.HandlerWrapper.handle(HandlerWrapper.java:119)
	at org.eclipse.jetty.server.Server.handle(Server.java:517)
	at org.eclipse.jetty.server.HttpChannel.handle(HttpChannel.java:302)
	at org.eclipse.jetty.server.HttpConnection.onFillable(HttpConnection.java:242)
	at org.eclipse.jetty.io.AbstractConnection$ReadCallback.succeeded(AbstractConnection.java:245)
	at org.eclipse.jetty.io.FillInterest.fillable(FillInterest.java:95)
	at org.eclipse.jetty.io.SelectChannelEndPoint$2.run(SelectChannelEndPoint.java:75)
	at org.eclipse.jetty.util.thread.strategy.ExecuteProduceConsume.produceAndRun(ExecuteProduceConsume.java:213)
	at org.eclipse.jetty.util.thread.strategy.ExecuteProduceConsume.run(ExecuteProduceConsume.java:147)
	at org.eclipse.jetty.util.thread.QueuedThreadPool.runJob(QueuedThreadPool.java:654)
	at org.eclipse.jetty.util.thread.QueuedThreadPool$3.run(QueuedThreadPool.java:572)
	at java.lang.Thread.run(Thread.java:745)
[qtp261787418-14] ERROR spark.webserver.MatcherFilter - 
java.lang.NullPointerException
	at spark.template.velocity.VelocityTemplateEngine.render(VelocityTemplateEngine.java:67)
	at spark.TemplateViewRouteImpl$1.render(TemplateViewRouteImpl.java:61)
	at spark.TemplateViewRouteImpl$1.render(TemplateViewRouteImpl.java:58)
	at spark.TemplateViewRouteImpl.render(TemplateViewRouteImpl.java:85)
	at spark.webserver.MatcherFilter.doFilter(MatcherFilter.java:164)
	at spark.webserver.JettyHandler.doHandle(JettyHandler.java:61)
	at org.eclipse.jetty.server.session.SessionHandler.doScope(SessionHandler.java:189)
	at org.eclipse.jetty.server.handler.ScopedHandler.handle(ScopedHandler.java:141)
	at org.eclipse.jetty.server.handler.HandlerList.handle(HandlerList.java:52)
	at org.eclipse.jetty.server.handler.HandlerWrapper.handle(HandlerWrapper.java:119)
	at org.eclipse.jetty.server.Server.handle(Server.java:517)
	at org.eclipse.jetty.server.HttpChannel.handle(HttpChannel.java:302)
	at org.eclipse.jetty.server.HttpConnection.onFillable(HttpConnection.java:242)
	at org.eclipse.jetty.io.AbstractConnection$ReadCallback.succeeded(AbstractConnection.java:245)
	at org.eclipse.jetty.io.FillInterest.fillable(FillInterest.java:95)
	at org.eclipse.jetty.io.SelectChannelEndPoint$2.run(SelectChannelEndPoint.java:75)
	at org.eclipse.jetty.util.thread.strategy.ExecuteProduceConsume.produceAndRun(ExecuteProduceConsume.java:213)
	at org.eclipse.jetty.util.thread.strategy.ExecuteProduceConsume.run(ExecuteProduceConsume.java:147)
	at org.eclipse.jetty.util.thread.QueuedThreadPool.runJob(QueuedThreadPool.java:654)
	at org.eclipse.jetty.util.thread.QueuedThreadPool$3.run(QueuedThreadPool.java:572)
	at java.lang.Thread.run(Thread.java:745)
Sep 01, 2016 7:05:22 PM com.gargoylesoftware.htmlunit.DefaultCssErrorHandler error
WARNING: CSS error: 'https://maxcdn.bootstrapcdn.com/bootstrap/3.2.0/css/bootstrap.min.css' [5:14693] Error in media list. (Invalid token "(". Was expecting one of: <S>, <IDENT>.)
Sep 01, 2016 7:05:22 PM com.gargoylesoftware.htmlunit.DefaultCssErrorHandler error
WARNING: CSS error: 'https://maxcdn.bootstrapcdn.com/bootstrap/3.2.0/css/bootstrap.min.css' [5:16291] Error in media list. (Invalid token "(". Was expecting one of: <S>, <IDENT>.)
Sep 01, 2016 7:05:22 PM com.gargoylesoftware.htmlunit.DefaultCssErrorHandler error
WARNING: CSS error: 'https://maxcdn.bootstrapcdn.com/bootstrap/3.2.0/css/bootstrap.min.css' [5:18566] Error in media list. (Invalid token "(". Was expecting one of: <S>, <IDENT>.)
Sep 01, 2016 7:05:22 PM com.gargoylesoftware.htmlunit.DefaultCssErrorHandler error
WARNING: CSS error: 'https://maxcdn.bootstrapcdn.com/bootstrap/3.2.0/css/bootstrap.min.css' [5:18615] Error in media list. (Invalid token "(". Was expecting one of: <S>, <IDENT>.)
Sep 01, 2016 7:05:22 PM com.gargoylesoftware.htmlunit.DefaultCssErrorHandler error
WARNING: CSS error: 'https://maxcdn.bootstrapcdn.com/bootstrap/3.2.0/css/bootstrap.min.css' [5:18664] Error in media list. (Invalid token "(". Was expecting one of: <S>, <IDENT>.)
Sep 01, 2016 7:05:22 PM com.gargoylesoftware.htmlunit.DefaultCssErrorHandler error
WARNING: CSS error: 'https://maxcdn.bootstrapcdn.com/bootstrap/3.2.0/css/bootstrap.min.css' [5:21148] Error in media list. (Invalid token "(". Was expecting one of: <S>, <IDENT>.)
Sep 01, 2016 7:05:22 PM com.gargoylesoftware.htmlunit.DefaultCssErrorHandler error
WARNING: CSS error: 'https://maxcdn.bootstrapcdn.com/bootstrap/3.2.0/css/bootstrap.min.css' [5:22914] Error in media list. (Invalid token "(". Was expecting one of: <S>, <IDENT>.)
Sep 01, 2016 7:05:22 PM com.gargoylesoftware.htmlunit.DefaultCssErrorHandler error
WARNING: CSS error: 'https://maxcdn.bootstrapcdn.com/bootstrap/3.2.0/css/bootstrap.min.css' [5:24680] Error in media list. (Invalid token "(". Was expecting one of: <S>, <IDENT>.)
Sep 01, 2016 7:05:22 PM com.gargoylesoftware.htmlunit.DefaultCssErrorHandler error
WARNING: CSS error: 'https://maxcdn.bootstrapcdn.com/bootstrap/3.2.0/css/bootstrap.min.css' [5:30763] Error in @media rule. (Invalid token "and". Was expecting one of: <S>, <LBRACE>, <COMMA>.)
Sep 01, 2016 7:05:22 PM com.gargoylesoftware.htmlunit.DefaultCssErrorHandler warning
WARNING: CSS warning: 'https://maxcdn.bootstrapcdn.com/bootstrap/3.2.0/css/bootstrap.min.css' [5:30763] Ignoring the whole rule.
Sep 01, 2016 7:05:22 PM com.gargoylesoftware.htmlunit.DefaultCssErrorHandler error
WARNING: CSS error: 'https://maxcdn.bootstrapcdn.com/bootstrap/3.2.0/css/bootstrap.min.css' [5:38743] Error in media list. (Invalid token "(". Was expecting one of: <S>, <IDENT>.)
Sep 01, 2016 7:05:22 PM com.gargoylesoftware.htmlunit.DefaultCssErrorHandler error
WARNING: CSS error: 'https://maxcdn.bootstrapcdn.com/bootstrap/3.2.0/css/bootstrap.min.css' [5:39908] Error in media list. (Invalid token "(". Was expecting one of: <S>, <IDENT>.)
Sep 01, 2016 7:05:22 PM com.gargoylesoftware.htmlunit.DefaultCssErrorHandler error
WARNING: CSS error: 'https://maxcdn.bootstrapcdn.com/bootstrap/3.2.0/css/bootstrap.min.css' [5:40086] Error in media list. (Invalid token "(". Was expecting one of: <S>, <IDENT>.)
Sep 01, 2016 7:05:22 PM com.gargoylesoftware.htmlunit.DefaultCssErrorHandler error
WARNING: CSS error: 'https://maxcdn.bootstrapcdn.com/bootstrap/3.2.0/css/bootstrap.min.css' [5:40178] Error in media list. (Invalid token "(". Was expecting one of: <S>, <IDENT>.)
Sep 01, 2016 7:05:22 PM com.gargoylesoftware.htmlunit.DefaultCssErrorHandler error
WARNING: CSS error: 'https://maxcdn.bootstrapcdn.com/bootstrap/3.2.0/css/bootstrap.min.css' [5:49282] Error in expression; ':' found after identifier "progid".
Sep 01, 2016 7:05:22 PM com.gargoylesoftware.htmlunit.DefaultCssErrorHandler error
WARNING: CSS error: 'https://maxcdn.bootstrapcdn.com/bootstrap/3.2.0/css/bootstrap.min.css' [5:49917] Error in media list. (Invalid token "(". Was expecting one of: <S>, <IDENT>.)
Sep 01, 2016 7:05:22 PM com.gargoylesoftware.htmlunit.DefaultCssErrorHandler error
WARNING: CSS error: 'https://maxcdn.bootstrapcdn.com/bootstrap/3.2.0/css/bootstrap.min.css' [5:58448] Error in media list. (Invalid token "(". Was expecting one of: <S>, <IDENT>.)
Sep 01, 2016 7:05:22 PM com.gargoylesoftware.htmlunit.DefaultCssErrorHandler error
WARNING: CSS error: 'https://maxcdn.bootstrapcdn.com/bootstrap/3.2.0/css/bootstrap.min.css' [5:58772] Error in media list. (Invalid token "(". Was expecting one of: <S>, <IDENT>.)
Sep 01, 2016 7:05:22 PM com.gargoylesoftware.htmlunit.DefaultCssErrorHandler error
WARNING: CSS error: 'https://maxcdn.bootstrapcdn.com/bootstrap/3.2.0/css/bootstrap.min.css' [5:59475] Error in media list. (Invalid token "(". Was expecting one of: <S>, <IDENT>.)
Sep 01, 2016 7:05:22 PM com.gargoylesoftware.htmlunit.DefaultCssErrorHandler error
WARNING: CSS error: 'https://maxcdn.bootstrapcdn.com/bootstrap/3.2.0/css/bootstrap.min.css' [5:59801] Error in media list. (Invalid token "(". Was expecting one of: <S>, <IDENT>.)
Sep 01, 2016 7:05:22 PM com.gargoylesoftware.htmlunit.DefaultCssErrorHandler error
WARNING: CSS error: 'https://maxcdn.bootstrapcdn.com/bootstrap/3.2.0/css/bootstrap.min.css' [5:60287] Error in media list. (Invalid token "(". Was expecting one of: <S>, <IDENT>.)
Sep 01, 2016 7:05:22 PM com.gargoylesoftware.htmlunit.DefaultCssErrorHandler error
WARNING: CSS error: 'https://maxcdn.bootstrapcdn.com/bootstrap/3.2.0/css/bootstrap.min.css' [5:60339] Error in media list. (Invalid token "(". Was expecting one of: <S>, <IDENT>.)
Sep 01, 2016 7:05:22 PM com.gargoylesoftware.htmlunit.DefaultCssErrorHandler error
WARNING: CSS error: 'https://maxcdn.bootstrapcdn.com/bootstrap/3.2.0/css/bootstrap.min.css' [5:60666] Error in media list. (Invalid token "(". Was expecting one of: <S>, <IDENT>.)
Sep 01, 2016 7:05:22 PM com.gargoylesoftware.htmlunit.DefaultCssErrorHandler error
WARNING: CSS error: 'https://maxcdn.bootstrapcdn.com/bootstrap/3.2.0/css/bootstrap.min.css' [5:61158] Error in media list. (Invalid token "(". Was expecting one of: <S>, <IDENT>.)
Sep 01, 2016 7:05:22 PM com.gargoylesoftware.htmlunit.DefaultCssErrorHandler error
WARNING: CSS error: 'https://maxcdn.bootstrapcdn.com/bootstrap/3.2.0/css/bootstrap.min.css' [5:61459] Error in media list. (Invalid token "(". Was expecting one of: <S>, <IDENT>.)
Sep 01, 2016 7:05:22 PM com.gargoylesoftware.htmlunit.DefaultCssErrorHandler error
WARNING: CSS error: 'https://maxcdn.bootstrapcdn.com/bootstrap/3.2.0/css/bootstrap.min.css' [5:61687] Error in media list. (Invalid token "(". Was expecting one of: <S>, <IDENT>.)
Sep 01, 2016 7:05:22 PM com.gargoylesoftware.htmlunit.DefaultCssErrorHandler error
WARNING: CSS error: 'https://maxcdn.bootstrapcdn.com/bootstrap/3.2.0/css/bootstrap.min.css' [5:61928] Error in media list. (Invalid token "(". Was expecting one of: <S>, <IDENT>.)
Sep 01, 2016 7:05:22 PM com.gargoylesoftware.htmlunit.DefaultCssErrorHandler error
WARNING: CSS error: 'https://maxcdn.bootstrapcdn.com/bootstrap/3.2.0/css/bootstrap.min.css' [5:62269] Error in media list. (Invalid token "(". Was expecting one of: <S>, <IDENT>.)
Sep 01, 2016 7:05:22 PM com.gargoylesoftware.htmlunit.DefaultCssErrorHandler error
WARNING: CSS error: 'https://maxcdn.bootstrapcdn.com/bootstrap/3.2.0/css/bootstrap.min.css' [5:62756] Error in media list. (Invalid token "(". Was expecting one of: <S>, <IDENT>.)
Sep 01, 2016 7:05:22 PM com.gargoylesoftware.htmlunit.DefaultCssErrorHandler error
WARNING: CSS error: 'https://maxcdn.bootstrapcdn.com/bootstrap/3.2.0/css/bootstrap.min.css' [5:62912] Error in media list. (Invalid token "(". Was expecting one of: <S>, <IDENT>.)
Sep 01, 2016 7:05:22 PM com.gargoylesoftware.htmlunit.DefaultCssErrorHandler error
WARNING: CSS error: 'https://maxcdn.bootstrapcdn.com/bootstrap/3.2.0/css/bootstrap.min.css' [5:63379] Error in media list. (Invalid token "(". Was expecting one of: <S>, <IDENT>.)
Sep 01, 2016 7:05:22 PM com.gargoylesoftware.htmlunit.DefaultCssErrorHandler error
WARNING: CSS error: 'https://maxcdn.bootstrapcdn.com/bootstrap/3.2.0/css/bootstrap.min.css' [5:63572] Error in media list. (Invalid token "(". Was expecting one of: <S>, <IDENT>.)
Sep 01, 2016 7:05:22 PM com.gargoylesoftware.htmlunit.DefaultCssErrorHandler error
WARNING: CSS error: 'https://maxcdn.bootstrapcdn.com/bootstrap/3.2.0/css/bootstrap.min.css' [5:63996] Error in media list. (Invalid token "(". Was expecting one of: <S>, <IDENT>.)
Sep 01, 2016 7:05:22 PM com.gargoylesoftware.htmlunit.DefaultCssErrorHandler error
WARNING: CSS error: 'https://maxcdn.bootstrapcdn.com/bootstrap/3.2.0/css/bootstrap.min.css' [5:64867] Error in media list. (Invalid token "(". Was expecting one of: <S>, <IDENT>.)
Sep 01, 2016 7:05:22 PM com.gargoylesoftware.htmlunit.DefaultCssErrorHandler error
WARNING: CSS error: 'https://maxcdn.bootstrapcdn.com/bootstrap/3.2.0/css/bootstrap.min.css' [5:64936] Error in media list. (Invalid token "(". Was expecting one of: <S>, <IDENT>.)
Sep 01, 2016 7:05:22 PM com.gargoylesoftware.htmlunit.DefaultCssErrorHandler error
WARNING: CSS error: 'https://maxcdn.bootstrapcdn.com/bootstrap/3.2.0/css/bootstrap.min.css' [5:65554] Error in media list. (Invalid token "(". Was expecting one of: <S>, <IDENT>.)
Sep 01, 2016 7:05:22 PM com.gargoylesoftware.htmlunit.DefaultCssErrorHandler error
WARNING: CSS error: 'https://maxcdn.bootstrapcdn.com/bootstrap/3.2.0/css/bootstrap.min.css' [5:66892] Error in media list. (Invalid token "(". Was expecting one of: <S>, <IDENT>.)
Sep 01, 2016 7:05:22 PM com.gargoylesoftware.htmlunit.DefaultCssErrorHandler error
WARNING: CSS error: 'https://maxcdn.bootstrapcdn.com/bootstrap/3.2.0/css/bootstrap.min.css' [5:69193] Error in media list. (Invalid token "(". Was expecting one of: <S>, <IDENT>.)
Sep 01, 2016 7:05:22 PM com.gargoylesoftware.htmlunit.DefaultCssErrorHandler error
WARNING: CSS error: 'https://maxcdn.bootstrapcdn.com/bootstrap/3.2.0/css/bootstrap.min.css' [5:74964] Error in @media rule. (Invalid token "and". Was expecting one of: <S>, <LBRACE>, <COMMA>.)
Sep 01, 2016 7:05:22 PM com.gargoylesoftware.htmlunit.DefaultCssErrorHandler warning
WARNING: CSS warning: 'https://maxcdn.bootstrapcdn.com/bootstrap/3.2.0/css/bootstrap.min.css' [5:74964] Ignoring the whole rule.
Sep 01, 2016 7:05:22 PM com.gargoylesoftware.htmlunit.DefaultCssErrorHandler error
WARNING: CSS error: 'https://maxcdn.bootstrapcdn.com/bootstrap/3.2.0/css/bootstrap.min.css' [5:97355] Error in media list. (Invalid token "(". Was expecting one of: <S>, <IDENT>.)
Sep 01, 2016 7:05:23 PM com.gargoylesoftware.htmlunit.DefaultCssErrorHandler error
WARNING: CSS error: 'https://maxcdn.bootstrapcdn.com/bootstrap/3.2.0/css/bootstrap.min.css' [5:97543] Error in media list. (Invalid token "(". Was expecting one of: <S>, <IDENT>.)
Sep 01, 2016 7:05:23 PM com.gargoylesoftware.htmlunit.DefaultCssErrorHandler error
WARNING: CSS error: 'https://maxcdn.bootstrapcdn.com/bootstrap/3.2.0/css/bootstrap.min.css' [5:102209] Error in expression; ':' found after identifier "progid".
Sep 01, 2016 7:05:23 PM com.gargoylesoftware.htmlunit.DefaultCssErrorHandler error
WARNING: CSS error: 'https://maxcdn.bootstrapcdn.com/bootstrap/3.2.0/css/bootstrap.min.css' [5:102752] Error in expression; ':' found after identifier "progid".
Sep 01, 2016 7:05:23 PM com.gargoylesoftware.htmlunit.DefaultCssErrorHandler error
WARNING: CSS error: 'https://maxcdn.bootstrapcdn.com/bootstrap/3.2.0/css/bootstrap.min.css' [5:104304] Error in @media rule. (Invalid token "and". Was expecting one of: <S>, <LBRACE>, <COMMA>.)
Sep 01, 2016 7:05:23 PM com.gargoylesoftware.htmlunit.DefaultCssErrorHandler warning
WARNING: CSS warning: 'https://maxcdn.bootstrapcdn.com/bootstrap/3.2.0/css/bootstrap.min.css' [5:104304] Ignoring the whole rule.
Sep 01, 2016 7:05:23 PM com.gargoylesoftware.htmlunit.DefaultCssErrorHandler error
WARNING: CSS error: 'https://maxcdn.bootstrapcdn.com/bootstrap/3.2.0/css/bootstrap.min.css' [5:106626] Error in media list. (Invalid token "(". Was expecting one of: <S>, <IDENT>.)
Sep 01, 2016 7:05:23 PM com.gargoylesoftware.htmlunit.DefaultCssErrorHandler error
WARNING: CSS error: 'https://maxcdn.bootstrapcdn.com/bootstrap/3.2.0/css/bootstrap.min.css' [5:106818] Error in media list. (Invalid token "(". Was expecting one of: <S>, <IDENT>.)
Sep 01, 2016 7:05:23 PM com.gargoylesoftware.htmlunit.DefaultCssErrorHandler error
WARNING: CSS error: 'https://maxcdn.bootstrapcdn.com/bootstrap/3.2.0/css/bootstrap.min.css' [5:106886] Error in media list. (Invalid token "(". Was expecting one of: <S>, <IDENT>.)
Sep 01, 2016 7:05:23 PM com.gargoylesoftware.htmlunit.DefaultCssErrorHandler error
WARNING: CSS error: 'https://maxcdn.bootstrapcdn.com/bootstrap/3.2.0/css/bootstrap.min.css' [5:106956] Error in media list. (Invalid token "(". Was expecting one of: <S>, <IDENT>.)
Sep 01, 2016 7:05:23 PM com.gargoylesoftware.htmlunit.DefaultCssErrorHandler error
WARNING: CSS error: 'https://maxcdn.bootstrapcdn.com/bootstrap/3.2.0/css/bootstrap.min.css' [5:107038] Error in media list. (Invalid token "(". Was expecting one of: <S>, <IDENT>.)
Sep 01, 2016 7:05:23 PM com.gargoylesoftware.htmlunit.DefaultCssErrorHandler error
WARNING: CSS error: 'https://maxcdn.bootstrapcdn.com/bootstrap/3.2.0/css/bootstrap.min.css' [5:107252] Error in media list. (Invalid token "(". Was expecting one of: <S>, <IDENT>.)
Sep 01, 2016 7:05:23 PM com.gargoylesoftware.htmlunit.DefaultCssErrorHandler error
WARNING: CSS error: 'https://maxcdn.bootstrapcdn.com/bootstrap/3.2.0/css/bootstrap.min.css' [5:107342] Error in media list. (Invalid token "(". Was expecting one of: <S>, <IDENT>.)
Sep 01, 2016 7:05:23 PM com.gargoylesoftware.htmlunit.DefaultCssErrorHandler error
WARNING: CSS error: 'https://maxcdn.bootstrapcdn.com/bootstrap/3.2.0/css/bootstrap.min.css' [5:107434] Error in media list. (Invalid token "(". Was expecting one of: <S>, <IDENT>.)
Sep 01, 2016 7:05:23 PM com.gargoylesoftware.htmlunit.DefaultCssErrorHandler error
WARNING: CSS error: 'https://maxcdn.bootstrapcdn.com/bootstrap/3.2.0/css/bootstrap.min.css' [5:107538] Error in media list. (Invalid token "(". Was expecting one of: <S>, <IDENT>.)
Sep 01, 2016 7:05:23 PM com.gargoylesoftware.htmlunit.DefaultCssErrorHandler error
WARNING: CSS error: 'https://maxcdn.bootstrapcdn.com/bootstrap/3.2.0/css/bootstrap.min.css' [5:107753] Error in media list. (Invalid token "(". Was expecting one of: <S>, <IDENT>.)
Sep 01, 2016 7:05:23 PM com.gargoylesoftware.htmlunit.DefaultCssErrorHandler error
WARNING: CSS error: 'https://maxcdn.bootstrapcdn.com/bootstrap/3.2.0/css/bootstrap.min.css' [5:107844] Error in media list. (Invalid token "(". Was expecting one of: <S>, <IDENT>.)
Sep 01, 2016 7:05:23 PM com.gargoylesoftware.htmlunit.DefaultCssErrorHandler error
WARNING: CSS error: 'https://maxcdn.bootstrapcdn.com/bootstrap/3.2.0/css/bootstrap.min.css' [5:107937] Error in media list. (Invalid token "(". Was expecting one of: <S>, <IDENT>.)
Sep 01, 2016 7:05:23 PM com.gargoylesoftware.htmlunit.DefaultCssErrorHandler error
WARNING: CSS error: 'https://maxcdn.bootstrapcdn.com/bootstrap/3.2.0/css/bootstrap.min.css' [5:108042] Error in media list. (Invalid token "(". Was expecting one of: <S>, <IDENT>.)
Sep 01, 2016 7:05:23 PM com.gargoylesoftware.htmlunit.DefaultCssErrorHandler error
WARNING: CSS error: 'https://maxcdn.bootstrapcdn.com/bootstrap/3.2.0/css/bootstrap.min.css' [5:108235] Error in media list. (Invalid token "(". Was expecting one of: <S>, <IDENT>.)
Sep 01, 2016 7:05:23 PM com.gargoylesoftware.htmlunit.DefaultCssErrorHandler error
WARNING: CSS error: 'https://maxcdn.bootstrapcdn.com/bootstrap/3.2.0/css/bootstrap.min.css' [5:108304] Error in media list. (Invalid token "(". Was expecting one of: <S>, <IDENT>.)
Sep 01, 2016 7:05:23 PM com.gargoylesoftware.htmlunit.DefaultCssErrorHandler error
WARNING: CSS error: 'https://maxcdn.bootstrapcdn.com/bootstrap/3.2.0/css/bootstrap.min.css' [5:108375] Error in media list. (Invalid token "(". Was expecting one of: <S>, <IDENT>.)
Sep 01, 2016 7:05:23 PM com.gargoylesoftware.htmlunit.DefaultCssErrorHandler error
WARNING: CSS error: 'https://maxcdn.bootstrapcdn.com/bootstrap/3.2.0/css/bootstrap.min.css' [5:108458] Error in media list. (Invalid token "(". Was expecting one of: <S>, <IDENT>.)
Sep 01, 2016 7:05:23 PM com.gargoylesoftware.htmlunit.DefaultCssErrorHandler error
WARNING: CSS error: 'https://maxcdn.bootstrapcdn.com/bootstrap/3.2.0/css/bootstrap.min.css' [5:108518] Error in media list. (Invalid token "(". Was expecting one of: <S>, <IDENT>.)
Sep 01, 2016 7:05:23 PM com.gargoylesoftware.htmlunit.DefaultCssErrorHandler error
WARNING: CSS error: 'https://maxcdn.bootstrapcdn.com/bootstrap/3.2.0/css/bootstrap.min.css' [5:108600] Error in media list. (Invalid token "(". Was expecting one of: <S>, <IDENT>.)
Sep 01, 2016 7:05:23 PM com.gargoylesoftware.htmlunit.DefaultCssErrorHandler error
WARNING: CSS error: 'https://maxcdn.bootstrapcdn.com/bootstrap/3.2.0/css/bootstrap.min.css' [5:108683] Error in media list. (Invalid token "(". Was expecting one of: <S>, <IDENT>.)
[Test worker] INFO spark.webserver.JettySparkServer - >>> Spark shutting down ...
[Test worker] INFO org.eclipse.jetty.server.ServerConnector - Stopped ServerConnector@689f3260{HTTP/1.1,[http/1.1]}{0.0.0.0:4567}
[Test worker] INFO spark.webserver.JettySparkServer - done
]]></system-err>
</testsuite>
