<?xml version="1.0" encoding="UTF-8"?>
<testsuite name="ArticleTest" tests="23" skipped="0" failures="0" errors="0" timestamp="2016-10-09T09:40:20" hostname="oems-MBP.station" time="1.695">
  <properties/>
  <testcase name="getAuthorByLine_retrievesAuthorByLineCorrectly_authorByLine" classname="ArticleTest" time="0.014"/>
  <testcase name="getTitle_retrievesTitleCorrectly_title" classname="ArticleTest" time="0.013"/>
  <testcase name="getBody_retrievesBodyCorrectly_body" classname="ArticleTest" time="0.011"/>
  <testcase name="editTitle_editTitleCorrectly_title2" classname="ArticleTest" time="0.044"/>
  <testcase name="delete_deletesArticleCorrectlyFromArticleTableAndJoinTable_1" classname="ArticleTest" time="0.146"/>
  <testcase name="editSubtitle_editSubtitleCorrectly_Subtitle2" classname="ArticleTest" time="0.06"/>
  <testcase name="editSubhead_editSubheadCorrectly_subhead2" classname="ArticleTest" time="0.052"/>
  <testcase name="editBody_editBodyCorrectly_body2" classname="ArticleTest" time="0.061"/>
  <testcase name="editAuthorByLine_editAuthorByLineCorrectly_authorByLine2" classname="ArticleTest" time="0.047"/>
  <testcase name="save_savesArticlesCorrectly_true" classname="ArticleTest" time="0.038"/>
  <testcase name="getArticlesForPage_returnsTwelveArticles_12" classname="ArticleTest" time="0.434"/>
  <testcase name="editPicture_editPictureCorrectly_picture2" classname="ArticleTest" time="0.042"/>
  <testcase name="find_retrieveArticleFromDatabaseById_article" classname="ArticleTest" time="0.039"/>
  <testcase name="edit_editArticleCorrectly_true" classname="ArticleTest" time="0.051"/>
  <testcase name="editShortTitle_editShortTitleCorrectly_shortTitle2" classname="ArticleTest" time="0.056"/>
  <testcase name="article_instantiatesCorrectly_true" classname="ArticleTest" time="0.01"/>
  <testcase name="getShortTitle_retrievesShortTitleCorrectly_ShortTitle" classname="ArticleTest" time="0.027"/>
  <testcase name="getAuthor_retrievesAuthorByLineCorrectly_author" classname="ArticleTest" time="0.012"/>
  <testcase name="isLastPage_returnsCorrectBooleans_trueFalse" classname="ArticleTest" time="0.419"/>
  <testcase name="getPicture_retrievesPictureCorrectly_picture" classname="ArticleTest" time="0.018"/>
  <testcase name="getSubtitle_retrievesSubtitleCorrectly_subtitle" classname="ArticleTest" time="0.017"/>
  <testcase name="getSubhead_retrievesSubheadCorrectly_subhead" classname="ArticleTest" time="0.017"/>
  <testcase name="getBodyPreview_returnsShorterVersionOfTheString" classname="ArticleTest" time="0.011"/>
  <system-out><![CDATA[]]></system-out>
  <system-err><![CDATA[]]></system-err>
</testsuite>
