<?xml version="1.0" encoding="UTF-8"?>
<testsuite name="AuthorTest" tests="15" skipped="0" failures="0" errors="0" timestamp="2016-08-19T15:42:32" hostname="oems-MBP.station" time="0.006">
  <properties/>
  <testcase name="editBio_editBioCorrectly_bio" classname="AuthorTest" time="0.002"/>
  <testcase name="editFacebook_editFacebookCorrectly_facebookLink2" classname="AuthorTest" time="0.001"/>
  <testcase name="editPicture_editPictureCorrectly_newUrl" classname="AuthorTest" time="0.0"/>
  <testcase name="getBio_retrievesBioCorrectly_born_in_may" classname="AuthorTest" time="0.0"/>
  <testcase name="getName_retrievesNameCorrectly_reporter" classname="AuthorTest" time="0.0"/>
  <testcase name="author_instantiatesCorrectly_true" classname="AuthorTest" time="0.001"/>
  <testcase name="getRole_retrievesRoleCorrectly_reporter" classname="AuthorTest" time="0.0"/>
  <testcase name="editEmail_editEmailCorrectly_newEmail" classname="AuthorTest" time="0.0"/>
  <testcase name="getPicture_retrievesPictureCorrectly_url" classname="AuthorTest" time="0.0"/>
  <testcase name="getFacebook_retrievesFacebookContactCorrectly_facebookLink" classname="AuthorTest" time="0.0"/>
  <testcase name="editTwitter_editTwitterCorrectly_twitterLink2" classname="AuthorTest" time="0.0"/>
  <testcase name="getTwitter_retrievesTwitterContactCorrectly_twitterLink" classname="AuthorTest" time="0.0"/>
  <testcase name="editName_editNameCorrectly_Mark" classname="AuthorTest" time="0.0"/>
  <testcase name="editRole_editRoleCorrectly_host" classname="AuthorTest" time="0.0"/>
  <testcase name="getEmail_retrievesEmailCorrectly_email" classname="AuthorTest" time="0.0"/>
  <system-out><![CDATA[]]></system-out>
  <system-err><![CDATA[]]></system-err>
</testsuite>
