<?xml version="1.0" encoding="UTF-8"?>
<testsuite name="ArticleTest" tests="8" skipped="0" failures="0" errors="0" timestamp="2016-08-20T09:28:08" hostname="oems-MBP.station" time="0.704">
  <properties/>
  <testcase name="getAuthorByLine_retrievesAuthorByLineCorrectly_authorByLine" classname="ArticleTest" time="0.539"/>
  <testcase name="getTitle_retrievesTitleCorrectly_title" classname="ArticleTest" time="0.016"/>
  <testcase name="getBody_retrievesBodyCorrectly_body" classname="ArticleTest" time="0.024"/>
  <testcase name="article_instantiatesCorrectly_true" classname="ArticleTest" time="0.014"/>
  <testcase name="getShortTitle_retrievesShortTitleCorrectly_ShortTitle" classname="ArticleTest" time="0.015"/>
  <testcase name="getPicture_retrievesPictureCorrectly_picture" classname="ArticleTest" time="0.021"/>
  <testcase name="getSubtitle_retrievesSubtitleCorrectly_subtitle" classname="ArticleTest" time="0.044"/>
  <testcase name="getSubhead_retrievesSubheadCorrectly_subhead" classname="ArticleTest" time="0.024"/>
  <system-out><![CDATA[2016/08/20 11:28:08
2016/08/20 11:28:09
2016/08/20 11:28:09
2016/08/20 11:28:09
2016/08/20 11:28:09
2016/08/20 11:28:09
2016/08/20 11:28:09
2016/08/20 11:28:09
]]></system-out>
  <system-err><![CDATA[]]></system-err>
</testsuite>
