<?xml version="1.0" encoding="UTF-8"?>
<testsuite name="AuthorTest" tests="17" skipped="0" failures="0" errors="0" timestamp="2016-08-19T19:19:13" hostname="oems-MBP.station" time="1.042">
  <properties/>
  <testcase name="editBio_editBioCorrectly_bio" classname="AuthorTest" time="0.588"/>
  <testcase name="editFacebook_editFacebookCorrectly_facebookLink2" classname="AuthorTest" time="0.013"/>
  <testcase name="editPicture_editPictureCorrectly_newUrl" classname="AuthorTest" time="0.016"/>
  <testcase name="getBio_retrievesBioCorrectly_born_in_may" classname="AuthorTest" time="0.012"/>
  <testcase name="getName_retrievesNameCorrectly_reporter" classname="AuthorTest" time="0.019"/>
  <testcase name="author_instantiatesCorrectly_true" classname="AuthorTest" time="0.011"/>
  <testcase name="getRole_retrievesRoleCorrectly_reporter" classname="AuthorTest" time="0.029"/>
  <testcase name="editEmail_editEmailCorrectly_newEmail" classname="AuthorTest" time="0.02"/>
  <testcase name="getPicture_retrievesPictureCorrectly_url" classname="AuthorTest" time="0.018"/>
  <testcase name="getFacebook_retrievesFacebookContactCorrectly_facebookLink" classname="AuthorTest" time="0.015"/>
  <testcase name="editTwitter_editTwitterCorrectly_twitterLink2" classname="AuthorTest" time="0.031"/>
  <testcase name="getTwitter_retrievesTwitterContactCorrectly_twitterLink" classname="AuthorTest" time="0.013"/>
  <testcase name="editName_editNameCorrectly_Mark" classname="AuthorTest" time="0.019"/>
  <testcase name="save_savedAuthorInDatabaseCorrectly_true" classname="AuthorTest" time="0.176"/>
  <testcase name="editRole_editRoleCorrectly_host" classname="AuthorTest" time="0.014"/>
  <testcase name="getEmail_retrievesEmailCorrectly_email" classname="AuthorTest" time="0.009"/>
  <testcase name="equals_compareAuthorsCorrectly_true" classname="AuthorTest" time="0.013"/>
  <system-out><![CDATA[]]></system-out>
  <system-err><![CDATA[]]></system-err>
</testsuite>
