<?xml version="1.0" encoding="UTF-8"?>
<testsuite name="ArticleTest" tests="23" skipped="0" failures="0" errors="0" timestamp="2016-10-10T16:22:37" hostname="oems-MBP.station" time="1.602">
  <properties/>
  <testcase name="getAuthorByLine_retrievesAuthorByLineCorrectly_authorByLine" classname="ArticleTest" time="0.012"/>
  <testcase name="getTitle_retrievesTitleCorrectly_title" classname="ArticleTest" time="0.01"/>
  <testcase name="getBody_retrievesBodyCorrectly_body" classname="ArticleTest" time="0.016"/>
  <testcase name="editTitle_editTitleCorrectly_title2" classname="ArticleTest" time="0.071"/>
  <testcase name="delete_deletesArticleCorrectlyFromArticleTableAndJoinTable_1" classname="ArticleTest" time="0.113"/>
  <testcase name="editSubtitle_editSubtitleCorrectly_Subtitle2" classname="ArticleTest" time="0.079"/>
  <testcase name="editSubhead_editSubheadCorrectly_subhead2" classname="ArticleTest" time="0.047"/>
  <testcase name="editBody_editBodyCorrectly_body2" classname="ArticleTest" time="0.083"/>
  <testcase name="editAuthorByLine_editAuthorByLineCorrectly_authorByLine2" classname="ArticleTest" time="0.051"/>
  <testcase name="save_savesArticlesCorrectly_true" classname="ArticleTest" time="0.032"/>
  <testcase name="getArticlesForPage_returnsTwelveArticles_12" classname="ArticleTest" time="0.471"/>
  <testcase name="editPicture_editPictureCorrectly_picture2" classname="ArticleTest" time="0.041"/>
  <testcase name="find_retrieveArticleFromDatabaseById_article" classname="ArticleTest" time="0.046"/>
  <testcase name="edit_editArticleCorrectly_true" classname="ArticleTest" time="0.053"/>
  <testcase name="editShortTitle_editShortTitleCorrectly_shortTitle2" classname="ArticleTest" time="0.042"/>
  <testcase name="article_instantiatesCorrectly_true" classname="ArticleTest" time="0.019"/>
  <testcase name="getShortTitle_retrievesShortTitleCorrectly_ShortTitle" classname="ArticleTest" time="0.033"/>
  <testcase name="getAuthor_retrievesAuthorByLineCorrectly_author" classname="ArticleTest" time="0.014"/>
  <testcase name="isLastPage_returnsCorrectBooleans_trueFalse" classname="ArticleTest" time="0.309"/>
  <testcase name="getPicture_retrievesPictureCorrectly_picture" classname="ArticleTest" time="0.014"/>
  <testcase name="getSubtitle_retrievesSubtitleCorrectly_subtitle" classname="ArticleTest" time="0.01"/>
  <testcase name="getSubhead_retrievesSubheadCorrectly_subhead" classname="ArticleTest" time="0.009"/>
  <testcase name="getBodyPreview_returnsShorterVersionOfTheString" classname="ArticleTest" time="0.011"/>
  <system-out><![CDATA[]]></system-out>
  <system-err><![CDATA[]]></system-err>
</testsuite>
