<?xml version="1.0" encoding="UTF-8"?>
<testsuite name="ArticleTest" tests="18" skipped="0" failures="0" errors="0" timestamp="2016-08-22T15:22:10" hostname="oems-MBP.station" time="0.884">
  <properties/>
  <testcase name="getAuthorByLine_retrievesAuthorByLineCorrectly_authorByLine" classname="ArticleTest" time="0.014"/>
  <testcase name="getTitle_retrievesTitleCorrectly_title" classname="ArticleTest" time="0.023"/>
  <testcase name="getBody_retrievesBodyCorrectly_body" classname="ArticleTest" time="0.014"/>
  <testcase name="editTitle_editTitleCorrectly_title2" classname="ArticleTest" time="0.091"/>
  <testcase name="editSubtitle_editSubtitleCorrectly_Subtitle2" classname="ArticleTest" time="0.049"/>
  <testcase name="editSubhead_editSubheadCorrectly_subhead2" classname="ArticleTest" time="0.07"/>
  <testcase name="editBody_editBodyCorrectly_body2" classname="ArticleTest" time="0.079"/>
  <testcase name="editAuthorByLine_editAuthorByLineCorrectly_authorByLine2" classname="ArticleTest" time="0.065"/>
  <testcase name="save_savesArticlesCorrectly_true" classname="ArticleTest" time="0.046"/>
  <testcase name="editPicture_editPictureCorrectly_picture2" classname="ArticleTest" time="0.084"/>
  <testcase name="find_retrieveArticleFromDatabaseById_article" classname="ArticleTest" time="0.08"/>
  <testcase name="editShortTitle_editShortTitleCorrectly_shortTitle2" classname="ArticleTest" time="0.048"/>
  <testcase name="delete_deletesArticleCorrectly_1" classname="ArticleTest" time="0.098"/>
  <testcase name="article_instantiatesCorrectly_true" classname="ArticleTest" time="0.026"/>
  <testcase name="getShortTitle_retrievesShortTitleCorrectly_ShortTitle" classname="ArticleTest" time="0.021"/>
  <testcase name="getPicture_retrievesPictureCorrectly_picture" classname="ArticleTest" time="0.013"/>
  <testcase name="getSubtitle_retrievesSubtitleCorrectly_subtitle" classname="ArticleTest" time="0.011"/>
  <testcase name="getSubhead_retrievesSubheadCorrectly_subhead" classname="ArticleTest" time="0.019"/>
  <system-out><![CDATA[]]></system-out>
  <system-err><![CDATA[]]></system-err>
</testsuite>
