<?xml version="1.0" encoding="UTF-8"?>
<testsuite name="ArticleTest" tests="19" skipped="0" failures="0" errors="0" timestamp="2016-08-28T10:32:22" hostname="oems-MBP.station" time="0.766">
  <properties/>
  <testcase name="getAuthorByLine_retrievesAuthorByLineCorrectly_authorByLine" classname="ArticleTest" time="0.013"/>
  <testcase name="getTitle_retrievesTitleCorrectly_title" classname="ArticleTest" time="0.011"/>
  <testcase name="getBody_retrievesBodyCorrectly_body" classname="ArticleTest" time="0.011"/>
  <testcase name="editTitle_editTitleCorrectly_title2" classname="ArticleTest" time="0.048"/>
  <testcase name="editSubtitle_editSubtitleCorrectly_Subtitle2" classname="ArticleTest" time="0.088"/>
  <testcase name="editSubhead_editSubheadCorrectly_subhead2" classname="ArticleTest" time="0.054"/>
  <testcase name="editBody_editBodyCorrectly_body2" classname="ArticleTest" time="0.07"/>
  <testcase name="editAuthorByLine_editAuthorByLineCorrectly_authorByLine2" classname="ArticleTest" time="0.057"/>
  <testcase name="save_savesArticlesCorrectly_true" classname="ArticleTest" time="0.045"/>
  <testcase name="editPicture_editPictureCorrectly_picture2" classname="ArticleTest" time="0.059"/>
  <testcase name="find_retrieveArticleFromDatabaseById_article" classname="ArticleTest" time="0.032"/>
  <testcase name="edit_editArticleCorrectly_true" classname="ArticleTest" time="0.051"/>
  <testcase name="editShortTitle_editShortTitleCorrectly_shortTitle2" classname="ArticleTest" time="0.052"/>
  <testcase name="delete_deletesArticleCorrectly_1" classname="ArticleTest" time="0.054"/>
  <testcase name="article_instantiatesCorrectly_true" classname="ArticleTest" time="0.018"/>
  <testcase name="getShortTitle_retrievesShortTitleCorrectly_ShortTitle" classname="ArticleTest" time="0.017"/>
  <testcase name="getPicture_retrievesPictureCorrectly_picture" classname="ArticleTest" time="0.025"/>
  <testcase name="getSubtitle_retrievesSubtitleCorrectly_subtitle" classname="ArticleTest" time="0.018"/>
  <testcase name="getSubhead_retrievesSubheadCorrectly_subhead" classname="ArticleTest" time="0.012"/>
  <system-out><![CDATA[]]></system-out>
  <system-err><![CDATA[]]></system-err>
</testsuite>
