<?xml version="1.0" encoding="UTF-8"?>
<testsuite name="AuthorTest" tests="21" skipped="0" failures="0" errors="0" timestamp="2016-08-22T16:25:25" hostname="oems-MBP.station" time="0.853">
  <properties/>
  <testcase name="editBio_editBioCorrectly_bio" classname="AuthorTest" time="0.052"/>
  <testcase name="editFacebook_editFacebookCorrectly_facebookLink2" classname="AuthorTest" time="0.049"/>
  <testcase name="editPicture_editPictureCorrectly_newUrl" classname="AuthorTest" time="0.044"/>
  <testcase name="getBio_retrievesBioCorrectly_born_in_may" classname="AuthorTest" time="0.02"/>
  <testcase name="getName_retrievesNameCorrectly_reporter" classname="AuthorTest" time="0.023"/>
  <testcase name="author_instantiatesCorrectly_true" classname="AuthorTest" time="0.015"/>
  <testcase name="getRole_retrievesRoleCorrectly_reporter" classname="AuthorTest" time="0.011"/>
  <testcase name="find_retrieveAuthorFromDatabaseById_author" classname="AuthorTest" time="0.044"/>
  <testcase name="editEmail_editEmailCorrectly_newEmail" classname="AuthorTest" time="0.082"/>
  <testcase name="getPicture_retrievesPictureCorrectly_url" classname="AuthorTest" time="0.012"/>
  <testcase name="checkCredentials_returnTrueIfCredentialsAreCorrectAndFalseIfTheyAreNot_true" classname="AuthorTest" time="0.081"/>
  <testcase name="getPassword_returnPasswordCorrectly" classname="AuthorTest" time="0.014"/>
  <testcase name="getFacebook_retrievesFacebookContactCorrectly_facebookLink" classname="AuthorTest" time="0.017"/>
  <testcase name="delete_deletesAuthorCorrectly_1" classname="AuthorTest" time="0.084"/>
  <testcase name="editTwitter_editTwitterCorrectly_twitterLink2" classname="AuthorTest" time="0.058"/>
  <testcase name="getTwitter_retrievesTwitterContactCorrectly_twitterLink" classname="AuthorTest" time="0.014"/>
  <testcase name="editName_editNameCorrectly_Mark" classname="AuthorTest" time="0.068"/>
  <testcase name="save_savedAuthorInDatabaseCorrectly_true" classname="AuthorTest" time="0.033"/>
  <testcase name="editRole_editRoleCorrectly_host" classname="AuthorTest" time="0.08"/>
  <testcase name="getEmail_retrievesEmailCorrectly_email" classname="AuthorTest" time="0.011"/>
  <testcase name="equals_compareAuthorsCorrectly_true" classname="AuthorTest" time="0.012"/>
  <system-out><![CDATA[]]></system-out>
  <system-err><![CDATA[]]></system-err>
</testsuite>
