<?xml version="1.0" encoding="UTF-8"?>
<testsuite name="AppTest" tests="30" skipped="0" failures="0" errors="0" timestamp="2016-10-09T13:50:02" hostname="oems-MBP.station" time="11.138">
  <properties/>
  <testcase name="passwordCanBeChanged" classname="AppTest" time="1.359"/>
  <testcase name="authorsGetsCreatedCorrectly" classname="AppTest" time="2.068"/>
  <testcase name="secondPageContainsSecondPageArticle" classname="AppTest" time="0.316"/>
  <testcase name="clickingNextPageButtonBringsToNextPage" classname="AppTest" time="0.529"/>
  <testcase name="authorsGetDisplayed" classname="AppTest" time="0.081"/>
  <testcase name="errorMessageIsDisplayedIfPasswordInsertedIsIncorrect" classname="AppTest" time="0.231"/>
  <testcase name="articleEditPageIsDisplayed" classname="AppTest" time="0.814"/>
  <testcase name="ifWrongPAsswordIsInsertedDuringAuthorCreationErrorMessageIsDisplayed" classname="AppTest" time="0.35"/>
  <testcase name="authorByLineIsDisplayedOnlyWhenItIsInserted" classname="AppTest" time="0.254"/>
  <testcase name="authorsGetDelitedCorrectly" classname="AppTest" time="0.137"/>
  <testcase name="articlesGetsDisplayed" classname="AppTest" time="0.186"/>
  <testcase name="nextPageButtonIsNotDisplayedIfThereAreNotEnoughArticlesForANewPage" classname="AppTest" time="0.061"/>
  <testcase name="articleImageIsDisplayedInHomePage" classname="AppTest" time="0.063"/>
  <testcase name="newAuthorPageIsDisplayed" classname="AppTest" time="0.037"/>
  <testcase name="ifUsernameIsAlreadyTakenAuthorDoesNotGetCreatedAndErrorIsDisplayed" classname="AppTest" time="0.201"/>
  <testcase name="homePageDisplaysArticles" classname="AppTest" time="0.104"/>
  <testcase name="clickingPreviousPageButtonBringsToPreviousPage" classname="AppTest" time="0.299"/>
  <testcase name="ifNoArticleIsCreatedTheUserIsInformedAboutIt" classname="AppTest" time="0.178"/>
  <testcase name="viewArticlesButtonShowsAllArticles" classname="AppTest" time="0.309"/>
  <testcase name="authorsGetEditedCorrectly" classname="AppTest" time="0.741"/>
  <testcase name="newArticlePageIsDisplayed" classname="AppTest" time="0.043"/>
  <testcase name="articleGetsDelitedCorrectly" classname="AppTest" time="0.269"/>
  <testcase name="linksOnHubPageWorks" classname="AppTest" time="0.223"/>
  <testcase name="articlePageIsDisplayed" classname="AppTest" time="0.207"/>
  <testcase name="loginWorksCorrectly" classname="AppTest" time="0.115"/>
  <testcase name="articleDetailPageIsReachableFromReadersHomePage" classname="AppTest" time="0.797"/>
  <testcase name="loginPageIsDisplayed" classname="AppTest" time="0.046"/>
  <testcase name="articleImageTagIsNotInThePageIfNoImgIsInserted" classname="AppTest" time="0.083"/>
  <testcase name="whenWrongCredentialsAreInsertedErrorMessageIsDisplayed" classname="AppTest" time="0.068"/>
  <testcase name="articleGetsEditedCorrectly" classname="AppTest" time="0.282"/>
  <system-out><![CDATA[]]></system-out>
  <system-err><![CDATA[[Thread-4] INFO org.eclipse.jetty.util.log - Logging initialized @1562ms
[Thread-4] INFO spark.webserver.JettySparkServer - == Spark has ignited ...
[Thread-4] INFO spark.webserver.JettySparkServer - >> Listening on 0.0.0.0:4567
[Thread-4] INFO org.eclipse.jetty.server.Server - jetty-9.3.2.v20150730
[Thread-4] INFO org.eclipse.jetty.server.ServerConnector - Started ServerConnector@79c24ee9{HTTP/1.1,[http/1.1]}{0.0.0.0:4567}
[Thread-4] INFO org.eclipse.jetty.server.Server - Started @1854ms
[qtp29973182-17] ERROR spark.webserver.MatcherFilter - 
java.lang.NullPointerException
	at spark.template.velocity.VelocityTemplateEngine.render(VelocityTemplateEngine.java:67)
	at spark.TemplateViewRouteImpl$1.render(TemplateViewRouteImpl.java:61)
	at spark.TemplateViewRouteImpl$1.render(TemplateViewRouteImpl.java:58)
	at spark.TemplateViewRouteImpl.render(TemplateViewRouteImpl.java:85)
	at spark.webserver.MatcherFilter.doFilter(MatcherFilter.java:164)
	at spark.webserver.JettyHandler.doHandle(JettyHandler.java:61)
	at org.eclipse.jetty.server.session.SessionHandler.doScope(SessionHandler.java:189)
	at org.eclipse.jetty.server.handler.ScopedHandler.handle(ScopedHandler.java:141)
	at org.eclipse.jetty.server.handler.HandlerList.handle(HandlerList.java:52)
	at org.eclipse.jetty.server.handler.HandlerWrapper.handle(HandlerWrapper.java:119)
	at org.eclipse.jetty.server.Server.handle(Server.java:517)
	at org.eclipse.jetty.server.HttpChannel.handle(HttpChannel.java:302)
	at org.eclipse.jetty.server.HttpConnection.onFillable(HttpConnection.java:242)
	at org.eclipse.jetty.io.AbstractConnection$ReadCallback.succeeded(AbstractConnection.java:245)
	at org.eclipse.jetty.io.FillInterest.fillable(FillInterest.java:95)
	at org.eclipse.jetty.io.SelectChannelEndPoint$2.run(SelectChannelEndPoint.java:75)
	at org.eclipse.jetty.util.thread.strategy.ExecuteProduceConsume.produceAndRun(ExecuteProduceConsume.java:213)
	at org.eclipse.jetty.util.thread.strategy.ExecuteProduceConsume.run(ExecuteProduceConsume.java:147)
	at org.eclipse.jetty.util.thread.QueuedThreadPool.runJob(QueuedThreadPool.java:654)
	at org.eclipse.jetty.util.thread.QueuedThreadPool$3.run(QueuedThreadPool.java:572)
	at java.lang.Thread.run(Thread.java:745)
Oct 09, 2016 3:50:05 PM com.gargoylesoftware.htmlunit.DefaultCssErrorHandler error
WARNING: CSS error: 'https://maxcdn.bootstrapcdn.com/bootstrap/3.2.0/css/bootstrap.min.css' [5:14693] Error in media list. (Invalid token "(". Was expecting one of: <S>, <IDENT>.)
Oct 09, 2016 3:50:05 PM com.gargoylesoftware.htmlunit.DefaultCssErrorHandler error
WARNING: CSS error: 'https://maxcdn.bootstrapcdn.com/bootstrap/3.2.0/css/bootstrap.min.css' [5:16291] Error in media list. (Invalid token "(". Was expecting one of: <S>, <IDENT>.)
Oct 09, 2016 3:50:05 PM com.gargoylesoftware.htmlunit.DefaultCssErrorHandler error
WARNING: CSS error: 'https://maxcdn.bootstrapcdn.com/bootstrap/3.2.0/css/bootstrap.min.css' [5:18566] Error in media list. (Invalid token "(". Was expecting one of: <S>, <IDENT>.)
Oct 09, 2016 3:50:05 PM com.gargoylesoftware.htmlunit.DefaultCssErrorHandler error
WARNING: CSS error: 'https://maxcdn.bootstrapcdn.com/bootstrap/3.2.0/css/bootstrap.min.css' [5:18615] Error in media list. (Invalid token "(". Was expecting one of: <S>, <IDENT>.)
Oct 09, 2016 3:50:05 PM com.gargoylesoftware.htmlunit.DefaultCssErrorHandler error
WARNING: CSS error: 'https://maxcdn.bootstrapcdn.com/bootstrap/3.2.0/css/bootstrap.min.css' [5:18664] Error in media list. (Invalid token "(". Was expecting one of: <S>, <IDENT>.)
Oct 09, 2016 3:50:05 PM com.gargoylesoftware.htmlunit.DefaultCssErrorHandler error
WARNING: CSS error: 'https://maxcdn.bootstrapcdn.com/bootstrap/3.2.0/css/bootstrap.min.css' [5:21148] Error in media list. (Invalid token "(". Was expecting one of: <S>, <IDENT>.)
Oct 09, 2016 3:50:05 PM com.gargoylesoftware.htmlunit.DefaultCssErrorHandler error
WARNING: CSS error: 'https://maxcdn.bootstrapcdn.com/bootstrap/3.2.0/css/bootstrap.min.css' [5:22914] Error in media list. (Invalid token "(". Was expecting one of: <S>, <IDENT>.)
Oct 09, 2016 3:50:05 PM com.gargoylesoftware.htmlunit.DefaultCssErrorHandler error
WARNING: CSS error: 'https://maxcdn.bootstrapcdn.com/bootstrap/3.2.0/css/bootstrap.min.css' [5:24680] Error in media list. (Invalid token "(". Was expecting one of: <S>, <IDENT>.)
Oct 09, 2016 3:50:05 PM com.gargoylesoftware.htmlunit.DefaultCssErrorHandler error
WARNING: CSS error: 'https://maxcdn.bootstrapcdn.com/bootstrap/3.2.0/css/bootstrap.min.css' [5:30763] Error in @media rule. (Invalid token "and". Was expecting one of: <S>, <LBRACE>, <COMMA>.)
Oct 09, 2016 3:50:05 PM com.gargoylesoftware.htmlunit.DefaultCssErrorHandler warning
WARNING: CSS warning: 'https://maxcdn.bootstrapcdn.com/bootstrap/3.2.0/css/bootstrap.min.css' [5:30763] Ignoring the whole rule.
Oct 09, 2016 3:50:05 PM com.gargoylesoftware.htmlunit.DefaultCssErrorHandler error
WARNING: CSS error: 'https://maxcdn.bootstrapcdn.com/bootstrap/3.2.0/css/bootstrap.min.css' [5:38743] Error in media list. (Invalid token "(". Was expecting one of: <S>, <IDENT>.)
Oct 09, 2016 3:50:05 PM com.gargoylesoftware.htmlunit.DefaultCssErrorHandler error
WARNING: CSS error: 'https://maxcdn.bootstrapcdn.com/bootstrap/3.2.0/css/bootstrap.min.css' [5:39908] Error in media list. (Invalid token "(". Was expecting one of: <S>, <IDENT>.)
Oct 09, 2016 3:50:05 PM com.gargoylesoftware.htmlunit.DefaultCssErrorHandler error
WARNING: CSS error: 'https://maxcdn.bootstrapcdn.com/bootstrap/3.2.0/css/bootstrap.min.css' [5:40086] Error in media list. (Invalid token "(". Was expecting one of: <S>, <IDENT>.)
Oct 09, 2016 3:50:05 PM com.gargoylesoftware.htmlunit.DefaultCssErrorHandler error
WARNING: CSS error: 'https://maxcdn.bootstrapcdn.com/bootstrap/3.2.0/css/bootstrap.min.css' [5:40178] Error in media list. (Invalid token "(". Was expecting one of: <S>, <IDENT>.)
Oct 09, 2016 3:50:05 PM com.gargoylesoftware.htmlunit.DefaultCssErrorHandler error
WARNING: CSS error: 'https://maxcdn.bootstrapcdn.com/bootstrap/3.2.0/css/bootstrap.min.css' [5:49282] Error in expression; ':' found after identifier "progid".
Oct 09, 2016 3:50:05 PM com.gargoylesoftware.htmlunit.DefaultCssErrorHandler error
WARNING: CSS error: 'https://maxcdn.bootstrapcdn.com/bootstrap/3.2.0/css/bootstrap.min.css' [5:49917] Error in media list. (Invalid token "(". Was expecting one of: <S>, <IDENT>.)
Oct 09, 2016 3:50:05 PM com.gargoylesoftware.htmlunit.DefaultCssErrorHandler error
WARNING: CSS error: 'https://maxcdn.bootstrapcdn.com/bootstrap/3.2.0/css/bootstrap.min.css' [5:58448] Error in media list. (Invalid token "(". Was expecting one of: <S>, <IDENT>.)
Oct 09, 2016 3:50:05 PM com.gargoylesoftware.htmlunit.DefaultCssErrorHandler error
WARNING: CSS error: 'https://maxcdn.bootstrapcdn.com/bootstrap/3.2.0/css/bootstrap.min.css' [5:58772] Error in media list. (Invalid token "(". Was expecting one of: <S>, <IDENT>.)
Oct 09, 2016 3:50:05 PM com.gargoylesoftware.htmlunit.DefaultCssErrorHandler error
WARNING: CSS error: 'https://maxcdn.bootstrapcdn.com/bootstrap/3.2.0/css/bootstrap.min.css' [5:59475] Error in media list. (Invalid token "(". Was expecting one of: <S>, <IDENT>.)
Oct 09, 2016 3:50:05 PM com.gargoylesoftware.htmlunit.DefaultCssErrorHandler error
WARNING: CSS error: 'https://maxcdn.bootstrapcdn.com/bootstrap/3.2.0/css/bootstrap.min.css' [5:59801] Error in media list. (Invalid token "(". Was expecting one of: <S>, <IDENT>.)
Oct 09, 2016 3:50:05 PM com.gargoylesoftware.htmlunit.DefaultCssErrorHandler error
WARNING: CSS error: 'https://maxcdn.bootstrapcdn.com/bootstrap/3.2.0/css/bootstrap.min.css' [5:60287] Error in media list. (Invalid token "(". Was expecting one of: <S>, <IDENT>.)
Oct 09, 2016 3:50:05 PM com.gargoylesoftware.htmlunit.DefaultCssErrorHandler error
WARNING: CSS error: 'https://maxcdn.bootstrapcdn.com/bootstrap/3.2.0/css/bootstrap.min.css' [5:60339] Error in media list. (Invalid token "(". Was expecting one of: <S>, <IDENT>.)
Oct 09, 2016 3:50:06 PM com.gargoylesoftware.htmlunit.DefaultCssErrorHandler error
WARNING: CSS error: 'https://maxcdn.bootstrapcdn.com/bootstrap/3.2.0/css/bootstrap.min.css' [5:60666] Error in media list. (Invalid token "(". Was expecting one of: <S>, <IDENT>.)
Oct 09, 2016 3:50:06 PM com.gargoylesoftware.htmlunit.DefaultCssErrorHandler error
WARNING: CSS error: 'https://maxcdn.bootstrapcdn.com/bootstrap/3.2.0/css/bootstrap.min.css' [5:61158] Error in media list. (Invalid token "(". Was expecting one of: <S>, <IDENT>.)
Oct 09, 2016 3:50:06 PM com.gargoylesoftware.htmlunit.DefaultCssErrorHandler error
WARNING: CSS error: 'https://maxcdn.bootstrapcdn.com/bootstrap/3.2.0/css/bootstrap.min.css' [5:61459] Error in media list. (Invalid token "(". Was expecting one of: <S>, <IDENT>.)
Oct 09, 2016 3:50:06 PM com.gargoylesoftware.htmlunit.DefaultCssErrorHandler error
WARNING: CSS error: 'https://maxcdn.bootstrapcdn.com/bootstrap/3.2.0/css/bootstrap.min.css' [5:61687] Error in media list. (Invalid token "(". Was expecting one of: <S>, <IDENT>.)
Oct 09, 2016 3:50:06 PM com.gargoylesoftware.htmlunit.DefaultCssErrorHandler error
WARNING: CSS error: 'https://maxcdn.bootstrapcdn.com/bootstrap/3.2.0/css/bootstrap.min.css' [5:61928] Error in media list. (Invalid token "(". Was expecting one of: <S>, <IDENT>.)
Oct 09, 2016 3:50:06 PM com.gargoylesoftware.htmlunit.DefaultCssErrorHandler error
WARNING: CSS error: 'https://maxcdn.bootstrapcdn.com/bootstrap/3.2.0/css/bootstrap.min.css' [5:62269] Error in media list. (Invalid token "(". Was expecting one of: <S>, <IDENT>.)
Oct 09, 2016 3:50:06 PM com.gargoylesoftware.htmlunit.DefaultCssErrorHandler error
WARNING: CSS error: 'https://maxcdn.bootstrapcdn.com/bootstrap/3.2.0/css/bootstrap.min.css' [5:62756] Error in media list. (Invalid token "(". Was expecting one of: <S>, <IDENT>.)
Oct 09, 2016 3:50:06 PM com.gargoylesoftware.htmlunit.DefaultCssErrorHandler error
WARNING: CSS error: 'https://maxcdn.bootstrapcdn.com/bootstrap/3.2.0/css/bootstrap.min.css' [5:62912] Error in media list. (Invalid token "(". Was expecting one of: <S>, <IDENT>.)
Oct 09, 2016 3:50:06 PM com.gargoylesoftware.htmlunit.DefaultCssErrorHandler error
WARNING: CSS error: 'https://maxcdn.bootstrapcdn.com/bootstrap/3.2.0/css/bootstrap.min.css' [5:63379] Error in media list. (Invalid token "(". Was expecting one of: <S>, <IDENT>.)
Oct 09, 2016 3:50:06 PM com.gargoylesoftware.htmlunit.DefaultCssErrorHandler error
WARNING: CSS error: 'https://maxcdn.bootstrapcdn.com/bootstrap/3.2.0/css/bootstrap.min.css' [5:63572] Error in media list. (Invalid token "(". Was expecting one of: <S>, <IDENT>.)
Oct 09, 2016 3:50:06 PM com.gargoylesoftware.htmlunit.DefaultCssErrorHandler error
WARNING: CSS error: 'https://maxcdn.bootstrapcdn.com/bootstrap/3.2.0/css/bootstrap.min.css' [5:63996] Error in media list. (Invalid token "(". Was expecting one of: <S>, <IDENT>.)
Oct 09, 2016 3:50:06 PM com.gargoylesoftware.htmlunit.DefaultCssErrorHandler error
WARNING: CSS error: 'https://maxcdn.bootstrapcdn.com/bootstrap/3.2.0/css/bootstrap.min.css' [5:64867] Error in media list. (Invalid token "(". Was expecting one of: <S>, <IDENT>.)
Oct 09, 2016 3:50:06 PM com.gargoylesoftware.htmlunit.DefaultCssErrorHandler error
WARNING: CSS error: 'https://maxcdn.bootstrapcdn.com/bootstrap/3.2.0/css/bootstrap.min.css' [5:64936] Error in media list. (Invalid token "(". Was expecting one of: <S>, <IDENT>.)
Oct 09, 2016 3:50:06 PM com.gargoylesoftware.htmlunit.DefaultCssErrorHandler error
WARNING: CSS error: 'https://maxcdn.bootstrapcdn.com/bootstrap/3.2.0/css/bootstrap.min.css' [5:65554] Error in media list. (Invalid token "(". Was expecting one of: <S>, <IDENT>.)
Oct 09, 2016 3:50:06 PM com.gargoylesoftware.htmlunit.DefaultCssErrorHandler error
WARNING: CSS error: 'https://maxcdn.bootstrapcdn.com/bootstrap/3.2.0/css/bootstrap.min.css' [5:66892] Error in media list. (Invalid token "(". Was expecting one of: <S>, <IDENT>.)
Oct 09, 2016 3:50:06 PM com.gargoylesoftware.htmlunit.DefaultCssErrorHandler error
WARNING: CSS error: 'https://maxcdn.bootstrapcdn.com/bootstrap/3.2.0/css/bootstrap.min.css' [5:69193] Error in media list. (Invalid token "(". Was expecting one of: <S>, <IDENT>.)
Oct 09, 2016 3:50:06 PM com.gargoylesoftware.htmlunit.DefaultCssErrorHandler error
WARNING: CSS error: 'https://maxcdn.bootstrapcdn.com/bootstrap/3.2.0/css/bootstrap.min.css' [5:74964] Error in @media rule. (Invalid token "and". Was expecting one of: <S>, <LBRACE>, <COMMA>.)
Oct 09, 2016 3:50:06 PM com.gargoylesoftware.htmlunit.DefaultCssErrorHandler warning
WARNING: CSS warning: 'https://maxcdn.bootstrapcdn.com/bootstrap/3.2.0/css/bootstrap.min.css' [5:74964] Ignoring the whole rule.
Oct 09, 2016 3:50:06 PM com.gargoylesoftware.htmlunit.DefaultCssErrorHandler error
WARNING: CSS error: 'https://maxcdn.bootstrapcdn.com/bootstrap/3.2.0/css/bootstrap.min.css' [5:97355] Error in media list. (Invalid token "(". Was expecting one of: <S>, <IDENT>.)
Oct 09, 2016 3:50:06 PM com.gargoylesoftware.htmlunit.DefaultCssErrorHandler error
WARNING: CSS error: 'https://maxcdn.bootstrapcdn.com/bootstrap/3.2.0/css/bootstrap.min.css' [5:97543] Error in media list. (Invalid token "(". Was expecting one of: <S>, <IDENT>.)
Oct 09, 2016 3:50:06 PM com.gargoylesoftware.htmlunit.DefaultCssErrorHandler error
WARNING: CSS error: 'https://maxcdn.bootstrapcdn.com/bootstrap/3.2.0/css/bootstrap.min.css' [5:102209] Error in expression; ':' found after identifier "progid".
Oct 09, 2016 3:50:06 PM com.gargoylesoftware.htmlunit.DefaultCssErrorHandler error
WARNING: CSS error: 'https://maxcdn.bootstrapcdn.com/bootstrap/3.2.0/css/bootstrap.min.css' [5:102752] Error in expression; ':' found after identifier "progid".
Oct 09, 2016 3:50:06 PM com.gargoylesoftware.htmlunit.DefaultCssErrorHandler error
WARNING: CSS error: 'https://maxcdn.bootstrapcdn.com/bootstrap/3.2.0/css/bootstrap.min.css' [5:104304] Error in @media rule. (Invalid token "and". Was expecting one of: <S>, <LBRACE>, <COMMA>.)
Oct 09, 2016 3:50:06 PM com.gargoylesoftware.htmlunit.DefaultCssErrorHandler warning
WARNING: CSS warning: 'https://maxcdn.bootstrapcdn.com/bootstrap/3.2.0/css/bootstrap.min.css' [5:104304] Ignoring the whole rule.
Oct 09, 2016 3:50:06 PM com.gargoylesoftware.htmlunit.DefaultCssErrorHandler error
WARNING: CSS error: 'https://maxcdn.bootstrapcdn.com/bootstrap/3.2.0/css/bootstrap.min.css' [5:106626] Error in media list. (Invalid token "(". Was expecting one of: <S>, <IDENT>.)
Oct 09, 2016 3:50:06 PM com.gargoylesoftware.htmlunit.DefaultCssErrorHandler error
WARNING: CSS error: 'https://maxcdn.bootstrapcdn.com/bootstrap/3.2.0/css/bootstrap.min.css' [5:106818] Error in media list. (Invalid token "(". Was expecting one of: <S>, <IDENT>.)
Oct 09, 2016 3:50:06 PM com.gargoylesoftware.htmlunit.DefaultCssErrorHandler error
WARNING: CSS error: 'https://maxcdn.bootstrapcdn.com/bootstrap/3.2.0/css/bootstrap.min.css' [5:106886] Error in media list. (Invalid token "(". Was expecting one of: <S>, <IDENT>.)
Oct 09, 2016 3:50:06 PM com.gargoylesoftware.htmlunit.DefaultCssErrorHandler error
WARNING: CSS error: 'https://maxcdn.bootstrapcdn.com/bootstrap/3.2.0/css/bootstrap.min.css' [5:106956] Error in media list. (Invalid token "(". Was expecting one of: <S>, <IDENT>.)
Oct 09, 2016 3:50:06 PM com.gargoylesoftware.htmlunit.DefaultCssErrorHandler error
WARNING: CSS error: 'https://maxcdn.bootstrapcdn.com/bootstrap/3.2.0/css/bootstrap.min.css' [5:107038] Error in media list. (Invalid token "(". Was expecting one of: <S>, <IDENT>.)
Oct 09, 2016 3:50:06 PM com.gargoylesoftware.htmlunit.DefaultCssErrorHandler error
WARNING: CSS error: 'https://maxcdn.bootstrapcdn.com/bootstrap/3.2.0/css/bootstrap.min.css' [5:107252] Error in media list. (Invalid token "(". Was expecting one of: <S>, <IDENT>.)
Oct 09, 2016 3:50:06 PM com.gargoylesoftware.htmlunit.DefaultCssErrorHandler error
WARNING: CSS error: 'https://maxcdn.bootstrapcdn.com/bootstrap/3.2.0/css/bootstrap.min.css' [5:107342] Error in media list. (Invalid token "(". Was expecting one of: <S>, <IDENT>.)
Oct 09, 2016 3:50:06 PM com.gargoylesoftware.htmlunit.DefaultCssErrorHandler error
WARNING: CSS error: 'https://maxcdn.bootstrapcdn.com/bootstrap/3.2.0/css/bootstrap.min.css' [5:107434] Error in media list. (Invalid token "(". Was expecting one of: <S>, <IDENT>.)
Oct 09, 2016 3:50:06 PM com.gargoylesoftware.htmlunit.DefaultCssErrorHandler error
WARNING: CSS error: 'https://maxcdn.bootstrapcdn.com/bootstrap/3.2.0/css/bootstrap.min.css' [5:107538] Error in media list. (Invalid token "(". Was expecting one of: <S>, <IDENT>.)
Oct 09, 2016 3:50:06 PM com.gargoylesoftware.htmlunit.DefaultCssErrorHandler error
WARNING: CSS error: 'https://maxcdn.bootstrapcdn.com/bootstrap/3.2.0/css/bootstrap.min.css' [5:107753] Error in media list. (Invalid token "(". Was expecting one of: <S>, <IDENT>.)
Oct 09, 2016 3:50:06 PM com.gargoylesoftware.htmlunit.DefaultCssErrorHandler error
WARNING: CSS error: 'https://maxcdn.bootstrapcdn.com/bootstrap/3.2.0/css/bootstrap.min.css' [5:107844] Error in media list. (Invalid token "(". Was expecting one of: <S>, <IDENT>.)
Oct 09, 2016 3:50:06 PM com.gargoylesoftware.htmlunit.DefaultCssErrorHandler error
WARNING: CSS error: 'https://maxcdn.bootstrapcdn.com/bootstrap/3.2.0/css/bootstrap.min.css' [5:107937] Error in media list. (Invalid token "(". Was expecting one of: <S>, <IDENT>.)
Oct 09, 2016 3:50:06 PM com.gargoylesoftware.htmlunit.DefaultCssErrorHandler error
WARNING: CSS error: 'https://maxcdn.bootstrapcdn.com/bootstrap/3.2.0/css/bootstrap.min.css' [5:108042] Error in media list. (Invalid token "(". Was expecting one of: <S>, <IDENT>.)
Oct 09, 2016 3:50:06 PM com.gargoylesoftware.htmlunit.DefaultCssErrorHandler error
WARNING: CSS error: 'https://maxcdn.bootstrapcdn.com/bootstrap/3.2.0/css/bootstrap.min.css' [5:108235] Error in media list. (Invalid token "(". Was expecting one of: <S>, <IDENT>.)
Oct 09, 2016 3:50:06 PM com.gargoylesoftware.htmlunit.DefaultCssErrorHandler error
WARNING: CSS error: 'https://maxcdn.bootstrapcdn.com/bootstrap/3.2.0/css/bootstrap.min.css' [5:108304] Error in media list. (Invalid token "(". Was expecting one of: <S>, <IDENT>.)
Oct 09, 2016 3:50:06 PM com.gargoylesoftware.htmlunit.DefaultCssErrorHandler error
WARNING: CSS error: 'https://maxcdn.bootstrapcdn.com/bootstrap/3.2.0/css/bootstrap.min.css' [5:108375] Error in media list. (Invalid token "(". Was expecting one of: <S>, <IDENT>.)
Oct 09, 2016 3:50:06 PM com.gargoylesoftware.htmlunit.DefaultCssErrorHandler error
WARNING: CSS error: 'https://maxcdn.bootstrapcdn.com/bootstrap/3.2.0/css/bootstrap.min.css' [5:108458] Error in media list. (Invalid token "(". Was expecting one of: <S>, <IDENT>.)
Oct 09, 2016 3:50:06 PM com.gargoylesoftware.htmlunit.DefaultCssErrorHandler error
WARNING: CSS error: 'https://maxcdn.bootstrapcdn.com/bootstrap/3.2.0/css/bootstrap.min.css' [5:108518] Error in media list. (Invalid token "(". Was expecting one of: <S>, <IDENT>.)
Oct 09, 2016 3:50:06 PM com.gargoylesoftware.htmlunit.DefaultCssErrorHandler error
WARNING: CSS error: 'https://maxcdn.bootstrapcdn.com/bootstrap/3.2.0/css/bootstrap.min.css' [5:108600] Error in media list. (Invalid token "(". Was expecting one of: <S>, <IDENT>.)
Oct 09, 2016 3:50:06 PM com.gargoylesoftware.htmlunit.DefaultCssErrorHandler error
WARNING: CSS error: 'https://maxcdn.bootstrapcdn.com/bootstrap/3.2.0/css/bootstrap.min.css' [5:108683] Error in media list. (Invalid token "(". Was expecting one of: <S>, <IDENT>.)
[qtp29973182-21] ERROR spark.webserver.MatcherFilter - 
java.lang.NullPointerException
	at spark.template.velocity.VelocityTemplateEngine.render(VelocityTemplateEngine.java:67)
	at spark.TemplateViewRouteImpl$1.render(TemplateViewRouteImpl.java:61)
	at spark.TemplateViewRouteImpl$1.render(TemplateViewRouteImpl.java:58)
	at spark.TemplateViewRouteImpl.render(TemplateViewRouteImpl.java:85)
	at spark.webserver.MatcherFilter.doFilter(MatcherFilter.java:164)
	at spark.webserver.JettyHandler.doHandle(JettyHandler.java:61)
	at org.eclipse.jetty.server.session.SessionHandler.doScope(SessionHandler.java:189)
	at org.eclipse.jetty.server.handler.ScopedHandler.handle(ScopedHandler.java:141)
	at org.eclipse.jetty.server.handler.HandlerList.handle(HandlerList.java:52)
	at org.eclipse.jetty.server.handler.HandlerWrapper.handle(HandlerWrapper.java:119)
	at org.eclipse.jetty.server.Server.handle(Server.java:517)
	at org.eclipse.jetty.server.HttpChannel.handle(HttpChannel.java:302)
	at org.eclipse.jetty.server.HttpConnection.onFillable(HttpConnection.java:242)
	at org.eclipse.jetty.io.AbstractConnection$ReadCallback.succeeded(AbstractConnection.java:245)
	at org.eclipse.jetty.io.FillInterest.fillable(FillInterest.java:95)
	at org.eclipse.jetty.io.SelectChannelEndPoint$2.run(SelectChannelEndPoint.java:75)
	at org.eclipse.jetty.util.thread.strategy.ExecuteProduceConsume.produceAndRun(ExecuteProduceConsume.java:213)
	at org.eclipse.jetty.util.thread.strategy.ExecuteProduceConsume.run(ExecuteProduceConsume.java:147)
	at org.eclipse.jetty.util.thread.QueuedThreadPool.runJob(QueuedThreadPool.java:654)
	at org.eclipse.jetty.util.thread.QueuedThreadPool$3.run(QueuedThreadPool.java:572)
	at java.lang.Thread.run(Thread.java:745)
[qtp29973182-19] ERROR spark.webserver.MatcherFilter - 
java.lang.NullPointerException
	at spark.template.velocity.VelocityTemplateEngine.render(VelocityTemplateEngine.java:67)
	at spark.TemplateViewRouteImpl$1.render(TemplateViewRouteImpl.java:61)
	at spark.TemplateViewRouteImpl$1.render(TemplateViewRouteImpl.java:58)
	at spark.TemplateViewRouteImpl.render(TemplateViewRouteImpl.java:85)
	at spark.webserver.MatcherFilter.doFilter(MatcherFilter.java:164)
	at spark.webserver.JettyHandler.doHandle(JettyHandler.java:61)
	at org.eclipse.jetty.server.session.SessionHandler.doScope(SessionHandler.java:189)
	at org.eclipse.jetty.server.handler.ScopedHandler.handle(ScopedHandler.java:141)
	at org.eclipse.jetty.server.handler.HandlerList.handle(HandlerList.java:52)
	at org.eclipse.jetty.server.handler.HandlerWrapper.handle(HandlerWrapper.java:119)
	at org.eclipse.jetty.server.Server.handle(Server.java:517)
	at org.eclipse.jetty.server.HttpChannel.handle(HttpChannel.java:302)
	at org.eclipse.jetty.server.HttpConnection.onFillable(HttpConnection.java:242)
	at org.eclipse.jetty.io.AbstractConnection$ReadCallback.succeeded(AbstractConnection.java:245)
	at org.eclipse.jetty.io.FillInterest.fillable(FillInterest.java:95)
	at org.eclipse.jetty.io.SelectChannelEndPoint$2.run(SelectChannelEndPoint.java:75)
	at org.eclipse.jetty.util.thread.strategy.ExecuteProduceConsume.produceAndRun(ExecuteProduceConsume.java:213)
	at org.eclipse.jetty.util.thread.strategy.ExecuteProduceConsume.run(ExecuteProduceConsume.java:147)
	at org.eclipse.jetty.util.thread.QueuedThreadPool.runJob(QueuedThreadPool.java:654)
	at org.eclipse.jetty.util.thread.QueuedThreadPool$3.run(QueuedThreadPool.java:572)
	at java.lang.Thread.run(Thread.java:745)
Oct 09, 2016 3:50:07 PM com.gargoylesoftware.htmlunit.DefaultCssErrorHandler error
WARNING: CSS error: 'https://maxcdn.bootstrapcdn.com/bootstrap/3.2.0/css/bootstrap.min.css' [5:14693] Error in media list. (Invalid token "(". Was expecting one of: <S>, <IDENT>.)
Oct 09, 2016 3:50:07 PM com.gargoylesoftware.htmlunit.DefaultCssErrorHandler error
WARNING: CSS error: 'https://maxcdn.bootstrapcdn.com/bootstrap/3.2.0/css/bootstrap.min.css' [5:16291] Error in media list. (Invalid token "(". Was expecting one of: <S>, <IDENT>.)
Oct 09, 2016 3:50:07 PM com.gargoylesoftware.htmlunit.DefaultCssErrorHandler error
WARNING: CSS error: 'https://maxcdn.bootstrapcdn.com/bootstrap/3.2.0/css/bootstrap.min.css' [5:18566] Error in media list. (Invalid token "(". Was expecting one of: <S>, <IDENT>.)
Oct 09, 2016 3:50:07 PM com.gargoylesoftware.htmlunit.DefaultCssErrorHandler error
WARNING: CSS error: 'https://maxcdn.bootstrapcdn.com/bootstrap/3.2.0/css/bootstrap.min.css' [5:18615] Error in media list. (Invalid token "(". Was expecting one of: <S>, <IDENT>.)
Oct 09, 2016 3:50:07 PM com.gargoylesoftware.htmlunit.DefaultCssErrorHandler error
WARNING: CSS error: 'https://maxcdn.bootstrapcdn.com/bootstrap/3.2.0/css/bootstrap.min.css' [5:18664] Error in media list. (Invalid token "(". Was expecting one of: <S>, <IDENT>.)
Oct 09, 2016 3:50:07 PM com.gargoylesoftware.htmlunit.DefaultCssErrorHandler error
WARNING: CSS error: 'https://maxcdn.bootstrapcdn.com/bootstrap/3.2.0/css/bootstrap.min.css' [5:21148] Error in media list. (Invalid token "(". Was expecting one of: <S>, <IDENT>.)
Oct 09, 2016 3:50:07 PM com.gargoylesoftware.htmlunit.DefaultCssErrorHandler error
WARNING: CSS error: 'https://maxcdn.bootstrapcdn.com/bootstrap/3.2.0/css/bootstrap.min.css' [5:22914] Error in media list. (Invalid token "(". Was expecting one of: <S>, <IDENT>.)
Oct 09, 2016 3:50:07 PM com.gargoylesoftware.htmlunit.DefaultCssErrorHandler error
WARNING: CSS error: 'https://maxcdn.bootstrapcdn.com/bootstrap/3.2.0/css/bootstrap.min.css' [5:24680] Error in media list. (Invalid token "(". Was expecting one of: <S>, <IDENT>.)
Oct 09, 2016 3:50:07 PM com.gargoylesoftware.htmlunit.DefaultCssErrorHandler error
WARNING: CSS error: 'https://maxcdn.bootstrapcdn.com/bootstrap/3.2.0/css/bootstrap.min.css' [5:30763] Error in @media rule. (Invalid token "and". Was expecting one of: <S>, <LBRACE>, <COMMA>.)
Oct 09, 2016 3:50:07 PM com.gargoylesoftware.htmlunit.DefaultCssErrorHandler warning
WARNING: CSS warning: 'https://maxcdn.bootstrapcdn.com/bootstrap/3.2.0/css/bootstrap.min.css' [5:30763] Ignoring the whole rule.
Oct 09, 2016 3:50:07 PM com.gargoylesoftware.htmlunit.DefaultCssErrorHandler error
WARNING: CSS error: 'https://maxcdn.bootstrapcdn.com/bootstrap/3.2.0/css/bootstrap.min.css' [5:38743] Error in media list. (Invalid token "(". Was expecting one of: <S>, <IDENT>.)
Oct 09, 2016 3:50:07 PM com.gargoylesoftware.htmlunit.DefaultCssErrorHandler error
WARNING: CSS error: 'https://maxcdn.bootstrapcdn.com/bootstrap/3.2.0/css/bootstrap.min.css' [5:39908] Error in media list. (Invalid token "(". Was expecting one of: <S>, <IDENT>.)
Oct 09, 2016 3:50:07 PM com.gargoylesoftware.htmlunit.DefaultCssErrorHandler error
WARNING: CSS error: 'https://maxcdn.bootstrapcdn.com/bootstrap/3.2.0/css/bootstrap.min.css' [5:40086] Error in media list. (Invalid token "(". Was expecting one of: <S>, <IDENT>.)
Oct 09, 2016 3:50:07 PM com.gargoylesoftware.htmlunit.DefaultCssErrorHandler error
WARNING: CSS error: 'https://maxcdn.bootstrapcdn.com/bootstrap/3.2.0/css/bootstrap.min.css' [5:40178] Error in media list. (Invalid token "(". Was expecting one of: <S>, <IDENT>.)
Oct 09, 2016 3:50:07 PM com.gargoylesoftware.htmlunit.DefaultCssErrorHandler error
WARNING: CSS error: 'https://maxcdn.bootstrapcdn.com/bootstrap/3.2.0/css/bootstrap.min.css' [5:49282] Error in expression; ':' found after identifier "progid".
Oct 09, 2016 3:50:07 PM com.gargoylesoftware.htmlunit.DefaultCssErrorHandler error
WARNING: CSS error: 'https://maxcdn.bootstrapcdn.com/bootstrap/3.2.0/css/bootstrap.min.css' [5:49917] Error in media list. (Invalid token "(". Was expecting one of: <S>, <IDENT>.)
Oct 09, 2016 3:50:07 PM com.gargoylesoftware.htmlunit.DefaultCssErrorHandler error
WARNING: CSS error: 'https://maxcdn.bootstrapcdn.com/bootstrap/3.2.0/css/bootstrap.min.css' [5:58448] Error in media list. (Invalid token "(". Was expecting one of: <S>, <IDENT>.)
Oct 09, 2016 3:50:07 PM com.gargoylesoftware.htmlunit.DefaultCssErrorHandler error
WARNING: CSS error: 'https://maxcdn.bootstrapcdn.com/bootstrap/3.2.0/css/bootstrap.min.css' [5:58772] Error in media list. (Invalid token "(". Was expecting one of: <S>, <IDENT>.)
Oct 09, 2016 3:50:07 PM com.gargoylesoftware.htmlunit.DefaultCssErrorHandler error
WARNING: CSS error: 'https://maxcdn.bootstrapcdn.com/bootstrap/3.2.0/css/bootstrap.min.css' [5:59475] Error in media list. (Invalid token "(". Was expecting one of: <S>, <IDENT>.)
Oct 09, 2016 3:50:07 PM com.gargoylesoftware.htmlunit.DefaultCssErrorHandler error
WARNING: CSS error: 'https://maxcdn.bootstrapcdn.com/bootstrap/3.2.0/css/bootstrap.min.css' [5:59801] Error in media list. (Invalid token "(". Was expecting one of: <S>, <IDENT>.)
Oct 09, 2016 3:50:07 PM com.gargoylesoftware.htmlunit.DefaultCssErrorHandler error
WARNING: CSS error: 'https://maxcdn.bootstrapcdn.com/bootstrap/3.2.0/css/bootstrap.min.css' [5:60287] Error in media list. (Invalid token "(". Was expecting one of: <S>, <IDENT>.)
Oct 09, 2016 3:50:07 PM com.gargoylesoftware.htmlunit.DefaultCssErrorHandler error
WARNING: CSS error: 'https://maxcdn.bootstrapcdn.com/bootstrap/3.2.0/css/bootstrap.min.css' [5:60339] Error in media list. (Invalid token "(". Was expecting one of: <S>, <IDENT>.)
Oct 09, 2016 3:50:07 PM com.gargoylesoftware.htmlunit.DefaultCssErrorHandler error
WARNING: CSS error: 'https://maxcdn.bootstrapcdn.com/bootstrap/3.2.0/css/bootstrap.min.css' [5:60666] Error in media list. (Invalid token "(". Was expecting one of: <S>, <IDENT>.)
Oct 09, 2016 3:50:07 PM com.gargoylesoftware.htmlunit.DefaultCssErrorHandler error
WARNING: CSS error: 'https://maxcdn.bootstrapcdn.com/bootstrap/3.2.0/css/bootstrap.min.css' [5:61158] Error in media list. (Invalid token "(". Was expecting one of: <S>, <IDENT>.)
Oct 09, 2016 3:50:07 PM com.gargoylesoftware.htmlunit.DefaultCssErrorHandler error
WARNING: CSS error: 'https://maxcdn.bootstrapcdn.com/bootstrap/3.2.0/css/bootstrap.min.css' [5:61459] Error in media list. (Invalid token "(". Was expecting one of: <S>, <IDENT>.)
Oct 09, 2016 3:50:07 PM com.gargoylesoftware.htmlunit.DefaultCssErrorHandler error
WARNING: CSS error: 'https://maxcdn.bootstrapcdn.com/bootstrap/3.2.0/css/bootstrap.min.css' [5:61687] Error in media list. (Invalid token "(". Was expecting one of: <S>, <IDENT>.)
Oct 09, 2016 3:50:07 PM com.gargoylesoftware.htmlunit.DefaultCssErrorHandler error
WARNING: CSS error: 'https://maxcdn.bootstrapcdn.com/bootstrap/3.2.0/css/bootstrap.min.css' [5:61928] Error in media list. (Invalid token "(". Was expecting one of: <S>, <IDENT>.)
Oct 09, 2016 3:50:07 PM com.gargoylesoftware.htmlunit.DefaultCssErrorHandler error
WARNING: CSS error: 'https://maxcdn.bootstrapcdn.com/bootstrap/3.2.0/css/bootstrap.min.css' [5:62269] Error in media list. (Invalid token "(". Was expecting one of: <S>, <IDENT>.)
Oct 09, 2016 3:50:07 PM com.gargoylesoftware.htmlunit.DefaultCssErrorHandler error
WARNING: CSS error: 'https://maxcdn.bootstrapcdn.com/bootstrap/3.2.0/css/bootstrap.min.css' [5:62756] Error in media list. (Invalid token "(". Was expecting one of: <S>, <IDENT>.)
Oct 09, 2016 3:50:07 PM com.gargoylesoftware.htmlunit.DefaultCssErrorHandler error
WARNING: CSS error: 'https://maxcdn.bootstrapcdn.com/bootstrap/3.2.0/css/bootstrap.min.css' [5:62912] Error in media list. (Invalid token "(". Was expecting one of: <S>, <IDENT>.)
Oct 09, 2016 3:50:07 PM com.gargoylesoftware.htmlunit.DefaultCssErrorHandler error
WARNING: CSS error: 'https://maxcdn.bootstrapcdn.com/bootstrap/3.2.0/css/bootstrap.min.css' [5:63379] Error in media list. (Invalid token "(". Was expecting one of: <S>, <IDENT>.)
Oct 09, 2016 3:50:07 PM com.gargoylesoftware.htmlunit.DefaultCssErrorHandler error
WARNING: CSS error: 'https://maxcdn.bootstrapcdn.com/bootstrap/3.2.0/css/bootstrap.min.css' [5:63572] Error in media list. (Invalid token "(". Was expecting one of: <S>, <IDENT>.)
Oct 09, 2016 3:50:07 PM com.gargoylesoftware.htmlunit.DefaultCssErrorHandler error
WARNING: CSS error: 'https://maxcdn.bootstrapcdn.com/bootstrap/3.2.0/css/bootstrap.min.css' [5:63996] Error in media list. (Invalid token "(". Was expecting one of: <S>, <IDENT>.)
Oct 09, 2016 3:50:07 PM com.gargoylesoftware.htmlunit.DefaultCssErrorHandler error
WARNING: CSS error: 'https://maxcdn.bootstrapcdn.com/bootstrap/3.2.0/css/bootstrap.min.css' [5:64867] Error in media list. (Invalid token "(". Was expecting one of: <S>, <IDENT>.)
Oct 09, 2016 3:50:07 PM com.gargoylesoftware.htmlunit.DefaultCssErrorHandler error
WARNING: CSS error: 'https://maxcdn.bootstrapcdn.com/bootstrap/3.2.0/css/bootstrap.min.css' [5:64936] Error in media list. (Invalid token "(". Was expecting one of: <S>, <IDENT>.)
Oct 09, 2016 3:50:07 PM com.gargoylesoftware.htmlunit.DefaultCssErrorHandler error
WARNING: CSS error: 'https://maxcdn.bootstrapcdn.com/bootstrap/3.2.0/css/bootstrap.min.css' [5:65554] Error in media list. (Invalid token "(". Was expecting one of: <S>, <IDENT>.)
Oct 09, 2016 3:50:07 PM com.gargoylesoftware.htmlunit.DefaultCssErrorHandler error
WARNING: CSS error: 'https://maxcdn.bootstrapcdn.com/bootstrap/3.2.0/css/bootstrap.min.css' [5:66892] Error in media list. (Invalid token "(". Was expecting one of: <S>, <IDENT>.)
Oct 09, 2016 3:50:08 PM com.gargoylesoftware.htmlunit.DefaultCssErrorHandler error
WARNING: CSS error: 'https://maxcdn.bootstrapcdn.com/bootstrap/3.2.0/css/bootstrap.min.css' [5:69193] Error in media list. (Invalid token "(". Was expecting one of: <S>, <IDENT>.)
Oct 09, 2016 3:50:08 PM com.gargoylesoftware.htmlunit.DefaultCssErrorHandler error
WARNING: CSS error: 'https://maxcdn.bootstrapcdn.com/bootstrap/3.2.0/css/bootstrap.min.css' [5:74964] Error in @media rule. (Invalid token "and". Was expecting one of: <S>, <LBRACE>, <COMMA>.)
Oct 09, 2016 3:50:08 PM com.gargoylesoftware.htmlunit.DefaultCssErrorHandler warning
WARNING: CSS warning: 'https://maxcdn.bootstrapcdn.com/bootstrap/3.2.0/css/bootstrap.min.css' [5:74964] Ignoring the whole rule.
Oct 09, 2016 3:50:08 PM com.gargoylesoftware.htmlunit.DefaultCssErrorHandler error
WARNING: CSS error: 'https://maxcdn.bootstrapcdn.com/bootstrap/3.2.0/css/bootstrap.min.css' [5:97355] Error in media list. (Invalid token "(". Was expecting one of: <S>, <IDENT>.)
Oct 09, 2016 3:50:08 PM com.gargoylesoftware.htmlunit.DefaultCssErrorHandler error
WARNING: CSS error: 'https://maxcdn.bootstrapcdn.com/bootstrap/3.2.0/css/bootstrap.min.css' [5:97543] Error in media list. (Invalid token "(". Was expecting one of: <S>, <IDENT>.)
Oct 09, 2016 3:50:08 PM com.gargoylesoftware.htmlunit.DefaultCssErrorHandler error
WARNING: CSS error: 'https://maxcdn.bootstrapcdn.com/bootstrap/3.2.0/css/bootstrap.min.css' [5:102209] Error in expression; ':' found after identifier "progid".
Oct 09, 2016 3:50:08 PM com.gargoylesoftware.htmlunit.DefaultCssErrorHandler error
WARNING: CSS error: 'https://maxcdn.bootstrapcdn.com/bootstrap/3.2.0/css/bootstrap.min.css' [5:102752] Error in expression; ':' found after identifier "progid".
Oct 09, 2016 3:50:08 PM com.gargoylesoftware.htmlunit.DefaultCssErrorHandler error
WARNING: CSS error: 'https://maxcdn.bootstrapcdn.com/bootstrap/3.2.0/css/bootstrap.min.css' [5:104304] Error in @media rule. (Invalid token "and". Was expecting one of: <S>, <LBRACE>, <COMMA>.)
Oct 09, 2016 3:50:08 PM com.gargoylesoftware.htmlunit.DefaultCssErrorHandler warning
WARNING: CSS warning: 'https://maxcdn.bootstrapcdn.com/bootstrap/3.2.0/css/bootstrap.min.css' [5:104304] Ignoring the whole rule.
Oct 09, 2016 3:50:08 PM com.gargoylesoftware.htmlunit.DefaultCssErrorHandler error
WARNING: CSS error: 'https://maxcdn.bootstrapcdn.com/bootstrap/3.2.0/css/bootstrap.min.css' [5:106626] Error in media list. (Invalid token "(". Was expecting one of: <S>, <IDENT>.)
Oct 09, 2016 3:50:08 PM com.gargoylesoftware.htmlunit.DefaultCssErrorHandler error
WARNING: CSS error: 'https://maxcdn.bootstrapcdn.com/bootstrap/3.2.0/css/bootstrap.min.css' [5:106818] Error in media list. (Invalid token "(". Was expecting one of: <S>, <IDENT>.)
Oct 09, 2016 3:50:08 PM com.gargoylesoftware.htmlunit.DefaultCssErrorHandler error
WARNING: CSS error: 'https://maxcdn.bootstrapcdn.com/bootstrap/3.2.0/css/bootstrap.min.css' [5:106886] Error in media list. (Invalid token "(". Was expecting one of: <S>, <IDENT>.)
Oct 09, 2016 3:50:08 PM com.gargoylesoftware.htmlunit.DefaultCssErrorHandler error
WARNING: CSS error: 'https://maxcdn.bootstrapcdn.com/bootstrap/3.2.0/css/bootstrap.min.css' [5:106956] Error in media list. (Invalid token "(". Was expecting one of: <S>, <IDENT>.)
Oct 09, 2016 3:50:08 PM com.gargoylesoftware.htmlunit.DefaultCssErrorHandler error
WARNING: CSS error: 'https://maxcdn.bootstrapcdn.com/bootstrap/3.2.0/css/bootstrap.min.css' [5:107038] Error in media list. (Invalid token "(". Was expecting one of: <S>, <IDENT>.)
Oct 09, 2016 3:50:08 PM com.gargoylesoftware.htmlunit.DefaultCssErrorHandler error
WARNING: CSS error: 'https://maxcdn.bootstrapcdn.com/bootstrap/3.2.0/css/bootstrap.min.css' [5:107252] Error in media list. (Invalid token "(". Was expecting one of: <S>, <IDENT>.)
Oct 09, 2016 3:50:08 PM com.gargoylesoftware.htmlunit.DefaultCssErrorHandler error
WARNING: CSS error: 'https://maxcdn.bootstrapcdn.com/bootstrap/3.2.0/css/bootstrap.min.css' [5:107342] Error in media list. (Invalid token "(". Was expecting one of: <S>, <IDENT>.)
Oct 09, 2016 3:50:08 PM com.gargoylesoftware.htmlunit.DefaultCssErrorHandler error
WARNING: CSS error: 'https://maxcdn.bootstrapcdn.com/bootstrap/3.2.0/css/bootstrap.min.css' [5:107434] Error in media list. (Invalid token "(". Was expecting one of: <S>, <IDENT>.)
Oct 09, 2016 3:50:08 PM com.gargoylesoftware.htmlunit.DefaultCssErrorHandler error
WARNING: CSS error: 'https://maxcdn.bootstrapcdn.com/bootstrap/3.2.0/css/bootstrap.min.css' [5:107538] Error in media list. (Invalid token "(". Was expecting one of: <S>, <IDENT>.)
Oct 09, 2016 3:50:08 PM com.gargoylesoftware.htmlunit.DefaultCssErrorHandler error
WARNING: CSS error: 'https://maxcdn.bootstrapcdn.com/bootstrap/3.2.0/css/bootstrap.min.css' [5:107753] Error in media list. (Invalid token "(". Was expecting one of: <S>, <IDENT>.)
Oct 09, 2016 3:50:08 PM com.gargoylesoftware.htmlunit.DefaultCssErrorHandler error
WARNING: CSS error: 'https://maxcdn.bootstrapcdn.com/bootstrap/3.2.0/css/bootstrap.min.css' [5:107844] Error in media list. (Invalid token "(". Was expecting one of: <S>, <IDENT>.)
Oct 09, 2016 3:50:08 PM com.gargoylesoftware.htmlunit.DefaultCssErrorHandler error
WARNING: CSS error: 'https://maxcdn.bootstrapcdn.com/bootstrap/3.2.0/css/bootstrap.min.css' [5:107937] Error in media list. (Invalid token "(". Was expecting one of: <S>, <IDENT>.)
Oct 09, 2016 3:50:08 PM com.gargoylesoftware.htmlunit.DefaultCssErrorHandler error
WARNING: CSS error: 'https://maxcdn.bootstrapcdn.com/bootstrap/3.2.0/css/bootstrap.min.css' [5:108042] Error in media list. (Invalid token "(". Was expecting one of: <S>, <IDENT>.)
Oct 09, 2016 3:50:08 PM com.gargoylesoftware.htmlunit.DefaultCssErrorHandler error
WARNING: CSS error: 'https://maxcdn.bootstrapcdn.com/bootstrap/3.2.0/css/bootstrap.min.css' [5:108235] Error in media list. (Invalid token "(". Was expecting one of: <S>, <IDENT>.)
Oct 09, 2016 3:50:08 PM com.gargoylesoftware.htmlunit.DefaultCssErrorHandler error
WARNING: CSS error: 'https://maxcdn.bootstrapcdn.com/bootstrap/3.2.0/css/bootstrap.min.css' [5:108304] Error in media list. (Invalid token "(". Was expecting one of: <S>, <IDENT>.)
Oct 09, 2016 3:50:08 PM com.gargoylesoftware.htmlunit.DefaultCssErrorHandler error
WARNING: CSS error: 'https://maxcdn.bootstrapcdn.com/bootstrap/3.2.0/css/bootstrap.min.css' [5:108375] Error in media list. (Invalid token "(". Was expecting one of: <S>, <IDENT>.)
Oct 09, 2016 3:50:08 PM com.gargoylesoftware.htmlunit.DefaultCssErrorHandler error
WARNING: CSS error: 'https://maxcdn.bootstrapcdn.com/bootstrap/3.2.0/css/bootstrap.min.css' [5:108458] Error in media list. (Invalid token "(". Was expecting one of: <S>, <IDENT>.)
Oct 09, 2016 3:50:08 PM com.gargoylesoftware.htmlunit.DefaultCssErrorHandler error
WARNING: CSS error: 'https://maxcdn.bootstrapcdn.com/bootstrap/3.2.0/css/bootstrap.min.css' [5:108518] Error in media list. (Invalid token "(". Was expecting one of: <S>, <IDENT>.)
Oct 09, 2016 3:50:08 PM com.gargoylesoftware.htmlunit.DefaultCssErrorHandler error
WARNING: CSS error: 'https://maxcdn.bootstrapcdn.com/bootstrap/3.2.0/css/bootstrap.min.css' [5:108600] Error in media list. (Invalid token "(". Was expecting one of: <S>, <IDENT>.)
Oct 09, 2016 3:50:08 PM com.gargoylesoftware.htmlunit.DefaultCssErrorHandler error
WARNING: CSS error: 'https://maxcdn.bootstrapcdn.com/bootstrap/3.2.0/css/bootstrap.min.css' [5:108683] Error in media list. (Invalid token "(". Was expecting one of: <S>, <IDENT>.)
[qtp29973182-20] ERROR spark.webserver.MatcherFilter - 
java.lang.NullPointerException
	at spark.template.velocity.VelocityTemplateEngine.render(VelocityTemplateEngine.java:67)
	at spark.TemplateViewRouteImpl$1.render(TemplateViewRouteImpl.java:61)
	at spark.TemplateViewRouteImpl$1.render(TemplateViewRouteImpl.java:58)
	at spark.TemplateViewRouteImpl.render(TemplateViewRouteImpl.java:85)
	at spark.webserver.MatcherFilter.doFilter(MatcherFilter.java:164)
	at spark.webserver.JettyHandler.doHandle(JettyHandler.java:61)
	at org.eclipse.jetty.server.session.SessionHandler.doScope(SessionHandler.java:189)
	at org.eclipse.jetty.server.handler.ScopedHandler.handle(ScopedHandler.java:141)
	at org.eclipse.jetty.server.handler.HandlerList.handle(HandlerList.java:52)
	at org.eclipse.jetty.server.handler.HandlerWrapper.handle(HandlerWrapper.java:119)
	at org.eclipse.jetty.server.Server.handle(Server.java:517)
	at org.eclipse.jetty.server.HttpChannel.handle(HttpChannel.java:302)
	at org.eclipse.jetty.server.HttpConnection.onFillable(HttpConnection.java:242)
	at org.eclipse.jetty.io.AbstractConnection$ReadCallback.succeeded(AbstractConnection.java:245)
	at org.eclipse.jetty.io.FillInterest.fillable(FillInterest.java:95)
	at org.eclipse.jetty.io.SelectChannelEndPoint$2.run(SelectChannelEndPoint.java:75)
	at org.eclipse.jetty.util.thread.strategy.ExecuteProduceConsume.produceAndRun(ExecuteProduceConsume.java:213)
	at org.eclipse.jetty.util.thread.strategy.ExecuteProduceConsume.run(ExecuteProduceConsume.java:147)
	at org.eclipse.jetty.util.thread.QueuedThreadPool.runJob(QueuedThreadPool.java:654)
	at org.eclipse.jetty.util.thread.QueuedThreadPool$3.run(QueuedThreadPool.java:572)
	at java.lang.Thread.run(Thread.java:745)
[qtp29973182-18] ERROR spark.webserver.MatcherFilter - 
java.lang.NullPointerException
	at spark.template.velocity.VelocityTemplateEngine.render(VelocityTemplateEngine.java:67)
	at spark.TemplateViewRouteImpl$1.render(TemplateViewRouteImpl.java:61)
	at spark.TemplateViewRouteImpl$1.render(TemplateViewRouteImpl.java:58)
	at spark.TemplateViewRouteImpl.render(TemplateViewRouteImpl.java:85)
	at spark.webserver.MatcherFilter.doFilter(MatcherFilter.java:164)
	at spark.webserver.JettyHandler.doHandle(JettyHandler.java:61)
	at org.eclipse.jetty.server.session.SessionHandler.doScope(SessionHandler.java:189)
	at org.eclipse.jetty.server.handler.ScopedHandler.handle(ScopedHandler.java:141)
	at org.eclipse.jetty.server.handler.HandlerList.handle(HandlerList.java:52)
	at org.eclipse.jetty.server.handler.HandlerWrapper.handle(HandlerWrapper.java:119)
	at org.eclipse.jetty.server.Server.handle(Server.java:517)
	at org.eclipse.jetty.server.HttpChannel.handle(HttpChannel.java:302)
	at org.eclipse.jetty.server.HttpConnection.onFillable(HttpConnection.java:242)
	at org.eclipse.jetty.io.AbstractConnection$ReadCallback.succeeded(AbstractConnection.java:245)
	at org.eclipse.jetty.io.FillInterest.fillable(FillInterest.java:95)
	at org.eclipse.jetty.io.SelectChannelEndPoint$2.run(SelectChannelEndPoint.java:75)
	at org.eclipse.jetty.util.thread.strategy.ExecuteProduceConsume.produceAndRun(ExecuteProduceConsume.java:213)
	at org.eclipse.jetty.util.thread.strategy.ExecuteProduceConsume.run(ExecuteProduceConsume.java:147)
	at org.eclipse.jetty.util.thread.QueuedThreadPool.runJob(QueuedThreadPool.java:654)
	at org.eclipse.jetty.util.thread.QueuedThreadPool$3.run(QueuedThreadPool.java:572)
	at java.lang.Thread.run(Thread.java:745)
[qtp29973182-14] ERROR spark.webserver.MatcherFilter - 
java.lang.NullPointerException
	at spark.template.velocity.VelocityTemplateEngine.render(VelocityTemplateEngine.java:67)
	at spark.TemplateViewRouteImpl$1.render(TemplateViewRouteImpl.java:61)
	at spark.TemplateViewRouteImpl$1.render(TemplateViewRouteImpl.java:58)
	at spark.TemplateViewRouteImpl.render(TemplateViewRouteImpl.java:85)
	at spark.webserver.MatcherFilter.doFilter(MatcherFilter.java:164)
	at spark.webserver.JettyHandler.doHandle(JettyHandler.java:61)
	at org.eclipse.jetty.server.session.SessionHandler.doScope(SessionHandler.java:189)
	at org.eclipse.jetty.server.handler.ScopedHandler.handle(ScopedHandler.java:141)
	at org.eclipse.jetty.server.handler.HandlerList.handle(HandlerList.java:52)
	at org.eclipse.jetty.server.handler.HandlerWrapper.handle(HandlerWrapper.java:119)
	at org.eclipse.jetty.server.Server.handle(Server.java:517)
	at org.eclipse.jetty.server.HttpChannel.handle(HttpChannel.java:302)
	at org.eclipse.jetty.server.HttpConnection.onFillable(HttpConnection.java:242)
	at org.eclipse.jetty.io.AbstractConnection$ReadCallback.succeeded(AbstractConnection.java:245)
	at org.eclipse.jetty.io.FillInterest.fillable(FillInterest.java:95)
	at org.eclipse.jetty.io.SelectChannelEndPoint$2.run(SelectChannelEndPoint.java:75)
	at org.eclipse.jetty.util.thread.strategy.ExecuteProduceConsume.produceAndRun(ExecuteProduceConsume.java:213)
	at org.eclipse.jetty.util.thread.strategy.ExecuteProduceConsume.run(ExecuteProduceConsume.java:147)
	at org.eclipse.jetty.util.thread.QueuedThreadPool.runJob(QueuedThreadPool.java:654)
	at org.eclipse.jetty.util.thread.QueuedThreadPool$3.run(QueuedThreadPool.java:572)
	at java.lang.Thread.run(Thread.java:745)
[qtp29973182-19] ERROR spark.webserver.MatcherFilter - 
java.lang.NullPointerException
	at spark.template.velocity.VelocityTemplateEngine.render(VelocityTemplateEngine.java:67)
	at spark.TemplateViewRouteImpl$1.render(TemplateViewRouteImpl.java:61)
	at spark.TemplateViewRouteImpl$1.render(TemplateViewRouteImpl.java:58)
	at spark.TemplateViewRouteImpl.render(TemplateViewRouteImpl.java:85)
	at spark.webserver.MatcherFilter.doFilter(MatcherFilter.java:164)
	at spark.webserver.JettyHandler.doHandle(JettyHandler.java:61)
	at org.eclipse.jetty.server.session.SessionHandler.doScope(SessionHandler.java:189)
	at org.eclipse.jetty.server.handler.ScopedHandler.handle(ScopedHandler.java:141)
	at org.eclipse.jetty.server.handler.HandlerList.handle(HandlerList.java:52)
	at org.eclipse.jetty.server.handler.HandlerWrapper.handle(HandlerWrapper.java:119)
	at org.eclipse.jetty.server.Server.handle(Server.java:517)
	at org.eclipse.jetty.server.HttpChannel.handle(HttpChannel.java:302)
	at org.eclipse.jetty.server.HttpConnection.onFillable(HttpConnection.java:242)
	at org.eclipse.jetty.io.AbstractConnection$ReadCallback.succeeded(AbstractConnection.java:245)
	at org.eclipse.jetty.io.FillInterest.fillable(FillInterest.java:95)
	at org.eclipse.jetty.io.SelectChannelEndPoint$2.run(SelectChannelEndPoint.java:75)
	at org.eclipse.jetty.util.thread.strategy.ExecuteProduceConsume.produceAndRun(ExecuteProduceConsume.java:213)
	at org.eclipse.jetty.util.thread.strategy.ExecuteProduceConsume.run(ExecuteProduceConsume.java:147)
	at org.eclipse.jetty.util.thread.QueuedThreadPool.runJob(QueuedThreadPool.java:654)
	at org.eclipse.jetty.util.thread.QueuedThreadPool$3.run(QueuedThreadPool.java:572)
	at java.lang.Thread.run(Thread.java:745)
[qtp29973182-18] ERROR spark.webserver.MatcherFilter - 
java.lang.NullPointerException
	at spark.template.velocity.VelocityTemplateEngine.render(VelocityTemplateEngine.java:67)
	at spark.TemplateViewRouteImpl$1.render(TemplateViewRouteImpl.java:61)
	at spark.TemplateViewRouteImpl$1.render(TemplateViewRouteImpl.java:58)
	at spark.TemplateViewRouteImpl.render(TemplateViewRouteImpl.java:85)
	at spark.webserver.MatcherFilter.doFilter(MatcherFilter.java:164)
	at spark.webserver.JettyHandler.doHandle(JettyHandler.java:61)
	at org.eclipse.jetty.server.session.SessionHandler.doScope(SessionHandler.java:189)
	at org.eclipse.jetty.server.handler.ScopedHandler.handle(ScopedHandler.java:141)
	at org.eclipse.jetty.server.handler.HandlerList.handle(HandlerList.java:52)
	at org.eclipse.jetty.server.handler.HandlerWrapper.handle(HandlerWrapper.java:119)
	at org.eclipse.jetty.server.Server.handle(Server.java:517)
	at org.eclipse.jetty.server.HttpChannel.handle(HttpChannel.java:302)
	at org.eclipse.jetty.server.HttpConnection.onFillable(HttpConnection.java:242)
	at org.eclipse.jetty.io.AbstractConnection$ReadCallback.succeeded(AbstractConnection.java:245)
	at org.eclipse.jetty.io.FillInterest.fillable(FillInterest.java:95)
	at org.eclipse.jetty.io.SelectChannelEndPoint$2.run(SelectChannelEndPoint.java:75)
	at org.eclipse.jetty.util.thread.strategy.ExecuteProduceConsume.produceAndRun(ExecuteProduceConsume.java:213)
	at org.eclipse.jetty.util.thread.strategy.ExecuteProduceConsume.run(ExecuteProduceConsume.java:147)
	at org.eclipse.jetty.util.thread.QueuedThreadPool.runJob(QueuedThreadPool.java:654)
	at org.eclipse.jetty.util.thread.QueuedThreadPool$3.run(QueuedThreadPool.java:572)
	at java.lang.Thread.run(Thread.java:745)
[qtp29973182-17] ERROR spark.webserver.MatcherFilter - 
java.lang.NullPointerException
	at spark.template.velocity.VelocityTemplateEngine.render(VelocityTemplateEngine.java:67)
	at spark.TemplateViewRouteImpl$1.render(TemplateViewRouteImpl.java:61)
	at spark.TemplateViewRouteImpl$1.render(TemplateViewRouteImpl.java:58)
	at spark.TemplateViewRouteImpl.render(TemplateViewRouteImpl.java:85)
	at spark.webserver.MatcherFilter.doFilter(MatcherFilter.java:164)
	at spark.webserver.JettyHandler.doHandle(JettyHandler.java:61)
	at org.eclipse.jetty.server.session.SessionHandler.doScope(SessionHandler.java:189)
	at org.eclipse.jetty.server.handler.ScopedHandler.handle(ScopedHandler.java:141)
	at org.eclipse.jetty.server.handler.HandlerList.handle(HandlerList.java:52)
	at org.eclipse.jetty.server.handler.HandlerWrapper.handle(HandlerWrapper.java:119)
	at org.eclipse.jetty.server.Server.handle(Server.java:517)
	at org.eclipse.jetty.server.HttpChannel.handle(HttpChannel.java:302)
	at org.eclipse.jetty.server.HttpConnection.onFillable(HttpConnection.java:242)
	at org.eclipse.jetty.io.AbstractConnection$ReadCallback.succeeded(AbstractConnection.java:245)
	at org.eclipse.jetty.io.FillInterest.fillable(FillInterest.java:95)
	at org.eclipse.jetty.io.SelectChannelEndPoint$2.run(SelectChannelEndPoint.java:75)
	at org.eclipse.jetty.util.thread.strategy.ExecuteProduceConsume.produceAndRun(ExecuteProduceConsume.java:213)
	at org.eclipse.jetty.util.thread.strategy.ExecuteProduceConsume.run(ExecuteProduceConsume.java:147)
	at org.eclipse.jetty.util.thread.QueuedThreadPool.runJob(QueuedThreadPool.java:654)
	at org.eclipse.jetty.util.thread.QueuedThreadPool$3.run(QueuedThreadPool.java:572)
	at java.lang.Thread.run(Thread.java:745)
[qtp29973182-16] ERROR spark.webserver.MatcherFilter - 
java.lang.NullPointerException
	at spark.template.velocity.VelocityTemplateEngine.render(VelocityTemplateEngine.java:67)
	at spark.TemplateViewRouteImpl$1.render(TemplateViewRouteImpl.java:61)
	at spark.TemplateViewRouteImpl$1.render(TemplateViewRouteImpl.java:58)
	at spark.TemplateViewRouteImpl.render(TemplateViewRouteImpl.java:85)
	at spark.webserver.MatcherFilter.doFilter(MatcherFilter.java:164)
	at spark.webserver.JettyHandler.doHandle(JettyHandler.java:61)
	at org.eclipse.jetty.server.session.SessionHandler.doScope(SessionHandler.java:189)
	at org.eclipse.jetty.server.handler.ScopedHandler.handle(ScopedHandler.java:141)
	at org.eclipse.jetty.server.handler.HandlerList.handle(HandlerList.java:52)
	at org.eclipse.jetty.server.handler.HandlerWrapper.handle(HandlerWrapper.java:119)
	at org.eclipse.jetty.server.Server.handle(Server.java:517)
	at org.eclipse.jetty.server.HttpChannel.handle(HttpChannel.java:302)
	at org.eclipse.jetty.server.HttpConnection.onFillable(HttpConnection.java:242)
	at org.eclipse.jetty.io.AbstractConnection$ReadCallback.succeeded(AbstractConnection.java:245)
	at org.eclipse.jetty.io.FillInterest.fillable(FillInterest.java:95)
	at org.eclipse.jetty.io.SelectChannelEndPoint$2.run(SelectChannelEndPoint.java:75)
	at org.eclipse.jetty.util.thread.strategy.ExecuteProduceConsume.produceAndRun(ExecuteProduceConsume.java:213)
	at org.eclipse.jetty.util.thread.strategy.ExecuteProduceConsume.run(ExecuteProduceConsume.java:147)
	at org.eclipse.jetty.util.thread.QueuedThreadPool.runJob(QueuedThreadPool.java:654)
	at org.eclipse.jetty.util.thread.QueuedThreadPool$3.run(QueuedThreadPool.java:572)
	at java.lang.Thread.run(Thread.java:745)
Oct 09, 2016 3:50:11 PM com.gargoylesoftware.htmlunit.DefaultCssErrorHandler error
WARNING: CSS error: 'https://maxcdn.bootstrapcdn.com/bootstrap/3.2.0/css/bootstrap.min.css' [5:14693] Error in media list. (Invalid token "(". Was expecting one of: <S>, <IDENT>.)
Oct 09, 2016 3:50:11 PM com.gargoylesoftware.htmlunit.DefaultCssErrorHandler error
WARNING: CSS error: 'https://maxcdn.bootstrapcdn.com/bootstrap/3.2.0/css/bootstrap.min.css' [5:16291] Error in media list. (Invalid token "(". Was expecting one of: <S>, <IDENT>.)
Oct 09, 2016 3:50:11 PM com.gargoylesoftware.htmlunit.DefaultCssErrorHandler error
WARNING: CSS error: 'https://maxcdn.bootstrapcdn.com/bootstrap/3.2.0/css/bootstrap.min.css' [5:18566] Error in media list. (Invalid token "(". Was expecting one of: <S>, <IDENT>.)
Oct 09, 2016 3:50:11 PM com.gargoylesoftware.htmlunit.DefaultCssErrorHandler error
WARNING: CSS error: 'https://maxcdn.bootstrapcdn.com/bootstrap/3.2.0/css/bootstrap.min.css' [5:18615] Error in media list. (Invalid token "(". Was expecting one of: <S>, <IDENT>.)
Oct 09, 2016 3:50:11 PM com.gargoylesoftware.htmlunit.DefaultCssErrorHandler error
WARNING: CSS error: 'https://maxcdn.bootstrapcdn.com/bootstrap/3.2.0/css/bootstrap.min.css' [5:18664] Error in media list. (Invalid token "(". Was expecting one of: <S>, <IDENT>.)
Oct 09, 2016 3:50:11 PM com.gargoylesoftware.htmlunit.DefaultCssErrorHandler error
WARNING: CSS error: 'https://maxcdn.bootstrapcdn.com/bootstrap/3.2.0/css/bootstrap.min.css' [5:21148] Error in media list. (Invalid token "(". Was expecting one of: <S>, <IDENT>.)
Oct 09, 2016 3:50:11 PM com.gargoylesoftware.htmlunit.DefaultCssErrorHandler error
WARNING: CSS error: 'https://maxcdn.bootstrapcdn.com/bootstrap/3.2.0/css/bootstrap.min.css' [5:22914] Error in media list. (Invalid token "(". Was expecting one of: <S>, <IDENT>.)
Oct 09, 2016 3:50:11 PM com.gargoylesoftware.htmlunit.DefaultCssErrorHandler error
WARNING: CSS error: 'https://maxcdn.bootstrapcdn.com/bootstrap/3.2.0/css/bootstrap.min.css' [5:24680] Error in media list. (Invalid token "(". Was expecting one of: <S>, <IDENT>.)
Oct 09, 2016 3:50:11 PM com.gargoylesoftware.htmlunit.DefaultCssErrorHandler error
WARNING: CSS error: 'https://maxcdn.bootstrapcdn.com/bootstrap/3.2.0/css/bootstrap.min.css' [5:30763] Error in @media rule. (Invalid token "and". Was expecting one of: <S>, <LBRACE>, <COMMA>.)
Oct 09, 2016 3:50:11 PM com.gargoylesoftware.htmlunit.DefaultCssErrorHandler warning
WARNING: CSS warning: 'https://maxcdn.bootstrapcdn.com/bootstrap/3.2.0/css/bootstrap.min.css' [5:30763] Ignoring the whole rule.
Oct 09, 2016 3:50:11 PM com.gargoylesoftware.htmlunit.DefaultCssErrorHandler error
WARNING: CSS error: 'https://maxcdn.bootstrapcdn.com/bootstrap/3.2.0/css/bootstrap.min.css' [5:38743] Error in media list. (Invalid token "(". Was expecting one of: <S>, <IDENT>.)
Oct 09, 2016 3:50:11 PM com.gargoylesoftware.htmlunit.DefaultCssErrorHandler error
WARNING: CSS error: 'https://maxcdn.bootstrapcdn.com/bootstrap/3.2.0/css/bootstrap.min.css' [5:39908] Error in media list. (Invalid token "(". Was expecting one of: <S>, <IDENT>.)
Oct 09, 2016 3:50:11 PM com.gargoylesoftware.htmlunit.DefaultCssErrorHandler error
WARNING: CSS error: 'https://maxcdn.bootstrapcdn.com/bootstrap/3.2.0/css/bootstrap.min.css' [5:40086] Error in media list. (Invalid token "(". Was expecting one of: <S>, <IDENT>.)
Oct 09, 2016 3:50:11 PM com.gargoylesoftware.htmlunit.DefaultCssErrorHandler error
WARNING: CSS error: 'https://maxcdn.bootstrapcdn.com/bootstrap/3.2.0/css/bootstrap.min.css' [5:40178] Error in media list. (Invalid token "(". Was expecting one of: <S>, <IDENT>.)
Oct 09, 2016 3:50:11 PM com.gargoylesoftware.htmlunit.DefaultCssErrorHandler error
WARNING: CSS error: 'https://maxcdn.bootstrapcdn.com/bootstrap/3.2.0/css/bootstrap.min.css' [5:49282] Error in expression; ':' found after identifier "progid".
Oct 09, 2016 3:50:11 PM com.gargoylesoftware.htmlunit.DefaultCssErrorHandler error
WARNING: CSS error: 'https://maxcdn.bootstrapcdn.com/bootstrap/3.2.0/css/bootstrap.min.css' [5:49917] Error in media list. (Invalid token "(". Was expecting one of: <S>, <IDENT>.)
Oct 09, 2016 3:50:11 PM com.gargoylesoftware.htmlunit.DefaultCssErrorHandler error
WARNING: CSS error: 'https://maxcdn.bootstrapcdn.com/bootstrap/3.2.0/css/bootstrap.min.css' [5:58448] Error in media list. (Invalid token "(". Was expecting one of: <S>, <IDENT>.)
Oct 09, 2016 3:50:11 PM com.gargoylesoftware.htmlunit.DefaultCssErrorHandler error
WARNING: CSS error: 'https://maxcdn.bootstrapcdn.com/bootstrap/3.2.0/css/bootstrap.min.css' [5:58772] Error in media list. (Invalid token "(". Was expecting one of: <S>, <IDENT>.)
Oct 09, 2016 3:50:11 PM com.gargoylesoftware.htmlunit.DefaultCssErrorHandler error
WARNING: CSS error: 'https://maxcdn.bootstrapcdn.com/bootstrap/3.2.0/css/bootstrap.min.css' [5:59475] Error in media list. (Invalid token "(". Was expecting one of: <S>, <IDENT>.)
Oct 09, 2016 3:50:11 PM com.gargoylesoftware.htmlunit.DefaultCssErrorHandler error
WARNING: CSS error: 'https://maxcdn.bootstrapcdn.com/bootstrap/3.2.0/css/bootstrap.min.css' [5:59801] Error in media list. (Invalid token "(". Was expecting one of: <S>, <IDENT>.)
Oct 09, 2016 3:50:11 PM com.gargoylesoftware.htmlunit.DefaultCssErrorHandler error
WARNING: CSS error: 'https://maxcdn.bootstrapcdn.com/bootstrap/3.2.0/css/bootstrap.min.css' [5:60287] Error in media list. (Invalid token "(". Was expecting one of: <S>, <IDENT>.)
Oct 09, 2016 3:50:11 PM com.gargoylesoftware.htmlunit.DefaultCssErrorHandler error
WARNING: CSS error: 'https://maxcdn.bootstrapcdn.com/bootstrap/3.2.0/css/bootstrap.min.css' [5:60339] Error in media list. (Invalid token "(". Was expecting one of: <S>, <IDENT>.)
Oct 09, 2016 3:50:11 PM com.gargoylesoftware.htmlunit.DefaultCssErrorHandler error
WARNING: CSS error: 'https://maxcdn.bootstrapcdn.com/bootstrap/3.2.0/css/bootstrap.min.css' [5:60666] Error in media list. (Invalid token "(". Was expecting one of: <S>, <IDENT>.)
Oct 09, 2016 3:50:11 PM com.gargoylesoftware.htmlunit.DefaultCssErrorHandler error
WARNING: CSS error: 'https://maxcdn.bootstrapcdn.com/bootstrap/3.2.0/css/bootstrap.min.css' [5:61158] Error in media list. (Invalid token "(". Was expecting one of: <S>, <IDENT>.)
Oct 09, 2016 3:50:11 PM com.gargoylesoftware.htmlunit.DefaultCssErrorHandler error
WARNING: CSS error: 'https://maxcdn.bootstrapcdn.com/bootstrap/3.2.0/css/bootstrap.min.css' [5:61459] Error in media list. (Invalid token "(". Was expecting one of: <S>, <IDENT>.)
Oct 09, 2016 3:50:11 PM com.gargoylesoftware.htmlunit.DefaultCssErrorHandler error
WARNING: CSS error: 'https://maxcdn.bootstrapcdn.com/bootstrap/3.2.0/css/bootstrap.min.css' [5:61687] Error in media list. (Invalid token "(". Was expecting one of: <S>, <IDENT>.)
Oct 09, 2016 3:50:11 PM com.gargoylesoftware.htmlunit.DefaultCssErrorHandler error
WARNING: CSS error: 'https://maxcdn.bootstrapcdn.com/bootstrap/3.2.0/css/bootstrap.min.css' [5:61928] Error in media list. (Invalid token "(". Was expecting one of: <S>, <IDENT>.)
Oct 09, 2016 3:50:11 PM com.gargoylesoftware.htmlunit.DefaultCssErrorHandler error
WARNING: CSS error: 'https://maxcdn.bootstrapcdn.com/bootstrap/3.2.0/css/bootstrap.min.css' [5:62269] Error in media list. (Invalid token "(". Was expecting one of: <S>, <IDENT>.)
Oct 09, 2016 3:50:11 PM com.gargoylesoftware.htmlunit.DefaultCssErrorHandler error
WARNING: CSS error: 'https://maxcdn.bootstrapcdn.com/bootstrap/3.2.0/css/bootstrap.min.css' [5:62756] Error in media list. (Invalid token "(". Was expecting one of: <S>, <IDENT>.)
Oct 09, 2016 3:50:11 PM com.gargoylesoftware.htmlunit.DefaultCssErrorHandler error
WARNING: CSS error: 'https://maxcdn.bootstrapcdn.com/bootstrap/3.2.0/css/bootstrap.min.css' [5:62912] Error in media list. (Invalid token "(". Was expecting one of: <S>, <IDENT>.)
Oct 09, 2016 3:50:11 PM com.gargoylesoftware.htmlunit.DefaultCssErrorHandler error
WARNING: CSS error: 'https://maxcdn.bootstrapcdn.com/bootstrap/3.2.0/css/bootstrap.min.css' [5:63379] Error in media list. (Invalid token "(". Was expecting one of: <S>, <IDENT>.)
Oct 09, 2016 3:50:11 PM com.gargoylesoftware.htmlunit.DefaultCssErrorHandler error
WARNING: CSS error: 'https://maxcdn.bootstrapcdn.com/bootstrap/3.2.0/css/bootstrap.min.css' [5:63572] Error in media list. (Invalid token "(". Was expecting one of: <S>, <IDENT>.)
Oct 09, 2016 3:50:11 PM com.gargoylesoftware.htmlunit.DefaultCssErrorHandler error
WARNING: CSS error: 'https://maxcdn.bootstrapcdn.com/bootstrap/3.2.0/css/bootstrap.min.css' [5:63996] Error in media list. (Invalid token "(". Was expecting one of: <S>, <IDENT>.)
Oct 09, 2016 3:50:11 PM com.gargoylesoftware.htmlunit.DefaultCssErrorHandler error
WARNING: CSS error: 'https://maxcdn.bootstrapcdn.com/bootstrap/3.2.0/css/bootstrap.min.css' [5:64867] Error in media list. (Invalid token "(". Was expecting one of: <S>, <IDENT>.)
Oct 09, 2016 3:50:11 PM com.gargoylesoftware.htmlunit.DefaultCssErrorHandler error
WARNING: CSS error: 'https://maxcdn.bootstrapcdn.com/bootstrap/3.2.0/css/bootstrap.min.css' [5:64936] Error in media list. (Invalid token "(". Was expecting one of: <S>, <IDENT>.)
Oct 09, 2016 3:50:11 PM com.gargoylesoftware.htmlunit.DefaultCssErrorHandler error
WARNING: CSS error: 'https://maxcdn.bootstrapcdn.com/bootstrap/3.2.0/css/bootstrap.min.css' [5:65554] Error in media list. (Invalid token "(". Was expecting one of: <S>, <IDENT>.)
Oct 09, 2016 3:50:11 PM com.gargoylesoftware.htmlunit.DefaultCssErrorHandler error
WARNING: CSS error: 'https://maxcdn.bootstrapcdn.com/bootstrap/3.2.0/css/bootstrap.min.css' [5:66892] Error in media list. (Invalid token "(". Was expecting one of: <S>, <IDENT>.)
Oct 09, 2016 3:50:11 PM com.gargoylesoftware.htmlunit.DefaultCssErrorHandler error
WARNING: CSS error: 'https://maxcdn.bootstrapcdn.com/bootstrap/3.2.0/css/bootstrap.min.css' [5:69193] Error in media list. (Invalid token "(". Was expecting one of: <S>, <IDENT>.)
Oct 09, 2016 3:50:11 PM com.gargoylesoftware.htmlunit.DefaultCssErrorHandler error
WARNING: CSS error: 'https://maxcdn.bootstrapcdn.com/bootstrap/3.2.0/css/bootstrap.min.css' [5:74964] Error in @media rule. (Invalid token "and". Was expecting one of: <S>, <LBRACE>, <COMMA>.)
Oct 09, 2016 3:50:11 PM com.gargoylesoftware.htmlunit.DefaultCssErrorHandler warning
WARNING: CSS warning: 'https://maxcdn.bootstrapcdn.com/bootstrap/3.2.0/css/bootstrap.min.css' [5:74964] Ignoring the whole rule.
Oct 09, 2016 3:50:11 PM com.gargoylesoftware.htmlunit.DefaultCssErrorHandler error
WARNING: CSS error: 'https://maxcdn.bootstrapcdn.com/bootstrap/3.2.0/css/bootstrap.min.css' [5:97355] Error in media list. (Invalid token "(". Was expecting one of: <S>, <IDENT>.)
Oct 09, 2016 3:50:11 PM com.gargoylesoftware.htmlunit.DefaultCssErrorHandler error
WARNING: CSS error: 'https://maxcdn.bootstrapcdn.com/bootstrap/3.2.0/css/bootstrap.min.css' [5:97543] Error in media list. (Invalid token "(". Was expecting one of: <S>, <IDENT>.)
Oct 09, 2016 3:50:11 PM com.gargoylesoftware.htmlunit.DefaultCssErrorHandler error
WARNING: CSS error: 'https://maxcdn.bootstrapcdn.com/bootstrap/3.2.0/css/bootstrap.min.css' [5:102209] Error in expression; ':' found after identifier "progid".
Oct 09, 2016 3:50:11 PM com.gargoylesoftware.htmlunit.DefaultCssErrorHandler error
WARNING: CSS error: 'https://maxcdn.bootstrapcdn.com/bootstrap/3.2.0/css/bootstrap.min.css' [5:102752] Error in expression; ':' found after identifier "progid".
Oct 09, 2016 3:50:11 PM com.gargoylesoftware.htmlunit.DefaultCssErrorHandler error
WARNING: CSS error: 'https://maxcdn.bootstrapcdn.com/bootstrap/3.2.0/css/bootstrap.min.css' [5:104304] Error in @media rule. (Invalid token "and". Was expecting one of: <S>, <LBRACE>, <COMMA>.)
Oct 09, 2016 3:50:11 PM com.gargoylesoftware.htmlunit.DefaultCssErrorHandler warning
WARNING: CSS warning: 'https://maxcdn.bootstrapcdn.com/bootstrap/3.2.0/css/bootstrap.min.css' [5:104304] Ignoring the whole rule.
Oct 09, 2016 3:50:11 PM com.gargoylesoftware.htmlunit.DefaultCssErrorHandler error
WARNING: CSS error: 'https://maxcdn.bootstrapcdn.com/bootstrap/3.2.0/css/bootstrap.min.css' [5:106626] Error in media list. (Invalid token "(". Was expecting one of: <S>, <IDENT>.)
Oct 09, 2016 3:50:11 PM com.gargoylesoftware.htmlunit.DefaultCssErrorHandler error
WARNING: CSS error: 'https://maxcdn.bootstrapcdn.com/bootstrap/3.2.0/css/bootstrap.min.css' [5:106818] Error in media list. (Invalid token "(". Was expecting one of: <S>, <IDENT>.)
Oct 09, 2016 3:50:11 PM com.gargoylesoftware.htmlunit.DefaultCssErrorHandler error
WARNING: CSS error: 'https://maxcdn.bootstrapcdn.com/bootstrap/3.2.0/css/bootstrap.min.css' [5:106886] Error in media list. (Invalid token "(". Was expecting one of: <S>, <IDENT>.)
Oct 09, 2016 3:50:11 PM com.gargoylesoftware.htmlunit.DefaultCssErrorHandler error
WARNING: CSS error: 'https://maxcdn.bootstrapcdn.com/bootstrap/3.2.0/css/bootstrap.min.css' [5:106956] Error in media list. (Invalid token "(". Was expecting one of: <S>, <IDENT>.)
Oct 09, 2016 3:50:11 PM com.gargoylesoftware.htmlunit.DefaultCssErrorHandler error
WARNING: CSS error: 'https://maxcdn.bootstrapcdn.com/bootstrap/3.2.0/css/bootstrap.min.css' [5:107038] Error in media list. (Invalid token "(". Was expecting one of: <S>, <IDENT>.)
Oct 09, 2016 3:50:11 PM com.gargoylesoftware.htmlunit.DefaultCssErrorHandler error
WARNING: CSS error: 'https://maxcdn.bootstrapcdn.com/bootstrap/3.2.0/css/bootstrap.min.css' [5:107252] Error in media list. (Invalid token "(". Was expecting one of: <S>, <IDENT>.)
Oct 09, 2016 3:50:11 PM com.gargoylesoftware.htmlunit.DefaultCssErrorHandler error
WARNING: CSS error: 'https://maxcdn.bootstrapcdn.com/bootstrap/3.2.0/css/bootstrap.min.css' [5:107342] Error in media list. (Invalid token "(". Was expecting one of: <S>, <IDENT>.)
Oct 09, 2016 3:50:11 PM com.gargoylesoftware.htmlunit.DefaultCssErrorHandler error
WARNING: CSS error: 'https://maxcdn.bootstrapcdn.com/bootstrap/3.2.0/css/bootstrap.min.css' [5:107434] Error in media list. (Invalid token "(". Was expecting one of: <S>, <IDENT>.)
Oct 09, 2016 3:50:11 PM com.gargoylesoftware.htmlunit.DefaultCssErrorHandler error
WARNING: CSS error: 'https://maxcdn.bootstrapcdn.com/bootstrap/3.2.0/css/bootstrap.min.css' [5:107538] Error in media list. (Invalid token "(". Was expecting one of: <S>, <IDENT>.)
Oct 09, 2016 3:50:11 PM com.gargoylesoftware.htmlunit.DefaultCssErrorHandler error
WARNING: CSS error: 'https://maxcdn.bootstrapcdn.com/bootstrap/3.2.0/css/bootstrap.min.css' [5:107753] Error in media list. (Invalid token "(". Was expecting one of: <S>, <IDENT>.)
Oct 09, 2016 3:50:11 PM com.gargoylesoftware.htmlunit.DefaultCssErrorHandler error
WARNING: CSS error: 'https://maxcdn.bootstrapcdn.com/bootstrap/3.2.0/css/bootstrap.min.css' [5:107844] Error in media list. (Invalid token "(". Was expecting one of: <S>, <IDENT>.)
Oct 09, 2016 3:50:11 PM com.gargoylesoftware.htmlunit.DefaultCssErrorHandler error
WARNING: CSS error: 'https://maxcdn.bootstrapcdn.com/bootstrap/3.2.0/css/bootstrap.min.css' [5:107937] Error in media list. (Invalid token "(". Was expecting one of: <S>, <IDENT>.)
Oct 09, 2016 3:50:11 PM com.gargoylesoftware.htmlunit.DefaultCssErrorHandler error
WARNING: CSS error: 'https://maxcdn.bootstrapcdn.com/bootstrap/3.2.0/css/bootstrap.min.css' [5:108042] Error in media list. (Invalid token "(". Was expecting one of: <S>, <IDENT>.)
Oct 09, 2016 3:50:11 PM com.gargoylesoftware.htmlunit.DefaultCssErrorHandler error
WARNING: CSS error: 'https://maxcdn.bootstrapcdn.com/bootstrap/3.2.0/css/bootstrap.min.css' [5:108235] Error in media list. (Invalid token "(". Was expecting one of: <S>, <IDENT>.)
Oct 09, 2016 3:50:11 PM com.gargoylesoftware.htmlunit.DefaultCssErrorHandler error
WARNING: CSS error: 'https://maxcdn.bootstrapcdn.com/bootstrap/3.2.0/css/bootstrap.min.css' [5:108304] Error in media list. (Invalid token "(". Was expecting one of: <S>, <IDENT>.)
Oct 09, 2016 3:50:11 PM com.gargoylesoftware.htmlunit.DefaultCssErrorHandler error
WARNING: CSS error: 'https://maxcdn.bootstrapcdn.com/bootstrap/3.2.0/css/bootstrap.min.css' [5:108375] Error in media list. (Invalid token "(". Was expecting one of: <S>, <IDENT>.)
Oct 09, 2016 3:50:11 PM com.gargoylesoftware.htmlunit.DefaultCssErrorHandler error
WARNING: CSS error: 'https://maxcdn.bootstrapcdn.com/bootstrap/3.2.0/css/bootstrap.min.css' [5:108458] Error in media list. (Invalid token "(". Was expecting one of: <S>, <IDENT>.)
Oct 09, 2016 3:50:11 PM com.gargoylesoftware.htmlunit.DefaultCssErrorHandler error
WARNING: CSS error: 'https://maxcdn.bootstrapcdn.com/bootstrap/3.2.0/css/bootstrap.min.css' [5:108518] Error in media list. (Invalid token "(". Was expecting one of: <S>, <IDENT>.)
Oct 09, 2016 3:50:11 PM com.gargoylesoftware.htmlunit.DefaultCssErrorHandler error
WARNING: CSS error: 'https://maxcdn.bootstrapcdn.com/bootstrap/3.2.0/css/bootstrap.min.css' [5:108600] Error in media list. (Invalid token "(". Was expecting one of: <S>, <IDENT>.)
Oct 09, 2016 3:50:11 PM com.gargoylesoftware.htmlunit.DefaultCssErrorHandler error
WARNING: CSS error: 'https://maxcdn.bootstrapcdn.com/bootstrap/3.2.0/css/bootstrap.min.css' [5:108683] Error in media list. (Invalid token "(". Was expecting one of: <S>, <IDENT>.)
[qtp29973182-16] ERROR spark.webserver.MatcherFilter - 
java.lang.NullPointerException
	at spark.template.velocity.VelocityTemplateEngine.render(VelocityTemplateEngine.java:67)
	at spark.TemplateViewRouteImpl$1.render(TemplateViewRouteImpl.java:61)
	at spark.TemplateViewRouteImpl$1.render(TemplateViewRouteImpl.java:58)
	at spark.TemplateViewRouteImpl.render(TemplateViewRouteImpl.java:85)
	at spark.webserver.MatcherFilter.doFilter(MatcherFilter.java:164)
	at spark.webserver.JettyHandler.doHandle(JettyHandler.java:61)
	at org.eclipse.jetty.server.session.SessionHandler.doScope(SessionHandler.java:189)
	at org.eclipse.jetty.server.handler.ScopedHandler.handle(ScopedHandler.java:141)
	at org.eclipse.jetty.server.handler.HandlerList.handle(HandlerList.java:52)
	at org.eclipse.jetty.server.handler.HandlerWrapper.handle(HandlerWrapper.java:119)
	at org.eclipse.jetty.server.Server.handle(Server.java:517)
	at org.eclipse.jetty.server.HttpChannel.handle(HttpChannel.java:302)
	at org.eclipse.jetty.server.HttpConnection.onFillable(HttpConnection.java:242)
	at org.eclipse.jetty.io.AbstractConnection$ReadCallback.succeeded(AbstractConnection.java:245)
	at org.eclipse.jetty.io.FillInterest.fillable(FillInterest.java:95)
	at org.eclipse.jetty.io.SelectChannelEndPoint$2.run(SelectChannelEndPoint.java:75)
	at org.eclipse.jetty.util.thread.strategy.ExecuteProduceConsume.produceAndRun(ExecuteProduceConsume.java:213)
	at org.eclipse.jetty.util.thread.strategy.ExecuteProduceConsume.run(ExecuteProduceConsume.java:147)
	at org.eclipse.jetty.util.thread.QueuedThreadPool.runJob(QueuedThreadPool.java:654)
	at org.eclipse.jetty.util.thread.QueuedThreadPool$3.run(QueuedThreadPool.java:572)
	at java.lang.Thread.run(Thread.java:745)
[qtp29973182-14] ERROR spark.webserver.MatcherFilter - 
java.lang.NullPointerException
	at spark.template.velocity.VelocityTemplateEngine.render(VelocityTemplateEngine.java:67)
	at spark.TemplateViewRouteImpl$1.render(TemplateViewRouteImpl.java:61)
	at spark.TemplateViewRouteImpl$1.render(TemplateViewRouteImpl.java:58)
	at spark.TemplateViewRouteImpl.render(TemplateViewRouteImpl.java:85)
	at spark.webserver.MatcherFilter.doFilter(MatcherFilter.java:164)
	at spark.webserver.JettyHandler.doHandle(JettyHandler.java:61)
	at org.eclipse.jetty.server.session.SessionHandler.doScope(SessionHandler.java:189)
	at org.eclipse.jetty.server.handler.ScopedHandler.handle(ScopedHandler.java:141)
	at org.eclipse.jetty.server.handler.HandlerList.handle(HandlerList.java:52)
	at org.eclipse.jetty.server.handler.HandlerWrapper.handle(HandlerWrapper.java:119)
	at org.eclipse.jetty.server.Server.handle(Server.java:517)
	at org.eclipse.jetty.server.HttpChannel.handle(HttpChannel.java:302)
	at org.eclipse.jetty.server.HttpConnection.onFillable(HttpConnection.java:242)
	at org.eclipse.jetty.io.AbstractConnection$ReadCallback.succeeded(AbstractConnection.java:245)
	at org.eclipse.jetty.io.FillInterest.fillable(FillInterest.java:95)
	at org.eclipse.jetty.io.SelectChannelEndPoint$2.run(SelectChannelEndPoint.java:75)
	at org.eclipse.jetty.util.thread.strategy.ExecuteProduceConsume.produceAndRun(ExecuteProduceConsume.java:213)
	at org.eclipse.jetty.util.thread.strategy.ExecuteProduceConsume.run(ExecuteProduceConsume.java:147)
	at org.eclipse.jetty.util.thread.QueuedThreadPool.runJob(QueuedThreadPool.java:654)
	at org.eclipse.jetty.util.thread.QueuedThreadPool$3.run(QueuedThreadPool.java:572)
	at java.lang.Thread.run(Thread.java:745)
[qtp29973182-16] ERROR spark.webserver.MatcherFilter - 
java.lang.NullPointerException
	at spark.template.velocity.VelocityTemplateEngine.render(VelocityTemplateEngine.java:67)
	at spark.TemplateViewRouteImpl$1.render(TemplateViewRouteImpl.java:61)
	at spark.TemplateViewRouteImpl$1.render(TemplateViewRouteImpl.java:58)
	at spark.TemplateViewRouteImpl.render(TemplateViewRouteImpl.java:85)
	at spark.webserver.MatcherFilter.doFilter(MatcherFilter.java:164)
	at spark.webserver.JettyHandler.doHandle(JettyHandler.java:61)
	at org.eclipse.jetty.server.session.SessionHandler.doScope(SessionHandler.java:189)
	at org.eclipse.jetty.server.handler.ScopedHandler.handle(ScopedHandler.java:141)
	at org.eclipse.jetty.server.handler.HandlerList.handle(HandlerList.java:52)
	at org.eclipse.jetty.server.handler.HandlerWrapper.handle(HandlerWrapper.java:119)
	at org.eclipse.jetty.server.Server.handle(Server.java:517)
	at org.eclipse.jetty.server.HttpChannel.handle(HttpChannel.java:302)
	at org.eclipse.jetty.server.HttpConnection.onFillable(HttpConnection.java:242)
	at org.eclipse.jetty.io.AbstractConnection$ReadCallback.succeeded(AbstractConnection.java:245)
	at org.eclipse.jetty.io.FillInterest.fillable(FillInterest.java:95)
	at org.eclipse.jetty.io.SelectChannelEndPoint$2.run(SelectChannelEndPoint.java:75)
	at org.eclipse.jetty.util.thread.strategy.ExecuteProduceConsume.produceAndRun(ExecuteProduceConsume.java:213)
	at org.eclipse.jetty.util.thread.strategy.ExecuteProduceConsume.run(ExecuteProduceConsume.java:147)
	at org.eclipse.jetty.util.thread.QueuedThreadPool.runJob(QueuedThreadPool.java:654)
	at org.eclipse.jetty.util.thread.QueuedThreadPool$3.run(QueuedThreadPool.java:572)
	at java.lang.Thread.run(Thread.java:745)
[qtp29973182-20] ERROR spark.webserver.MatcherFilter - 
java.lang.NullPointerException
	at spark.template.velocity.VelocityTemplateEngine.render(VelocityTemplateEngine.java:67)
	at spark.TemplateViewRouteImpl$1.render(TemplateViewRouteImpl.java:61)
	at spark.TemplateViewRouteImpl$1.render(TemplateViewRouteImpl.java:58)
	at spark.TemplateViewRouteImpl.render(TemplateViewRouteImpl.java:85)
	at spark.webserver.MatcherFilter.doFilter(MatcherFilter.java:164)
	at spark.webserver.JettyHandler.doHandle(JettyHandler.java:61)
	at org.eclipse.jetty.server.session.SessionHandler.doScope(SessionHandler.java:189)
	at org.eclipse.jetty.server.handler.ScopedHandler.handle(ScopedHandler.java:141)
	at org.eclipse.jetty.server.handler.HandlerList.handle(HandlerList.java:52)
	at org.eclipse.jetty.server.handler.HandlerWrapper.handle(HandlerWrapper.java:119)
	at org.eclipse.jetty.server.Server.handle(Server.java:517)
	at org.eclipse.jetty.server.HttpChannel.handle(HttpChannel.java:302)
	at org.eclipse.jetty.server.HttpConnection.onFillable(HttpConnection.java:242)
	at org.eclipse.jetty.io.AbstractConnection$ReadCallback.succeeded(AbstractConnection.java:245)
	at org.eclipse.jetty.io.FillInterest.fillable(FillInterest.java:95)
	at org.eclipse.jetty.io.SelectChannelEndPoint$2.run(SelectChannelEndPoint.java:75)
	at org.eclipse.jetty.util.thread.strategy.ExecuteProduceConsume.produceAndRun(ExecuteProduceConsume.java:213)
	at org.eclipse.jetty.util.thread.strategy.ExecuteProduceConsume.run(ExecuteProduceConsume.java:147)
	at org.eclipse.jetty.util.thread.QueuedThreadPool.runJob(QueuedThreadPool.java:654)
	at org.eclipse.jetty.util.thread.QueuedThreadPool$3.run(QueuedThreadPool.java:572)
	at java.lang.Thread.run(Thread.java:745)
Oct 09, 2016 3:50:12 PM com.gargoylesoftware.htmlunit.DefaultCssErrorHandler error
WARNING: CSS error: 'https://maxcdn.bootstrapcdn.com/bootstrap/3.2.0/css/bootstrap.min.css' [5:14693] Error in media list. (Invalid token "(". Was expecting one of: <S>, <IDENT>.)
Oct 09, 2016 3:50:12 PM com.gargoylesoftware.htmlunit.DefaultCssErrorHandler error
WARNING: CSS error: 'https://maxcdn.bootstrapcdn.com/bootstrap/3.2.0/css/bootstrap.min.css' [5:16291] Error in media list. (Invalid token "(". Was expecting one of: <S>, <IDENT>.)
Oct 09, 2016 3:50:12 PM com.gargoylesoftware.htmlunit.DefaultCssErrorHandler error
WARNING: CSS error: 'https://maxcdn.bootstrapcdn.com/bootstrap/3.2.0/css/bootstrap.min.css' [5:18566] Error in media list. (Invalid token "(". Was expecting one of: <S>, <IDENT>.)
Oct 09, 2016 3:50:12 PM com.gargoylesoftware.htmlunit.DefaultCssErrorHandler error
WARNING: CSS error: 'https://maxcdn.bootstrapcdn.com/bootstrap/3.2.0/css/bootstrap.min.css' [5:18615] Error in media list. (Invalid token "(". Was expecting one of: <S>, <IDENT>.)
Oct 09, 2016 3:50:12 PM com.gargoylesoftware.htmlunit.DefaultCssErrorHandler error
WARNING: CSS error: 'https://maxcdn.bootstrapcdn.com/bootstrap/3.2.0/css/bootstrap.min.css' [5:18664] Error in media list. (Invalid token "(". Was expecting one of: <S>, <IDENT>.)
Oct 09, 2016 3:50:12 PM com.gargoylesoftware.htmlunit.DefaultCssErrorHandler error
WARNING: CSS error: 'https://maxcdn.bootstrapcdn.com/bootstrap/3.2.0/css/bootstrap.min.css' [5:21148] Error in media list. (Invalid token "(". Was expecting one of: <S>, <IDENT>.)
Oct 09, 2016 3:50:12 PM com.gargoylesoftware.htmlunit.DefaultCssErrorHandler error
WARNING: CSS error: 'https://maxcdn.bootstrapcdn.com/bootstrap/3.2.0/css/bootstrap.min.css' [5:22914] Error in media list. (Invalid token "(". Was expecting one of: <S>, <IDENT>.)
Oct 09, 2016 3:50:12 PM com.gargoylesoftware.htmlunit.DefaultCssErrorHandler error
WARNING: CSS error: 'https://maxcdn.bootstrapcdn.com/bootstrap/3.2.0/css/bootstrap.min.css' [5:24680] Error in media list. (Invalid token "(". Was expecting one of: <S>, <IDENT>.)
Oct 09, 2016 3:50:12 PM com.gargoylesoftware.htmlunit.DefaultCssErrorHandler error
WARNING: CSS error: 'https://maxcdn.bootstrapcdn.com/bootstrap/3.2.0/css/bootstrap.min.css' [5:30763] Error in @media rule. (Invalid token "and". Was expecting one of: <S>, <LBRACE>, <COMMA>.)
Oct 09, 2016 3:50:12 PM com.gargoylesoftware.htmlunit.DefaultCssErrorHandler warning
WARNING: CSS warning: 'https://maxcdn.bootstrapcdn.com/bootstrap/3.2.0/css/bootstrap.min.css' [5:30763] Ignoring the whole rule.
Oct 09, 2016 3:50:12 PM com.gargoylesoftware.htmlunit.DefaultCssErrorHandler error
WARNING: CSS error: 'https://maxcdn.bootstrapcdn.com/bootstrap/3.2.0/css/bootstrap.min.css' [5:38743] Error in media list. (Invalid token "(". Was expecting one of: <S>, <IDENT>.)
Oct 09, 2016 3:50:12 PM com.gargoylesoftware.htmlunit.DefaultCssErrorHandler error
WARNING: CSS error: 'https://maxcdn.bootstrapcdn.com/bootstrap/3.2.0/css/bootstrap.min.css' [5:39908] Error in media list. (Invalid token "(". Was expecting one of: <S>, <IDENT>.)
Oct 09, 2016 3:50:12 PM com.gargoylesoftware.htmlunit.DefaultCssErrorHandler error
WARNING: CSS error: 'https://maxcdn.bootstrapcdn.com/bootstrap/3.2.0/css/bootstrap.min.css' [5:40086] Error in media list. (Invalid token "(". Was expecting one of: <S>, <IDENT>.)
Oct 09, 2016 3:50:12 PM com.gargoylesoftware.htmlunit.DefaultCssErrorHandler error
WARNING: CSS error: 'https://maxcdn.bootstrapcdn.com/bootstrap/3.2.0/css/bootstrap.min.css' [5:40178] Error in media list. (Invalid token "(". Was expecting one of: <S>, <IDENT>.)
Oct 09, 2016 3:50:12 PM com.gargoylesoftware.htmlunit.DefaultCssErrorHandler error
WARNING: CSS error: 'https://maxcdn.bootstrapcdn.com/bootstrap/3.2.0/css/bootstrap.min.css' [5:49282] Error in expression; ':' found after identifier "progid".
Oct 09, 2016 3:50:12 PM com.gargoylesoftware.htmlunit.DefaultCssErrorHandler error
WARNING: CSS error: 'https://maxcdn.bootstrapcdn.com/bootstrap/3.2.0/css/bootstrap.min.css' [5:49917] Error in media list. (Invalid token "(". Was expecting one of: <S>, <IDENT>.)
Oct 09, 2016 3:50:12 PM com.gargoylesoftware.htmlunit.DefaultCssErrorHandler error
WARNING: CSS error: 'https://maxcdn.bootstrapcdn.com/bootstrap/3.2.0/css/bootstrap.min.css' [5:58448] Error in media list. (Invalid token "(". Was expecting one of: <S>, <IDENT>.)
Oct 09, 2016 3:50:12 PM com.gargoylesoftware.htmlunit.DefaultCssErrorHandler error
WARNING: CSS error: 'https://maxcdn.bootstrapcdn.com/bootstrap/3.2.0/css/bootstrap.min.css' [5:58772] Error in media list. (Invalid token "(". Was expecting one of: <S>, <IDENT>.)
Oct 09, 2016 3:50:12 PM com.gargoylesoftware.htmlunit.DefaultCssErrorHandler error
WARNING: CSS error: 'https://maxcdn.bootstrapcdn.com/bootstrap/3.2.0/css/bootstrap.min.css' [5:59475] Error in media list. (Invalid token "(". Was expecting one of: <S>, <IDENT>.)
Oct 09, 2016 3:50:12 PM com.gargoylesoftware.htmlunit.DefaultCssErrorHandler error
WARNING: CSS error: 'https://maxcdn.bootstrapcdn.com/bootstrap/3.2.0/css/bootstrap.min.css' [5:59801] Error in media list. (Invalid token "(". Was expecting one of: <S>, <IDENT>.)
Oct 09, 2016 3:50:12 PM com.gargoylesoftware.htmlunit.DefaultCssErrorHandler error
WARNING: CSS error: 'https://maxcdn.bootstrapcdn.com/bootstrap/3.2.0/css/bootstrap.min.css' [5:60287] Error in media list. (Invalid token "(". Was expecting one of: <S>, <IDENT>.)
Oct 09, 2016 3:50:12 PM com.gargoylesoftware.htmlunit.DefaultCssErrorHandler error
WARNING: CSS error: 'https://maxcdn.bootstrapcdn.com/bootstrap/3.2.0/css/bootstrap.min.css' [5:60339] Error in media list. (Invalid token "(". Was expecting one of: <S>, <IDENT>.)
Oct 09, 2016 3:50:12 PM com.gargoylesoftware.htmlunit.DefaultCssErrorHandler error
WARNING: CSS error: 'https://maxcdn.bootstrapcdn.com/bootstrap/3.2.0/css/bootstrap.min.css' [5:60666] Error in media list. (Invalid token "(". Was expecting one of: <S>, <IDENT>.)
Oct 09, 2016 3:50:13 PM com.gargoylesoftware.htmlunit.DefaultCssErrorHandler error
WARNING: CSS error: 'https://maxcdn.bootstrapcdn.com/bootstrap/3.2.0/css/bootstrap.min.css' [5:61158] Error in media list. (Invalid token "(". Was expecting one of: <S>, <IDENT>.)
Oct 09, 2016 3:50:13 PM com.gargoylesoftware.htmlunit.DefaultCssErrorHandler error
WARNING: CSS error: 'https://maxcdn.bootstrapcdn.com/bootstrap/3.2.0/css/bootstrap.min.css' [5:61459] Error in media list. (Invalid token "(". Was expecting one of: <S>, <IDENT>.)
Oct 09, 2016 3:50:13 PM com.gargoylesoftware.htmlunit.DefaultCssErrorHandler error
WARNING: CSS error: 'https://maxcdn.bootstrapcdn.com/bootstrap/3.2.0/css/bootstrap.min.css' [5:61687] Error in media list. (Invalid token "(". Was expecting one of: <S>, <IDENT>.)
Oct 09, 2016 3:50:13 PM com.gargoylesoftware.htmlunit.DefaultCssErrorHandler error
WARNING: CSS error: 'https://maxcdn.bootstrapcdn.com/bootstrap/3.2.0/css/bootstrap.min.css' [5:61928] Error in media list. (Invalid token "(". Was expecting one of: <S>, <IDENT>.)
Oct 09, 2016 3:50:13 PM com.gargoylesoftware.htmlunit.DefaultCssErrorHandler error
WARNING: CSS error: 'https://maxcdn.bootstrapcdn.com/bootstrap/3.2.0/css/bootstrap.min.css' [5:62269] Error in media list. (Invalid token "(". Was expecting one of: <S>, <IDENT>.)
Oct 09, 2016 3:50:13 PM com.gargoylesoftware.htmlunit.DefaultCssErrorHandler error
WARNING: CSS error: 'https://maxcdn.bootstrapcdn.com/bootstrap/3.2.0/css/bootstrap.min.css' [5:62756] Error in media list. (Invalid token "(". Was expecting one of: <S>, <IDENT>.)
Oct 09, 2016 3:50:13 PM com.gargoylesoftware.htmlunit.DefaultCssErrorHandler error
WARNING: CSS error: 'https://maxcdn.bootstrapcdn.com/bootstrap/3.2.0/css/bootstrap.min.css' [5:62912] Error in media list. (Invalid token "(". Was expecting one of: <S>, <IDENT>.)
Oct 09, 2016 3:50:13 PM com.gargoylesoftware.htmlunit.DefaultCssErrorHandler error
WARNING: CSS error: 'https://maxcdn.bootstrapcdn.com/bootstrap/3.2.0/css/bootstrap.min.css' [5:63379] Error in media list. (Invalid token "(". Was expecting one of: <S>, <IDENT>.)
Oct 09, 2016 3:50:13 PM com.gargoylesoftware.htmlunit.DefaultCssErrorHandler error
WARNING: CSS error: 'https://maxcdn.bootstrapcdn.com/bootstrap/3.2.0/css/bootstrap.min.css' [5:63572] Error in media list. (Invalid token "(". Was expecting one of: <S>, <IDENT>.)
Oct 09, 2016 3:50:13 PM com.gargoylesoftware.htmlunit.DefaultCssErrorHandler error
WARNING: CSS error: 'https://maxcdn.bootstrapcdn.com/bootstrap/3.2.0/css/bootstrap.min.css' [5:63996] Error in media list. (Invalid token "(". Was expecting one of: <S>, <IDENT>.)
Oct 09, 2016 3:50:13 PM com.gargoylesoftware.htmlunit.DefaultCssErrorHandler error
WARNING: CSS error: 'https://maxcdn.bootstrapcdn.com/bootstrap/3.2.0/css/bootstrap.min.css' [5:64867] Error in media list. (Invalid token "(". Was expecting one of: <S>, <IDENT>.)
Oct 09, 2016 3:50:13 PM com.gargoylesoftware.htmlunit.DefaultCssErrorHandler error
WARNING: CSS error: 'https://maxcdn.bootstrapcdn.com/bootstrap/3.2.0/css/bootstrap.min.css' [5:64936] Error in media list. (Invalid token "(". Was expecting one of: <S>, <IDENT>.)
Oct 09, 2016 3:50:13 PM com.gargoylesoftware.htmlunit.DefaultCssErrorHandler error
WARNING: CSS error: 'https://maxcdn.bootstrapcdn.com/bootstrap/3.2.0/css/bootstrap.min.css' [5:65554] Error in media list. (Invalid token "(". Was expecting one of: <S>, <IDENT>.)
Oct 09, 2016 3:50:13 PM com.gargoylesoftware.htmlunit.DefaultCssErrorHandler error
WARNING: CSS error: 'https://maxcdn.bootstrapcdn.com/bootstrap/3.2.0/css/bootstrap.min.css' [5:66892] Error in media list. (Invalid token "(". Was expecting one of: <S>, <IDENT>.)
Oct 09, 2016 3:50:13 PM com.gargoylesoftware.htmlunit.DefaultCssErrorHandler error
WARNING: CSS error: 'https://maxcdn.bootstrapcdn.com/bootstrap/3.2.0/css/bootstrap.min.css' [5:69193] Error in media list. (Invalid token "(". Was expecting one of: <S>, <IDENT>.)
Oct 09, 2016 3:50:13 PM com.gargoylesoftware.htmlunit.DefaultCssErrorHandler error
WARNING: CSS error: 'https://maxcdn.bootstrapcdn.com/bootstrap/3.2.0/css/bootstrap.min.css' [5:74964] Error in @media rule. (Invalid token "and". Was expecting one of: <S>, <LBRACE>, <COMMA>.)
Oct 09, 2016 3:50:13 PM com.gargoylesoftware.htmlunit.DefaultCssErrorHandler warning
WARNING: CSS warning: 'https://maxcdn.bootstrapcdn.com/bootstrap/3.2.0/css/bootstrap.min.css' [5:74964] Ignoring the whole rule.
Oct 09, 2016 3:50:13 PM com.gargoylesoftware.htmlunit.DefaultCssErrorHandler error
WARNING: CSS error: 'https://maxcdn.bootstrapcdn.com/bootstrap/3.2.0/css/bootstrap.min.css' [5:97355] Error in media list. (Invalid token "(". Was expecting one of: <S>, <IDENT>.)
Oct 09, 2016 3:50:13 PM com.gargoylesoftware.htmlunit.DefaultCssErrorHandler error
WARNING: CSS error: 'https://maxcdn.bootstrapcdn.com/bootstrap/3.2.0/css/bootstrap.min.css' [5:97543] Error in media list. (Invalid token "(". Was expecting one of: <S>, <IDENT>.)
Oct 09, 2016 3:50:13 PM com.gargoylesoftware.htmlunit.DefaultCssErrorHandler error
WARNING: CSS error: 'https://maxcdn.bootstrapcdn.com/bootstrap/3.2.0/css/bootstrap.min.css' [5:102209] Error in expression; ':' found after identifier "progid".
Oct 09, 2016 3:50:13 PM com.gargoylesoftware.htmlunit.DefaultCssErrorHandler error
WARNING: CSS error: 'https://maxcdn.bootstrapcdn.com/bootstrap/3.2.0/css/bootstrap.min.css' [5:102752] Error in expression; ':' found after identifier "progid".
Oct 09, 2016 3:50:13 PM com.gargoylesoftware.htmlunit.DefaultCssErrorHandler error
WARNING: CSS error: 'https://maxcdn.bootstrapcdn.com/bootstrap/3.2.0/css/bootstrap.min.css' [5:104304] Error in @media rule. (Invalid token "and". Was expecting one of: <S>, <LBRACE>, <COMMA>.)
Oct 09, 2016 3:50:13 PM com.gargoylesoftware.htmlunit.DefaultCssErrorHandler warning
WARNING: CSS warning: 'https://maxcdn.bootstrapcdn.com/bootstrap/3.2.0/css/bootstrap.min.css' [5:104304] Ignoring the whole rule.
Oct 09, 2016 3:50:13 PM com.gargoylesoftware.htmlunit.DefaultCssErrorHandler error
WARNING: CSS error: 'https://maxcdn.bootstrapcdn.com/bootstrap/3.2.0/css/bootstrap.min.css' [5:106626] Error in media list. (Invalid token "(". Was expecting one of: <S>, <IDENT>.)
Oct 09, 2016 3:50:13 PM com.gargoylesoftware.htmlunit.DefaultCssErrorHandler error
WARNING: CSS error: 'https://maxcdn.bootstrapcdn.com/bootstrap/3.2.0/css/bootstrap.min.css' [5:106818] Error in media list. (Invalid token "(". Was expecting one of: <S>, <IDENT>.)
Oct 09, 2016 3:50:13 PM com.gargoylesoftware.htmlunit.DefaultCssErrorHandler error
WARNING: CSS error: 'https://maxcdn.bootstrapcdn.com/bootstrap/3.2.0/css/bootstrap.min.css' [5:106886] Error in media list. (Invalid token "(". Was expecting one of: <S>, <IDENT>.)
Oct 09, 2016 3:50:13 PM com.gargoylesoftware.htmlunit.DefaultCssErrorHandler error
WARNING: CSS error: 'https://maxcdn.bootstrapcdn.com/bootstrap/3.2.0/css/bootstrap.min.css' [5:106956] Error in media list. (Invalid token "(". Was expecting one of: <S>, <IDENT>.)
Oct 09, 2016 3:50:13 PM com.gargoylesoftware.htmlunit.DefaultCssErrorHandler error
WARNING: CSS error: 'https://maxcdn.bootstrapcdn.com/bootstrap/3.2.0/css/bootstrap.min.css' [5:107038] Error in media list. (Invalid token "(". Was expecting one of: <S>, <IDENT>.)
Oct 09, 2016 3:50:13 PM com.gargoylesoftware.htmlunit.DefaultCssErrorHandler error
WARNING: CSS error: 'https://maxcdn.bootstrapcdn.com/bootstrap/3.2.0/css/bootstrap.min.css' [5:107252] Error in media list. (Invalid token "(". Was expecting one of: <S>, <IDENT>.)
Oct 09, 2016 3:50:13 PM com.gargoylesoftware.htmlunit.DefaultCssErrorHandler error
WARNING: CSS error: 'https://maxcdn.bootstrapcdn.com/bootstrap/3.2.0/css/bootstrap.min.css' [5:107342] Error in media list. (Invalid token "(". Was expecting one of: <S>, <IDENT>.)
Oct 09, 2016 3:50:13 PM com.gargoylesoftware.htmlunit.DefaultCssErrorHandler error
WARNING: CSS error: 'https://maxcdn.bootstrapcdn.com/bootstrap/3.2.0/css/bootstrap.min.css' [5:107434] Error in media list. (Invalid token "(". Was expecting one of: <S>, <IDENT>.)
Oct 09, 2016 3:50:13 PM com.gargoylesoftware.htmlunit.DefaultCssErrorHandler error
WARNING: CSS error: 'https://maxcdn.bootstrapcdn.com/bootstrap/3.2.0/css/bootstrap.min.css' [5:107538] Error in media list. (Invalid token "(". Was expecting one of: <S>, <IDENT>.)
Oct 09, 2016 3:50:13 PM com.gargoylesoftware.htmlunit.DefaultCssErrorHandler error
WARNING: CSS error: 'https://maxcdn.bootstrapcdn.com/bootstrap/3.2.0/css/bootstrap.min.css' [5:107753] Error in media list. (Invalid token "(". Was expecting one of: <S>, <IDENT>.)
Oct 09, 2016 3:50:13 PM com.gargoylesoftware.htmlunit.DefaultCssErrorHandler error
WARNING: CSS error: 'https://maxcdn.bootstrapcdn.com/bootstrap/3.2.0/css/bootstrap.min.css' [5:107844] Error in media list. (Invalid token "(". Was expecting one of: <S>, <IDENT>.)
Oct 09, 2016 3:50:13 PM com.gargoylesoftware.htmlunit.DefaultCssErrorHandler error
WARNING: CSS error: 'https://maxcdn.bootstrapcdn.com/bootstrap/3.2.0/css/bootstrap.min.css' [5:107937] Error in media list. (Invalid token "(". Was expecting one of: <S>, <IDENT>.)
Oct 09, 2016 3:50:13 PM com.gargoylesoftware.htmlunit.DefaultCssErrorHandler error
WARNING: CSS error: 'https://maxcdn.bootstrapcdn.com/bootstrap/3.2.0/css/bootstrap.min.css' [5:108042] Error in media list. (Invalid token "(". Was expecting one of: <S>, <IDENT>.)
Oct 09, 2016 3:50:13 PM com.gargoylesoftware.htmlunit.DefaultCssErrorHandler error
WARNING: CSS error: 'https://maxcdn.bootstrapcdn.com/bootstrap/3.2.0/css/bootstrap.min.css' [5:108235] Error in media list. (Invalid token "(". Was expecting one of: <S>, <IDENT>.)
Oct 09, 2016 3:50:13 PM com.gargoylesoftware.htmlunit.DefaultCssErrorHandler error
WARNING: CSS error: 'https://maxcdn.bootstrapcdn.com/bootstrap/3.2.0/css/bootstrap.min.css' [5:108304] Error in media list. (Invalid token "(". Was expecting one of: <S>, <IDENT>.)
Oct 09, 2016 3:50:13 PM com.gargoylesoftware.htmlunit.DefaultCssErrorHandler error
WARNING: CSS error: 'https://maxcdn.bootstrapcdn.com/bootstrap/3.2.0/css/bootstrap.min.css' [5:108375] Error in media list. (Invalid token "(". Was expecting one of: <S>, <IDENT>.)
Oct 09, 2016 3:50:13 PM com.gargoylesoftware.htmlunit.DefaultCssErrorHandler error
WARNING: CSS error: 'https://maxcdn.bootstrapcdn.com/bootstrap/3.2.0/css/bootstrap.min.css' [5:108458] Error in media list. (Invalid token "(". Was expecting one of: <S>, <IDENT>.)
Oct 09, 2016 3:50:13 PM com.gargoylesoftware.htmlunit.DefaultCssErrorHandler error
WARNING: CSS error: 'https://maxcdn.bootstrapcdn.com/bootstrap/3.2.0/css/bootstrap.min.css' [5:108518] Error in media list. (Invalid token "(". Was expecting one of: <S>, <IDENT>.)
Oct 09, 2016 3:50:13 PM com.gargoylesoftware.htmlunit.DefaultCssErrorHandler error
WARNING: CSS error: 'https://maxcdn.bootstrapcdn.com/bootstrap/3.2.0/css/bootstrap.min.css' [5:108600] Error in media list. (Invalid token "(". Was expecting one of: <S>, <IDENT>.)
Oct 09, 2016 3:50:13 PM com.gargoylesoftware.htmlunit.DefaultCssErrorHandler error
WARNING: CSS error: 'https://maxcdn.bootstrapcdn.com/bootstrap/3.2.0/css/bootstrap.min.css' [5:108683] Error in media list. (Invalid token "(". Was expecting one of: <S>, <IDENT>.)
[qtp29973182-18] ERROR spark.webserver.MatcherFilter - 
java.lang.NullPointerException
	at spark.template.velocity.VelocityTemplateEngine.render(VelocityTemplateEngine.java:67)
	at spark.TemplateViewRouteImpl$1.render(TemplateViewRouteImpl.java:61)
	at spark.TemplateViewRouteImpl$1.render(TemplateViewRouteImpl.java:58)
	at spark.TemplateViewRouteImpl.render(TemplateViewRouteImpl.java:85)
	at spark.webserver.MatcherFilter.doFilter(MatcherFilter.java:164)
	at spark.webserver.JettyHandler.doHandle(JettyHandler.java:61)
	at org.eclipse.jetty.server.session.SessionHandler.doScope(SessionHandler.java:189)
	at org.eclipse.jetty.server.handler.ScopedHandler.handle(ScopedHandler.java:141)
	at org.eclipse.jetty.server.handler.HandlerList.handle(HandlerList.java:52)
	at org.eclipse.jetty.server.handler.HandlerWrapper.handle(HandlerWrapper.java:119)
	at org.eclipse.jetty.server.Server.handle(Server.java:517)
	at org.eclipse.jetty.server.HttpChannel.handle(HttpChannel.java:302)
	at org.eclipse.jetty.server.HttpConnection.onFillable(HttpConnection.java:242)
	at org.eclipse.jetty.io.AbstractConnection$ReadCallback.succeeded(AbstractConnection.java:245)
	at org.eclipse.jetty.io.FillInterest.fillable(FillInterest.java:95)
	at org.eclipse.jetty.io.SelectChannelEndPoint$2.run(SelectChannelEndPoint.java:75)
	at org.eclipse.jetty.util.thread.strategy.ExecuteProduceConsume.produceAndRun(ExecuteProduceConsume.java:213)
	at org.eclipse.jetty.util.thread.strategy.ExecuteProduceConsume.run(ExecuteProduceConsume.java:147)
	at org.eclipse.jetty.util.thread.QueuedThreadPool.runJob(QueuedThreadPool.java:654)
	at org.eclipse.jetty.util.thread.QueuedThreadPool$3.run(QueuedThreadPool.java:572)
	at java.lang.Thread.run(Thread.java:745)
[qtp29973182-16] ERROR spark.webserver.MatcherFilter - 
java.lang.NullPointerException
	at spark.template.velocity.VelocityTemplateEngine.render(VelocityTemplateEngine.java:67)
	at spark.TemplateViewRouteImpl$1.render(TemplateViewRouteImpl.java:61)
	at spark.TemplateViewRouteImpl$1.render(TemplateViewRouteImpl.java:58)
	at spark.TemplateViewRouteImpl.render(TemplateViewRouteImpl.java:85)
	at spark.webserver.MatcherFilter.doFilter(MatcherFilter.java:164)
	at spark.webserver.JettyHandler.doHandle(JettyHandler.java:61)
	at org.eclipse.jetty.server.session.SessionHandler.doScope(SessionHandler.java:189)
	at org.eclipse.jetty.server.handler.ScopedHandler.handle(ScopedHandler.java:141)
	at org.eclipse.jetty.server.handler.HandlerList.handle(HandlerList.java:52)
	at org.eclipse.jetty.server.handler.HandlerWrapper.handle(HandlerWrapper.java:119)
	at org.eclipse.jetty.server.Server.handle(Server.java:517)
	at org.eclipse.jetty.server.HttpChannel.handle(HttpChannel.java:302)
	at org.eclipse.jetty.server.HttpConnection.onFillable(HttpConnection.java:242)
	at org.eclipse.jetty.io.AbstractConnection$ReadCallback.succeeded(AbstractConnection.java:245)
	at org.eclipse.jetty.io.FillInterest.fillable(FillInterest.java:95)
	at org.eclipse.jetty.io.SelectChannelEndPoint$2.run(SelectChannelEndPoint.java:75)
	at org.eclipse.jetty.util.thread.strategy.ExecuteProduceConsume.produceAndRun(ExecuteProduceConsume.java:213)
	at org.eclipse.jetty.util.thread.strategy.ExecuteProduceConsume.run(ExecuteProduceConsume.java:147)
	at org.eclipse.jetty.util.thread.QueuedThreadPool.runJob(QueuedThreadPool.java:654)
	at org.eclipse.jetty.util.thread.QueuedThreadPool$3.run(QueuedThreadPool.java:572)
	at java.lang.Thread.run(Thread.java:745)
[Test worker] INFO spark.webserver.JettySparkServer - >>> Spark shutting down ...
[Test worker] INFO org.eclipse.jetty.server.ServerConnector - Stopped ServerConnector@79c24ee9{HTTP/1.1,[http/1.1]}{0.0.0.0:4567}
[Test worker] INFO spark.webserver.JettySparkServer - done
]]></system-err>
</testsuite>
