<?xml version="1.0" encoding="UTF-8"?>
<testsuite name="ArticleTest" tests="1" skipped="0" failures="0" errors="0" timestamp="2016-08-20T09:14:16" hostname="oems-MBP.station" time="0.794">
  <properties/>
  <testcase name="article_instantiatesCorrectly_true" classname="ArticleTest" time="0.794"/>
  <system-out><![CDATA[2016/08/20 11:14:16
]]></system-out>
  <system-err><![CDATA[]]></system-err>
</testsuite>
