<?xml version="1.0" encoding="UTF-8"?>
<testsuite name="ArticleTest" tests="22" skipped="0" failures="0" errors="0" timestamp="2016-09-25T12:28:19" hostname="oems-MBP.station" time="1.065">
  <properties/>
  <testcase name="getAuthorByLine_retrievesAuthorByLineCorrectly_authorByLine" classname="ArticleTest" time="0.012"/>
  <testcase name="getTitle_retrievesTitleCorrectly_title" classname="ArticleTest" time="0.011"/>
  <testcase name="getBody_retrievesBodyCorrectly_body" classname="ArticleTest" time="0.012"/>
  <testcase name="editTitle_editTitleCorrectly_title2" classname="ArticleTest" time="0.059"/>
  <testcase name="delete_deletesArticleCorrectlyFromArticleTableAndJoinTable_1" classname="ArticleTest" time="0.117"/>
  <testcase name="editSubtitle_editSubtitleCorrectly_Subtitle2" classname="ArticleTest" time="0.039"/>
  <testcase name="editSubhead_editSubheadCorrectly_subhead2" classname="ArticleTest" time="0.039"/>
  <testcase name="editBody_editBodyCorrectly_body2" classname="ArticleTest" time="0.049"/>
  <testcase name="editAuthorByLine_editAuthorByLineCorrectly_authorByLine2" classname="ArticleTest" time="0.038"/>
  <testcase name="save_savesArticlesCorrectly_true" classname="ArticleTest" time="0.028"/>
  <testcase name="getArticlesForPage_returnsTwelveArticles_12" classname="ArticleTest" time="0.379"/>
  <testcase name="editPicture_editPictureCorrectly_picture2" classname="ArticleTest" time="0.053"/>
  <testcase name="find_retrieveArticleFromDatabaseById_article" classname="ArticleTest" time="0.035"/>
  <testcase name="edit_editArticleCorrectly_true" classname="ArticleTest" time="0.039"/>
  <testcase name="editShortTitle_editShortTitleCorrectly_shortTitle2" classname="ArticleTest" time="0.048"/>
  <testcase name="article_instantiatesCorrectly_true" classname="ArticleTest" time="0.017"/>
  <testcase name="getShortTitle_retrievesShortTitleCorrectly_ShortTitle" classname="ArticleTest" time="0.011"/>
  <testcase name="getAuthor_retrievesAuthorByLineCorrectly_author" classname="ArticleTest" time="0.009"/>
  <testcase name="getPicture_retrievesPictureCorrectly_picture" classname="ArticleTest" time="0.01"/>
  <testcase name="getSubtitle_retrievesSubtitleCorrectly_subtitle" classname="ArticleTest" time="0.009"/>
  <testcase name="getSubhead_retrievesSubheadCorrectly_subhead" classname="ArticleTest" time="0.011"/>
  <testcase name="getBodyPreview_returnsShorterVersionOfTheString" classname="ArticleTest" time="0.013"/>
  <system-out><![CDATA[]]></system-out>
  <system-err><![CDATA[]]></system-err>
</testsuite>
