<?xml version="1.0" encoding="UTF-8"?>
<testsuite name="AuthorTest" tests="1" skipped="0" failures="0" errors="0" timestamp="2016-08-19T14:41:50" hostname="oems-MBP.station" time="0.002">
  <properties/>
  <testcase name="author_instantiatesCorrectly_true" classname="AuthorTest" time="0.002"/>
  <system-out><![CDATA[]]></system-out>
  <system-err><![CDATA[]]></system-err>
</testsuite>
