<?xml version="1.0" encoding="UTF-8"?>
<testsuite name="AppTest" tests="5" skipped="0" failures="0" errors="0" timestamp="2016-08-22T09:44:25" hostname="oems-MBP.station" time="1.36">
  <properties/>
  <testcase name="newAuthorPageIsDisplayed" classname="AppTest" time="0.789"/>
  <testcase name="newArticlePageIsDisplayed" classname="AppTest" time="0.031"/>
  <testcase name="linksOnHubPageWorks" classname="AppTest" time="0.15"/>
  <testcase name="loginWorksCorrectly" classname="AppTest" time="0.333"/>
  <testcase name="loginPageIsDisplayed" classname="AppTest" time="0.019"/>
  <system-out><![CDATA[]]></system-out>
  <system-err><![CDATA[[Thread-4] INFO org.eclipse.jetty.util.log - Logging initialized @1610ms
[Thread-4] INFO spark.webserver.JettySparkServer - == Spark has ignited ...
[Thread-4] INFO spark.webserver.JettySparkServer - >> Listening on 0.0.0.0:4567
[Thread-4] INFO org.eclipse.jetty.server.Server - jetty-9.3.2.v20150730
[Thread-4] INFO org.eclipse.jetty.server.ServerConnector - Started ServerConnector@357dc976{HTTP/1.1,[http/1.1]}{0.0.0.0:4567}
[Thread-4] INFO org.eclipse.jetty.server.Server - Started @1753ms
[Test worker] INFO spark.webserver.JettySparkServer - >>> Spark shutting down ...
[Test worker] INFO org.eclipse.jetty.server.ServerConnector - Stopped ServerConnector@357dc976{HTTP/1.1,[http/1.1]}{0.0.0.0:4567}
[Test worker] INFO spark.webserver.JettySparkServer - done
]]></system-err>
</testsuite>
