<?xml version="1.0" encoding="UTF-8"?>
<testsuite name="ArticleTest" tests="10" skipped="0" failures="0" errors="0" timestamp="2016-08-20T14:51:16" hostname="oems-MBP.station" time="0.766">
  <properties/>
  <testcase name="getAuthorByLine_retrievesAuthorByLineCorrectly_authorByLine" classname="ArticleTest" time="0.435"/>
  <testcase name="getTitle_retrievesTitleCorrectly_title" classname="ArticleTest" time="0.039"/>
  <testcase name="creationDate_creationDateGetsCorrectlySavedOnCreation_creationDateMinorThanCurrentDate" classname="ArticleTest" time="0.013"/>
  <testcase name="getBody_retrievesBodyCorrectly_body" classname="ArticleTest" time="0.011"/>
  <testcase name="save_savesArticlesCorrectly_true" classname="ArticleTest" time="0.132"/>
  <testcase name="article_instantiatesCorrectly_true" classname="ArticleTest" time="0.047"/>
  <testcase name="getShortTitle_retrievesShortTitleCorrectly_ShortTitle" classname="ArticleTest" time="0.02"/>
  <testcase name="getPicture_retrievesPictureCorrectly_picture" classname="ArticleTest" time="0.018"/>
  <testcase name="getSubtitle_retrievesSubtitleCorrectly_subtitle" classname="ArticleTest" time="0.025"/>
  <testcase name="getSubhead_retrievesSubheadCorrectly_subhead" classname="ArticleTest" time="0.017"/>
  <system-out><![CDATA[]]></system-out>
  <system-err><![CDATA[]]></system-err>
</testsuite>
