<?xml version="1.0" encoding="UTF-8"?>
<testsuite name="ArticleTest" tests="18" skipped="0" failures="0" errors="0" timestamp="2016-08-22T09:44:26" hostname="oems-MBP.station" time="0.862">
  <properties/>
  <testcase name="getAuthorByLine_retrievesAuthorByLineCorrectly_authorByLine" classname="ArticleTest" time="0.063"/>
  <testcase name="getTitle_retrievesTitleCorrectly_title" classname="ArticleTest" time="0.021"/>
  <testcase name="getBody_retrievesBodyCorrectly_body" classname="ArticleTest" time="0.021"/>
  <testcase name="editTitle_editTitleCorrectly_title2" classname="ArticleTest" time="0.123"/>
  <testcase name="editSubtitle_editSubtitleCorrectly_Subtitle2" classname="ArticleTest" time="0.056"/>
  <testcase name="editSubhead_editSubheadCorrectly_subhead2" classname="ArticleTest" time="0.069"/>
  <testcase name="editBody_editBodyCorrectly_body2" classname="ArticleTest" time="0.049"/>
  <testcase name="editAuthorByLine_editAuthorByLineCorrectly_authorByLine2" classname="ArticleTest" time="0.104"/>
  <testcase name="save_savesArticlesCorrectly_true" classname="ArticleTest" time="0.037"/>
  <testcase name="editPicture_editPictureCorrectly_picture2" classname="ArticleTest" time="0.048"/>
  <testcase name="find_retrieveArticleFromDatabaseById_article" classname="ArticleTest" time="0.057"/>
  <testcase name="editShortTitle_editShortTitleCorrectly_shortTitle2" classname="ArticleTest" time="0.057"/>
  <testcase name="delete_deletesArticleCorrectly_1" classname="ArticleTest" time="0.073"/>
  <testcase name="article_instantiatesCorrectly_true" classname="ArticleTest" time="0.013"/>
  <testcase name="getShortTitle_retrievesShortTitleCorrectly_ShortTitle" classname="ArticleTest" time="0.012"/>
  <testcase name="getPicture_retrievesPictureCorrectly_picture" classname="ArticleTest" time="0.011"/>
  <testcase name="getSubtitle_retrievesSubtitleCorrectly_subtitle" classname="ArticleTest" time="0.011"/>
  <testcase name="getSubhead_retrievesSubheadCorrectly_subhead" classname="ArticleTest" time="0.011"/>
  <system-out><![CDATA[]]></system-out>
  <system-err><![CDATA[]]></system-err>
</testsuite>
